<?xml version="1.0" encoding="UTF-8"?>
<!-- Generated by org.testng.reporters.JUnitReportReporter -->
<testsuite hostname="gasdb2bb2bqa07" failures="2" tests="674" name="com.tibco.rest.test.DataDrivenTestCases" time="88.672" errors="672" timestamp="08 Jul 2024 14:27:38 GMT" skipped="0">
  <testcase classname="com.tibco.rest.test.DataDrivenTestCases" name="testcase" time="0.408">
    <error/>
  </testcase> <!-- testcase -->
  <testcase classname="com.tibco.rest.test.DataDrivenTestCases" name="testcase" time="0.010">
    <error/>
  </testcase> <!-- testcase -->
  <testcase classname="com.tibco.rest.test.DataDrivenTestCases" name="testcase" time="0.094">
    <error/>
  </testcase> <!-- testcase -->
  <testcase classname="com.tibco.rest.test.DataDrivenTestCases" name="testcase" time="0.234">
    <error/>
  </testcase> <!-- testcase -->
  <testcase classname="com.tibco.rest.test.DataDrivenTestCases" name="testcase" time="0.250">
    <error/>
  </testcase> <!-- testcase -->
  <testcase classname="com.tibco.rest.test.DataDrivenTestCases" name="testcase" time="0.222">
    <error/>
  </testcase> <!-- testcase -->
  <testcase classname="com.tibco.rest.test.DataDrivenTestCases" name="testcase" time="0.135">
    <error/>
  </testcase> <!-- testcase -->
  <testcase classname="com.tibco.rest.test.DataDrivenTestCases" name="testcase" time="0.031">
    <error/>
  </testcase> <!-- testcase -->
  <testcase classname="com.tibco.rest.test.DataDrivenTestCases" name="testcase" time="0.031">
    <error/>
  </testcase> <!-- testcase -->
  <testcase classname="com.tibco.rest.test.DataDrivenTestCases" name="testcase" time="0.062">
    <error/>
  </testcase> <!-- testcase -->
  <testcase classname="com.tibco.rest.test.DataDrivenTestCases" name="testcase" time="0.063">
    <error/>
  </testcase> <!-- testcase -->
  <testcase classname="com.tibco.rest.test.DataDrivenTestCases" name="testcase" time="0.015">
    <error/>
  </testcase> <!-- testcase -->
  <testcase classname="com.tibco.rest.test.DataDrivenTestCases" name="testcase" time="0.063">
    <error/>
  </testcase> <!-- testcase -->
  <testcase classname="com.tibco.rest.test.DataDrivenTestCases" name="testcase" time="0.491">
    <error/>
  </testcase> <!-- testcase -->
  <testcase classname="com.tibco.rest.test.DataDrivenTestCases" name="testcase" time="0.037">
    <error/>
  </testcase> <!-- testcase -->
  <testcase classname="com.tibco.rest.test.DataDrivenTestCases" name="testcase" time="0.031">
    <error/>
  </testcase> <!-- testcase -->
  <testcase classname="com.tibco.rest.test.DataDrivenTestCases" name="testcase" time="0.047">
    <error/>
  </testcase> <!-- testcase -->
  <testcase classname="com.tibco.rest.test.DataDrivenTestCases" name="testcase" time="0.188">
    <error/>
  </testcase> <!-- testcase -->
  <testcase classname="com.tibco.rest.test.DataDrivenTestCases" name="testcase" time="0.235">
    <error/>
  </testcase> <!-- testcase -->
  <testcase classname="com.tibco.rest.test.DataDrivenTestCases" name="testcase" time="0.031">
    <error/>
  </testcase> <!-- testcase -->
  <testcase classname="com.tibco.rest.test.DataDrivenTestCases" name="testcase" time="0.203">
    <error/>
  </testcase> <!-- testcase -->
  <testcase classname="com.tibco.rest.test.DataDrivenTestCases" name="testcase" time="0.282">
    <error/>
  </testcase> <!-- testcase -->
  <testcase classname="com.tibco.rest.test.DataDrivenTestCases" name="testcase" time="0.063">
    <error/>
  </testcase> <!-- testcase -->
  <testcase classname="com.tibco.rest.test.DataDrivenTestCases" name="testcase" time="0.343">
    <error/>
  </testcase> <!-- testcase -->
  <testcase classname="com.tibco.rest.test.DataDrivenTestCases" name="testcase" time="0.270">
    <error/>
  </testcase> <!-- testcase -->
  <testcase classname="com.tibco.rest.test.DataDrivenTestCases" name="testcase" time="0.047">
    <error/>
  </testcase> <!-- testcase -->
  <testcase classname="com.tibco.rest.test.DataDrivenTestCases" name="testcase" time="0.140">
    <error/>
  </testcase> <!-- testcase -->
  <testcase classname="com.tibco.rest.test.DataDrivenTestCases" name="testcase" time="0.016">
    <error/>
  </testcase> <!-- testcase -->
  <testcase classname="com.tibco.rest.test.DataDrivenTestCases" name="testcase" time="0.250">
    <error/>
  </testcase> <!-- testcase -->
  <testcase classname="com.tibco.rest.test.DataDrivenTestCases" name="testcase" time="0.046">
    <error/>
  </testcase> <!-- testcase -->
  <testcase classname="com.tibco.rest.test.DataDrivenTestCases" name="testcase" time="0.016">
    <error/>
  </testcase> <!-- testcase -->
  <testcase classname="com.tibco.rest.test.DataDrivenTestCases" name="testcase" time="0.298">
    <error/>
  </testcase> <!-- testcase -->
  <testcase classname="com.tibco.rest.test.DataDrivenTestCases" name="testcase" time="0.048">
    <error/>
  </testcase> <!-- testcase -->
  <testcase classname="com.tibco.rest.test.DataDrivenTestCases" name="testcase" time="0.016">
    <error/>
  </testcase> <!-- testcase -->
  <testcase classname="com.tibco.rest.test.DataDrivenTestCases" name="testcase" time="0.157">
    <error/>
  </testcase> <!-- testcase -->
  <testcase classname="com.tibco.rest.test.DataDrivenTestCases" name="testcase" time="0.031">
    <error/>
  </testcase> <!-- testcase -->
  <testcase classname="com.tibco.rest.test.DataDrivenTestCases" name="testcase" time="0.291">
    <error/>
  </testcase> <!-- testcase -->
  <testcase classname="com.tibco.rest.test.DataDrivenTestCases" name="testcase" time="0.047">
    <error/>
  </testcase> <!-- testcase -->
  <testcase classname="com.tibco.rest.test.DataDrivenTestCases" name="testcase" time="0.031">
    <error/>
  </testcase> <!-- testcase -->
  <testcase classname="com.tibco.rest.test.DataDrivenTestCases" name="testcase" time="0.187">
    <error/>
  </testcase> <!-- testcase -->
  <testcase classname="com.tibco.rest.test.DataDrivenTestCases" name="testcase" time="0.047">
    <error/>
  </testcase> <!-- testcase -->
  <testcase classname="com.tibco.rest.test.DataDrivenTestCases" name="testcase" time="0.297">
    <error/>
  </testcase> <!-- testcase -->
  <testcase classname="com.tibco.rest.test.DataDrivenTestCases" name="testcase" time="0.265">
    <error/>
  </testcase> <!-- testcase -->
  <testcase classname="com.tibco.rest.test.DataDrivenTestCases" name="testcase" time="0.222">
    <error/>
  </testcase> <!-- testcase -->
  <testcase classname="com.tibco.rest.test.DataDrivenTestCases" name="testcase" time="0.064">
    <error/>
  </testcase> <!-- testcase -->
  <testcase classname="com.tibco.rest.test.DataDrivenTestCases" name="testcase" time="0.095">
    <error/>
  </testcase> <!-- testcase -->
  <testcase classname="com.tibco.rest.test.DataDrivenTestCases" name="testcase" time="0.047">
    <error/>
  </testcase> <!-- testcase -->
  <testcase classname="com.tibco.rest.test.DataDrivenTestCases" name="testcase" time="0.343">
    <error/>
  </testcase> <!-- testcase -->
  <testcase classname="com.tibco.rest.test.DataDrivenTestCases" name="testcase" time="0.219">
    <error/>
  </testcase> <!-- testcase -->
  <testcase classname="com.tibco.rest.test.DataDrivenTestCases" name="testcase" time="0.063">
    <error/>
  </testcase> <!-- testcase -->
  <testcase classname="com.tibco.rest.test.DataDrivenTestCases" name="testcase" time="0.016">
    <error/>
  </testcase> <!-- testcase -->
  <testcase classname="com.tibco.rest.test.DataDrivenTestCases" name="testcase" time="0.219">
    <error/>
  </testcase> <!-- testcase -->
  <testcase classname="com.tibco.rest.test.DataDrivenTestCases" name="testcase" time="0.047">
    <error/>
  </testcase> <!-- testcase -->
  <testcase classname="com.tibco.rest.test.DataDrivenTestCases" name="testcase" time="0.031">
    <error/>
  </testcase> <!-- testcase -->
  <testcase classname="com.tibco.rest.test.DataDrivenTestCases" name="testcase" time="0.047">
    <error/>
  </testcase> <!-- testcase -->
  <testcase classname="com.tibco.rest.test.DataDrivenTestCases" name="testcase" time="0.047">
    <error/>
  </testcase> <!-- testcase -->
  <testcase classname="com.tibco.rest.test.DataDrivenTestCases" name="testcase" time="0.297">
    <error/>
  </testcase> <!-- testcase -->
  <testcase classname="com.tibco.rest.test.DataDrivenTestCases" name="testcase" time="0.039">
    <error/>
  </testcase> <!-- testcase -->
  <testcase classname="com.tibco.rest.test.DataDrivenTestCases" name="testcase" time="0.235">
    <error/>
  </testcase> <!-- testcase -->
  <testcase classname="com.tibco.rest.test.DataDrivenTestCases" name="testcase" time="0.015">
    <error/>
  </testcase> <!-- testcase -->
  <testcase classname="com.tibco.rest.test.DataDrivenTestCases" name="testcase" time="0.016">
    <error/>
  </testcase> <!-- testcase -->
  <testcase classname="com.tibco.rest.test.DataDrivenTestCases" name="testcase" time="0.047">
    <error/>
  </testcase> <!-- testcase -->
  <testcase classname="com.tibco.rest.test.DataDrivenTestCases" name="testcase" time="0.109">
    <error/>
  </testcase> <!-- testcase -->
  <testcase classname="com.tibco.rest.test.DataDrivenTestCases" name="testcase" time="0.047">
    <error/>
  </testcase> <!-- testcase -->
  <testcase classname="com.tibco.rest.test.DataDrivenTestCases" name="testcase" time="0.015">
    <error/>
  </testcase> <!-- testcase -->
  <testcase classname="com.tibco.rest.test.DataDrivenTestCases" name="testcase" time="0.031">
    <error/>
  </testcase> <!-- testcase -->
  <testcase classname="com.tibco.rest.test.DataDrivenTestCases" name="testcase" time="0.308">
    <error/>
  </testcase> <!-- testcase -->
  <testcase classname="com.tibco.rest.test.DataDrivenTestCases" name="testcase" time="0.078">
    <error/>
  </testcase> <!-- testcase -->
  <testcase classname="com.tibco.rest.test.DataDrivenTestCases" name="testcase" time="0.302">
    <error/>
  </testcase> <!-- testcase -->
  <testcase classname="com.tibco.rest.test.DataDrivenTestCases" name="testcase" time="0.176">
    <error/>
  </testcase> <!-- testcase -->
  <testcase classname="com.tibco.rest.test.DataDrivenTestCases" name="testcase" time="0.049">
    <error/>
  </testcase> <!-- testcase -->
  <testcase classname="com.tibco.rest.test.DataDrivenTestCases" name="testcase" time="0.303">
    <error/>
  </testcase> <!-- testcase -->
  <testcase classname="com.tibco.rest.test.DataDrivenTestCases" name="testcase" time="0.437">
    <error/>
  </testcase> <!-- testcase -->
  <testcase classname="com.tibco.rest.test.DataDrivenTestCases" name="testcase" time="0.291">
    <error/>
  </testcase> <!-- testcase -->
  <testcase classname="com.tibco.rest.test.DataDrivenTestCases" name="testcase" time="0.047">
    <error/>
  </testcase> <!-- testcase -->
  <testcase classname="com.tibco.rest.test.DataDrivenTestCases" name="testcase" time="0.031">
    <error/>
  </testcase> <!-- testcase -->
  <testcase classname="com.tibco.rest.test.DataDrivenTestCases" name="testcase" time="0.078">
    <error/>
  </testcase> <!-- testcase -->
  <testcase classname="com.tibco.rest.test.DataDrivenTestCases" name="testcase" time="0.015">
    <error/>
  </testcase> <!-- testcase -->
  <testcase classname="com.tibco.rest.test.DataDrivenTestCases" name="testcase" time="0.031">
    <error/>
  </testcase> <!-- testcase -->
  <testcase classname="com.tibco.rest.test.DataDrivenTestCases" name="testcase" time="0.031">
    <error/>
  </testcase> <!-- testcase -->
  <testcase classname="com.tibco.rest.test.DataDrivenTestCases" name="testcase" time="0.032">
    <error/>
  </testcase> <!-- testcase -->
  <testcase classname="com.tibco.rest.test.DataDrivenTestCases" name="testcase" time="0.203">
    <error/>
  </testcase> <!-- testcase -->
  <testcase classname="com.tibco.rest.test.DataDrivenTestCases" name="testcase" time="0.078">
    <error/>
  </testcase> <!-- testcase -->
  <testcase classname="com.tibco.rest.test.DataDrivenTestCases" name="testcase" time="0.031">
    <error/>
  </testcase> <!-- testcase -->
  <testcase classname="com.tibco.rest.test.DataDrivenTestCases" name="testcase" time="0.063">
    <error/>
  </testcase> <!-- testcase -->
  <testcase classname="com.tibco.rest.test.DataDrivenTestCases" name="testcase" time="0.156">
    <error/>
  </testcase> <!-- testcase -->
  <testcase classname="com.tibco.rest.test.DataDrivenTestCases" name="testcase" time="0.031">
    <error/>
  </testcase> <!-- testcase -->
  <testcase classname="com.tibco.rest.test.DataDrivenTestCases" name="testcase" time="0.031">
    <error/>
  </testcase> <!-- testcase -->
  <testcase classname="com.tibco.rest.test.DataDrivenTestCases" name="testcase" time="0.047">
    <error/>
  </testcase> <!-- testcase -->
  <testcase classname="com.tibco.rest.test.DataDrivenTestCases" name="testcase" time="0.079">
    <error/>
  </testcase> <!-- testcase -->
  <testcase classname="com.tibco.rest.test.DataDrivenTestCases" name="testcase" time="0.078">
    <error/>
  </testcase> <!-- testcase -->
  <testcase classname="com.tibco.rest.test.DataDrivenTestCases" name="testcase" time="0.064">
    <error/>
  </testcase> <!-- testcase -->
  <testcase classname="com.tibco.rest.test.DataDrivenTestCases" name="testcase" time="0.048">
    <error/>
  </testcase> <!-- testcase -->
  <testcase classname="com.tibco.rest.test.DataDrivenTestCases" name="testcase" time="0.302">
    <error/>
  </testcase> <!-- testcase -->
  <testcase classname="com.tibco.rest.test.DataDrivenTestCases" name="testcase" time="0.032">
    <error/>
  </testcase> <!-- testcase -->
  <testcase classname="com.tibco.rest.test.DataDrivenTestCases" name="testcase" time="0.203">
    <error/>
  </testcase> <!-- testcase -->
  <testcase classname="com.tibco.rest.test.DataDrivenTestCases" name="testcase" time="0.234">
    <error/>
  </testcase> <!-- testcase -->
  <testcase classname="com.tibco.rest.test.DataDrivenTestCases" name="testcase" time="0.015">
    <error/>
  </testcase> <!-- testcase -->
  <testcase classname="com.tibco.rest.test.DataDrivenTestCases" name="testcase" time="0.040">
    <error/>
  </testcase> <!-- testcase -->
  <testcase classname="com.tibco.rest.test.DataDrivenTestCases" name="testcase" time="0.016">
    <error/>
  </testcase> <!-- testcase -->
  <testcase classname="com.tibco.rest.test.DataDrivenTestCases" name="testcase" time="0.016">
    <error/>
  </testcase> <!-- testcase -->
  <testcase classname="com.tibco.rest.test.DataDrivenTestCases" name="testcase" time="0.207">
    <error/>
  </testcase> <!-- testcase -->
  <testcase classname="com.tibco.rest.test.DataDrivenTestCases" name="testcase" time="0.047">
    <error/>
  </testcase> <!-- testcase -->
  <testcase classname="com.tibco.rest.test.DataDrivenTestCases" name="testcase" time="0.266">
    <error/>
  </testcase> <!-- testcase -->
  <testcase classname="com.tibco.rest.test.DataDrivenTestCases" name="testcase" time="0.016">
    <error/>
  </testcase> <!-- testcase -->
  <testcase classname="com.tibco.rest.test.DataDrivenTestCases" name="testcase" time="0.101">
    <error/>
  </testcase> <!-- testcase -->
  <testcase classname="com.tibco.rest.test.DataDrivenTestCases" name="testcase" time="0.016">
    <error/>
  </testcase> <!-- testcase -->
  <testcase classname="com.tibco.rest.test.DataDrivenTestCases" name="testcase" time="0.175">
    <error/>
  </testcase> <!-- testcase -->
  <testcase classname="com.tibco.rest.test.DataDrivenTestCases" name="testcase" time="0.047">
    <error/>
  </testcase> <!-- testcase -->
  <testcase classname="com.tibco.rest.test.DataDrivenTestCases" name="testcase" time="0.032">
    <error/>
  </testcase> <!-- testcase -->
  <testcase classname="com.tibco.rest.test.DataDrivenTestCases" name="testcase" time="0.032">
    <error/>
  </testcase> <!-- testcase -->
  <testcase classname="com.tibco.rest.test.DataDrivenTestCases" name="testcase" time="0.047">
    <error/>
  </testcase> <!-- testcase -->
  <testcase classname="com.tibco.rest.test.DataDrivenTestCases" name="testcase" time="0.032">
    <error/>
  </testcase> <!-- testcase -->
  <testcase classname="com.tibco.rest.test.DataDrivenTestCases" name="testcase" time="0.031">
    <error/>
  </testcase> <!-- testcase -->
  <testcase classname="com.tibco.rest.test.DataDrivenTestCases" name="testcase" time="0.127">
    <error/>
  </testcase> <!-- testcase -->
  <testcase classname="com.tibco.rest.test.DataDrivenTestCases" name="testcase" time="0.032">
    <error/>
  </testcase> <!-- testcase -->
  <testcase classname="com.tibco.rest.test.DataDrivenTestCases" name="testcase" time="0.048">
    <error/>
  </testcase> <!-- testcase -->
  <testcase classname="com.tibco.rest.test.DataDrivenTestCases" name="testcase" time="0.265">
    <error/>
  </testcase> <!-- testcase -->
  <testcase classname="com.tibco.rest.test.DataDrivenTestCases" name="testcase" time="0.031">
    <error/>
  </testcase> <!-- testcase -->
  <testcase classname="com.tibco.rest.test.DataDrivenTestCases" name="testcase" time="0.078">
    <error/>
  </testcase> <!-- testcase -->
  <testcase classname="com.tibco.rest.test.DataDrivenTestCases" name="testcase" time="0.031">
    <error/>
  </testcase> <!-- testcase -->
  <testcase classname="com.tibco.rest.test.DataDrivenTestCases" name="testcase" time="0.078">
    <error/>
  </testcase> <!-- testcase -->
  <testcase classname="com.tibco.rest.test.DataDrivenTestCases" name="testcase" time="0.203">
    <error/>
  </testcase> <!-- testcase -->
  <testcase classname="com.tibco.rest.test.DataDrivenTestCases" name="testcase" time="0.116">
    <error/>
  </testcase> <!-- testcase -->
  <testcase classname="com.tibco.rest.test.DataDrivenTestCases" name="testcase" time="0.175">
    <error/>
  </testcase> <!-- testcase -->
  <testcase classname="com.tibco.rest.test.DataDrivenTestCases" name="testcase" time="0.297">
    <error/>
  </testcase> <!-- testcase -->
  <testcase classname="com.tibco.rest.test.DataDrivenTestCases" name="testcase" time="0.031">
    <error/>
  </testcase> <!-- testcase -->
  <testcase classname="com.tibco.rest.test.DataDrivenTestCases" name="testcase" time="0.047">
    <error/>
  </testcase> <!-- testcase -->
  <testcase classname="com.tibco.rest.test.DataDrivenTestCases" name="testcase" time="0.063">
    <error/>
  </testcase> <!-- testcase -->
  <testcase classname="com.tibco.rest.test.DataDrivenTestCases" name="testcase" time="0.031">
    <error/>
  </testcase> <!-- testcase -->
  <testcase classname="com.tibco.rest.test.DataDrivenTestCases" name="testcase" time="0.078">
    <error/>
  </testcase> <!-- testcase -->
  <testcase classname="com.tibco.rest.test.DataDrivenTestCases" name="testcase" time="0.031">
    <error/>
  </testcase> <!-- testcase -->
  <testcase classname="com.tibco.rest.test.DataDrivenTestCases" name="testcase" time="0.187">
    <error/>
  </testcase> <!-- testcase -->
  <testcase classname="com.tibco.rest.test.DataDrivenTestCases" name="testcase" time="0.031">
    <error/>
  </testcase> <!-- testcase -->
  <testcase classname="com.tibco.rest.test.DataDrivenTestCases" name="testcase" time="0.031">
    <error/>
  </testcase> <!-- testcase -->
  <testcase classname="com.tibco.rest.test.DataDrivenTestCases" name="testcase" time="0.204">
    <error/>
  </testcase> <!-- testcase -->
  <testcase classname="com.tibco.rest.test.DataDrivenTestCases" name="testcase" time="0.234">
    <error/>
  </testcase> <!-- testcase -->
  <testcase classname="com.tibco.rest.test.DataDrivenTestCases" name="testcase" time="0.171">
    <error/>
  </testcase> <!-- testcase -->
  <testcase classname="com.tibco.rest.test.DataDrivenTestCases" name="testcase" time="0.078">
    <error/>
  </testcase> <!-- testcase -->
  <testcase classname="com.tibco.rest.test.DataDrivenTestCases" name="testcase" time="0.125">
    <error/>
  </testcase> <!-- testcase -->
  <testcase classname="com.tibco.rest.test.DataDrivenTestCases" name="testcase" time="0.578">
    <error/>
  </testcase> <!-- testcase -->
  <testcase classname="com.tibco.rest.test.DataDrivenTestCases" name="testcase" time="3.336">
    <error/>
  </testcase> <!-- testcase -->
  <testcase classname="com.tibco.rest.test.DataDrivenTestCases" name="testcase" time="0.234">
    <error/>
  </testcase> <!-- testcase -->
  <testcase classname="com.tibco.rest.test.DataDrivenTestCases" name="testcase" time="0.110">
    <error/>
  </testcase> <!-- testcase -->
  <testcase classname="com.tibco.rest.test.DataDrivenTestCases" name="testcase" time="0.317">
    <error/>
  </testcase> <!-- testcase -->
  <testcase classname="com.tibco.rest.test.DataDrivenTestCases" name="testcase" time="0.031">
    <error/>
  </testcase> <!-- testcase -->
  <testcase classname="com.tibco.rest.test.DataDrivenTestCases" name="testcase" time="0.236">
    <error/>
  </testcase> <!-- testcase -->
  <testcase classname="com.tibco.rest.test.DataDrivenTestCases" name="testcase" time="0.158">
    <error/>
  </testcase> <!-- testcase -->
  <testcase classname="com.tibco.rest.test.DataDrivenTestCases" name="testcase" time="0.282">
    <error/>
  </testcase> <!-- testcase -->
  <testcase classname="com.tibco.rest.test.DataDrivenTestCases" name="testcase" time="0.079">
    <error/>
  </testcase> <!-- testcase -->
  <testcase classname="com.tibco.rest.test.DataDrivenTestCases" name="testcase" time="0.159">
    <error/>
  </testcase> <!-- testcase -->
  <testcase classname="com.tibco.rest.test.DataDrivenTestCases" name="testcase" time="0.110">
    <error/>
  </testcase> <!-- testcase -->
  <testcase classname="com.tibco.rest.test.DataDrivenTestCases" name="testcase" time="0.032">
    <error/>
  </testcase> <!-- testcase -->
  <testcase classname="com.tibco.rest.test.DataDrivenTestCases" name="testcase" time="0.156">
    <error/>
  </testcase> <!-- testcase -->
  <testcase classname="com.tibco.rest.test.DataDrivenTestCases" name="testcase" time="0.187">
    <error/>
  </testcase> <!-- testcase -->
  <testcase classname="com.tibco.rest.test.DataDrivenTestCases" name="testcase" time="0.031">
    <error/>
  </testcase> <!-- testcase -->
  <testcase classname="com.tibco.rest.test.DataDrivenTestCases" name="testcase" time="0.210">
    <error/>
  </testcase> <!-- testcase -->
  <testcase classname="com.tibco.rest.test.DataDrivenTestCases" name="testcase" time="0.046">
    <error/>
  </testcase> <!-- testcase -->
  <testcase classname="com.tibco.rest.test.DataDrivenTestCases" name="testcase" time="0.062">
    <error/>
  </testcase> <!-- testcase -->
  <testcase classname="com.tibco.rest.test.DataDrivenTestCases" name="testcase" time="0.141">
    <error/>
  </testcase> <!-- testcase -->
  <testcase classname="com.tibco.rest.test.DataDrivenTestCases" name="testcase" time="0.172">
    <error/>
  </testcase> <!-- testcase -->
  <testcase classname="com.tibco.rest.test.DataDrivenTestCases" name="testcase" time="0.031">
    <error/>
  </testcase> <!-- testcase -->
  <testcase classname="com.tibco.rest.test.DataDrivenTestCases" name="testcase" time="0.109">
    <error/>
  </testcase> <!-- testcase -->
  <testcase classname="com.tibco.rest.test.DataDrivenTestCases" name="testcase" time="0.157">
    <error/>
  </testcase> <!-- testcase -->
  <testcase classname="com.tibco.rest.test.DataDrivenTestCases" name="testcase" time="0.047">
    <error/>
  </testcase> <!-- testcase -->
  <testcase classname="com.tibco.rest.test.DataDrivenTestCases" name="testcase" time="0.172">
    <error/>
  </testcase> <!-- testcase -->
  <testcase classname="com.tibco.rest.test.DataDrivenTestCases" name="testcase" time="0.191">
    <error/>
  </testcase> <!-- testcase -->
  <testcase classname="com.tibco.rest.test.DataDrivenTestCases" name="testcase" time="0.078">
    <error/>
  </testcase> <!-- testcase -->
  <testcase classname="com.tibco.rest.test.DataDrivenTestCases" name="testcase" time="0.172">
    <error/>
  </testcase> <!-- testcase -->
  <testcase classname="com.tibco.rest.test.DataDrivenTestCases" name="testcase" time="0.032">
    <error/>
  </testcase> <!-- testcase -->
  <testcase classname="com.tibco.rest.test.DataDrivenTestCases" name="testcase" time="0.141">
    <error/>
  </testcase> <!-- testcase -->
  <testcase classname="com.tibco.rest.test.DataDrivenTestCases" name="testcase" time="0.203">
    <error/>
  </testcase> <!-- testcase -->
  <testcase classname="com.tibco.rest.test.DataDrivenTestCases" name="testcase" time="0.016">
    <error/>
  </testcase> <!-- testcase -->
  <testcase classname="com.tibco.rest.test.DataDrivenTestCases" name="testcase" time="0.187">
    <error/>
  </testcase> <!-- testcase -->
  <testcase classname="com.tibco.rest.test.DataDrivenTestCases" name="testcase" time="0.031">
    <error/>
  </testcase> <!-- testcase -->
  <testcase classname="com.tibco.rest.test.DataDrivenTestCases" name="testcase" time="0.234">
    <error/>
  </testcase> <!-- testcase -->
  <testcase classname="com.tibco.rest.test.DataDrivenTestCases" name="testcase" time="0.048">
    <error/>
  </testcase> <!-- testcase -->
  <testcase classname="com.tibco.rest.test.DataDrivenTestCases" name="testcase" time="0.047">
    <error/>
  </testcase> <!-- testcase -->
  <testcase classname="com.tibco.rest.test.DataDrivenTestCases" name="testcase" time="0.047">
    <error/>
  </testcase> <!-- testcase -->
  <testcase classname="com.tibco.rest.test.DataDrivenTestCases" name="testcase" time="0.064">
    <error/>
  </testcase> <!-- testcase -->
  <testcase classname="com.tibco.rest.test.DataDrivenTestCases" name="testcase" time="0.282">
    <error/>
  </testcase> <!-- testcase -->
  <testcase classname="com.tibco.rest.test.DataDrivenTestCases" name="testcase" time="0.313">
    <error/>
  </testcase> <!-- testcase -->
  <testcase classname="com.tibco.rest.test.DataDrivenTestCases" name="testcase" time="0.281">
    <error/>
  </testcase> <!-- testcase -->
  <testcase classname="com.tibco.rest.test.DataDrivenTestCases" name="testcase" time="0.047">
    <error/>
  </testcase> <!-- testcase -->
  <testcase classname="com.tibco.rest.test.DataDrivenTestCases" name="testcase" time="0.094">
    <error/>
  </testcase> <!-- testcase -->
  <testcase classname="com.tibco.rest.test.DataDrivenTestCases" name="testcase" time="0.048">
    <error/>
  </testcase> <!-- testcase -->
  <testcase classname="com.tibco.rest.test.DataDrivenTestCases" name="testcase" time="0.064">
    <error/>
  </testcase> <!-- testcase -->
  <testcase classname="com.tibco.rest.test.DataDrivenTestCases" name="testcase" time="0.047">
    <error/>
  </testcase> <!-- testcase -->
  <testcase classname="com.tibco.rest.test.DataDrivenTestCases" name="testcase" time="0.032">
    <error/>
  </testcase> <!-- testcase -->
  <testcase classname="com.tibco.rest.test.DataDrivenTestCases" name="testcase" time="0.019">
    <error/>
  </testcase> <!-- testcase -->
  <testcase classname="com.tibco.rest.test.DataDrivenTestCases" name="testcase" time="0.109">
    <error/>
  </testcase> <!-- testcase -->
  <testcase classname="com.tibco.rest.test.DataDrivenTestCases" name="testcase" time="0.095">
    <error/>
  </testcase> <!-- testcase -->
  <testcase classname="com.tibco.rest.test.DataDrivenTestCases" name="testcase" time="0.063">
    <error/>
  </testcase> <!-- testcase -->
  <testcase classname="com.tibco.rest.test.DataDrivenTestCases" name="testcase" time="0.016">
    <error/>
  </testcase> <!-- testcase -->
  <testcase classname="com.tibco.rest.test.DataDrivenTestCases" name="testcase" time="0.031">
    <error/>
  </testcase> <!-- testcase -->
  <testcase classname="com.tibco.rest.test.DataDrivenTestCases" name="testcase" time="0.312">
    <error/>
  </testcase> <!-- testcase -->
  <testcase classname="com.tibco.rest.test.DataDrivenTestCases" name="testcase" time="0.219">
    <error/>
  </testcase> <!-- testcase -->
  <testcase classname="com.tibco.rest.test.DataDrivenTestCases" name="testcase" time="0.078">
    <error/>
  </testcase> <!-- testcase -->
  <testcase classname="com.tibco.rest.test.DataDrivenTestCases" name="testcase" time="0.140">
    <error/>
  </testcase> <!-- testcase -->
  <testcase classname="com.tibco.rest.test.DataDrivenTestCases" name="testcase" time="0.140">
    <error/>
  </testcase> <!-- testcase -->
  <testcase classname="com.tibco.rest.test.DataDrivenTestCases" name="testcase" time="0.031">
    <error/>
  </testcase> <!-- testcase -->
  <testcase classname="com.tibco.rest.test.DataDrivenTestCases" name="testcase" time="0.234">
    <error/>
  </testcase> <!-- testcase -->
  <testcase classname="com.tibco.rest.test.DataDrivenTestCases" name="testcase" time="0.016">
    <error/>
  </testcase> <!-- testcase -->
  <testcase classname="com.tibco.rest.test.DataDrivenTestCases" name="testcase" time="0.032">
    <error/>
  </testcase> <!-- testcase -->
  <testcase classname="com.tibco.rest.test.DataDrivenTestCases" name="testcase" time="0.191">
    <error/>
  </testcase> <!-- testcase -->
  <testcase classname="com.tibco.rest.test.DataDrivenTestCases" name="testcase" time="0.031">
    <error/>
  </testcase> <!-- testcase -->
  <testcase classname="com.tibco.rest.test.DataDrivenTestCases" name="testcase" time="0.235">
    <error/>
  </testcase> <!-- testcase -->
  <testcase classname="com.tibco.rest.test.DataDrivenTestCases" name="testcase" time="0.049">
    <error/>
  </testcase> <!-- testcase -->
  <testcase classname="com.tibco.rest.test.DataDrivenTestCases" name="testcase" time="0.062">
    <error/>
  </testcase> <!-- testcase -->
  <testcase classname="com.tibco.rest.test.DataDrivenTestCases" name="testcase" time="0.031">
    <error/>
  </testcase> <!-- testcase -->
  <testcase classname="com.tibco.rest.test.DataDrivenTestCases" name="testcase" time="0.127">
    <error/>
  </testcase> <!-- testcase -->
  <testcase classname="com.tibco.rest.test.DataDrivenTestCases" name="testcase" time="0.031">
    <error/>
  </testcase> <!-- testcase -->
  <testcase classname="com.tibco.rest.test.DataDrivenTestCases" name="testcase" time="0.031">
    <error/>
  </testcase> <!-- testcase -->
  <testcase classname="com.tibco.rest.test.DataDrivenTestCases" name="testcase" time="0.235">
    <error/>
  </testcase> <!-- testcase -->
  <testcase classname="com.tibco.rest.test.DataDrivenTestCases" name="testcase" time="0.110">
    <error/>
  </testcase> <!-- testcase -->
  <testcase classname="com.tibco.rest.test.DataDrivenTestCases" name="testcase" time="0.219">
    <error/>
  </testcase> <!-- testcase -->
  <testcase classname="com.tibco.rest.test.DataDrivenTestCases" name="testcase" time="0.141">
    <error/>
  </testcase> <!-- testcase -->
  <testcase classname="com.tibco.rest.test.DataDrivenTestCases" name="testcase" time="0.143">
    <error/>
  </testcase> <!-- testcase -->
  <testcase classname="com.tibco.rest.test.DataDrivenTestCases" name="testcase" time="0.031">
    <error/>
  </testcase> <!-- testcase -->
  <testcase classname="com.tibco.rest.test.DataDrivenTestCases" name="testcase" time="0.047">
    <error/>
  </testcase> <!-- testcase -->
  <testcase classname="com.tibco.rest.test.DataDrivenTestCases" name="testcase" time="0.032">
    <error/>
  </testcase> <!-- testcase -->
  <testcase classname="com.tibco.rest.test.DataDrivenTestCases" name="testcase" time="0.188">
    <error/>
  </testcase> <!-- testcase -->
  <testcase classname="com.tibco.rest.test.DataDrivenTestCases" name="testcase" time="0.235">
    <error/>
  </testcase> <!-- testcase -->
  <testcase classname="com.tibco.rest.test.DataDrivenTestCases" name="testcase" time="0.047">
    <error/>
  </testcase> <!-- testcase -->
  <testcase classname="com.tibco.rest.test.DataDrivenTestCases" name="testcase" time="0.187">
    <error/>
  </testcase> <!-- testcase -->
  <testcase classname="com.tibco.rest.test.DataDrivenTestCases" name="testcase" time="0.081">
    <error/>
  </testcase> <!-- testcase -->
  <testcase classname="com.tibco.rest.test.DataDrivenTestCases" name="testcase" time="0.047">
    <error/>
  </testcase> <!-- testcase -->
  <testcase classname="com.tibco.rest.test.DataDrivenTestCases" name="testcase" time="0.031">
    <error/>
  </testcase> <!-- testcase -->
  <testcase classname="com.tibco.rest.test.DataDrivenTestCases" name="testcase" time="0.032">
    <error/>
  </testcase> <!-- testcase -->
  <testcase classname="com.tibco.rest.test.DataDrivenTestCases" name="testcase" time="0.047">
    <error/>
  </testcase> <!-- testcase -->
  <testcase classname="com.tibco.rest.test.DataDrivenTestCases" name="testcase" time="0.016">
    <error/>
  </testcase> <!-- testcase -->
  <testcase classname="com.tibco.rest.test.DataDrivenTestCases" name="testcase" time="0.062">
    <error/>
  </testcase> <!-- testcase -->
  <testcase classname="com.tibco.rest.test.DataDrivenTestCases" name="testcase" time="0.047">
    <error/>
  </testcase> <!-- testcase -->
  <testcase classname="com.tibco.rest.test.DataDrivenTestCases" name="testcase" time="0.031">
    <error/>
  </testcase> <!-- testcase -->
  <testcase classname="com.tibco.rest.test.DataDrivenTestCases" name="testcase" time="0.296">
    <error/>
  </testcase> <!-- testcase -->
  <testcase classname="com.tibco.rest.test.DataDrivenTestCases" name="testcase" time="0.203">
    <error/>
  </testcase> <!-- testcase -->
  <testcase classname="com.tibco.rest.test.DataDrivenTestCases" name="testcase" time="0.187">
    <error/>
  </testcase> <!-- testcase -->
  <testcase classname="com.tibco.rest.test.DataDrivenTestCases" name="testcase" time="0.034">
    <error/>
  </testcase> <!-- testcase -->
  <testcase classname="com.tibco.rest.test.DataDrivenTestCases" name="testcase" time="0.032">
    <error/>
  </testcase> <!-- testcase -->
  <testcase classname="com.tibco.rest.test.DataDrivenTestCases" name="testcase" time="0.031">
    <error/>
  </testcase> <!-- testcase -->
  <testcase classname="com.tibco.rest.test.DataDrivenTestCases" name="testcase" time="0.031">
    <error/>
  </testcase> <!-- testcase -->
  <testcase classname="com.tibco.rest.test.DataDrivenTestCases" name="testcase" time="0.094">
    <error/>
  </testcase> <!-- testcase -->
  <testcase classname="com.tibco.rest.test.DataDrivenTestCases" name="testcase" time="0.031">
    <error/>
  </testcase> <!-- testcase -->
  <testcase classname="com.tibco.rest.test.DataDrivenTestCases" name="testcase" time="0.031">
    <error/>
  </testcase> <!-- testcase -->
  <testcase classname="com.tibco.rest.test.DataDrivenTestCases" name="testcase" time="0.127">
    <error/>
  </testcase> <!-- testcase -->
  <testcase classname="com.tibco.rest.test.DataDrivenTestCases" name="testcase" time="0.156">
    <error/>
  </testcase> <!-- testcase -->
  <testcase classname="com.tibco.rest.test.DataDrivenTestCases" name="testcase" time="0.281">
    <error/>
  </testcase> <!-- testcase -->
  <testcase classname="com.tibco.rest.test.DataDrivenTestCases" name="testcase" time="0.141">
    <error/>
  </testcase> <!-- testcase -->
  <testcase classname="com.tibco.rest.test.DataDrivenTestCases" name="testcase" time="0.344">
    <error/>
  </testcase> <!-- testcase -->
  <testcase classname="com.tibco.rest.test.DataDrivenTestCases" name="testcase" time="0.015">
    <error/>
  </testcase> <!-- testcase -->
  <testcase classname="com.tibco.rest.test.DataDrivenTestCases" name="testcase" time="0.062">
    <error/>
  </testcase> <!-- testcase -->
  <testcase classname="com.tibco.rest.test.DataDrivenTestCases" name="testcase" time="0.172">
    <error/>
  </testcase> <!-- testcase -->
  <testcase classname="com.tibco.rest.test.DataDrivenTestCases" name="testcase" time="0.313">
    <error/>
  </testcase> <!-- testcase -->
  <testcase classname="com.tibco.rest.test.DataDrivenTestCases" name="testcase" time="0.094">
    <error/>
  </testcase> <!-- testcase -->
  <testcase classname="com.tibco.rest.test.DataDrivenTestCases" name="testcase" time="0.031">
    <error/>
  </testcase> <!-- testcase -->
  <testcase classname="com.tibco.rest.test.DataDrivenTestCases" name="testcase" time="0.094">
    <error/>
  </testcase> <!-- testcase -->
  <testcase classname="com.tibco.rest.test.DataDrivenTestCases" name="testcase" time="0.031">
    <error/>
  </testcase> <!-- testcase -->
  <testcase classname="com.tibco.rest.test.DataDrivenTestCases" name="testcase" time="0.032">
    <error/>
  </testcase> <!-- testcase -->
  <testcase classname="com.tibco.rest.test.DataDrivenTestCases" name="testcase" time="0.250">
    <error/>
  </testcase> <!-- testcase -->
  <testcase classname="com.tibco.rest.test.DataDrivenTestCases" name="testcase" time="0.047">
    <error/>
  </testcase> <!-- testcase -->
  <testcase classname="com.tibco.rest.test.DataDrivenTestCases" name="testcase" time="0.031">
    <error/>
  </testcase> <!-- testcase -->
  <testcase classname="com.tibco.rest.test.DataDrivenTestCases" name="testcase" time="0.078">
    <error/>
  </testcase> <!-- testcase -->
  <testcase classname="com.tibco.rest.test.DataDrivenTestCases" name="testcase" time="0.047">
    <error/>
  </testcase> <!-- testcase -->
  <testcase classname="com.tibco.rest.test.DataDrivenTestCases" name="testcase" time="0.396">
    <error/>
  </testcase> <!-- testcase -->
  <testcase classname="com.tibco.rest.test.DataDrivenTestCases" name="testcase" time="0.032">
    <error/>
  </testcase> <!-- testcase -->
  <testcase classname="com.tibco.rest.test.DataDrivenTestCases" name="testcase" time="0.281">
    <error/>
  </testcase> <!-- testcase -->
  <testcase classname="com.tibco.rest.test.DataDrivenTestCases" name="testcase" time="0.032">
    <error/>
  </testcase> <!-- testcase -->
  <testcase classname="com.tibco.rest.test.DataDrivenTestCases" name="testcase" time="0.015">
    <error/>
  </testcase> <!-- testcase -->
  <testcase classname="com.tibco.rest.test.DataDrivenTestCases" name="testcase" time="0.063">
    <error/>
  </testcase> <!-- testcase -->
  <testcase classname="com.tibco.rest.test.DataDrivenTestCases" name="testcase" time="0.109">
    <error/>
  </testcase> <!-- testcase -->
  <testcase classname="com.tibco.rest.test.DataDrivenTestCases" name="testcase" time="0.270">
    <error/>
  </testcase> <!-- testcase -->
  <testcase classname="com.tibco.rest.test.DataDrivenTestCases" name="testcase" time="0.187">
    <error/>
  </testcase> <!-- testcase -->
  <testcase classname="com.tibco.rest.test.DataDrivenTestCases" name="testcase" time="0.031">
    <error/>
  </testcase> <!-- testcase -->
  <testcase classname="com.tibco.rest.test.DataDrivenTestCases" name="testcase" time="0.172">
    <error/>
  </testcase> <!-- testcase -->
  <testcase classname="com.tibco.rest.test.DataDrivenTestCases" name="testcase" time="0.032">
    <error/>
  </testcase> <!-- testcase -->
  <testcase classname="com.tibco.rest.test.DataDrivenTestCases" name="testcase" time="0.206">
    <error/>
  </testcase> <!-- testcase -->
  <testcase classname="com.tibco.rest.test.DataDrivenTestCases" name="testcase" time="0.190">
    <error/>
  </testcase> <!-- testcase -->
  <testcase classname="com.tibco.rest.test.DataDrivenTestCases" name="testcase" time="0.254">
    <error/>
  </testcase> <!-- testcase -->
  <testcase classname="com.tibco.rest.test.DataDrivenTestCases" name="testcase" time="0.031">
    <error/>
  </testcase> <!-- testcase -->
  <testcase classname="com.tibco.rest.test.DataDrivenTestCases" name="testcase" time="0.046">
    <error/>
  </testcase> <!-- testcase -->
  <testcase classname="com.tibco.rest.test.DataDrivenTestCases" name="testcase" time="0.048">
    <error/>
  </testcase> <!-- testcase -->
  <testcase classname="com.tibco.rest.test.DataDrivenTestCases" name="testcase" time="0.141">
    <error/>
  </testcase> <!-- testcase -->
  <testcase classname="com.tibco.rest.test.DataDrivenTestCases" name="testcase" time="0.096">
    <error/>
  </testcase> <!-- testcase -->
  <testcase classname="com.tibco.rest.test.DataDrivenTestCases" name="testcase" time="0.299">
    <error/>
  </testcase> <!-- testcase -->
  <testcase classname="com.tibco.rest.test.DataDrivenTestCases" name="testcase" time="0.071">
    <error/>
  </testcase> <!-- testcase -->
  <testcase classname="com.tibco.rest.test.DataDrivenTestCases" name="testcase" time="0.156">
    <error/>
  </testcase> <!-- testcase -->
  <testcase classname="com.tibco.rest.test.DataDrivenTestCases" name="testcase" time="0.203">
    <error/>
  </testcase> <!-- testcase -->
  <testcase classname="com.tibco.rest.test.DataDrivenTestCases" name="testcase" time="0.047">
    <error/>
  </testcase> <!-- testcase -->
  <testcase classname="com.tibco.rest.test.DataDrivenTestCases" name="testcase" time="0.139">
    <error/>
  </testcase> <!-- testcase -->
  <testcase classname="com.tibco.rest.test.DataDrivenTestCases" name="testcase" time="0.078">
    <error/>
  </testcase> <!-- testcase -->
  <testcase classname="com.tibco.rest.test.DataDrivenTestCases" name="testcase" time="0.047">
    <error/>
  </testcase> <!-- testcase -->
  <testcase classname="com.tibco.rest.test.DataDrivenTestCases" name="testcase" time="0.110">
    <error/>
  </testcase> <!-- testcase -->
  <testcase classname="com.tibco.rest.test.DataDrivenTestCases" name="testcase" time="0.093">
    <error/>
  </testcase> <!-- testcase -->
  <testcase classname="com.tibco.rest.test.DataDrivenTestCases" name="testcase" time="0.126">
    <error/>
  </testcase> <!-- testcase -->
  <testcase classname="com.tibco.rest.test.DataDrivenTestCases" name="testcase" time="0.031">
    <error/>
  </testcase> <!-- testcase -->
  <testcase classname="com.tibco.rest.test.DataDrivenTestCases" name="testcase" time="0.062">
    <error/>
  </testcase> <!-- testcase -->
  <testcase classname="com.tibco.rest.test.DataDrivenTestCases" name="testcase" time="0.094">
    <error/>
  </testcase> <!-- testcase -->
  <testcase classname="com.tibco.rest.test.DataDrivenTestCases" name="testcase" time="0.046">
    <error/>
  </testcase> <!-- testcase -->
  <testcase classname="com.tibco.rest.test.DataDrivenTestCases" name="testcase" time="0.062">
    <error/>
  </testcase> <!-- testcase -->
  <testcase classname="com.tibco.rest.test.DataDrivenTestCases" name="testcase" time="0.227">
    <error/>
  </testcase> <!-- testcase -->
  <testcase classname="com.tibco.rest.test.DataDrivenTestCases" name="testcase" time="0.032">
    <error/>
  </testcase> <!-- testcase -->
  <testcase classname="com.tibco.rest.test.DataDrivenTestCases" name="testcase" time="0.023">
    <error/>
  </testcase> <!-- testcase -->
  <testcase classname="com.tibco.rest.test.DataDrivenTestCases" name="testcase" time="0.032">
    <error/>
  </testcase> <!-- testcase -->
  <testcase classname="com.tibco.rest.test.DataDrivenTestCases" name="testcase" time="0.016">
    <error/>
  </testcase> <!-- testcase -->
  <testcase classname="com.tibco.rest.test.DataDrivenTestCases" name="testcase" time="0.156">
    <error/>
  </testcase> <!-- testcase -->
  <testcase classname="com.tibco.rest.test.DataDrivenTestCases" name="testcase" time="0.250">
    <error/>
  </testcase> <!-- testcase -->
  <testcase classname="com.tibco.rest.test.DataDrivenTestCases" name="testcase" time="0.015">
    <error/>
  </testcase> <!-- testcase -->
  <testcase classname="com.tibco.rest.test.DataDrivenTestCases" name="testcase" time="0.031">
    <error/>
  </testcase> <!-- testcase -->
  <testcase classname="com.tibco.rest.test.DataDrivenTestCases" name="testcase" time="0.016">
    <error/>
  </testcase> <!-- testcase -->
  <testcase classname="com.tibco.rest.test.DataDrivenTestCases" name="testcase" time="0.016">
    <error/>
  </testcase> <!-- testcase -->
  <testcase classname="com.tibco.rest.test.DataDrivenTestCases" name="testcase" time="0.234">
    <error/>
  </testcase> <!-- testcase -->
  <testcase classname="com.tibco.rest.test.DataDrivenTestCases" name="testcase" time="0.047">
    <error/>
  </testcase> <!-- testcase -->
  <testcase classname="com.tibco.rest.test.DataDrivenTestCases" name="testcase" time="0.032">
    <error/>
  </testcase> <!-- testcase -->
  <testcase classname="com.tibco.rest.test.DataDrivenTestCases" name="testcase" time="0.016">
    <error/>
  </testcase> <!-- testcase -->
  <testcase classname="com.tibco.rest.test.DataDrivenTestCases" name="testcase" time="0.031">
    <error/>
  </testcase> <!-- testcase -->
  <testcase classname="com.tibco.rest.test.DataDrivenTestCases" name="testcase" time="0.125">
    <error/>
  </testcase> <!-- testcase -->
  <testcase classname="com.tibco.rest.test.DataDrivenTestCases" name="testcase" time="0.076">
    <error/>
  </testcase> <!-- testcase -->
  <testcase classname="com.tibco.rest.test.DataDrivenTestCases" name="testcase" time="0.302">
    <error/>
  </testcase> <!-- testcase -->
  <testcase classname="com.tibco.rest.test.DataDrivenTestCases" name="testcase" time="0.157">
    <error/>
  </testcase> <!-- testcase -->
  <testcase classname="com.tibco.rest.test.DataDrivenTestCases" name="testcase" time="0.143">
    <error/>
  </testcase> <!-- testcase -->
  <testcase classname="com.tibco.rest.test.DataDrivenTestCases" name="testcase" time="0.234">
    <error/>
  </testcase> <!-- testcase -->
  <testcase classname="com.tibco.rest.test.DataDrivenTestCases" name="testcase" time="0.055">
    <error/>
  </testcase> <!-- testcase -->
  <testcase classname="com.tibco.rest.test.DataDrivenTestCases" name="testcase" time="0.047">
    <error/>
  </testcase> <!-- testcase -->
  <testcase classname="com.tibco.rest.test.DataDrivenTestCases" name="testcase" time="0.063">
    <error/>
  </testcase> <!-- testcase -->
  <testcase classname="com.tibco.rest.test.DataDrivenTestCases" name="testcase" time="0.297">
    <error/>
  </testcase> <!-- testcase -->
  <testcase classname="com.tibco.rest.test.DataDrivenTestCases" name="testcase" time="0.297">
    <error/>
  </testcase> <!-- testcase -->
  <testcase classname="com.tibco.rest.test.DataDrivenTestCases" name="testcase" time="0.219">
    <error/>
  </testcase> <!-- testcase -->
  <testcase classname="com.tibco.rest.test.DataDrivenTestCases" name="testcase" time="0.031">
    <error/>
  </testcase> <!-- testcase -->
  <testcase classname="com.tibco.rest.test.DataDrivenTestCases" name="testcase" time="0.047">
    <error/>
  </testcase> <!-- testcase -->
  <testcase classname="com.tibco.rest.test.DataDrivenTestCases" name="testcase" time="0.031">
    <error/>
  </testcase> <!-- testcase -->
  <testcase classname="com.tibco.rest.test.DataDrivenTestCases" name="testcase" time="0.095">
    <error/>
  </testcase> <!-- testcase -->
  <testcase classname="com.tibco.rest.test.DataDrivenTestCases" name="testcase" time="0.188">
    <error/>
  </testcase> <!-- testcase -->
  <testcase classname="com.tibco.rest.test.DataDrivenTestCases" name="testcase" time="0.016">
    <error/>
  </testcase> <!-- testcase -->
  <testcase classname="com.tibco.rest.test.DataDrivenTestCases" name="testcase" time="0.015">
    <error/>
  </testcase> <!-- testcase -->
  <testcase classname="com.tibco.rest.test.DataDrivenTestCases" name="testcase" time="0.032">
    <error/>
  </testcase> <!-- testcase -->
  <testcase classname="com.tibco.rest.test.DataDrivenTestCases" name="testcase" time="0.016">
    <error/>
  </testcase> <!-- testcase -->
  <testcase classname="com.tibco.rest.test.DataDrivenTestCases" name="testcase" time="0.032">
    <error/>
  </testcase> <!-- testcase -->
  <testcase classname="com.tibco.rest.test.DataDrivenTestCases" name="testcase" time="0.328">
    <error/>
  </testcase> <!-- testcase -->
  <testcase classname="com.tibco.rest.test.DataDrivenTestCases" name="testcase" time="0.235">
    <error/>
  </testcase> <!-- testcase -->
  <testcase classname="com.tibco.rest.test.DataDrivenTestCases" name="testcase" time="0.280">
    <error/>
  </testcase> <!-- testcase -->
  <testcase classname="com.tibco.rest.test.DataDrivenTestCases" name="testcase" time="0.298">
    <error/>
  </testcase> <!-- testcase -->
  <testcase classname="com.tibco.rest.test.DataDrivenTestCases" name="testcase" time="0.125">
    <error/>
  </testcase> <!-- testcase -->
  <testcase classname="com.tibco.rest.test.DataDrivenTestCases" name="testcase" time="0.047">
    <error/>
  </testcase> <!-- testcase -->
  <testcase classname="com.tibco.rest.test.DataDrivenTestCases" name="testcase" time="0.093">
    <error/>
  </testcase> <!-- testcase -->
  <testcase classname="com.tibco.rest.test.DataDrivenTestCases" name="testcase" time="0.063">
    <error/>
  </testcase> <!-- testcase -->
  <testcase classname="com.tibco.rest.test.DataDrivenTestCases" name="testcase" time="0.250">
    <error/>
  </testcase> <!-- testcase -->
  <testcase classname="com.tibco.rest.test.DataDrivenTestCases" name="testcase" time="0.140">
    <error/>
  </testcase> <!-- testcase -->
  <testcase classname="com.tibco.rest.test.DataDrivenTestCases" name="testcase" time="0.249">
    <error/>
  </testcase> <!-- testcase -->
  <testcase classname="com.tibco.rest.test.DataDrivenTestCases" name="testcase" time="0.109">
    <error/>
  </testcase> <!-- testcase -->
  <testcase classname="com.tibco.rest.test.DataDrivenTestCases" name="testcase" time="0.064">
    <error/>
  </testcase> <!-- testcase -->
  <testcase classname="com.tibco.rest.test.DataDrivenTestCases" name="testcase" time="0.031">
    <error/>
  </testcase> <!-- testcase -->
  <testcase classname="com.tibco.rest.test.DataDrivenTestCases" name="testcase" time="0.298">
    <error/>
  </testcase> <!-- testcase -->
  <testcase classname="com.tibco.rest.test.DataDrivenTestCases" name="testcase" time="0.031">
    <error/>
  </testcase> <!-- testcase -->
  <testcase classname="com.tibco.rest.test.DataDrivenTestCases" name="testcase" time="0.127">
    <error/>
  </testcase> <!-- testcase -->
  <testcase classname="com.tibco.rest.test.DataDrivenTestCases" name="testcase" time="0.032">
    <error/>
  </testcase> <!-- testcase -->
  <testcase classname="com.tibco.rest.test.DataDrivenTestCases" name="testcase" time="0.015">
    <error/>
  </testcase> <!-- testcase -->
  <testcase classname="com.tibco.rest.test.DataDrivenTestCases" name="testcase" time="0.188">
    <error/>
  </testcase> <!-- testcase -->
  <testcase classname="com.tibco.rest.test.DataDrivenTestCases" name="testcase" time="0.024">
    <error/>
  </testcase> <!-- testcase -->
  <testcase classname="com.tibco.rest.test.DataDrivenTestCases" name="testcase" time="0.174">
    <error/>
  </testcase> <!-- testcase -->
  <testcase classname="com.tibco.rest.test.DataDrivenTestCases" name="testcase" time="0.032">
    <error/>
  </testcase> <!-- testcase -->
  <testcase classname="com.tibco.rest.test.DataDrivenTestCases" name="testcase" time="0.203">
    <error/>
  </testcase> <!-- testcase -->
  <testcase classname="com.tibco.rest.test.DataDrivenTestCases" name="testcase" time="0.078">
    <error/>
  </testcase> <!-- testcase -->
  <testcase classname="com.tibco.rest.test.DataDrivenTestCases" name="testcase" time="0.359">
    <error/>
  </testcase> <!-- testcase -->
  <testcase classname="com.tibco.rest.test.DataDrivenTestCases" name="testcase" time="0.032">
    <error/>
  </testcase> <!-- testcase -->
  <testcase classname="com.tibco.rest.test.DataDrivenTestCases" name="testcase" time="0.172">
    <error/>
  </testcase> <!-- testcase -->
  <testcase classname="com.tibco.rest.test.DataDrivenTestCases" name="testcase" time="0.218">
    <error/>
  </testcase> <!-- testcase -->
  <testcase classname="com.tibco.rest.test.DataDrivenTestCases" name="testcase" time="0.110">
    <error/>
  </testcase> <!-- testcase -->
  <testcase classname="com.tibco.rest.test.DataDrivenTestCases" name="testcase" time="0.081">
    <error/>
  </testcase> <!-- testcase -->
  <testcase classname="com.tibco.rest.test.DataDrivenTestCases" name="testcase" time="0.031">
    <error/>
  </testcase> <!-- testcase -->
  <testcase classname="com.tibco.rest.test.DataDrivenTestCases" name="testcase" time="0.281">
    <error/>
  </testcase> <!-- testcase -->
  <testcase classname="com.tibco.rest.test.DataDrivenTestCases" name="testcase" time="0.219">
    <error/>
  </testcase> <!-- testcase -->
  <testcase classname="com.tibco.rest.test.DataDrivenTestCases" name="testcase" time="0.032">
    <error/>
  </testcase> <!-- testcase -->
  <testcase classname="com.tibco.rest.test.DataDrivenTestCases" name="testcase" time="0.344">
    <error/>
  </testcase> <!-- testcase -->
  <testcase classname="com.tibco.rest.test.DataDrivenTestCases" name="testcase" time="0.031">
    <error/>
  </testcase> <!-- testcase -->
  <testcase classname="com.tibco.rest.test.DataDrivenTestCases" name="testcase" time="0.308">
    <error/>
  </testcase> <!-- testcase -->
  <testcase classname="com.tibco.rest.test.DataDrivenTestCases" name="testcase" time="0.232">
    <error/>
  </testcase> <!-- testcase -->
  <testcase classname="com.tibco.rest.test.DataDrivenTestCases" name="testcase" time="0.032">
    <error/>
  </testcase> <!-- testcase -->
  <testcase classname="com.tibco.rest.test.DataDrivenTestCases" name="testcase" time="0.125">
    <error/>
  </testcase> <!-- testcase -->
  <testcase classname="com.tibco.rest.test.DataDrivenTestCases" name="testcase" time="0.027">
    <error/>
  </testcase> <!-- testcase -->
  <testcase classname="com.tibco.rest.test.DataDrivenTestCases" name="testcase" time="0.031">
    <error/>
  </testcase> <!-- testcase -->
  <testcase classname="com.tibco.rest.test.DataDrivenTestCases" name="testcase" time="0.095">
    <error/>
  </testcase> <!-- testcase -->
  <testcase classname="com.tibco.rest.test.DataDrivenTestCases" name="testcase" time="0.031">
    <error/>
  </testcase> <!-- testcase -->
  <testcase classname="com.tibco.rest.test.DataDrivenTestCases" name="testcase" time="0.297">
    <error/>
  </testcase> <!-- testcase -->
  <testcase classname="com.tibco.rest.test.DataDrivenTestCases" name="testcase" time="0.203">
    <error/>
  </testcase> <!-- testcase -->
  <testcase classname="com.tibco.rest.test.DataDrivenTestCases" name="testcase" time="0.187">
    <failure message="Expected value should be &quot;0&quot; : Actual value is &quot;1&quot;" type="java.lang.AssertionError">
      <![CDATA[java.lang.AssertionError: Expected value should be "0" : Actual value is "1"
	at com.tibco.rest.restAssured.Assertions.assertTrue(Assertions.java:166)
	at com.tibco.rest.restAssured.Assertions.assertEquals(Assertions.java:183)
	at com.tibco.rest.test.DataDrivenTestCases.verifyResponse(DataDrivenTestCases.java:508)
	at com.tibco.rest.test.DataDrivenTestCases.testcase(DataDrivenTestCases.java:352)
	at jdk.internal.reflect.GeneratedMethodAccessor64.invoke(Unknown Source)
	at java.base/jdk.internal.reflect.DelegatingMethodAccessorImpl.invoke(DelegatingMethodAccessorImpl.java:43)
	at java.base/java.lang.reflect.Method.invoke(Method.java:568)
	at org.testng.internal.MethodInvocationHelper.invokeMethod(MethodInvocationHelper.java:108)
	at org.testng.internal.Invoker.invokeMethod(Invoker.java:661)
	at org.testng.internal.Invoker.invokeTestMethod(Invoker.java:869)
	at org.testng.internal.Invoker.invokeTestMethods(Invoker.java:1193)
	at org.testng.internal.TestMethodWorker.invokeTestMethods(TestMethodWorker.java:126)
	at org.testng.internal.TestMethodWorker.run(TestMethodWorker.java:109)
	at org.testng.TestRunner.privateRun(TestRunner.java:744)
	at org.testng.TestRunner.run(TestRunner.java:602)
	at org.testng.SuiteRunner.runTest(SuiteRunner.java:380)
	at org.testng.SuiteRunner.runSequentially(SuiteRunner.java:375)
	at org.testng.SuiteRunner.privateRun(SuiteRunner.java:340)
	at org.testng.SuiteRunner.run(SuiteRunner.java:289)
	at org.testng.SuiteRunnerWorker.runSuite(SuiteRunnerWorker.java:52)
	at org.testng.SuiteRunnerWorker.run(SuiteRunnerWorker.java:86)
	at org.testng.TestNG.runSuitesSequentially(TestNG.java:1301)
	at org.testng.TestNG.runSuitesLocally(TestNG.java:1226)
	at org.testng.TestNG.runSuites(TestNG.java:1144)
	at org.testng.TestNG.run(TestNG.java:1115)
	at org.testng.TestNG.privateMain(TestNG.java:1442)
	at org.testng.TestNG.main(TestNG.java:1411)
]]>
    </failure>
  </testcase> <!-- testcase -->
  <testcase classname="com.tibco.rest.test.DataDrivenTestCases" name="testcase" time="0.031">
    <error/>
  </testcase> <!-- testcase -->
  <testcase classname="com.tibco.rest.test.DataDrivenTestCases" name="testcase" time="0.397">
    <error/>
  </testcase> <!-- testcase -->
  <testcase classname="com.tibco.rest.test.DataDrivenTestCases" name="testcase" time="0.187">
    <error/>
  </testcase> <!-- testcase -->
  <testcase classname="com.tibco.rest.test.DataDrivenTestCases" name="testcase" time="0.031">
    <error/>
  </testcase> <!-- testcase -->
  <testcase classname="com.tibco.rest.test.DataDrivenTestCases" name="testcase" time="0.015">
    <error/>
  </testcase> <!-- testcase -->
  <testcase classname="com.tibco.rest.test.DataDrivenTestCases" name="testcase" time="0.031">
    <error/>
  </testcase> <!-- testcase -->
  <testcase classname="com.tibco.rest.test.DataDrivenTestCases" name="testcase" time="0.031">
    <error/>
  </testcase> <!-- testcase -->
  <testcase classname="com.tibco.rest.test.DataDrivenTestCases" name="testcase" time="0.095">
    <error/>
  </testcase> <!-- testcase -->
  <testcase classname="com.tibco.rest.test.DataDrivenTestCases" name="testcase" time="0.055">
    <error/>
  </testcase> <!-- testcase -->
  <testcase classname="com.tibco.rest.test.DataDrivenTestCases" name="testcase" time="0.021">
    <error/>
  </testcase> <!-- testcase -->
  <testcase classname="com.tibco.rest.test.DataDrivenTestCases" name="testcase" time="0.016">
    <error/>
  </testcase> <!-- testcase -->
  <testcase classname="com.tibco.rest.test.DataDrivenTestCases" name="testcase" time="0.203">
    <error/>
  </testcase> <!-- testcase -->
  <testcase classname="com.tibco.rest.test.DataDrivenTestCases" name="testcase" time="0.031">
    <error/>
  </testcase> <!-- testcase -->
  <testcase classname="com.tibco.rest.test.DataDrivenTestCases" name="testcase" time="0.235">
    <error/>
  </testcase> <!-- testcase -->
  <testcase classname="com.tibco.rest.test.DataDrivenTestCases" name="testcase" time="0.031">
    <error/>
  </testcase> <!-- testcase -->
  <testcase classname="com.tibco.rest.test.DataDrivenTestCases" name="testcase" time="0.172">
    <error/>
  </testcase> <!-- testcase -->
  <testcase classname="com.tibco.rest.test.DataDrivenTestCases" name="testcase" time="0.032">
    <error/>
  </testcase> <!-- testcase -->
  <testcase classname="com.tibco.rest.test.DataDrivenTestCases" name="testcase" time="0.063">
    <error/>
  </testcase> <!-- testcase -->
  <testcase classname="com.tibco.rest.test.DataDrivenTestCases" name="testcase" time="0.047">
    <error/>
  </testcase> <!-- testcase -->
  <testcase classname="com.tibco.rest.test.DataDrivenTestCases" name="testcase" time="0.062">
    <error/>
  </testcase> <!-- testcase -->
  <testcase classname="com.tibco.rest.test.DataDrivenTestCases" name="testcase" time="0.047">
    <error/>
  </testcase> <!-- testcase -->
  <testcase classname="com.tibco.rest.test.DataDrivenTestCases" name="testcase" time="0.110">
    <error/>
  </testcase> <!-- testcase -->
  <testcase classname="com.tibco.rest.test.DataDrivenTestCases" name="testcase" time="0.282">
    <error/>
  </testcase> <!-- testcase -->
  <testcase classname="com.tibco.rest.test.DataDrivenTestCases" name="testcase" time="0.186">
    <error/>
  </testcase> <!-- testcase -->
  <testcase classname="com.tibco.rest.test.DataDrivenTestCases" name="testcase" time="0.015">
    <error/>
  </testcase> <!-- testcase -->
  <testcase classname="com.tibco.rest.test.DataDrivenTestCases" name="testcase" time="0.048">
    <error/>
  </testcase> <!-- testcase -->
  <testcase classname="com.tibco.rest.test.DataDrivenTestCases" name="testcase" time="0.406">
    <error/>
  </testcase> <!-- testcase -->
  <testcase classname="com.tibco.rest.test.DataDrivenTestCases" name="testcase" time="0.063">
    <error/>
  </testcase> <!-- testcase -->
  <testcase classname="com.tibco.rest.test.DataDrivenTestCases" name="testcase" time="0.021">
    <error/>
  </testcase> <!-- testcase -->
  <testcase classname="com.tibco.rest.test.DataDrivenTestCases" name="testcase" time="0.125">
    <error/>
  </testcase> <!-- testcase -->
  <testcase classname="com.tibco.rest.test.DataDrivenTestCases" name="testcase" time="0.312">
    <error/>
  </testcase> <!-- testcase -->
  <testcase classname="com.tibco.rest.test.DataDrivenTestCases" name="testcase" time="0.063">
    <error/>
  </testcase> <!-- testcase -->
  <testcase classname="com.tibco.rest.test.DataDrivenTestCases" name="testcase" time="0.047">
    <error/>
  </testcase> <!-- testcase -->
  <testcase classname="com.tibco.rest.test.DataDrivenTestCases" name="testcase" time="0.016">
    <error/>
  </testcase> <!-- testcase -->
  <testcase classname="com.tibco.rest.test.DataDrivenTestCases" name="testcase" time="0.375">
    <error/>
  </testcase> <!-- testcase -->
  <testcase classname="com.tibco.rest.test.DataDrivenTestCases" name="testcase" time="0.031">
    <error/>
  </testcase> <!-- testcase -->
  <testcase classname="com.tibco.rest.test.DataDrivenTestCases" name="testcase" time="0.031">
    <error/>
  </testcase> <!-- testcase -->
  <testcase classname="com.tibco.rest.test.DataDrivenTestCases" name="testcase" time="0.047">
    <error/>
  </testcase> <!-- testcase -->
  <testcase classname="com.tibco.rest.test.DataDrivenTestCases" name="testcase" time="0.263">
    <error/>
  </testcase> <!-- testcase -->
  <testcase classname="com.tibco.rest.test.DataDrivenTestCases" name="testcase" time="0.094">
    <error/>
  </testcase> <!-- testcase -->
  <testcase classname="com.tibco.rest.test.DataDrivenTestCases" name="testcase" time="0.525">
    <error/>
  </testcase> <!-- testcase -->
  <testcase classname="com.tibco.rest.test.DataDrivenTestCases" name="testcase" time="0.203">
    <error/>
  </testcase> <!-- testcase -->
  <testcase classname="com.tibco.rest.test.DataDrivenTestCases" name="testcase" time="0.190">
    <error/>
  </testcase> <!-- testcase -->
  <testcase classname="com.tibco.rest.test.DataDrivenTestCases" name="testcase" time="0.270">
    <error/>
  </testcase> <!-- testcase -->
  <testcase classname="com.tibco.rest.test.DataDrivenTestCases" name="testcase" time="0.047">
    <error/>
  </testcase> <!-- testcase -->
  <testcase classname="com.tibco.rest.test.DataDrivenTestCases" name="testcase" time="0.109">
    <error/>
  </testcase> <!-- testcase -->
  <testcase classname="com.tibco.rest.test.DataDrivenTestCases" name="testcase" time="0.192">
    <error/>
  </testcase> <!-- testcase -->
  <testcase classname="com.tibco.rest.test.DataDrivenTestCases" name="testcase" time="0.141">
    <error/>
  </testcase> <!-- testcase -->
  <testcase classname="com.tibco.rest.test.DataDrivenTestCases" name="testcase" time="0.136">
    <error/>
  </testcase> <!-- testcase -->
  <testcase classname="com.tibco.rest.test.DataDrivenTestCases" name="testcase" time="0.094">
    <error/>
  </testcase> <!-- testcase -->
  <testcase classname="com.tibco.rest.test.DataDrivenTestCases" name="testcase" time="0.047">
    <error/>
  </testcase> <!-- testcase -->
  <testcase classname="com.tibco.rest.test.DataDrivenTestCases" name="testcase" time="0.031">
    <error/>
  </testcase> <!-- testcase -->
  <testcase classname="com.tibco.rest.test.DataDrivenTestCases" name="testcase" time="0.127">
    <error/>
  </testcase> <!-- testcase -->
  <testcase classname="com.tibco.rest.test.DataDrivenTestCases" name="testcase" time="0.156">
    <error/>
  </testcase> <!-- testcase -->
  <testcase classname="com.tibco.rest.test.DataDrivenTestCases" name="testcase" time="0.156">
    <error/>
  </testcase> <!-- testcase -->
  <testcase classname="com.tibco.rest.test.DataDrivenTestCases" name="testcase" time="0.047">
    <error/>
  </testcase> <!-- testcase -->
  <testcase classname="com.tibco.rest.test.DataDrivenTestCases" name="testcase" time="0.047">
    <error/>
  </testcase> <!-- testcase -->
  <testcase classname="com.tibco.rest.test.DataDrivenTestCases" name="testcase" time="0.047">
    <error/>
  </testcase> <!-- testcase -->
  <testcase classname="com.tibco.rest.test.DataDrivenTestCases" name="testcase" time="0.281">
    <error/>
  </testcase> <!-- testcase -->
  <testcase classname="com.tibco.rest.test.DataDrivenTestCases" name="testcase" time="0.015">
    <error/>
  </testcase> <!-- testcase -->
  <testcase classname="com.tibco.rest.test.DataDrivenTestCases" name="testcase" time="0.032">
    <error/>
  </testcase> <!-- testcase -->
  <testcase classname="com.tibco.rest.test.DataDrivenTestCases" name="testcase" time="0.031">
    <error/>
  </testcase> <!-- testcase -->
  <testcase classname="com.tibco.rest.test.DataDrivenTestCases" name="testcase" time="0.141">
    <error/>
  </testcase> <!-- testcase -->
  <testcase classname="com.tibco.rest.test.DataDrivenTestCases" name="testcase" time="0.016">
    <error/>
  </testcase> <!-- testcase -->
  <testcase classname="com.tibco.rest.test.DataDrivenTestCases" name="testcase" time="0.031">
    <error/>
  </testcase> <!-- testcase -->
  <testcase classname="com.tibco.rest.test.DataDrivenTestCases" name="testcase" time="0.047">
    <error/>
  </testcase> <!-- testcase -->
  <testcase classname="com.tibco.rest.test.DataDrivenTestCases" name="testcase" time="0.141">
    <error/>
  </testcase> <!-- testcase -->
  <testcase classname="com.tibco.rest.test.DataDrivenTestCases" name="testcase" time="0.047">
    <error/>
  </testcase> <!-- testcase -->
  <testcase classname="com.tibco.rest.test.DataDrivenTestCases" name="testcase" time="0.031">
    <error/>
  </testcase> <!-- testcase -->
  <testcase classname="com.tibco.rest.test.DataDrivenTestCases" name="testcase" time="0.031">
    <error/>
  </testcase> <!-- testcase -->
  <testcase classname="com.tibco.rest.test.DataDrivenTestCases" name="testcase" time="0.143">
    <error/>
  </testcase> <!-- testcase -->
  <testcase classname="com.tibco.rest.test.DataDrivenTestCases" name="testcase" time="0.032">
    <error/>
  </testcase> <!-- testcase -->
  <testcase classname="com.tibco.rest.test.DataDrivenTestCases" name="testcase" time="0.063">
    <error/>
  </testcase> <!-- testcase -->
  <testcase classname="com.tibco.rest.test.DataDrivenTestCases" name="testcase" time="0.205">
    <error/>
  </testcase> <!-- testcase -->
  <testcase classname="com.tibco.rest.test.DataDrivenTestCases" name="testcase" time="0.031">
    <error/>
  </testcase> <!-- testcase -->
  <testcase classname="com.tibco.rest.test.DataDrivenTestCases" name="testcase" time="0.391">
    <error/>
  </testcase> <!-- testcase -->
  <testcase classname="com.tibco.rest.test.DataDrivenTestCases" name="testcase" time="0.111">
    <error/>
  </testcase> <!-- testcase -->
  <testcase classname="com.tibco.rest.test.DataDrivenTestCases" name="testcase" time="0.031">
    <error/>
  </testcase> <!-- testcase -->
  <testcase classname="com.tibco.rest.test.DataDrivenTestCases" name="testcase" time="0.219">
    <error/>
  </testcase> <!-- testcase -->
  <testcase classname="com.tibco.rest.test.DataDrivenTestCases" name="testcase" time="0.016">
    <error/>
  </testcase> <!-- testcase -->
  <testcase classname="com.tibco.rest.test.DataDrivenTestCases" name="testcase" time="0.047">
    <error/>
  </testcase> <!-- testcase -->
  <testcase classname="com.tibco.rest.test.DataDrivenTestCases" name="testcase" time="0.234">
    <error/>
  </testcase> <!-- testcase -->
  <testcase classname="com.tibco.rest.test.DataDrivenTestCases" name="testcase" time="0.234">
    <error/>
  </testcase> <!-- testcase -->
  <testcase classname="com.tibco.rest.test.DataDrivenTestCases" name="testcase" time="0.238">
    <error/>
  </testcase> <!-- testcase -->
  <testcase classname="com.tibco.rest.test.DataDrivenTestCases" name="testcase" time="0.156">
    <error/>
  </testcase> <!-- testcase -->
  <testcase classname="com.tibco.rest.test.DataDrivenTestCases" name="testcase" time="0.031">
    <error/>
  </testcase> <!-- testcase -->
  <testcase classname="com.tibco.rest.test.DataDrivenTestCases" name="testcase" time="0.188">
    <error/>
  </testcase> <!-- testcase -->
  <testcase classname="com.tibco.rest.test.DataDrivenTestCases" name="testcase" time="0.173">
    <error/>
  </testcase> <!-- testcase -->
  <testcase classname="com.tibco.rest.test.DataDrivenTestCases" name="testcase" time="0.031">
    <error/>
  </testcase> <!-- testcase -->
  <testcase classname="com.tibco.rest.test.DataDrivenTestCases" name="testcase" time="0.047">
    <error/>
  </testcase> <!-- testcase -->
  <testcase classname="com.tibco.rest.test.DataDrivenTestCases" name="testcase" time="0.158">
    <error/>
  </testcase> <!-- testcase -->
  <testcase classname="com.tibco.rest.test.DataDrivenTestCases" name="testcase" time="0.064">
    <error/>
  </testcase> <!-- testcase -->
  <testcase classname="com.tibco.rest.test.DataDrivenTestCases" name="testcase" time="0.045">
    <error/>
  </testcase> <!-- testcase -->
  <testcase classname="com.tibco.rest.test.DataDrivenTestCases" name="testcase" time="0.031">
    <error/>
  </testcase> <!-- testcase -->
  <testcase classname="com.tibco.rest.test.DataDrivenTestCases" name="testcase" time="0.016">
    <error/>
  </testcase> <!-- testcase -->
  <testcase classname="com.tibco.rest.test.DataDrivenTestCases" name="testcase" time="0.418">
    <error/>
  </testcase> <!-- testcase -->
  <testcase classname="com.tibco.rest.test.DataDrivenTestCases" name="testcase" time="0.265">
    <error/>
  </testcase> <!-- testcase -->
  <testcase classname="com.tibco.rest.test.DataDrivenTestCases" name="testcase" time="0.047">
    <error/>
  </testcase> <!-- testcase -->
  <testcase classname="com.tibco.rest.test.DataDrivenTestCases" name="testcase" time="0.125">
    <error/>
  </testcase> <!-- testcase -->
  <testcase classname="com.tibco.rest.test.DataDrivenTestCases" name="testcase" time="0.087">
    <error/>
  </testcase> <!-- testcase -->
  <testcase classname="com.tibco.rest.test.DataDrivenTestCases" name="testcase" time="0.016">
    <error/>
  </testcase> <!-- testcase -->
  <testcase classname="com.tibco.rest.test.DataDrivenTestCases" name="testcase" time="0.281">
    <error/>
  </testcase> <!-- testcase -->
  <testcase classname="com.tibco.rest.test.DataDrivenTestCases" name="testcase" time="0.047">
    <error/>
  </testcase> <!-- testcase -->
  <testcase classname="com.tibco.rest.test.DataDrivenTestCases" name="testcase" time="0.172">
    <error/>
  </testcase> <!-- testcase -->
  <testcase classname="com.tibco.rest.test.DataDrivenTestCases" name="testcase" time="0.040">
    <error/>
  </testcase> <!-- testcase -->
  <testcase classname="com.tibco.rest.test.DataDrivenTestCases" name="testcase" time="0.047">
    <error/>
  </testcase> <!-- testcase -->
  <testcase classname="com.tibco.rest.test.DataDrivenTestCases" name="testcase" time="0.129">
    <error/>
  </testcase> <!-- testcase -->
  <testcase classname="com.tibco.rest.test.DataDrivenTestCases" name="testcase" time="0.031">
    <error/>
  </testcase> <!-- testcase -->
  <testcase classname="com.tibco.rest.test.DataDrivenTestCases" name="testcase" time="0.033">
    <error/>
  </testcase> <!-- testcase -->
  <testcase classname="com.tibco.rest.test.DataDrivenTestCases" name="testcase" time="0.254">
    <error/>
  </testcase> <!-- testcase -->
  <testcase classname="com.tibco.rest.test.DataDrivenTestCases" name="testcase" time="0.156">
    <error/>
  </testcase> <!-- testcase -->
  <testcase classname="com.tibco.rest.test.DataDrivenTestCases" name="testcase" time="0.219">
    <error/>
  </testcase> <!-- testcase -->
  <testcase classname="com.tibco.rest.test.DataDrivenTestCases" name="testcase" time="0.309">
    <error/>
  </testcase> <!-- testcase -->
  <testcase classname="com.tibco.rest.test.DataDrivenTestCases" name="testcase" time="0.235">
    <error/>
  </testcase> <!-- testcase -->
  <testcase classname="com.tibco.rest.test.DataDrivenTestCases" name="testcase" time="0.031">
    <error/>
  </testcase> <!-- testcase -->
  <testcase classname="com.tibco.rest.test.DataDrivenTestCases" name="testcase" time="0.015">
    <error/>
  </testcase> <!-- testcase -->
  <testcase classname="com.tibco.rest.test.DataDrivenTestCases" name="testcase" time="0.190">
    <error/>
  </testcase> <!-- testcase -->
  <testcase classname="com.tibco.rest.test.DataDrivenTestCases" name="testcase" time="0.506">
    <error/>
  </testcase> <!-- testcase -->
  <testcase classname="com.tibco.rest.test.DataDrivenTestCases" name="testcase" time="0.227">
    <error/>
  </testcase> <!-- testcase -->
  <testcase classname="com.tibco.rest.test.DataDrivenTestCases" name="testcase" time="0.187">
    <error/>
  </testcase> <!-- testcase -->
  <testcase classname="com.tibco.rest.test.DataDrivenTestCases" name="testcase" time="0.453">
    <error/>
  </testcase> <!-- testcase -->
  <testcase classname="com.tibco.rest.test.DataDrivenTestCases" name="testcase" time="0.375">
    <error/>
  </testcase> <!-- testcase -->
  <testcase classname="com.tibco.rest.test.DataDrivenTestCases" name="testcase" time="0.245">
    <error/>
  </testcase> <!-- testcase -->
  <testcase classname="com.tibco.rest.test.DataDrivenTestCases" name="testcase" time="0.031">
    <error/>
  </testcase> <!-- testcase -->
  <testcase classname="com.tibco.rest.test.DataDrivenTestCases" name="testcase" time="0.187">
    <error/>
  </testcase> <!-- testcase -->
  <testcase classname="com.tibco.rest.test.DataDrivenTestCases" name="testcase" time="0.063">
    <error/>
  </testcase> <!-- testcase -->
  <testcase classname="com.tibco.rest.test.DataDrivenTestCases" name="testcase" time="0.021">
    <error/>
  </testcase> <!-- testcase -->
  <testcase classname="com.tibco.rest.test.DataDrivenTestCases" name="testcase" time="0.062">
    <error/>
  </testcase> <!-- testcase -->
  <testcase classname="com.tibco.rest.test.DataDrivenTestCases" name="testcase" time="0.032">
    <error/>
  </testcase> <!-- testcase -->
  <testcase classname="com.tibco.rest.test.DataDrivenTestCases" name="testcase" time="0.031">
    <error/>
  </testcase> <!-- testcase -->
  <testcase classname="com.tibco.rest.test.DataDrivenTestCases" name="testcase" time="0.089">
    <error/>
  </testcase> <!-- testcase -->
  <testcase classname="com.tibco.rest.test.DataDrivenTestCases" name="testcase" time="0.250">
    <error/>
  </testcase> <!-- testcase -->
  <testcase classname="com.tibco.rest.test.DataDrivenTestCases" name="testcase" time="0.173">
    <error/>
  </testcase> <!-- testcase -->
  <testcase classname="com.tibco.rest.test.DataDrivenTestCases" name="testcase" time="0.188">
    <error/>
  </testcase> <!-- testcase -->
  <testcase classname="com.tibco.rest.test.DataDrivenTestCases" name="testcase" time="0.016">
    <error/>
  </testcase> <!-- testcase -->
  <testcase classname="com.tibco.rest.test.DataDrivenTestCases" name="testcase" time="0.110">
    <error/>
  </testcase> <!-- testcase -->
  <testcase classname="com.tibco.rest.test.DataDrivenTestCases" name="testcase" time="0.031">
    <error/>
  </testcase> <!-- testcase -->
  <testcase classname="com.tibco.rest.test.DataDrivenTestCases" name="testcase" time="0.016">
    <error/>
  </testcase> <!-- testcase -->
  <testcase classname="com.tibco.rest.test.DataDrivenTestCases" name="testcase" time="0.062">
    <error/>
  </testcase> <!-- testcase -->
  <testcase classname="com.tibco.rest.test.DataDrivenTestCases" name="testcase" time="0.109">
    <error/>
  </testcase> <!-- testcase -->
  <testcase classname="com.tibco.rest.test.DataDrivenTestCases" name="testcase" time="0.047">
    <error/>
  </testcase> <!-- testcase -->
  <testcase classname="com.tibco.rest.test.DataDrivenTestCases" name="testcase" time="0.047">
    <error/>
  </testcase> <!-- testcase -->
  <testcase classname="com.tibco.rest.test.DataDrivenTestCases" name="testcase" time="0.046">
    <error/>
  </testcase> <!-- testcase -->
  <testcase classname="com.tibco.rest.test.DataDrivenTestCases" name="testcase" time="0.016">
    <error/>
  </testcase> <!-- testcase -->
  <testcase classname="com.tibco.rest.test.DataDrivenTestCases" name="testcase" time="0.015">
    <error/>
  </testcase> <!-- testcase -->
  <testcase classname="com.tibco.rest.test.DataDrivenTestCases" name="testcase" time="0.031">
    <error/>
  </testcase> <!-- testcase -->
  <testcase classname="com.tibco.rest.test.DataDrivenTestCases" name="testcase" time="0.016">
    <error/>
  </testcase> <!-- testcase -->
  <testcase classname="com.tibco.rest.test.DataDrivenTestCases" name="testcase" time="0.046">
    <error/>
  </testcase> <!-- testcase -->
  <testcase classname="com.tibco.rest.test.DataDrivenTestCases" name="testcase" time="0.297">
    <error/>
  </testcase> <!-- testcase -->
  <testcase classname="com.tibco.rest.test.DataDrivenTestCases" name="testcase" time="0.032">
    <error/>
  </testcase> <!-- testcase -->
  <testcase classname="com.tibco.rest.test.DataDrivenTestCases" name="testcase" time="0.312">
    <error/>
  </testcase> <!-- testcase -->
  <testcase classname="com.tibco.rest.test.DataDrivenTestCases" name="testcase" time="0.046">
    <error/>
  </testcase> <!-- testcase -->
  <testcase classname="com.tibco.rest.test.DataDrivenTestCases" name="testcase" time="0.062">
    <error/>
  </testcase> <!-- testcase -->
  <testcase classname="com.tibco.rest.test.DataDrivenTestCases" name="testcase" time="0.203">
    <error/>
  </testcase> <!-- testcase -->
  <testcase classname="com.tibco.rest.test.DataDrivenTestCases" name="testcase" time="0.078">
    <error/>
  </testcase> <!-- testcase -->
  <testcase classname="com.tibco.rest.test.DataDrivenTestCases" name="testcase" time="0.032">
    <error/>
  </testcase> <!-- testcase -->
  <testcase classname="com.tibco.rest.test.DataDrivenTestCases" name="testcase" time="0.087">
    <error/>
  </testcase> <!-- testcase -->
  <testcase classname="com.tibco.rest.test.DataDrivenTestCases" name="testcase" time="0.032">
    <error/>
  </testcase> <!-- testcase -->
  <testcase classname="com.tibco.rest.test.DataDrivenTestCases" name="testcase" time="0.469">
    <error/>
  </testcase> <!-- testcase -->
  <testcase classname="com.tibco.rest.test.DataDrivenTestCases" name="testcase" time="0.125">
    <error/>
  </testcase> <!-- testcase -->
  <testcase classname="com.tibco.rest.test.DataDrivenTestCases" name="testcase" time="0.391">
    <error/>
  </testcase> <!-- testcase -->
  <testcase classname="com.tibco.rest.test.DataDrivenTestCases" name="testcase" time="0.285">
    <error/>
  </testcase> <!-- testcase -->
  <testcase classname="com.tibco.rest.test.DataDrivenTestCases" name="testcase" time="0.301">
    <error/>
  </testcase> <!-- testcase -->
  <testcase classname="com.tibco.rest.test.DataDrivenTestCases" name="testcase" time="0.041">
    <error/>
  </testcase> <!-- testcase -->
  <testcase classname="com.tibco.rest.test.DataDrivenTestCases" name="testcase" time="0.016">
    <error/>
  </testcase> <!-- testcase -->
  <testcase classname="com.tibco.rest.test.DataDrivenTestCases" name="testcase" time="0.171">
    <error/>
  </testcase> <!-- testcase -->
  <testcase classname="com.tibco.rest.test.DataDrivenTestCases" name="testcase" time="0.016">
    <error/>
  </testcase> <!-- testcase -->
  <testcase classname="com.tibco.rest.test.DataDrivenTestCases" name="testcase" time="6.778">
    <error/>
  </testcase> <!-- testcase -->
  <testcase classname="com.tibco.rest.test.DataDrivenTestCases" name="testcase" time="0.389">
    <error/>
  </testcase> <!-- testcase -->
  <testcase classname="com.tibco.rest.test.DataDrivenTestCases" name="testcase" time="0.397">
    <error/>
  </testcase> <!-- testcase -->
  <testcase classname="com.tibco.rest.test.DataDrivenTestCases" name="testcase" time="0.218">
    <error/>
  </testcase> <!-- testcase -->
  <testcase classname="com.tibco.rest.test.DataDrivenTestCases" name="testcase" time="0.031">
    <error/>
  </testcase> <!-- testcase -->
  <testcase classname="com.tibco.rest.test.DataDrivenTestCases" name="testcase" time="0.250">
    <error/>
  </testcase> <!-- testcase -->
  <testcase classname="com.tibco.rest.test.DataDrivenTestCases" name="testcase" time="0.282">
    <error/>
  </testcase> <!-- testcase -->
  <testcase classname="com.tibco.rest.test.DataDrivenTestCases" name="testcase" time="0.064">
    <error/>
  </testcase> <!-- testcase -->
  <testcase classname="com.tibco.rest.test.DataDrivenTestCases" name="testcase" time="0.031">
    <error/>
  </testcase> <!-- testcase -->
  <testcase classname="com.tibco.rest.test.DataDrivenTestCases" name="testcase" time="0.237">
    <error/>
  </testcase> <!-- testcase -->
  <testcase classname="com.tibco.rest.test.DataDrivenTestCases" name="testcase" time="0.032">
    <failure message="Expected value should be &quot;BCCE-3303&quot; : Actual value is &quot;BCCE-3201&quot;" type="java.lang.AssertionError">
      <![CDATA[java.lang.AssertionError: Expected value should be "BCCE-3303" : Actual value is "BCCE-3201"
	at com.tibco.rest.restAssured.Assertions.assertTrue(Assertions.java:166)
	at com.tibco.rest.restAssured.Assertions.assertEquals(Assertions.java:183)
	at com.tibco.rest.test.DataDrivenTestCases.verifyResponse(DataDrivenTestCases.java:508)
	at com.tibco.rest.test.DataDrivenTestCases.testcase(DataDrivenTestCases.java:352)
	at java.base/jdk.internal.reflect.NativeMethodAccessorImpl.invoke0(Native Method)
	at java.base/jdk.internal.reflect.NativeMethodAccessorImpl.invoke(NativeMethodAccessorImpl.java:77)
	at java.base/jdk.internal.reflect.DelegatingMethodAccessorImpl.invoke(DelegatingMethodAccessorImpl.java:43)
	at java.base/java.lang.reflect.Method.invoke(Method.java:568)
	at org.testng.internal.MethodInvocationHelper.invokeMethod(MethodInvocationHelper.java:108)
	at org.testng.internal.Invoker.invokeMethod(Invoker.java:661)
	at org.testng.internal.Invoker.invokeTestMethod(Invoker.java:869)
	at org.testng.internal.Invoker.invokeTestMethods(Invoker.java:1193)
	at org.testng.internal.TestMethodWorker.invokeTestMethods(TestMethodWorker.java:126)
	at org.testng.internal.TestMethodWorker.run(TestMethodWorker.java:109)
	at org.testng.TestRunner.privateRun(TestRunner.java:744)
	at org.testng.TestRunner.run(TestRunner.java:602)
	at org.testng.SuiteRunner.runTest(SuiteRunner.java:380)
	at org.testng.SuiteRunner.runSequentially(SuiteRunner.java:375)
	at org.testng.SuiteRunner.privateRun(SuiteRunner.java:340)
	at org.testng.SuiteRunner.run(SuiteRunner.java:289)
	at org.testng.SuiteRunnerWorker.runSuite(SuiteRunnerWorker.java:52)
	at org.testng.SuiteRunnerWorker.run(SuiteRunnerWorker.java:86)
	at org.testng.TestNG.runSuitesSequentially(TestNG.java:1301)
	at org.testng.TestNG.runSuitesLocally(TestNG.java:1226)
	at org.testng.TestNG.runSuites(TestNG.java:1144)
	at org.testng.TestNG.run(TestNG.java:1115)
	at org.testng.TestNG.privateMain(TestNG.java:1442)
	at org.testng.TestNG.main(TestNG.java:1411)
]]>
    </failure>
  </testcase> <!-- testcase -->
  <testcase classname="com.tibco.rest.test.DataDrivenTestCases" name="testcase" time="0.191">
    <error/>
  </testcase> <!-- testcase -->
  <testcase classname="com.tibco.rest.test.DataDrivenTestCases" name="testcase" time="0.127">
    <error/>
  </testcase> <!-- testcase -->
  <testcase classname="com.tibco.rest.test.DataDrivenTestCases" name="testcase" time="0.282">
    <error/>
  </testcase> <!-- testcase -->
  <testcase classname="com.tibco.rest.test.DataDrivenTestCases" name="testcase" time="0.017">
    <error/>
  </testcase> <!-- testcase -->
  <testcase classname="com.tibco.rest.test.DataDrivenTestCases" name="testcase" time="0.078">
    <error/>
  </testcase> <!-- testcase -->
  <testcase classname="com.tibco.rest.test.DataDrivenTestCases" name="testcase" time="0.032">
    <error/>
  </testcase> <!-- testcase -->
  <testcase classname="com.tibco.rest.test.DataDrivenTestCases" name="testcase" time="0.032">
    <error/>
  </testcase> <!-- testcase -->
  <testcase classname="com.tibco.rest.test.DataDrivenTestCases" name="testcase" time="0.109">
    <error/>
  </testcase> <!-- testcase -->
  <testcase classname="com.tibco.rest.test.DataDrivenTestCases" name="testcase" time="0.047">
    <error/>
  </testcase> <!-- testcase -->
  <testcase classname="com.tibco.rest.test.DataDrivenTestCases" name="testcase" time="0.015">
    <error/>
  </testcase> <!-- testcase -->
  <testcase classname="com.tibco.rest.test.DataDrivenTestCases" name="testcase" time="0.047">
    <error/>
  </testcase> <!-- testcase -->
  <testcase classname="com.tibco.rest.test.DataDrivenTestCases" name="testcase" time="0.040">
    <error/>
  </testcase> <!-- testcase -->
  <testcase classname="com.tibco.rest.test.DataDrivenTestCases" name="testcase" time="0.015">
    <error/>
  </testcase> <!-- testcase -->
  <testcase classname="com.tibco.rest.test.DataDrivenTestCases" name="testcase" time="0.015">
    <error/>
  </testcase> <!-- testcase -->
  <testcase classname="com.tibco.rest.test.DataDrivenTestCases" name="testcase" time="0.109">
    <error/>
  </testcase> <!-- testcase -->
  <testcase classname="com.tibco.rest.test.DataDrivenTestCases" name="testcase" time="0.204">
    <error/>
  </testcase> <!-- testcase -->
  <testcase classname="com.tibco.rest.test.DataDrivenTestCases" name="testcase" time="0.349">
    <error/>
  </testcase> <!-- testcase -->
  <testcase classname="com.tibco.rest.test.DataDrivenTestCases" name="testcase" time="0.031">
    <error/>
  </testcase> <!-- testcase -->
  <testcase classname="com.tibco.rest.test.DataDrivenTestCases" name="testcase" time="0.031">
    <error/>
  </testcase> <!-- testcase -->
  <testcase classname="com.tibco.rest.test.DataDrivenTestCases" name="testcase" time="0.140">
    <error/>
  </testcase> <!-- testcase -->
  <testcase classname="com.tibco.rest.test.DataDrivenTestCases" name="testcase" time="0.079">
    <error/>
  </testcase> <!-- testcase -->
  <testcase classname="com.tibco.rest.test.DataDrivenTestCases" name="testcase" time="0.062">
    <error/>
  </testcase> <!-- testcase -->
  <testcase classname="com.tibco.rest.test.DataDrivenTestCases" name="testcase" time="0.048">
    <error/>
  </testcase> <!-- testcase -->
  <testcase classname="com.tibco.rest.test.DataDrivenTestCases" name="testcase" time="0.094">
    <error/>
  </testcase> <!-- testcase -->
  <testcase classname="com.tibco.rest.test.DataDrivenTestCases" name="testcase" time="0.159">
    <error/>
  </testcase> <!-- testcase -->
  <testcase classname="com.tibco.rest.test.DataDrivenTestCases" name="testcase" time="0.031">
    <error/>
  </testcase> <!-- testcase -->
  <testcase classname="com.tibco.rest.test.DataDrivenTestCases" name="testcase" time="0.204">
    <error/>
  </testcase> <!-- testcase -->
  <testcase classname="com.tibco.rest.test.DataDrivenTestCases" name="testcase" time="0.156">
    <error/>
  </testcase> <!-- testcase -->
  <testcase classname="com.tibco.rest.test.DataDrivenTestCases" name="testcase" time="0.047">
    <error/>
  </testcase> <!-- testcase -->
  <testcase classname="com.tibco.rest.test.DataDrivenTestCases" name="testcase" time="0.344">
    <error/>
  </testcase> <!-- testcase -->
  <testcase classname="com.tibco.rest.test.DataDrivenTestCases" name="testcase" time="0.206">
    <error/>
  </testcase> <!-- testcase -->
  <testcase classname="com.tibco.rest.test.DataDrivenTestCases" name="testcase" time="0.016">
    <error/>
  </testcase> <!-- testcase -->
  <testcase classname="com.tibco.rest.test.DataDrivenTestCases" name="testcase" time="0.109">
    <error/>
  </testcase> <!-- testcase -->
  <testcase classname="com.tibco.rest.test.DataDrivenTestCases" name="testcase" time="0.032">
    <error/>
  </testcase> <!-- testcase -->
  <testcase classname="com.tibco.rest.test.DataDrivenTestCases" name="testcase" time="0.063">
    <error/>
  </testcase> <!-- testcase -->
  <testcase classname="com.tibco.rest.test.DataDrivenTestCases" name="testcase" time="0.032">
    <error/>
  </testcase> <!-- testcase -->
  <testcase classname="com.tibco.rest.test.DataDrivenTestCases" name="testcase" time="0.037">
    <error/>
  </testcase> <!-- testcase -->
  <testcase classname="com.tibco.rest.test.DataDrivenTestCases" name="testcase" time="0.094">
    <error/>
  </testcase> <!-- testcase -->
  <testcase classname="com.tibco.rest.test.DataDrivenTestCases" name="testcase" time="0.344">
    <error/>
  </testcase> <!-- testcase -->
  <testcase classname="com.tibco.rest.test.DataDrivenTestCases" name="testcase" time="0.031">
    <error/>
  </testcase> <!-- testcase -->
  <testcase classname="com.tibco.rest.test.DataDrivenTestCases" name="testcase" time="0.109">
    <error/>
  </testcase> <!-- testcase -->
  <testcase classname="com.tibco.rest.test.DataDrivenTestCases" name="testcase" time="0.032">
    <error/>
  </testcase> <!-- testcase -->
  <testcase classname="com.tibco.rest.test.DataDrivenTestCases" name="testcase" time="0.047">
    <error/>
  </testcase> <!-- testcase -->
  <testcase classname="com.tibco.rest.test.DataDrivenTestCases" name="testcase" time="0.254">
    <error/>
  </testcase> <!-- testcase -->
  <testcase classname="com.tibco.rest.test.DataDrivenTestCases" name="testcase" time="0.017">
    <error/>
  </testcase> <!-- testcase -->
  <testcase classname="com.tibco.rest.test.DataDrivenTestCases" name="testcase" time="0.032">
    <error/>
  </testcase> <!-- testcase -->
  <testcase classname="com.tibco.rest.test.DataDrivenTestCases" name="testcase" time="0.078">
    <error/>
  </testcase> <!-- testcase -->
  <testcase classname="com.tibco.rest.test.DataDrivenTestCases" name="testcase" time="0.234">
    <error/>
  </testcase> <!-- testcase -->
  <testcase classname="com.tibco.rest.test.DataDrivenTestCases" name="testcase" time="0.219">
    <error/>
  </testcase> <!-- testcase -->
  <testcase classname="com.tibco.rest.test.DataDrivenTestCases" name="testcase" time="0.078">
    <error/>
  </testcase> <!-- testcase -->
  <testcase classname="com.tibco.rest.test.DataDrivenTestCases" name="testcase" time="0.094">
    <error/>
  </testcase> <!-- testcase -->
  <testcase classname="com.tibco.rest.test.DataDrivenTestCases" name="testcase" time="0.172">
    <error/>
  </testcase> <!-- testcase -->
  <testcase classname="com.tibco.rest.test.DataDrivenTestCases" name="testcase" time="0.078">
    <error/>
  </testcase> <!-- testcase -->
  <testcase classname="com.tibco.rest.test.DataDrivenTestCases" name="testcase" time="0.032">
    <error/>
  </testcase> <!-- testcase -->
  <testcase classname="com.tibco.rest.test.DataDrivenTestCases" name="testcase" time="0.015">
    <error/>
  </testcase> <!-- testcase -->
  <testcase classname="com.tibco.rest.test.DataDrivenTestCases" name="testcase" time="0.022">
    <error/>
  </testcase> <!-- testcase -->
  <testcase classname="com.tibco.rest.test.DataDrivenTestCases" name="testcase" time="0.250">
    <error/>
  </testcase> <!-- testcase -->
  <testcase classname="com.tibco.rest.test.DataDrivenTestCases" name="testcase" time="0.048">
    <error/>
  </testcase> <!-- testcase -->
  <testcase classname="com.tibco.rest.test.DataDrivenTestCases" name="testcase" time="0.328">
    <error/>
  </testcase> <!-- testcase -->
  <testcase classname="com.tibco.rest.test.DataDrivenTestCases" name="testcase" time="0.016">
    <error/>
  </testcase> <!-- testcase -->
  <testcase classname="com.tibco.rest.test.DataDrivenTestCases" name="testcase" time="0.203">
    <error/>
  </testcase> <!-- testcase -->
  <testcase classname="com.tibco.rest.test.DataDrivenTestCases" name="testcase" time="0.062">
    <error/>
  </testcase> <!-- testcase -->
  <testcase classname="com.tibco.rest.test.DataDrivenTestCases" name="testcase" time="0.047">
    <error/>
  </testcase> <!-- testcase -->
  <testcase classname="com.tibco.rest.test.DataDrivenTestCases" name="testcase" time="0.234">
    <error/>
  </testcase> <!-- testcase -->
  <testcase classname="com.tibco.rest.test.DataDrivenTestCases" name="testcase" time="0.043">
    <error/>
  </testcase> <!-- testcase -->
  <testcase classname="com.tibco.rest.test.DataDrivenTestCases" name="testcase" time="0.093">
    <error/>
  </testcase> <!-- testcase -->
  <testcase classname="com.tibco.rest.test.DataDrivenTestCases" name="testcase" time="0.031">
    <error/>
  </testcase> <!-- testcase -->
  <testcase classname="com.tibco.rest.test.DataDrivenTestCases" name="testcase" time="0.188">
    <error/>
  </testcase> <!-- testcase -->
  <testcase classname="com.tibco.rest.test.DataDrivenTestCases" name="testcase" time="0.032">
    <error/>
  </testcase> <!-- testcase -->
  <testcase classname="com.tibco.rest.test.DataDrivenTestCases" name="testcase" time="0.031">
    <error/>
  </testcase> <!-- testcase -->
  <testcase classname="com.tibco.rest.test.DataDrivenTestCases" name="testcase" time="0.031">
    <error/>
  </testcase> <!-- testcase -->
  <testcase classname="com.tibco.rest.test.DataDrivenTestCases" name="testcase" time="0.015">
    <error/>
  </testcase> <!-- testcase -->
  <testcase classname="com.tibco.rest.test.DataDrivenTestCases" name="testcase" time="0.063">
    <error/>
  </testcase> <!-- testcase -->
  <testcase classname="com.tibco.rest.test.DataDrivenTestCases" name="testcase" time="0.048">
    <error/>
  </testcase> <!-- testcase -->
  <testcase classname="com.tibco.rest.test.DataDrivenTestCases" name="testcase" time="0.093">
    <error/>
  </testcase> <!-- testcase -->
  <testcase classname="com.tibco.rest.test.DataDrivenTestCases" name="testcase" time="0.016">
    <error/>
  </testcase> <!-- testcase -->
  <testcase classname="com.tibco.rest.test.DataDrivenTestCases" name="testcase" time="0.241">
    <error/>
  </testcase> <!-- testcase -->
  <testcase classname="com.tibco.rest.test.DataDrivenTestCases" name="testcase" time="0.110">
    <error/>
  </testcase> <!-- testcase -->
  <testcase classname="com.tibco.rest.test.DataDrivenTestCases" name="testcase" time="0.094">
    <error/>
  </testcase> <!-- testcase -->
  <testcase classname="com.tibco.rest.test.DataDrivenTestCases" name="testcase" time="0.032">
    <error/>
  </testcase> <!-- testcase -->
  <testcase classname="com.tibco.rest.test.DataDrivenTestCases" name="testcase" time="0.177">
    <error/>
  </testcase> <!-- testcase -->
  <testcase classname="com.tibco.rest.test.DataDrivenTestCases" name="testcase" time="0.191">
    <error/>
  </testcase> <!-- testcase -->
  <testcase classname="com.tibco.rest.test.DataDrivenTestCases" name="testcase" time="0.055">
    <error/>
  </testcase> <!-- testcase -->
  <testcase classname="com.tibco.rest.test.DataDrivenTestCases" name="testcase" time="0.063">
    <error/>
  </testcase> <!-- testcase -->
  <testcase classname="com.tibco.rest.test.DataDrivenTestCases" name="testcase" time="0.031">
    <error/>
  </testcase> <!-- testcase -->
  <testcase classname="com.tibco.rest.test.DataDrivenTestCases" name="testcase" time="0.051">
    <error/>
  </testcase> <!-- testcase -->
  <testcase classname="com.tibco.rest.test.DataDrivenTestCases" name="testcase" time="0.079">
    <error/>
  </testcase> <!-- testcase -->
  <testcase classname="com.tibco.rest.test.DataDrivenTestCases" name="testcase" time="0.015">
    <error/>
  </testcase> <!-- testcase -->
  <testcase classname="com.tibco.rest.test.DataDrivenTestCases" name="testcase" time="0.250">
    <error/>
  </testcase> <!-- testcase -->
  <testcase classname="com.tibco.rest.test.DataDrivenTestCases" name="testcase" time="0.110">
    <error/>
  </testcase> <!-- testcase -->
  <testcase classname="com.tibco.rest.test.DataDrivenTestCases" name="testcase" time="0.157">
    <error/>
  </testcase> <!-- testcase -->
  <testcase classname="com.tibco.rest.test.DataDrivenTestCases" name="testcase" time="0.047">
    <error/>
  </testcase> <!-- testcase -->
  <testcase classname="com.tibco.rest.test.DataDrivenTestCases" name="testcase" time="0.125">
    <error/>
  </testcase> <!-- testcase -->
  <testcase classname="com.tibco.rest.test.DataDrivenTestCases" name="testcase" time="0.095">
    <error/>
  </testcase> <!-- testcase -->
  <testcase classname="com.tibco.rest.test.DataDrivenTestCases" name="testcase" time="0.031">
    <error/>
  </testcase> <!-- testcase -->
  <testcase classname="com.tibco.rest.test.DataDrivenTestCases" name="testcase" time="0.141">
    <error/>
  </testcase> <!-- testcase -->
  <testcase classname="com.tibco.rest.test.DataDrivenTestCases" name="testcase" time="0.000">
    <error/>
  </testcase> <!-- testcase -->
  <testcase classname="com.tibco.rest.test.DataDrivenTestCases" name="testcase" time="0.016">
    <error/>
  </testcase> <!-- testcase -->
  <testcase classname="com.tibco.rest.test.DataDrivenTestCases" name="testcase" time="0.281">
    <error/>
  </testcase> <!-- testcase -->
  <testcase classname="com.tibco.rest.test.DataDrivenTestCases" name="testcase" time="0.032">
    <error/>
  </testcase> <!-- testcase -->
  <testcase classname="com.tibco.rest.test.DataDrivenTestCases" name="testcase" time="0.157">
    <error/>
  </testcase> <!-- testcase -->
  <testcase classname="com.tibco.rest.test.DataDrivenTestCases" name="testcase" time="0.015">
    <error/>
  </testcase> <!-- testcase -->
  <testcase classname="com.tibco.rest.test.DataDrivenTestCases" name="testcase" time="0.156">
    <error/>
  </testcase> <!-- testcase -->
  <testcase classname="com.tibco.rest.test.DataDrivenTestCases" name="testcase" time="0.031">
    <error/>
  </testcase> <!-- testcase -->
  <testcase classname="com.tibco.rest.test.DataDrivenTestCases" name="testcase" time="0.078">
    <error/>
  </testcase> <!-- testcase -->
  <testcase classname="com.tibco.rest.test.DataDrivenTestCases" name="testcase" time="0.046">
    <error/>
  </testcase> <!-- testcase -->
  <testcase classname="com.tibco.rest.test.DataDrivenTestCases" name="testcase" time="0.078">
    <error/>
  </testcase> <!-- testcase -->
  <testcase classname="com.tibco.rest.test.DataDrivenTestCases" name="testcase" time="0.032">
    <error/>
  </testcase> <!-- testcase -->
  <testcase classname="com.tibco.rest.test.DataDrivenTestCases" name="testcase" time="0.031">
    <error/>
  </testcase> <!-- testcase -->
  <testcase classname="com.tibco.rest.test.DataDrivenTestCases" name="testcase" time="0.032">
    <error/>
  </testcase> <!-- testcase -->
  <testcase classname="com.tibco.rest.test.DataDrivenTestCases" name="testcase" time="0.078">
    <error/>
  </testcase> <!-- testcase -->
</testsuite> <!-- com.tibco.rest.test.DataDrivenTestCases -->
