<?xml version="1.0" encoding="UTF-8"?>
<!-- Generated by org.testng.reporters.JUnitReportReporter -->
<testsuite hostname="gasdb2bb2bqa07" failures="4" tests="674" name="com.tibco.rest.test.DataDrivenTestCases" time="90.220" errors="670" timestamp="15 May 2024 12:30:35 GMT" skipped="0">
  <testcase classname="com.tibco.rest.test.DataDrivenTestCases" name="testcase" time="0.235">
    <error/>
  </testcase> <!-- testcase -->
  <testcase classname="com.tibco.rest.test.DataDrivenTestCases" name="testcase" time="0.255">
    <error/>
  </testcase> <!-- testcase -->
  <testcase classname="com.tibco.rest.test.DataDrivenTestCases" name="testcase" time="0.032">
    <error/>
  </testcase> <!-- testcase -->
  <testcase classname="com.tibco.rest.test.DataDrivenTestCases" name="testcase" time="0.095">
    <error/>
  </testcase> <!-- testcase -->
  <testcase classname="com.tibco.rest.test.DataDrivenTestCases" name="testcase" time="0.380">
    <error/>
  </testcase> <!-- testcase -->
  <testcase classname="com.tibco.rest.test.DataDrivenTestCases" name="testcase" time="0.190">
    <error/>
  </testcase> <!-- testcase -->
  <testcase classname="com.tibco.rest.test.DataDrivenTestCases" name="testcase" time="0.061">
    <error/>
  </testcase> <!-- testcase -->
  <testcase classname="com.tibco.rest.test.DataDrivenTestCases" name="testcase" time="0.117">
    <failure message="Expected value should be &quot;Auto RESTAPI EDIFACT node0 Edited&quot; : Actual value is &quot;1&quot;" type="java.lang.AssertionError">
      <![CDATA[java.lang.AssertionError: Expected value should be "Auto RESTAPI EDIFACT node0 Edited" : Actual value is "1"
	at com.tibco.rest.restAssured.Assertions.assertTrue(Assertions.java:166)
	at com.tibco.rest.restAssured.Assertions.assertEquals(Assertions.java:183)
	at com.tibco.rest.test.DataDrivenTestCases.verifyResponse(DataDrivenTestCases.java:508)
	at com.tibco.rest.test.DataDrivenTestCases.testcase(DataDrivenTestCases.java:377)
	at jdk.internal.reflect.GeneratedMethodAccessor64.invoke(Unknown Source)
	at java.base/jdk.internal.reflect.DelegatingMethodAccessorImpl.invoke(DelegatingMethodAccessorImpl.java:43)
	at java.base/java.lang.reflect.Method.invoke(Method.java:568)
	at org.testng.internal.MethodInvocationHelper.invokeMethod(MethodInvocationHelper.java:108)
	at org.testng.internal.Invoker.invokeMethod(Invoker.java:661)
	at org.testng.internal.Invoker.invokeTestMethod(Invoker.java:869)
	at org.testng.internal.Invoker.invokeTestMethods(Invoker.java:1193)
	at org.testng.internal.TestMethodWorker.invokeTestMethods(TestMethodWorker.java:126)
	at org.testng.internal.TestMethodWorker.run(TestMethodWorker.java:109)
	at org.testng.TestRunner.privateRun(TestRunner.java:744)
	at org.testng.TestRunner.run(TestRunner.java:602)
	at org.testng.SuiteRunner.runTest(SuiteRunner.java:380)
	at org.testng.SuiteRunner.runSequentially(SuiteRunner.java:375)
	at org.testng.SuiteRunner.privateRun(SuiteRunner.java:340)
	at org.testng.SuiteRunner.run(SuiteRunner.java:289)
	at org.testng.SuiteRunnerWorker.runSuite(SuiteRunnerWorker.java:52)
	at org.testng.SuiteRunnerWorker.run(SuiteRunnerWorker.java:86)
	at org.testng.TestNG.runSuitesSequentially(TestNG.java:1301)
	at org.testng.TestNG.runSuitesLocally(TestNG.java:1226)
	at org.testng.TestNG.runSuites(TestNG.java:1144)
	at org.testng.TestNG.run(TestNG.java:1115)
	at org.testng.TestNG.privateMain(TestNG.java:1442)
	at org.testng.TestNG.main(TestNG.java:1411)
]]>
    </failure>
  </testcase> <!-- testcase -->
  <testcase classname="com.tibco.rest.test.DataDrivenTestCases" name="testcase" time="0.175">
    <error/>
  </testcase> <!-- testcase -->
  <testcase classname="com.tibco.rest.test.DataDrivenTestCases" name="testcase" time="0.137">
    <error/>
  </testcase> <!-- testcase -->
  <testcase classname="com.tibco.rest.test.DataDrivenTestCases" name="testcase" time="0.244">
    <error/>
  </testcase> <!-- testcase -->
  <testcase classname="com.tibco.rest.test.DataDrivenTestCases" name="testcase" time="0.032">
    <error/>
  </testcase> <!-- testcase -->
  <testcase classname="com.tibco.rest.test.DataDrivenTestCases" name="testcase" time="0.826">
    <error/>
  </testcase> <!-- testcase -->
  <testcase classname="com.tibco.rest.test.DataDrivenTestCases" name="testcase" time="0.366">
    <error/>
  </testcase> <!-- testcase -->
  <testcase classname="com.tibco.rest.test.DataDrivenTestCases" name="testcase" time="0.017">
    <error/>
  </testcase> <!-- testcase -->
  <testcase classname="com.tibco.rest.test.DataDrivenTestCases" name="testcase" time="0.019">
    <error/>
  </testcase> <!-- testcase -->
  <testcase classname="com.tibco.rest.test.DataDrivenTestCases" name="testcase" time="0.032">
    <error/>
  </testcase> <!-- testcase -->
  <testcase classname="com.tibco.rest.test.DataDrivenTestCases" name="testcase" time="0.266">
    <error/>
  </testcase> <!-- testcase -->
  <testcase classname="com.tibco.rest.test.DataDrivenTestCases" name="testcase" time="0.297">
    <error/>
  </testcase> <!-- testcase -->
  <testcase classname="com.tibco.rest.test.DataDrivenTestCases" name="testcase" time="0.228">
    <error/>
  </testcase> <!-- testcase -->
  <testcase classname="com.tibco.rest.test.DataDrivenTestCases" name="testcase" time="0.053">
    <error/>
  </testcase> <!-- testcase -->
  <testcase classname="com.tibco.rest.test.DataDrivenTestCases" name="testcase" time="0.051">
    <failure message="Expected value should be &quot;Auto RESTAPI X12 node0&quot; : Actual value is &quot;00200&quot;" type="java.lang.AssertionError">
      <![CDATA[java.lang.AssertionError: Expected value should be "Auto RESTAPI X12 node0" : Actual value is "00200"
	at com.tibco.rest.restAssured.Assertions.assertTrue(Assertions.java:166)
	at com.tibco.rest.restAssured.Assertions.assertEquals(Assertions.java:183)
	at com.tibco.rest.test.DataDrivenTestCases.verifyResponse(DataDrivenTestCases.java:508)
	at com.tibco.rest.test.DataDrivenTestCases.testcase(DataDrivenTestCases.java:377)
	at jdk.internal.reflect.GeneratedMethodAccessor64.invoke(Unknown Source)
	at java.base/jdk.internal.reflect.DelegatingMethodAccessorImpl.invoke(DelegatingMethodAccessorImpl.java:43)
	at java.base/java.lang.reflect.Method.invoke(Method.java:568)
	at org.testng.internal.MethodInvocationHelper.invokeMethod(MethodInvocationHelper.java:108)
	at org.testng.internal.Invoker.invokeMethod(Invoker.java:661)
	at org.testng.internal.Invoker.invokeTestMethod(Invoker.java:869)
	at org.testng.internal.Invoker.invokeTestMethods(Invoker.java:1193)
	at org.testng.internal.TestMethodWorker.invokeTestMethods(TestMethodWorker.java:126)
	at org.testng.internal.TestMethodWorker.run(TestMethodWorker.java:109)
	at org.testng.TestRunner.privateRun(TestRunner.java:744)
	at org.testng.TestRunner.run(TestRunner.java:602)
	at org.testng.SuiteRunner.runTest(SuiteRunner.java:380)
	at org.testng.SuiteRunner.runSequentially(SuiteRunner.java:375)
	at org.testng.SuiteRunner.privateRun(SuiteRunner.java:340)
	at org.testng.SuiteRunner.run(SuiteRunner.java:289)
	at org.testng.SuiteRunnerWorker.runSuite(SuiteRunnerWorker.java:52)
	at org.testng.SuiteRunnerWorker.run(SuiteRunnerWorker.java:86)
	at org.testng.TestNG.runSuitesSequentially(TestNG.java:1301)
	at org.testng.TestNG.runSuitesLocally(TestNG.java:1226)
	at org.testng.TestNG.runSuites(TestNG.java:1144)
	at org.testng.TestNG.run(TestNG.java:1115)
	at org.testng.TestNG.privateMain(TestNG.java:1442)
	at org.testng.TestNG.main(TestNG.java:1411)
]]>
    </failure>
  </testcase> <!-- testcase -->
  <testcase classname="com.tibco.rest.test.DataDrivenTestCases" name="testcase" time="0.079">
    <error/>
  </testcase> <!-- testcase -->
  <testcase classname="com.tibco.rest.test.DataDrivenTestCases" name="testcase" time="0.253">
    <error/>
  </testcase> <!-- testcase -->
  <testcase classname="com.tibco.rest.test.DataDrivenTestCases" name="testcase" time="0.021">
    <error/>
  </testcase> <!-- testcase -->
  <testcase classname="com.tibco.rest.test.DataDrivenTestCases" name="testcase" time="0.052">
    <error/>
  </testcase> <!-- testcase -->
  <testcase classname="com.tibco.rest.test.DataDrivenTestCases" name="testcase" time="0.048">
    <error/>
  </testcase> <!-- testcase -->
  <testcase classname="com.tibco.rest.test.DataDrivenTestCases" name="testcase" time="0.049">
    <error/>
  </testcase> <!-- testcase -->
  <testcase classname="com.tibco.rest.test.DataDrivenTestCases" name="testcase" time="0.190">
    <error/>
  </testcase> <!-- testcase -->
  <testcase classname="com.tibco.rest.test.DataDrivenTestCases" name="testcase" time="0.096">
    <error/>
  </testcase> <!-- testcase -->
  <testcase classname="com.tibco.rest.test.DataDrivenTestCases" name="testcase" time="0.182">
    <error/>
  </testcase> <!-- testcase -->
  <testcase classname="com.tibco.rest.test.DataDrivenTestCases" name="testcase" time="0.055">
    <error/>
  </testcase> <!-- testcase -->
  <testcase classname="com.tibco.rest.test.DataDrivenTestCases" name="testcase" time="0.062">
    <error/>
  </testcase> <!-- testcase -->
  <testcase classname="com.tibco.rest.test.DataDrivenTestCases" name="testcase" time="0.285">
    <error/>
  </testcase> <!-- testcase -->
  <testcase classname="com.tibco.rest.test.DataDrivenTestCases" name="testcase" time="0.017">
    <error/>
  </testcase> <!-- testcase -->
  <testcase classname="com.tibco.rest.test.DataDrivenTestCases" name="testcase" time="0.046">
    <error/>
  </testcase> <!-- testcase -->
  <testcase classname="com.tibco.rest.test.DataDrivenTestCases" name="testcase" time="0.046">
    <error/>
  </testcase> <!-- testcase -->
  <testcase classname="com.tibco.rest.test.DataDrivenTestCases" name="testcase" time="0.032">
    <error/>
  </testcase> <!-- testcase -->
  <testcase classname="com.tibco.rest.test.DataDrivenTestCases" name="testcase" time="0.219">
    <error/>
  </testcase> <!-- testcase -->
  <testcase classname="com.tibco.rest.test.DataDrivenTestCases" name="testcase" time="0.017">
    <error/>
  </testcase> <!-- testcase -->
  <testcase classname="com.tibco.rest.test.DataDrivenTestCases" name="testcase" time="0.183">
    <error/>
  </testcase> <!-- testcase -->
  <testcase classname="com.tibco.rest.test.DataDrivenTestCases" name="testcase" time="0.219">
    <error/>
  </testcase> <!-- testcase -->
  <testcase classname="com.tibco.rest.test.DataDrivenTestCases" name="testcase" time="0.042">
    <error/>
  </testcase> <!-- testcase -->
  <testcase classname="com.tibco.rest.test.DataDrivenTestCases" name="testcase" time="0.176">
    <error/>
  </testcase> <!-- testcase -->
  <testcase classname="com.tibco.rest.test.DataDrivenTestCases" name="testcase" time="0.238">
    <error/>
  </testcase> <!-- testcase -->
  <testcase classname="com.tibco.rest.test.DataDrivenTestCases" name="testcase" time="0.048">
    <error/>
  </testcase> <!-- testcase -->
  <testcase classname="com.tibco.rest.test.DataDrivenTestCases" name="testcase" time="0.040">
    <error/>
  </testcase> <!-- testcase -->
  <testcase classname="com.tibco.rest.test.DataDrivenTestCases" name="testcase" time="0.038">
    <error/>
  </testcase> <!-- testcase -->
  <testcase classname="com.tibco.rest.test.DataDrivenTestCases" name="testcase" time="0.187">
    <error/>
  </testcase> <!-- testcase -->
  <testcase classname="com.tibco.rest.test.DataDrivenTestCases" name="testcase" time="0.301">
    <error/>
  </testcase> <!-- testcase -->
  <testcase classname="com.tibco.rest.test.DataDrivenTestCases" name="testcase" time="0.190">
    <error/>
  </testcase> <!-- testcase -->
  <testcase classname="com.tibco.rest.test.DataDrivenTestCases" name="testcase" time="0.111">
    <error/>
  </testcase> <!-- testcase -->
  <testcase classname="com.tibco.rest.test.DataDrivenTestCases" name="testcase" time="0.046">
    <error/>
  </testcase> <!-- testcase -->
  <testcase classname="com.tibco.rest.test.DataDrivenTestCases" name="testcase" time="0.031">
    <error/>
  </testcase> <!-- testcase -->
  <testcase classname="com.tibco.rest.test.DataDrivenTestCases" name="testcase" time="0.042">
    <error/>
  </testcase> <!-- testcase -->
  <testcase classname="com.tibco.rest.test.DataDrivenTestCases" name="testcase" time="0.032">
    <error/>
  </testcase> <!-- testcase -->
  <testcase classname="com.tibco.rest.test.DataDrivenTestCases" name="testcase" time="0.016">
    <error/>
  </testcase> <!-- testcase -->
  <testcase classname="com.tibco.rest.test.DataDrivenTestCases" name="testcase" time="0.022">
    <error/>
  </testcase> <!-- testcase -->
  <testcase classname="com.tibco.rest.test.DataDrivenTestCases" name="testcase" time="0.064">
    <error/>
  </testcase> <!-- testcase -->
  <testcase classname="com.tibco.rest.test.DataDrivenTestCases" name="testcase" time="0.206">
    <error/>
  </testcase> <!-- testcase -->
  <testcase classname="com.tibco.rest.test.DataDrivenTestCases" name="testcase" time="0.270">
    <error/>
  </testcase> <!-- testcase -->
  <testcase classname="com.tibco.rest.test.DataDrivenTestCases" name="testcase" time="0.047">
    <error/>
  </testcase> <!-- testcase -->
  <testcase classname="com.tibco.rest.test.DataDrivenTestCases" name="testcase" time="0.063">
    <error/>
  </testcase> <!-- testcase -->
  <testcase classname="com.tibco.rest.test.DataDrivenTestCases" name="testcase" time="0.110">
    <error/>
  </testcase> <!-- testcase -->
  <testcase classname="com.tibco.rest.test.DataDrivenTestCases" name="testcase" time="0.047">
    <error/>
  </testcase> <!-- testcase -->
  <testcase classname="com.tibco.rest.test.DataDrivenTestCases" name="testcase" time="0.016">
    <error/>
  </testcase> <!-- testcase -->
  <testcase classname="com.tibco.rest.test.DataDrivenTestCases" name="testcase" time="0.190">
    <error/>
  </testcase> <!-- testcase -->
  <testcase classname="com.tibco.rest.test.DataDrivenTestCases" name="testcase" time="0.029">
    <error/>
  </testcase> <!-- testcase -->
  <testcase classname="com.tibco.rest.test.DataDrivenTestCases" name="testcase" time="0.015">
    <error/>
  </testcase> <!-- testcase -->
  <testcase classname="com.tibco.rest.test.DataDrivenTestCases" name="testcase" time="0.235">
    <error/>
  </testcase> <!-- testcase -->
  <testcase classname="com.tibco.rest.test.DataDrivenTestCases" name="testcase" time="0.238">
    <error/>
  </testcase> <!-- testcase -->
  <testcase classname="com.tibco.rest.test.DataDrivenTestCases" name="testcase" time="0.334">
    <error/>
  </testcase> <!-- testcase -->
  <testcase classname="com.tibco.rest.test.DataDrivenTestCases" name="testcase" time="0.110">
    <error/>
  </testcase> <!-- testcase -->
  <testcase classname="com.tibco.rest.test.DataDrivenTestCases" name="testcase" time="0.032">
    <error/>
  </testcase> <!-- testcase -->
  <testcase classname="com.tibco.rest.test.DataDrivenTestCases" name="testcase" time="0.078">
    <error/>
  </testcase> <!-- testcase -->
  <testcase classname="com.tibco.rest.test.DataDrivenTestCases" name="testcase" time="0.220">
    <error/>
  </testcase> <!-- testcase -->
  <testcase classname="com.tibco.rest.test.DataDrivenTestCases" name="testcase" time="0.047">
    <error/>
  </testcase> <!-- testcase -->
  <testcase classname="com.tibco.rest.test.DataDrivenTestCases" name="testcase" time="0.047">
    <error/>
  </testcase> <!-- testcase -->
  <testcase classname="com.tibco.rest.test.DataDrivenTestCases" name="testcase" time="0.027">
    <error/>
  </testcase> <!-- testcase -->
  <testcase classname="com.tibco.rest.test.DataDrivenTestCases" name="testcase" time="0.076">
    <error/>
  </testcase> <!-- testcase -->
  <testcase classname="com.tibco.rest.test.DataDrivenTestCases" name="testcase" time="0.047">
    <error/>
  </testcase> <!-- testcase -->
  <testcase classname="com.tibco.rest.test.DataDrivenTestCases" name="testcase" time="0.047">
    <error/>
  </testcase> <!-- testcase -->
  <testcase classname="com.tibco.rest.test.DataDrivenTestCases" name="testcase" time="0.017">
    <error/>
  </testcase> <!-- testcase -->
  <testcase classname="com.tibco.rest.test.DataDrivenTestCases" name="testcase" time="0.116">
    <error/>
  </testcase> <!-- testcase -->
  <testcase classname="com.tibco.rest.test.DataDrivenTestCases" name="testcase" time="0.044">
    <error/>
  </testcase> <!-- testcase -->
  <testcase classname="com.tibco.rest.test.DataDrivenTestCases" name="testcase" time="0.047">
    <error/>
  </testcase> <!-- testcase -->
  <testcase classname="com.tibco.rest.test.DataDrivenTestCases" name="testcase" time="0.058">
    <error/>
  </testcase> <!-- testcase -->
  <testcase classname="com.tibco.rest.test.DataDrivenTestCases" name="testcase" time="0.572">
    <error/>
  </testcase> <!-- testcase -->
  <testcase classname="com.tibco.rest.test.DataDrivenTestCases" name="testcase" time="0.266">
    <error/>
  </testcase> <!-- testcase -->
  <testcase classname="com.tibco.rest.test.DataDrivenTestCases" name="testcase" time="0.422">
    <error/>
  </testcase> <!-- testcase -->
  <testcase classname="com.tibco.rest.test.DataDrivenTestCases" name="testcase" time="0.032">
    <error/>
  </testcase> <!-- testcase -->
  <testcase classname="com.tibco.rest.test.DataDrivenTestCases" name="testcase" time="0.046">
    <error/>
  </testcase> <!-- testcase -->
  <testcase classname="com.tibco.rest.test.DataDrivenTestCases" name="testcase" time="0.015">
    <error/>
  </testcase> <!-- testcase -->
  <testcase classname="com.tibco.rest.test.DataDrivenTestCases" name="testcase" time="0.250">
    <error/>
  </testcase> <!-- testcase -->
  <testcase classname="com.tibco.rest.test.DataDrivenTestCases" name="testcase" time="0.081">
    <error/>
  </testcase> <!-- testcase -->
  <testcase classname="com.tibco.rest.test.DataDrivenTestCases" name="testcase" time="0.095">
    <error/>
  </testcase> <!-- testcase -->
  <testcase classname="com.tibco.rest.test.DataDrivenTestCases" name="testcase" time="0.251">
    <error/>
  </testcase> <!-- testcase -->
  <testcase classname="com.tibco.rest.test.DataDrivenTestCases" name="testcase" time="0.254">
    <error/>
  </testcase> <!-- testcase -->
  <testcase classname="com.tibco.rest.test.DataDrivenTestCases" name="testcase" time="0.219">
    <error/>
  </testcase> <!-- testcase -->
  <testcase classname="com.tibco.rest.test.DataDrivenTestCases" name="testcase" time="0.040">
    <error/>
  </testcase> <!-- testcase -->
  <testcase classname="com.tibco.rest.test.DataDrivenTestCases" name="testcase" time="0.134">
    <error/>
  </testcase> <!-- testcase -->
  <testcase classname="com.tibco.rest.test.DataDrivenTestCases" name="testcase" time="0.214">
    <error/>
  </testcase> <!-- testcase -->
  <testcase classname="com.tibco.rest.test.DataDrivenTestCases" name="testcase" time="0.032">
    <error/>
  </testcase> <!-- testcase -->
  <testcase classname="com.tibco.rest.test.DataDrivenTestCases" name="testcase" time="0.048">
    <error/>
  </testcase> <!-- testcase -->
  <testcase classname="com.tibco.rest.test.DataDrivenTestCases" name="testcase" time="0.017">
    <error/>
  </testcase> <!-- testcase -->
  <testcase classname="com.tibco.rest.test.DataDrivenTestCases" name="testcase" time="0.016">
    <error/>
  </testcase> <!-- testcase -->
  <testcase classname="com.tibco.rest.test.DataDrivenTestCases" name="testcase" time="0.106">
    <error/>
  </testcase> <!-- testcase -->
  <testcase classname="com.tibco.rest.test.DataDrivenTestCases" name="testcase" time="0.252">
    <error/>
  </testcase> <!-- testcase -->
  <testcase classname="com.tibco.rest.test.DataDrivenTestCases" name="testcase" time="0.032">
    <error/>
  </testcase> <!-- testcase -->
  <testcase classname="com.tibco.rest.test.DataDrivenTestCases" name="testcase" time="0.032">
    <error/>
  </testcase> <!-- testcase -->
  <testcase classname="com.tibco.rest.test.DataDrivenTestCases" name="testcase" time="0.351">
    <error/>
  </testcase> <!-- testcase -->
  <testcase classname="com.tibco.rest.test.DataDrivenTestCases" name="testcase" time="0.031">
    <error/>
  </testcase> <!-- testcase -->
  <testcase classname="com.tibco.rest.test.DataDrivenTestCases" name="testcase" time="0.039">
    <error/>
  </testcase> <!-- testcase -->
  <testcase classname="com.tibco.rest.test.DataDrivenTestCases" name="testcase" time="0.096">
    <error/>
  </testcase> <!-- testcase -->
  <testcase classname="com.tibco.rest.test.DataDrivenTestCases" name="testcase" time="0.249">
    <error/>
  </testcase> <!-- testcase -->
  <testcase classname="com.tibco.rest.test.DataDrivenTestCases" name="testcase" time="0.015">
    <failure message="Expected value should be &quot;Auto RESTAPI EDIFACT node0&quot; : Actual value is &quot;1&quot;" type="java.lang.AssertionError">
      <![CDATA[java.lang.AssertionError: Expected value should be "Auto RESTAPI EDIFACT node0" : Actual value is "1"
	at com.tibco.rest.restAssured.Assertions.assertTrue(Assertions.java:166)
	at com.tibco.rest.restAssured.Assertions.assertEquals(Assertions.java:183)
	at com.tibco.rest.test.DataDrivenTestCases.verifyResponse(DataDrivenTestCases.java:508)
	at com.tibco.rest.test.DataDrivenTestCases.testcase(DataDrivenTestCases.java:377)
	at jdk.internal.reflect.GeneratedMethodAccessor64.invoke(Unknown Source)
	at java.base/jdk.internal.reflect.DelegatingMethodAccessorImpl.invoke(DelegatingMethodAccessorImpl.java:43)
	at java.base/java.lang.reflect.Method.invoke(Method.java:568)
	at org.testng.internal.MethodInvocationHelper.invokeMethod(MethodInvocationHelper.java:108)
	at org.testng.internal.Invoker.invokeMethod(Invoker.java:661)
	at org.testng.internal.Invoker.invokeTestMethod(Invoker.java:869)
	at org.testng.internal.Invoker.invokeTestMethods(Invoker.java:1193)
	at org.testng.internal.TestMethodWorker.invokeTestMethods(TestMethodWorker.java:126)
	at org.testng.internal.TestMethodWorker.run(TestMethodWorker.java:109)
	at org.testng.TestRunner.privateRun(TestRunner.java:744)
	at org.testng.TestRunner.run(TestRunner.java:602)
	at org.testng.SuiteRunner.runTest(SuiteRunner.java:380)
	at org.testng.SuiteRunner.runSequentially(SuiteRunner.java:375)
	at org.testng.SuiteRunner.privateRun(SuiteRunner.java:340)
	at org.testng.SuiteRunner.run(SuiteRunner.java:289)
	at org.testng.SuiteRunnerWorker.runSuite(SuiteRunnerWorker.java:52)
	at org.testng.SuiteRunnerWorker.run(SuiteRunnerWorker.java:86)
	at org.testng.TestNG.runSuitesSequentially(TestNG.java:1301)
	at org.testng.TestNG.runSuitesLocally(TestNG.java:1226)
	at org.testng.TestNG.runSuites(TestNG.java:1144)
	at org.testng.TestNG.run(TestNG.java:1115)
	at org.testng.TestNG.privateMain(TestNG.java:1442)
	at org.testng.TestNG.main(TestNG.java:1411)
]]>
    </failure>
  </testcase> <!-- testcase -->
  <testcase classname="com.tibco.rest.test.DataDrivenTestCases" name="testcase" time="0.127">
    <error/>
  </testcase> <!-- testcase -->
  <testcase classname="com.tibco.rest.test.DataDrivenTestCases" name="testcase" time="0.116">
    <error/>
  </testcase> <!-- testcase -->
  <testcase classname="com.tibco.rest.test.DataDrivenTestCases" name="testcase" time="0.221">
    <error/>
  </testcase> <!-- testcase -->
  <testcase classname="com.tibco.rest.test.DataDrivenTestCases" name="testcase" time="0.064">
    <error/>
  </testcase> <!-- testcase -->
  <testcase classname="com.tibco.rest.test.DataDrivenTestCases" name="testcase" time="0.259">
    <error/>
  </testcase> <!-- testcase -->
  <testcase classname="com.tibco.rest.test.DataDrivenTestCases" name="testcase" time="0.015">
    <error/>
  </testcase> <!-- testcase -->
  <testcase classname="com.tibco.rest.test.DataDrivenTestCases" name="testcase" time="0.016">
    <error/>
  </testcase> <!-- testcase -->
  <testcase classname="com.tibco.rest.test.DataDrivenTestCases" name="testcase" time="0.095">
    <error/>
  </testcase> <!-- testcase -->
  <testcase classname="com.tibco.rest.test.DataDrivenTestCases" name="testcase" time="0.223">
    <error/>
  </testcase> <!-- testcase -->
  <testcase classname="com.tibco.rest.test.DataDrivenTestCases" name="testcase" time="0.050">
    <error/>
  </testcase> <!-- testcase -->
  <testcase classname="com.tibco.rest.test.DataDrivenTestCases" name="testcase" time="0.048">
    <error/>
  </testcase> <!-- testcase -->
  <testcase classname="com.tibco.rest.test.DataDrivenTestCases" name="testcase" time="0.190">
    <error/>
  </testcase> <!-- testcase -->
  <testcase classname="com.tibco.rest.test.DataDrivenTestCases" name="testcase" time="0.264">
    <error/>
  </testcase> <!-- testcase -->
  <testcase classname="com.tibco.rest.test.DataDrivenTestCases" name="testcase" time="0.205">
    <error/>
  </testcase> <!-- testcase -->
  <testcase classname="com.tibco.rest.test.DataDrivenTestCases" name="testcase" time="0.031">
    <error/>
  </testcase> <!-- testcase -->
  <testcase classname="com.tibco.rest.test.DataDrivenTestCases" name="testcase" time="0.191">
    <error/>
  </testcase> <!-- testcase -->
  <testcase classname="com.tibco.rest.test.DataDrivenTestCases" name="testcase" time="0.196">
    <error/>
  </testcase> <!-- testcase -->
  <testcase classname="com.tibco.rest.test.DataDrivenTestCases" name="testcase" time="0.048">
    <error/>
  </testcase> <!-- testcase -->
  <testcase classname="com.tibco.rest.test.DataDrivenTestCases" name="testcase" time="0.256">
    <error/>
  </testcase> <!-- testcase -->
  <testcase classname="com.tibco.rest.test.DataDrivenTestCases" name="testcase" time="0.017">
    <error/>
  </testcase> <!-- testcase -->
  <testcase classname="com.tibco.rest.test.DataDrivenTestCases" name="testcase" time="0.430">
    <error/>
  </testcase> <!-- testcase -->
  <testcase classname="com.tibco.rest.test.DataDrivenTestCases" name="testcase" time="0.045">
    <error/>
  </testcase> <!-- testcase -->
  <testcase classname="com.tibco.rest.test.DataDrivenTestCases" name="testcase" time="0.031">
    <error/>
  </testcase> <!-- testcase -->
  <testcase classname="com.tibco.rest.test.DataDrivenTestCases" name="testcase" time="0.167">
    <error/>
  </testcase> <!-- testcase -->
  <testcase classname="com.tibco.rest.test.DataDrivenTestCases" name="testcase" time="0.027">
    <error/>
  </testcase> <!-- testcase -->
  <testcase classname="com.tibco.rest.test.DataDrivenTestCases" name="testcase" time="0.285">
    <error/>
  </testcase> <!-- testcase -->
  <testcase classname="com.tibco.rest.test.DataDrivenTestCases" name="testcase" time="0.038">
    <error/>
  </testcase> <!-- testcase -->
  <testcase classname="com.tibco.rest.test.DataDrivenTestCases" name="testcase" time="0.095">
    <error/>
  </testcase> <!-- testcase -->
  <testcase classname="com.tibco.rest.test.DataDrivenTestCases" name="testcase" time="0.065">
    <error/>
  </testcase> <!-- testcase -->
  <testcase classname="com.tibco.rest.test.DataDrivenTestCases" name="testcase" time="0.015">
    <error/>
  </testcase> <!-- testcase -->
  <testcase classname="com.tibco.rest.test.DataDrivenTestCases" name="testcase" time="0.109">
    <error/>
  </testcase> <!-- testcase -->
  <testcase classname="com.tibco.rest.test.DataDrivenTestCases" name="testcase" time="0.047">
    <error/>
  </testcase> <!-- testcase -->
  <testcase classname="com.tibco.rest.test.DataDrivenTestCases" name="testcase" time="0.079">
    <error/>
  </testcase> <!-- testcase -->
  <testcase classname="com.tibco.rest.test.DataDrivenTestCases" name="testcase" time="0.318">
    <error/>
  </testcase> <!-- testcase -->
  <testcase classname="com.tibco.rest.test.DataDrivenTestCases" name="testcase" time="0.060">
    <error/>
  </testcase> <!-- testcase -->
  <testcase classname="com.tibco.rest.test.DataDrivenTestCases" name="testcase" time="0.319">
    <error/>
  </testcase> <!-- testcase -->
  <testcase classname="com.tibco.rest.test.DataDrivenTestCases" name="testcase" time="0.063">
    <error/>
  </testcase> <!-- testcase -->
  <testcase classname="com.tibco.rest.test.DataDrivenTestCases" name="testcase" time="0.042">
    <error/>
  </testcase> <!-- testcase -->
  <testcase classname="com.tibco.rest.test.DataDrivenTestCases" name="testcase" time="0.063">
    <error/>
  </testcase> <!-- testcase -->
  <testcase classname="com.tibco.rest.test.DataDrivenTestCases" name="testcase" time="0.541">
    <error/>
  </testcase> <!-- testcase -->
  <testcase classname="com.tibco.rest.test.DataDrivenTestCases" name="testcase" time="0.219">
    <error/>
  </testcase> <!-- testcase -->
  <testcase classname="com.tibco.rest.test.DataDrivenTestCases" name="testcase" time="0.058">
    <error/>
  </testcase> <!-- testcase -->
  <testcase classname="com.tibco.rest.test.DataDrivenTestCases" name="testcase" time="0.188">
    <error/>
  </testcase> <!-- testcase -->
  <testcase classname="com.tibco.rest.test.DataDrivenTestCases" name="testcase" time="0.079">
    <error/>
  </testcase> <!-- testcase -->
  <testcase classname="com.tibco.rest.test.DataDrivenTestCases" name="testcase" time="0.049">
    <error/>
  </testcase> <!-- testcase -->
  <testcase classname="com.tibco.rest.test.DataDrivenTestCases" name="testcase" time="0.051">
    <error/>
  </testcase> <!-- testcase -->
  <testcase classname="com.tibco.rest.test.DataDrivenTestCases" name="testcase" time="0.047">
    <error/>
  </testcase> <!-- testcase -->
  <testcase classname="com.tibco.rest.test.DataDrivenTestCases" name="testcase" time="0.016">
    <error/>
  </testcase> <!-- testcase -->
  <testcase classname="com.tibco.rest.test.DataDrivenTestCases" name="testcase" time="0.271">
    <error/>
  </testcase> <!-- testcase -->
  <testcase classname="com.tibco.rest.test.DataDrivenTestCases" name="testcase" time="0.046">
    <error/>
  </testcase> <!-- testcase -->
  <testcase classname="com.tibco.rest.test.DataDrivenTestCases" name="testcase" time="0.076">
    <error/>
  </testcase> <!-- testcase -->
  <testcase classname="com.tibco.rest.test.DataDrivenTestCases" name="testcase" time="0.080">
    <error/>
  </testcase> <!-- testcase -->
  <testcase classname="com.tibco.rest.test.DataDrivenTestCases" name="testcase" time="0.032">
    <error/>
  </testcase> <!-- testcase -->
  <testcase classname="com.tibco.rest.test.DataDrivenTestCases" name="testcase" time="0.031">
    <error/>
  </testcase> <!-- testcase -->
  <testcase classname="com.tibco.rest.test.DataDrivenTestCases" name="testcase" time="0.094">
    <error/>
  </testcase> <!-- testcase -->
  <testcase classname="com.tibco.rest.test.DataDrivenTestCases" name="testcase" time="0.016">
    <error/>
  </testcase> <!-- testcase -->
  <testcase classname="com.tibco.rest.test.DataDrivenTestCases" name="testcase" time="0.189">
    <error/>
  </testcase> <!-- testcase -->
  <testcase classname="com.tibco.rest.test.DataDrivenTestCases" name="testcase" time="0.174">
    <error/>
  </testcase> <!-- testcase -->
  <testcase classname="com.tibco.rest.test.DataDrivenTestCases" name="testcase" time="0.234">
    <error/>
  </testcase> <!-- testcase -->
  <testcase classname="com.tibco.rest.test.DataDrivenTestCases" name="testcase" time="0.333">
    <error/>
  </testcase> <!-- testcase -->
  <testcase classname="com.tibco.rest.test.DataDrivenTestCases" name="testcase" time="0.219">
    <error/>
  </testcase> <!-- testcase -->
  <testcase classname="com.tibco.rest.test.DataDrivenTestCases" name="testcase" time="0.227">
    <error/>
  </testcase> <!-- testcase -->
  <testcase classname="com.tibco.rest.test.DataDrivenTestCases" name="testcase" time="0.031">
    <error/>
  </testcase> <!-- testcase -->
  <testcase classname="com.tibco.rest.test.DataDrivenTestCases" name="testcase" time="0.285">
    <error/>
  </testcase> <!-- testcase -->
  <testcase classname="com.tibco.rest.test.DataDrivenTestCases" name="testcase" time="0.032">
    <error/>
  </testcase> <!-- testcase -->
  <testcase classname="com.tibco.rest.test.DataDrivenTestCases" name="testcase" time="0.128">
    <error/>
  </testcase> <!-- testcase -->
  <testcase classname="com.tibco.rest.test.DataDrivenTestCases" name="testcase" time="0.176">
    <error/>
  </testcase> <!-- testcase -->
  <testcase classname="com.tibco.rest.test.DataDrivenTestCases" name="testcase" time="0.350">
    <error/>
  </testcase> <!-- testcase -->
  <testcase classname="com.tibco.rest.test.DataDrivenTestCases" name="testcase" time="0.015">
    <error/>
  </testcase> <!-- testcase -->
  <testcase classname="com.tibco.rest.test.DataDrivenTestCases" name="testcase" time="0.414">
    <error/>
  </testcase> <!-- testcase -->
  <testcase classname="com.tibco.rest.test.DataDrivenTestCases" name="testcase" time="0.054">
    <error/>
  </testcase> <!-- testcase -->
  <testcase classname="com.tibco.rest.test.DataDrivenTestCases" name="testcase" time="0.157">
    <error/>
  </testcase> <!-- testcase -->
  <testcase classname="com.tibco.rest.test.DataDrivenTestCases" name="testcase" time="0.350">
    <error/>
  </testcase> <!-- testcase -->
  <testcase classname="com.tibco.rest.test.DataDrivenTestCases" name="testcase" time="0.222">
    <error/>
  </testcase> <!-- testcase -->
  <testcase classname="com.tibco.rest.test.DataDrivenTestCases" name="testcase" time="0.046">
    <error/>
  </testcase> <!-- testcase -->
  <testcase classname="com.tibco.rest.test.DataDrivenTestCases" name="testcase" time="0.069">
    <error/>
  </testcase> <!-- testcase -->
  <testcase classname="com.tibco.rest.test.DataDrivenTestCases" name="testcase" time="0.398">
    <error/>
  </testcase> <!-- testcase -->
  <testcase classname="com.tibco.rest.test.DataDrivenTestCases" name="testcase" time="0.099">
    <error/>
  </testcase> <!-- testcase -->
  <testcase classname="com.tibco.rest.test.DataDrivenTestCases" name="testcase" time="0.031">
    <error/>
  </testcase> <!-- testcase -->
  <testcase classname="com.tibco.rest.test.DataDrivenTestCases" name="testcase" time="0.051">
    <error/>
  </testcase> <!-- testcase -->
  <testcase classname="com.tibco.rest.test.DataDrivenTestCases" name="testcase" time="0.432">
    <error/>
  </testcase> <!-- testcase -->
  <testcase classname="com.tibco.rest.test.DataDrivenTestCases" name="testcase" time="0.255">
    <error/>
  </testcase> <!-- testcase -->
  <testcase classname="com.tibco.rest.test.DataDrivenTestCases" name="testcase" time="0.064">
    <error/>
  </testcase> <!-- testcase -->
  <testcase classname="com.tibco.rest.test.DataDrivenTestCases" name="testcase" time="0.032">
    <error/>
  </testcase> <!-- testcase -->
  <testcase classname="com.tibco.rest.test.DataDrivenTestCases" name="testcase" time="0.106">
    <error/>
  </testcase> <!-- testcase -->
  <testcase classname="com.tibco.rest.test.DataDrivenTestCases" name="testcase" time="0.026">
    <error/>
  </testcase> <!-- testcase -->
  <testcase classname="com.tibco.rest.test.DataDrivenTestCases" name="testcase" time="0.031">
    <error/>
  </testcase> <!-- testcase -->
  <testcase classname="com.tibco.rest.test.DataDrivenTestCases" name="testcase" time="0.032">
    <error/>
  </testcase> <!-- testcase -->
  <testcase classname="com.tibco.rest.test.DataDrivenTestCases" name="testcase" time="0.187">
    <error/>
  </testcase> <!-- testcase -->
  <testcase classname="com.tibco.rest.test.DataDrivenTestCases" name="testcase" time="0.015">
    <error/>
  </testcase> <!-- testcase -->
  <testcase classname="com.tibco.rest.test.DataDrivenTestCases" name="testcase" time="0.031">
    <error/>
  </testcase> <!-- testcase -->
  <testcase classname="com.tibco.rest.test.DataDrivenTestCases" name="testcase" time="0.072">
    <error/>
  </testcase> <!-- testcase -->
  <testcase classname="com.tibco.rest.test.DataDrivenTestCases" name="testcase" time="0.128">
    <error/>
  </testcase> <!-- testcase -->
  <testcase classname="com.tibco.rest.test.DataDrivenTestCases" name="testcase" time="0.281">
    <error/>
  </testcase> <!-- testcase -->
  <testcase classname="com.tibco.rest.test.DataDrivenTestCases" name="testcase" time="0.062">
    <error/>
  </testcase> <!-- testcase -->
  <testcase classname="com.tibco.rest.test.DataDrivenTestCases" name="testcase" time="0.390">
    <error/>
  </testcase> <!-- testcase -->
  <testcase classname="com.tibco.rest.test.DataDrivenTestCases" name="testcase" time="0.270">
    <error/>
  </testcase> <!-- testcase -->
  <testcase classname="com.tibco.rest.test.DataDrivenTestCases" name="testcase" time="0.220">
    <error/>
  </testcase> <!-- testcase -->
  <testcase classname="com.tibco.rest.test.DataDrivenTestCases" name="testcase" time="0.064">
    <error/>
  </testcase> <!-- testcase -->
  <testcase classname="com.tibco.rest.test.DataDrivenTestCases" name="testcase" time="0.032">
    <error/>
  </testcase> <!-- testcase -->
  <testcase classname="com.tibco.rest.test.DataDrivenTestCases" name="testcase" time="0.034">
    <error/>
  </testcase> <!-- testcase -->
  <testcase classname="com.tibco.rest.test.DataDrivenTestCases" name="testcase" time="0.318">
    <error/>
  </testcase> <!-- testcase -->
  <testcase classname="com.tibco.rest.test.DataDrivenTestCases" name="testcase" time="0.010">
    <error/>
  </testcase> <!-- testcase -->
  <testcase classname="com.tibco.rest.test.DataDrivenTestCases" name="testcase" time="0.110">
    <error/>
  </testcase> <!-- testcase -->
  <testcase classname="com.tibco.rest.test.DataDrivenTestCases" name="testcase" time="0.032">
    <error/>
  </testcase> <!-- testcase -->
  <testcase classname="com.tibco.rest.test.DataDrivenTestCases" name="testcase" time="0.029">
    <error/>
  </testcase> <!-- testcase -->
  <testcase classname="com.tibco.rest.test.DataDrivenTestCases" name="testcase" time="0.187">
    <error/>
  </testcase> <!-- testcase -->
  <testcase classname="com.tibco.rest.test.DataDrivenTestCases" name="testcase" time="0.086">
    <error/>
  </testcase> <!-- testcase -->
  <testcase classname="com.tibco.rest.test.DataDrivenTestCases" name="testcase" time="0.064">
    <error/>
  </testcase> <!-- testcase -->
  <testcase classname="com.tibco.rest.test.DataDrivenTestCases" name="testcase" time="0.323">
    <error/>
  </testcase> <!-- testcase -->
  <testcase classname="com.tibco.rest.test.DataDrivenTestCases" name="testcase" time="0.048">
    <error/>
  </testcase> <!-- testcase -->
  <testcase classname="com.tibco.rest.test.DataDrivenTestCases" name="testcase" time="0.153">
    <error/>
  </testcase> <!-- testcase -->
  <testcase classname="com.tibco.rest.test.DataDrivenTestCases" name="testcase" time="0.190">
    <error/>
  </testcase> <!-- testcase -->
  <testcase classname="com.tibco.rest.test.DataDrivenTestCases" name="testcase" time="0.098">
    <error/>
  </testcase> <!-- testcase -->
  <testcase classname="com.tibco.rest.test.DataDrivenTestCases" name="testcase" time="0.379">
    <error/>
  </testcase> <!-- testcase -->
  <testcase classname="com.tibco.rest.test.DataDrivenTestCases" name="testcase" time="0.022">
    <error/>
  </testcase> <!-- testcase -->
  <testcase classname="com.tibco.rest.test.DataDrivenTestCases" name="testcase" time="0.242">
    <error/>
  </testcase> <!-- testcase -->
  <testcase classname="com.tibco.rest.test.DataDrivenTestCases" name="testcase" time="0.317">
    <error/>
  </testcase> <!-- testcase -->
  <testcase classname="com.tibco.rest.test.DataDrivenTestCases" name="testcase" time="0.063">
    <error/>
  </testcase> <!-- testcase -->
  <testcase classname="com.tibco.rest.test.DataDrivenTestCases" name="testcase" time="0.064">
    <error/>
  </testcase> <!-- testcase -->
  <testcase classname="com.tibco.rest.test.DataDrivenTestCases" name="testcase" time="0.297">
    <error/>
  </testcase> <!-- testcase -->
  <testcase classname="com.tibco.rest.test.DataDrivenTestCases" name="testcase" time="0.244">
    <error/>
  </testcase> <!-- testcase -->
  <testcase classname="com.tibco.rest.test.DataDrivenTestCases" name="testcase" time="0.022">
    <error/>
  </testcase> <!-- testcase -->
  <testcase classname="com.tibco.rest.test.DataDrivenTestCases" name="testcase" time="0.112">
    <error/>
  </testcase> <!-- testcase -->
  <testcase classname="com.tibco.rest.test.DataDrivenTestCases" name="testcase" time="0.223">
    <error/>
  </testcase> <!-- testcase -->
  <testcase classname="com.tibco.rest.test.DataDrivenTestCases" name="testcase" time="0.038">
    <error/>
  </testcase> <!-- testcase -->
  <testcase classname="com.tibco.rest.test.DataDrivenTestCases" name="testcase" time="0.079">
    <error/>
  </testcase> <!-- testcase -->
  <testcase classname="com.tibco.rest.test.DataDrivenTestCases" name="testcase" time="0.032">
    <error/>
  </testcase> <!-- testcase -->
  <testcase classname="com.tibco.rest.test.DataDrivenTestCases" name="testcase" time="0.031">
    <error/>
  </testcase> <!-- testcase -->
  <testcase classname="com.tibco.rest.test.DataDrivenTestCases" name="testcase" time="0.063">
    <error/>
  </testcase> <!-- testcase -->
  <testcase classname="com.tibco.rest.test.DataDrivenTestCases" name="testcase" time="0.239">
    <error/>
  </testcase> <!-- testcase -->
  <testcase classname="com.tibco.rest.test.DataDrivenTestCases" name="testcase" time="0.016">
    <error/>
  </testcase> <!-- testcase -->
  <testcase classname="com.tibco.rest.test.DataDrivenTestCases" name="testcase" time="0.049">
    <error/>
  </testcase> <!-- testcase -->
  <testcase classname="com.tibco.rest.test.DataDrivenTestCases" name="testcase" time="0.156">
    <error/>
  </testcase> <!-- testcase -->
  <testcase classname="com.tibco.rest.test.DataDrivenTestCases" name="testcase" time="0.032">
    <error/>
  </testcase> <!-- testcase -->
  <testcase classname="com.tibco.rest.test.DataDrivenTestCases" name="testcase" time="0.127">
    <error/>
  </testcase> <!-- testcase -->
  <testcase classname="com.tibco.rest.test.DataDrivenTestCases" name="testcase" time="0.208">
    <error/>
  </testcase> <!-- testcase -->
  <testcase classname="com.tibco.rest.test.DataDrivenTestCases" name="testcase" time="0.062">
    <error/>
  </testcase> <!-- testcase -->
  <testcase classname="com.tibco.rest.test.DataDrivenTestCases" name="testcase" time="0.175">
    <error/>
  </testcase> <!-- testcase -->
  <testcase classname="com.tibco.rest.test.DataDrivenTestCases" name="testcase" time="0.085">
    <error/>
  </testcase> <!-- testcase -->
  <testcase classname="com.tibco.rest.test.DataDrivenTestCases" name="testcase" time="0.062">
    <error/>
  </testcase> <!-- testcase -->
  <testcase classname="com.tibco.rest.test.DataDrivenTestCases" name="testcase" time="0.032">
    <error/>
  </testcase> <!-- testcase -->
  <testcase classname="com.tibco.rest.test.DataDrivenTestCases" name="testcase" time="0.302">
    <error/>
  </testcase> <!-- testcase -->
  <testcase classname="com.tibco.rest.test.DataDrivenTestCases" name="testcase" time="0.228">
    <error/>
  </testcase> <!-- testcase -->
  <testcase classname="com.tibco.rest.test.DataDrivenTestCases" name="testcase" time="0.034">
    <error/>
  </testcase> <!-- testcase -->
  <testcase classname="com.tibco.rest.test.DataDrivenTestCases" name="testcase" time="0.241">
    <error/>
  </testcase> <!-- testcase -->
  <testcase classname="com.tibco.rest.test.DataDrivenTestCases" name="testcase" time="0.038">
    <error/>
  </testcase> <!-- testcase -->
  <testcase classname="com.tibco.rest.test.DataDrivenTestCases" name="testcase" time="0.095">
    <error/>
  </testcase> <!-- testcase -->
  <testcase classname="com.tibco.rest.test.DataDrivenTestCases" name="testcase" time="0.062">
    <error/>
  </testcase> <!-- testcase -->
  <testcase classname="com.tibco.rest.test.DataDrivenTestCases" name="testcase" time="0.078">
    <error/>
  </testcase> <!-- testcase -->
  <testcase classname="com.tibco.rest.test.DataDrivenTestCases" name="testcase" time="0.400">
    <error/>
  </testcase> <!-- testcase -->
  <testcase classname="com.tibco.rest.test.DataDrivenTestCases" name="testcase" time="0.218">
    <error/>
  </testcase> <!-- testcase -->
  <testcase classname="com.tibco.rest.test.DataDrivenTestCases" name="testcase" time="0.061">
    <error/>
  </testcase> <!-- testcase -->
  <testcase classname="com.tibco.rest.test.DataDrivenTestCases" name="testcase" time="0.031">
    <error/>
  </testcase> <!-- testcase -->
  <testcase classname="com.tibco.rest.test.DataDrivenTestCases" name="testcase" time="0.032">
    <error/>
  </testcase> <!-- testcase -->
  <testcase classname="com.tibco.rest.test.DataDrivenTestCases" name="testcase" time="0.156">
    <error/>
  </testcase> <!-- testcase -->
  <testcase classname="com.tibco.rest.test.DataDrivenTestCases" name="testcase" time="0.040">
    <error/>
  </testcase> <!-- testcase -->
  <testcase classname="com.tibco.rest.test.DataDrivenTestCases" name="testcase" time="0.125">
    <error/>
  </testcase> <!-- testcase -->
  <testcase classname="com.tibco.rest.test.DataDrivenTestCases" name="testcase" time="0.026">
    <error/>
  </testcase> <!-- testcase -->
  <testcase classname="com.tibco.rest.test.DataDrivenTestCases" name="testcase" time="0.250">
    <error/>
  </testcase> <!-- testcase -->
  <testcase classname="com.tibco.rest.test.DataDrivenTestCases" name="testcase" time="0.032">
    <error/>
  </testcase> <!-- testcase -->
  <testcase classname="com.tibco.rest.test.DataDrivenTestCases" name="testcase" time="0.223">
    <error/>
  </testcase> <!-- testcase -->
  <testcase classname="com.tibco.rest.test.DataDrivenTestCases" name="testcase" time="0.048">
    <error/>
  </testcase> <!-- testcase -->
  <testcase classname="com.tibco.rest.test.DataDrivenTestCases" name="testcase" time="0.039">
    <error/>
  </testcase> <!-- testcase -->
  <testcase classname="com.tibco.rest.test.DataDrivenTestCases" name="testcase" time="0.062">
    <error/>
  </testcase> <!-- testcase -->
  <testcase classname="com.tibco.rest.test.DataDrivenTestCases" name="testcase" time="0.031">
    <error/>
  </testcase> <!-- testcase -->
  <testcase classname="com.tibco.rest.test.DataDrivenTestCases" name="testcase" time="0.081">
    <error/>
  </testcase> <!-- testcase -->
  <testcase classname="com.tibco.rest.test.DataDrivenTestCases" name="testcase" time="0.044">
    <error/>
  </testcase> <!-- testcase -->
  <testcase classname="com.tibco.rest.test.DataDrivenTestCases" name="testcase" time="0.317">
    <error/>
  </testcase> <!-- testcase -->
  <testcase classname="com.tibco.rest.test.DataDrivenTestCases" name="testcase" time="0.178">
    <error/>
  </testcase> <!-- testcase -->
  <testcase classname="com.tibco.rest.test.DataDrivenTestCases" name="testcase" time="0.019">
    <error/>
  </testcase> <!-- testcase -->
  <testcase classname="com.tibco.rest.test.DataDrivenTestCases" name="testcase" time="0.043">
    <error/>
  </testcase> <!-- testcase -->
  <testcase classname="com.tibco.rest.test.DataDrivenTestCases" name="testcase" time="0.057">
    <error/>
  </testcase> <!-- testcase -->
  <testcase classname="com.tibco.rest.test.DataDrivenTestCases" name="testcase" time="0.190">
    <error/>
  </testcase> <!-- testcase -->
  <testcase classname="com.tibco.rest.test.DataDrivenTestCases" name="testcase" time="0.048">
    <error/>
  </testcase> <!-- testcase -->
  <testcase classname="com.tibco.rest.test.DataDrivenTestCases" name="testcase" time="0.269">
    <error/>
  </testcase> <!-- testcase -->
  <testcase classname="com.tibco.rest.test.DataDrivenTestCases" name="testcase" time="0.159">
    <error/>
  </testcase> <!-- testcase -->
  <testcase classname="com.tibco.rest.test.DataDrivenTestCases" name="testcase" time="0.044">
    <error/>
  </testcase> <!-- testcase -->
  <testcase classname="com.tibco.rest.test.DataDrivenTestCases" name="testcase" time="0.281">
    <error/>
  </testcase> <!-- testcase -->
  <testcase classname="com.tibco.rest.test.DataDrivenTestCases" name="testcase" time="0.032">
    <error/>
  </testcase> <!-- testcase -->
  <testcase classname="com.tibco.rest.test.DataDrivenTestCases" name="testcase" time="0.021">
    <error/>
  </testcase> <!-- testcase -->
  <testcase classname="com.tibco.rest.test.DataDrivenTestCases" name="testcase" time="0.286">
    <error/>
  </testcase> <!-- testcase -->
  <testcase classname="com.tibco.rest.test.DataDrivenTestCases" name="testcase" time="0.038">
    <error/>
  </testcase> <!-- testcase -->
  <testcase classname="com.tibco.rest.test.DataDrivenTestCases" name="testcase" time="0.156">
    <error/>
  </testcase> <!-- testcase -->
  <testcase classname="com.tibco.rest.test.DataDrivenTestCases" name="testcase" time="0.047">
    <error/>
  </testcase> <!-- testcase -->
  <testcase classname="com.tibco.rest.test.DataDrivenTestCases" name="testcase" time="0.019">
    <error/>
  </testcase> <!-- testcase -->
  <testcase classname="com.tibco.rest.test.DataDrivenTestCases" name="testcase" time="0.235">
    <error/>
  </testcase> <!-- testcase -->
  <testcase classname="com.tibco.rest.test.DataDrivenTestCases" name="testcase" time="0.222">
    <error/>
  </testcase> <!-- testcase -->
  <testcase classname="com.tibco.rest.test.DataDrivenTestCases" name="testcase" time="0.127">
    <error/>
  </testcase> <!-- testcase -->
  <testcase classname="com.tibco.rest.test.DataDrivenTestCases" name="testcase" time="0.047">
    <error/>
  </testcase> <!-- testcase -->
  <testcase classname="com.tibco.rest.test.DataDrivenTestCases" name="testcase" time="0.032">
    <error/>
  </testcase> <!-- testcase -->
  <testcase classname="com.tibco.rest.test.DataDrivenTestCases" name="testcase" time="0.159">
    <error/>
  </testcase> <!-- testcase -->
  <testcase classname="com.tibco.rest.test.DataDrivenTestCases" name="testcase" time="0.060">
    <error/>
  </testcase> <!-- testcase -->
  <testcase classname="com.tibco.rest.test.DataDrivenTestCases" name="testcase" time="0.016">
    <error/>
  </testcase> <!-- testcase -->
  <testcase classname="com.tibco.rest.test.DataDrivenTestCases" name="testcase" time="0.205">
    <error/>
  </testcase> <!-- testcase -->
  <testcase classname="com.tibco.rest.test.DataDrivenTestCases" name="testcase" time="0.063">
    <error/>
  </testcase> <!-- testcase -->
  <testcase classname="com.tibco.rest.test.DataDrivenTestCases" name="testcase" time="0.030">
    <error/>
  </testcase> <!-- testcase -->
  <testcase classname="com.tibco.rest.test.DataDrivenTestCases" name="testcase" time="0.065">
    <error/>
  </testcase> <!-- testcase -->
  <testcase classname="com.tibco.rest.test.DataDrivenTestCases" name="testcase" time="0.140">
    <error/>
  </testcase> <!-- testcase -->
  <testcase classname="com.tibco.rest.test.DataDrivenTestCases" name="testcase" time="0.016">
    <error/>
  </testcase> <!-- testcase -->
  <testcase classname="com.tibco.rest.test.DataDrivenTestCases" name="testcase" time="0.237">
    <error/>
  </testcase> <!-- testcase -->
  <testcase classname="com.tibco.rest.test.DataDrivenTestCases" name="testcase" time="0.012">
    <error/>
  </testcase> <!-- testcase -->
  <testcase classname="com.tibco.rest.test.DataDrivenTestCases" name="testcase" time="0.015">
    <error/>
  </testcase> <!-- testcase -->
  <testcase classname="com.tibco.rest.test.DataDrivenTestCases" name="testcase" time="0.044">
    <error/>
  </testcase> <!-- testcase -->
  <testcase classname="com.tibco.rest.test.DataDrivenTestCases" name="testcase" time="0.032">
    <error/>
  </testcase> <!-- testcase -->
  <testcase classname="com.tibco.rest.test.DataDrivenTestCases" name="testcase" time="0.064">
    <error/>
  </testcase> <!-- testcase -->
  <testcase classname="com.tibco.rest.test.DataDrivenTestCases" name="testcase" time="0.132">
    <error/>
  </testcase> <!-- testcase -->
  <testcase classname="com.tibco.rest.test.DataDrivenTestCases" name="testcase" time="0.071">
    <error/>
  </testcase> <!-- testcase -->
  <testcase classname="com.tibco.rest.test.DataDrivenTestCases" name="testcase" time="0.032">
    <error/>
  </testcase> <!-- testcase -->
  <testcase classname="com.tibco.rest.test.DataDrivenTestCases" name="testcase" time="0.035">
    <error/>
  </testcase> <!-- testcase -->
  <testcase classname="com.tibco.rest.test.DataDrivenTestCases" name="testcase" time="0.064">
    <error/>
  </testcase> <!-- testcase -->
  <testcase classname="com.tibco.rest.test.DataDrivenTestCases" name="testcase" time="0.094">
    <error/>
  </testcase> <!-- testcase -->
  <testcase classname="com.tibco.rest.test.DataDrivenTestCases" name="testcase" time="0.256">
    <error/>
  </testcase> <!-- testcase -->
  <testcase classname="com.tibco.rest.test.DataDrivenTestCases" name="testcase" time="0.204">
    <error/>
  </testcase> <!-- testcase -->
  <testcase classname="com.tibco.rest.test.DataDrivenTestCases" name="testcase" time="0.048">
    <error/>
  </testcase> <!-- testcase -->
  <testcase classname="com.tibco.rest.test.DataDrivenTestCases" name="testcase" time="0.047">
    <error/>
  </testcase> <!-- testcase -->
  <testcase classname="com.tibco.rest.test.DataDrivenTestCases" name="testcase" time="0.047">
    <error/>
  </testcase> <!-- testcase -->
  <testcase classname="com.tibco.rest.test.DataDrivenTestCases" name="testcase" time="0.095">
    <error/>
  </testcase> <!-- testcase -->
  <testcase classname="com.tibco.rest.test.DataDrivenTestCases" name="testcase" time="0.379">
    <error/>
  </testcase> <!-- testcase -->
  <testcase classname="com.tibco.rest.test.DataDrivenTestCases" name="testcase" time="0.222">
    <error/>
  </testcase> <!-- testcase -->
  <testcase classname="com.tibco.rest.test.DataDrivenTestCases" name="testcase" time="0.351">
    <error/>
  </testcase> <!-- testcase -->
  <testcase classname="com.tibco.rest.test.DataDrivenTestCases" name="testcase" time="0.072">
    <error/>
  </testcase> <!-- testcase -->
  <testcase classname="com.tibco.rest.test.DataDrivenTestCases" name="testcase" time="0.111">
    <error/>
  </testcase> <!-- testcase -->
  <testcase classname="com.tibco.rest.test.DataDrivenTestCases" name="testcase" time="0.318">
    <error/>
  </testcase> <!-- testcase -->
  <testcase classname="com.tibco.rest.test.DataDrivenTestCases" name="testcase" time="0.031">
    <error/>
  </testcase> <!-- testcase -->
  <testcase classname="com.tibco.rest.test.DataDrivenTestCases" name="testcase" time="0.046">
    <error/>
  </testcase> <!-- testcase -->
  <testcase classname="com.tibco.rest.test.DataDrivenTestCases" name="testcase" time="0.669">
    <error/>
  </testcase> <!-- testcase -->
  <testcase classname="com.tibco.rest.test.DataDrivenTestCases" name="testcase" time="0.091">
    <error/>
  </testcase> <!-- testcase -->
  <testcase classname="com.tibco.rest.test.DataDrivenTestCases" name="testcase" time="0.031">
    <error/>
  </testcase> <!-- testcase -->
  <testcase classname="com.tibco.rest.test.DataDrivenTestCases" name="testcase" time="0.239">
    <error/>
  </testcase> <!-- testcase -->
  <testcase classname="com.tibco.rest.test.DataDrivenTestCases" name="testcase" time="0.127">
    <error/>
  </testcase> <!-- testcase -->
  <testcase classname="com.tibco.rest.test.DataDrivenTestCases" name="testcase" time="0.080">
    <error/>
  </testcase> <!-- testcase -->
  <testcase classname="com.tibco.rest.test.DataDrivenTestCases" name="testcase" time="0.238">
    <error/>
  </testcase> <!-- testcase -->
  <testcase classname="com.tibco.rest.test.DataDrivenTestCases" name="testcase" time="0.025">
    <error/>
  </testcase> <!-- testcase -->
  <testcase classname="com.tibco.rest.test.DataDrivenTestCases" name="testcase" time="0.157">
    <error/>
  </testcase> <!-- testcase -->
  <testcase classname="com.tibco.rest.test.DataDrivenTestCases" name="testcase" time="0.187">
    <error/>
  </testcase> <!-- testcase -->
  <testcase classname="com.tibco.rest.test.DataDrivenTestCases" name="testcase" time="0.154">
    <error/>
  </testcase> <!-- testcase -->
  <testcase classname="com.tibco.rest.test.DataDrivenTestCases" name="testcase" time="0.042">
    <error/>
  </testcase> <!-- testcase -->
  <testcase classname="com.tibco.rest.test.DataDrivenTestCases" name="testcase" time="0.031">
    <error/>
  </testcase> <!-- testcase -->
  <testcase classname="com.tibco.rest.test.DataDrivenTestCases" name="testcase" time="0.148">
    <error/>
  </testcase> <!-- testcase -->
  <testcase classname="com.tibco.rest.test.DataDrivenTestCases" name="testcase" time="0.049">
    <error/>
  </testcase> <!-- testcase -->
  <testcase classname="com.tibco.rest.test.DataDrivenTestCases" name="testcase" time="0.049">
    <error/>
  </testcase> <!-- testcase -->
  <testcase classname="com.tibco.rest.test.DataDrivenTestCases" name="testcase" time="0.175">
    <error/>
  </testcase> <!-- testcase -->
  <testcase classname="com.tibco.rest.test.DataDrivenTestCases" name="testcase" time="0.147">
    <error/>
  </testcase> <!-- testcase -->
  <testcase classname="com.tibco.rest.test.DataDrivenTestCases" name="testcase" time="0.047">
    <error/>
  </testcase> <!-- testcase -->
  <testcase classname="com.tibco.rest.test.DataDrivenTestCases" name="testcase" time="0.047">
    <error/>
  </testcase> <!-- testcase -->
  <testcase classname="com.tibco.rest.test.DataDrivenTestCases" name="testcase" time="0.047">
    <error/>
  </testcase> <!-- testcase -->
  <testcase classname="com.tibco.rest.test.DataDrivenTestCases" name="testcase" time="0.042">
    <error/>
  </testcase> <!-- testcase -->
  <testcase classname="com.tibco.rest.test.DataDrivenTestCases" name="testcase" time="0.152">
    <error/>
  </testcase> <!-- testcase -->
  <testcase classname="com.tibco.rest.test.DataDrivenTestCases" name="testcase" time="0.317">
    <error/>
  </testcase> <!-- testcase -->
  <testcase classname="com.tibco.rest.test.DataDrivenTestCases" name="testcase" time="0.333">
    <error/>
  </testcase> <!-- testcase -->
  <testcase classname="com.tibco.rest.test.DataDrivenTestCases" name="testcase" time="0.016">
    <error/>
  </testcase> <!-- testcase -->
  <testcase classname="com.tibco.rest.test.DataDrivenTestCases" name="testcase" time="0.254">
    <error/>
  </testcase> <!-- testcase -->
  <testcase classname="com.tibco.rest.test.DataDrivenTestCases" name="testcase" time="0.272">
    <error/>
  </testcase> <!-- testcase -->
  <testcase classname="com.tibco.rest.test.DataDrivenTestCases" name="testcase" time="0.065">
    <error/>
  </testcase> <!-- testcase -->
  <testcase classname="com.tibco.rest.test.DataDrivenTestCases" name="testcase" time="0.032">
    <error/>
  </testcase> <!-- testcase -->
  <testcase classname="com.tibco.rest.test.DataDrivenTestCases" name="testcase" time="0.015">
    <error/>
  </testcase> <!-- testcase -->
  <testcase classname="com.tibco.rest.test.DataDrivenTestCases" name="testcase" time="0.064">
    <error/>
  </testcase> <!-- testcase -->
  <testcase classname="com.tibco.rest.test.DataDrivenTestCases" name="testcase" time="0.199">
    <error/>
  </testcase> <!-- testcase -->
  <testcase classname="com.tibco.rest.test.DataDrivenTestCases" name="testcase" time="0.050">
    <error/>
  </testcase> <!-- testcase -->
  <testcase classname="com.tibco.rest.test.DataDrivenTestCases" name="testcase" time="0.094">
    <error/>
  </testcase> <!-- testcase -->
  <testcase classname="com.tibco.rest.test.DataDrivenTestCases" name="testcase" time="0.250">
    <error/>
  </testcase> <!-- testcase -->
  <testcase classname="com.tibco.rest.test.DataDrivenTestCases" name="testcase" time="0.037">
    <error/>
  </testcase> <!-- testcase -->
  <testcase classname="com.tibco.rest.test.DataDrivenTestCases" name="testcase" time="0.036">
    <error/>
  </testcase> <!-- testcase -->
  <testcase classname="com.tibco.rest.test.DataDrivenTestCases" name="testcase" time="0.047">
    <error/>
  </testcase> <!-- testcase -->
  <testcase classname="com.tibco.rest.test.DataDrivenTestCases" name="testcase" time="0.015">
    <error/>
  </testcase> <!-- testcase -->
  <testcase classname="com.tibco.rest.test.DataDrivenTestCases" name="testcase" time="0.064">
    <error/>
  </testcase> <!-- testcase -->
  <testcase classname="com.tibco.rest.test.DataDrivenTestCases" name="testcase" time="0.127">
    <error/>
  </testcase> <!-- testcase -->
  <testcase classname="com.tibco.rest.test.DataDrivenTestCases" name="testcase" time="0.048">
    <error/>
  </testcase> <!-- testcase -->
  <testcase classname="com.tibco.rest.test.DataDrivenTestCases" name="testcase" time="0.048">
    <error/>
  </testcase> <!-- testcase -->
  <testcase classname="com.tibco.rest.test.DataDrivenTestCases" name="testcase" time="0.191">
    <error/>
  </testcase> <!-- testcase -->
  <testcase classname="com.tibco.rest.test.DataDrivenTestCases" name="testcase" time="0.552">
    <error/>
  </testcase> <!-- testcase -->
  <testcase classname="com.tibco.rest.test.DataDrivenTestCases" name="testcase" time="0.034">
    <error/>
  </testcase> <!-- testcase -->
  <testcase classname="com.tibco.rest.test.DataDrivenTestCases" name="testcase" time="0.312">
    <error/>
  </testcase> <!-- testcase -->
  <testcase classname="com.tibco.rest.test.DataDrivenTestCases" name="testcase" time="0.047">
    <error/>
  </testcase> <!-- testcase -->
  <testcase classname="com.tibco.rest.test.DataDrivenTestCases" name="testcase" time="0.241">
    <error/>
  </testcase> <!-- testcase -->
  <testcase classname="com.tibco.rest.test.DataDrivenTestCases" name="testcase" time="0.027">
    <error/>
  </testcase> <!-- testcase -->
  <testcase classname="com.tibco.rest.test.DataDrivenTestCases" name="testcase" time="0.438">
    <error/>
  </testcase> <!-- testcase -->
  <testcase classname="com.tibco.rest.test.DataDrivenTestCases" name="testcase" time="0.062">
    <error/>
  </testcase> <!-- testcase -->
  <testcase classname="com.tibco.rest.test.DataDrivenTestCases" name="testcase" time="0.174">
    <error/>
  </testcase> <!-- testcase -->
  <testcase classname="com.tibco.rest.test.DataDrivenTestCases" name="testcase" time="0.110">
    <error/>
  </testcase> <!-- testcase -->
  <testcase classname="com.tibco.rest.test.DataDrivenTestCases" name="testcase" time="0.312">
    <error/>
  </testcase> <!-- testcase -->
  <testcase classname="com.tibco.rest.test.DataDrivenTestCases" name="testcase" time="0.072">
    <error/>
  </testcase> <!-- testcase -->
  <testcase classname="com.tibco.rest.test.DataDrivenTestCases" name="testcase" time="0.094">
    <error/>
  </testcase> <!-- testcase -->
  <testcase classname="com.tibco.rest.test.DataDrivenTestCases" name="testcase" time="0.037">
    <error/>
  </testcase> <!-- testcase -->
  <testcase classname="com.tibco.rest.test.DataDrivenTestCases" name="testcase" time="0.064">
    <error/>
  </testcase> <!-- testcase -->
  <testcase classname="com.tibco.rest.test.DataDrivenTestCases" name="testcase" time="0.242">
    <error/>
  </testcase> <!-- testcase -->
  <testcase classname="com.tibco.rest.test.DataDrivenTestCases" name="testcase" time="0.033">
    <error/>
  </testcase> <!-- testcase -->
  <testcase classname="com.tibco.rest.test.DataDrivenTestCases" name="testcase" time="0.252">
    <error/>
  </testcase> <!-- testcase -->
  <testcase classname="com.tibco.rest.test.DataDrivenTestCases" name="testcase" time="0.047">
    <error/>
  </testcase> <!-- testcase -->
  <testcase classname="com.tibco.rest.test.DataDrivenTestCases" name="testcase" time="0.238">
    <error/>
  </testcase> <!-- testcase -->
  <testcase classname="com.tibco.rest.test.DataDrivenTestCases" name="testcase" time="0.219">
    <error/>
  </testcase> <!-- testcase -->
  <testcase classname="com.tibco.rest.test.DataDrivenTestCases" name="testcase" time="0.190">
    <error/>
  </testcase> <!-- testcase -->
  <testcase classname="com.tibco.rest.test.DataDrivenTestCases" name="testcase" time="0.096">
    <error/>
  </testcase> <!-- testcase -->
  <testcase classname="com.tibco.rest.test.DataDrivenTestCases" name="testcase" time="0.037">
    <error/>
  </testcase> <!-- testcase -->
  <testcase classname="com.tibco.rest.test.DataDrivenTestCases" name="testcase" time="0.095">
    <error/>
  </testcase> <!-- testcase -->
  <testcase classname="com.tibco.rest.test.DataDrivenTestCases" name="testcase" time="0.455">
    <error/>
  </testcase> <!-- testcase -->
  <testcase classname="com.tibco.rest.test.DataDrivenTestCases" name="testcase" time="0.290">
    <error/>
  </testcase> <!-- testcase -->
  <testcase classname="com.tibco.rest.test.DataDrivenTestCases" name="testcase" time="0.203">
    <error/>
  </testcase> <!-- testcase -->
  <testcase classname="com.tibco.rest.test.DataDrivenTestCases" name="testcase" time="0.019">
    <error/>
  </testcase> <!-- testcase -->
  <testcase classname="com.tibco.rest.test.DataDrivenTestCases" name="testcase" time="0.031">
    <error/>
  </testcase> <!-- testcase -->
  <testcase classname="com.tibco.rest.test.DataDrivenTestCases" name="testcase" time="0.094">
    <error/>
  </testcase> <!-- testcase -->
  <testcase classname="com.tibco.rest.test.DataDrivenTestCases" name="testcase" time="0.063">
    <error/>
  </testcase> <!-- testcase -->
  <testcase classname="com.tibco.rest.test.DataDrivenTestCases" name="testcase" time="0.053">
    <error/>
  </testcase> <!-- testcase -->
  <testcase classname="com.tibco.rest.test.DataDrivenTestCases" name="testcase" time="0.044">
    <error/>
  </testcase> <!-- testcase -->
  <testcase classname="com.tibco.rest.test.DataDrivenTestCases" name="testcase" time="0.020">
    <error/>
  </testcase> <!-- testcase -->
  <testcase classname="com.tibco.rest.test.DataDrivenTestCases" name="testcase" time="0.174">
    <error/>
  </testcase> <!-- testcase -->
  <testcase classname="com.tibco.rest.test.DataDrivenTestCases" name="testcase" time="0.032">
    <error/>
  </testcase> <!-- testcase -->
  <testcase classname="com.tibco.rest.test.DataDrivenTestCases" name="testcase" time="0.078">
    <error/>
  </testcase> <!-- testcase -->
  <testcase classname="com.tibco.rest.test.DataDrivenTestCases" name="testcase" time="0.175">
    <error/>
  </testcase> <!-- testcase -->
  <testcase classname="com.tibco.rest.test.DataDrivenTestCases" name="testcase" time="0.188">
    <error/>
  </testcase> <!-- testcase -->
  <testcase classname="com.tibco.rest.test.DataDrivenTestCases" name="testcase" time="0.391">
    <error/>
  </testcase> <!-- testcase -->
  <testcase classname="com.tibco.rest.test.DataDrivenTestCases" name="testcase" time="0.043">
    <error/>
  </testcase> <!-- testcase -->
  <testcase classname="com.tibco.rest.test.DataDrivenTestCases" name="testcase" time="0.090">
    <error/>
  </testcase> <!-- testcase -->
  <testcase classname="com.tibco.rest.test.DataDrivenTestCases" name="testcase" time="0.041">
    <error/>
  </testcase> <!-- testcase -->
  <testcase classname="com.tibco.rest.test.DataDrivenTestCases" name="testcase" time="0.045">
    <error/>
  </testcase> <!-- testcase -->
  <testcase classname="com.tibco.rest.test.DataDrivenTestCases" name="testcase" time="0.344">
    <error/>
  </testcase> <!-- testcase -->
  <testcase classname="com.tibco.rest.test.DataDrivenTestCases" name="testcase" time="0.047">
    <error/>
  </testcase> <!-- testcase -->
  <testcase classname="com.tibco.rest.test.DataDrivenTestCases" name="testcase" time="0.040">
    <error/>
  </testcase> <!-- testcase -->
  <testcase classname="com.tibco.rest.test.DataDrivenTestCases" name="testcase" time="0.166">
    <error/>
  </testcase> <!-- testcase -->
  <testcase classname="com.tibco.rest.test.DataDrivenTestCases" name="testcase" time="0.413">
    <error/>
  </testcase> <!-- testcase -->
  <testcase classname="com.tibco.rest.test.DataDrivenTestCases" name="testcase" time="0.160">
    <error/>
  </testcase> <!-- testcase -->
  <testcase classname="com.tibco.rest.test.DataDrivenTestCases" name="testcase" time="0.254">
    <error/>
  </testcase> <!-- testcase -->
  <testcase classname="com.tibco.rest.test.DataDrivenTestCases" name="testcase" time="0.111">
    <error/>
  </testcase> <!-- testcase -->
  <testcase classname="com.tibco.rest.test.DataDrivenTestCases" name="testcase" time="0.027">
    <error/>
  </testcase> <!-- testcase -->
  <testcase classname="com.tibco.rest.test.DataDrivenTestCases" name="testcase" time="0.062">
    <error/>
  </testcase> <!-- testcase -->
  <testcase classname="com.tibco.rest.test.DataDrivenTestCases" name="testcase" time="0.053">
    <error/>
  </testcase> <!-- testcase -->
  <testcase classname="com.tibco.rest.test.DataDrivenTestCases" name="testcase" time="0.031">
    <error/>
  </testcase> <!-- testcase -->
  <testcase classname="com.tibco.rest.test.DataDrivenTestCases" name="testcase" time="0.156">
    <error/>
  </testcase> <!-- testcase -->
  <testcase classname="com.tibco.rest.test.DataDrivenTestCases" name="testcase" time="0.032">
    <error/>
  </testcase> <!-- testcase -->
  <testcase classname="com.tibco.rest.test.DataDrivenTestCases" name="testcase" time="0.047">
    <error/>
  </testcase> <!-- testcase -->
  <testcase classname="com.tibco.rest.test.DataDrivenTestCases" name="testcase" time="0.127">
    <error/>
  </testcase> <!-- testcase -->
  <testcase classname="com.tibco.rest.test.DataDrivenTestCases" name="testcase" time="0.031">
    <error/>
  </testcase> <!-- testcase -->
  <testcase classname="com.tibco.rest.test.DataDrivenTestCases" name="testcase" time="0.085">
    <error/>
  </testcase> <!-- testcase -->
  <testcase classname="com.tibco.rest.test.DataDrivenTestCases" name="testcase" time="0.072">
    <error/>
  </testcase> <!-- testcase -->
  <testcase classname="com.tibco.rest.test.DataDrivenTestCases" name="testcase" time="0.408">
    <error/>
  </testcase> <!-- testcase -->
  <testcase classname="com.tibco.rest.test.DataDrivenTestCases" name="testcase" time="0.063">
    <error/>
  </testcase> <!-- testcase -->
  <testcase classname="com.tibco.rest.test.DataDrivenTestCases" name="testcase" time="0.063">
    <error/>
  </testcase> <!-- testcase -->
  <testcase classname="com.tibco.rest.test.DataDrivenTestCases" name="testcase" time="0.045">
    <error/>
  </testcase> <!-- testcase -->
  <testcase classname="com.tibco.rest.test.DataDrivenTestCases" name="testcase" time="0.042">
    <error/>
  </testcase> <!-- testcase -->
  <testcase classname="com.tibco.rest.test.DataDrivenTestCases" name="testcase" time="0.024">
    <error/>
  </testcase> <!-- testcase -->
  <testcase classname="com.tibco.rest.test.DataDrivenTestCases" name="testcase" time="0.061">
    <error/>
  </testcase> <!-- testcase -->
  <testcase classname="com.tibco.rest.test.DataDrivenTestCases" name="testcase" time="0.200">
    <error/>
  </testcase> <!-- testcase -->
  <testcase classname="com.tibco.rest.test.DataDrivenTestCases" name="testcase" time="0.049">
    <error/>
  </testcase> <!-- testcase -->
  <testcase classname="com.tibco.rest.test.DataDrivenTestCases" name="testcase" time="0.048">
    <error/>
  </testcase> <!-- testcase -->
  <testcase classname="com.tibco.rest.test.DataDrivenTestCases" name="testcase" time="0.367">
    <error/>
  </testcase> <!-- testcase -->
  <testcase classname="com.tibco.rest.test.DataDrivenTestCases" name="testcase" time="0.031">
    <error/>
  </testcase> <!-- testcase -->
  <testcase classname="com.tibco.rest.test.DataDrivenTestCases" name="testcase" time="0.032">
    <error/>
  </testcase> <!-- testcase -->
  <testcase classname="com.tibco.rest.test.DataDrivenTestCases" name="testcase" time="0.299">
    <error/>
  </testcase> <!-- testcase -->
  <testcase classname="com.tibco.rest.test.DataDrivenTestCases" name="testcase" time="0.325">
    <error/>
  </testcase> <!-- testcase -->
  <testcase classname="com.tibco.rest.test.DataDrivenTestCases" name="testcase" time="0.143">
    <failure message="Expected value should be &quot;Auto RESTAPI X12 node0 Edited&quot; : Actual value is &quot;00200&quot;" type="java.lang.AssertionError">
      <![CDATA[java.lang.AssertionError: Expected value should be "Auto RESTAPI X12 node0 Edited" : Actual value is "00200"
	at com.tibco.rest.restAssured.Assertions.assertTrue(Assertions.java:166)
	at com.tibco.rest.restAssured.Assertions.assertEquals(Assertions.java:183)
	at com.tibco.rest.test.DataDrivenTestCases.verifyResponse(DataDrivenTestCases.java:508)
	at com.tibco.rest.test.DataDrivenTestCases.testcase(DataDrivenTestCases.java:377)
	at jdk.internal.reflect.GeneratedMethodAccessor64.invoke(Unknown Source)
	at java.base/jdk.internal.reflect.DelegatingMethodAccessorImpl.invoke(DelegatingMethodAccessorImpl.java:43)
	at java.base/java.lang.reflect.Method.invoke(Method.java:568)
	at org.testng.internal.MethodInvocationHelper.invokeMethod(MethodInvocationHelper.java:108)
	at org.testng.internal.Invoker.invokeMethod(Invoker.java:661)
	at org.testng.internal.Invoker.invokeTestMethod(Invoker.java:869)
	at org.testng.internal.Invoker.invokeTestMethods(Invoker.java:1193)
	at org.testng.internal.TestMethodWorker.invokeTestMethods(TestMethodWorker.java:126)
	at org.testng.internal.TestMethodWorker.run(TestMethodWorker.java:109)
	at org.testng.TestRunner.privateRun(TestRunner.java:744)
	at org.testng.TestRunner.run(TestRunner.java:602)
	at org.testng.SuiteRunner.runTest(SuiteRunner.java:380)
	at org.testng.SuiteRunner.runSequentially(SuiteRunner.java:375)
	at org.testng.SuiteRunner.privateRun(SuiteRunner.java:340)
	at org.testng.SuiteRunner.run(SuiteRunner.java:289)
	at org.testng.SuiteRunnerWorker.runSuite(SuiteRunnerWorker.java:52)
	at org.testng.SuiteRunnerWorker.run(SuiteRunnerWorker.java:86)
	at org.testng.TestNG.runSuitesSequentially(TestNG.java:1301)
	at org.testng.TestNG.runSuitesLocally(TestNG.java:1226)
	at org.testng.TestNG.runSuites(TestNG.java:1144)
	at org.testng.TestNG.run(TestNG.java:1115)
	at org.testng.TestNG.privateMain(TestNG.java:1442)
	at org.testng.TestNG.main(TestNG.java:1411)
]]>
    </failure>
  </testcase> <!-- testcase -->
  <testcase classname="com.tibco.rest.test.DataDrivenTestCases" name="testcase" time="0.240">
    <error/>
  </testcase> <!-- testcase -->
  <testcase classname="com.tibco.rest.test.DataDrivenTestCases" name="testcase" time="0.016">
    <error/>
  </testcase> <!-- testcase -->
  <testcase classname="com.tibco.rest.test.DataDrivenTestCases" name="testcase" time="0.360">
    <error/>
  </testcase> <!-- testcase -->
  <testcase classname="com.tibco.rest.test.DataDrivenTestCases" name="testcase" time="0.159">
    <error/>
  </testcase> <!-- testcase -->
  <testcase classname="com.tibco.rest.test.DataDrivenTestCases" name="testcase" time="0.032">
    <error/>
  </testcase> <!-- testcase -->
  <testcase classname="com.tibco.rest.test.DataDrivenTestCases" name="testcase" time="0.461">
    <error/>
  </testcase> <!-- testcase -->
  <testcase classname="com.tibco.rest.test.DataDrivenTestCases" name="testcase" time="0.021">
    <error/>
  </testcase> <!-- testcase -->
  <testcase classname="com.tibco.rest.test.DataDrivenTestCases" name="testcase" time="0.047">
    <error/>
  </testcase> <!-- testcase -->
  <testcase classname="com.tibco.rest.test.DataDrivenTestCases" name="testcase" time="0.064">
    <error/>
  </testcase> <!-- testcase -->
  <testcase classname="com.tibco.rest.test.DataDrivenTestCases" name="testcase" time="0.363">
    <error/>
  </testcase> <!-- testcase -->
  <testcase classname="com.tibco.rest.test.DataDrivenTestCases" name="testcase" time="0.036">
    <error/>
  </testcase> <!-- testcase -->
  <testcase classname="com.tibco.rest.test.DataDrivenTestCases" name="testcase" time="0.047">
    <error/>
  </testcase> <!-- testcase -->
  <testcase classname="com.tibco.rest.test.DataDrivenTestCases" name="testcase" time="0.039">
    <error/>
  </testcase> <!-- testcase -->
  <testcase classname="com.tibco.rest.test.DataDrivenTestCases" name="testcase" time="0.165">
    <error/>
  </testcase> <!-- testcase -->
  <testcase classname="com.tibco.rest.test.DataDrivenTestCases" name="testcase" time="0.031">
    <error/>
  </testcase> <!-- testcase -->
  <testcase classname="com.tibco.rest.test.DataDrivenTestCases" name="testcase" time="0.016">
    <error/>
  </testcase> <!-- testcase -->
  <testcase classname="com.tibco.rest.test.DataDrivenTestCases" name="testcase" time="0.064">
    <error/>
  </testcase> <!-- testcase -->
  <testcase classname="com.tibco.rest.test.DataDrivenTestCases" name="testcase" time="0.020">
    <error/>
  </testcase> <!-- testcase -->
  <testcase classname="com.tibco.rest.test.DataDrivenTestCases" name="testcase" time="0.064">
    <error/>
  </testcase> <!-- testcase -->
  <testcase classname="com.tibco.rest.test.DataDrivenTestCases" name="testcase" time="0.082">
    <error/>
  </testcase> <!-- testcase -->
  <testcase classname="com.tibco.rest.test.DataDrivenTestCases" name="testcase" time="0.141">
    <error/>
  </testcase> <!-- testcase -->
  <testcase classname="com.tibco.rest.test.DataDrivenTestCases" name="testcase" time="0.079">
    <error/>
  </testcase> <!-- testcase -->
  <testcase classname="com.tibco.rest.test.DataDrivenTestCases" name="testcase" time="0.583">
    <error/>
  </testcase> <!-- testcase -->
  <testcase classname="com.tibco.rest.test.DataDrivenTestCases" name="testcase" time="0.016">
    <error/>
  </testcase> <!-- testcase -->
  <testcase classname="com.tibco.rest.test.DataDrivenTestCases" name="testcase" time="1.162">
    <error/>
  </testcase> <!-- testcase -->
  <testcase classname="com.tibco.rest.test.DataDrivenTestCases" name="testcase" time="0.297">
    <error/>
  </testcase> <!-- testcase -->
  <testcase classname="com.tibco.rest.test.DataDrivenTestCases" name="testcase" time="0.033">
    <error/>
  </testcase> <!-- testcase -->
  <testcase classname="com.tibco.rest.test.DataDrivenTestCases" name="testcase" time="0.015">
    <error/>
  </testcase> <!-- testcase -->
  <testcase classname="com.tibco.rest.test.DataDrivenTestCases" name="testcase" time="0.015">
    <error/>
  </testcase> <!-- testcase -->
  <testcase classname="com.tibco.rest.test.DataDrivenTestCases" name="testcase" time="0.020">
    <error/>
  </testcase> <!-- testcase -->
  <testcase classname="com.tibco.rest.test.DataDrivenTestCases" name="testcase" time="0.032">
    <error/>
  </testcase> <!-- testcase -->
  <testcase classname="com.tibco.rest.test.DataDrivenTestCases" name="testcase" time="0.104">
    <error/>
  </testcase> <!-- testcase -->
  <testcase classname="com.tibco.rest.test.DataDrivenTestCases" name="testcase" time="0.157">
    <error/>
  </testcase> <!-- testcase -->
  <testcase classname="com.tibco.rest.test.DataDrivenTestCases" name="testcase" time="0.082">
    <error/>
  </testcase> <!-- testcase -->
  <testcase classname="com.tibco.rest.test.DataDrivenTestCases" name="testcase" time="0.353">
    <error/>
  </testcase> <!-- testcase -->
  <testcase classname="com.tibco.rest.test.DataDrivenTestCases" name="testcase" time="0.041">
    <error/>
  </testcase> <!-- testcase -->
  <testcase classname="com.tibco.rest.test.DataDrivenTestCases" name="testcase" time="0.032">
    <error/>
  </testcase> <!-- testcase -->
  <testcase classname="com.tibco.rest.test.DataDrivenTestCases" name="testcase" time="0.064">
    <error/>
  </testcase> <!-- testcase -->
  <testcase classname="com.tibco.rest.test.DataDrivenTestCases" name="testcase" time="0.051">
    <error/>
  </testcase> <!-- testcase -->
  <testcase classname="com.tibco.rest.test.DataDrivenTestCases" name="testcase" time="0.279">
    <error/>
  </testcase> <!-- testcase -->
  <testcase classname="com.tibco.rest.test.DataDrivenTestCases" name="testcase" time="0.406">
    <error/>
  </testcase> <!-- testcase -->
  <testcase classname="com.tibco.rest.test.DataDrivenTestCases" name="testcase" time="0.030">
    <error/>
  </testcase> <!-- testcase -->
  <testcase classname="com.tibco.rest.test.DataDrivenTestCases" name="testcase" time="0.218">
    <error/>
  </testcase> <!-- testcase -->
  <testcase classname="com.tibco.rest.test.DataDrivenTestCases" name="testcase" time="0.031">
    <error/>
  </testcase> <!-- testcase -->
  <testcase classname="com.tibco.rest.test.DataDrivenTestCases" name="testcase" time="0.063">
    <error/>
  </testcase> <!-- testcase -->
  <testcase classname="com.tibco.rest.test.DataDrivenTestCases" name="testcase" time="0.254">
    <error/>
  </testcase> <!-- testcase -->
  <testcase classname="com.tibco.rest.test.DataDrivenTestCases" name="testcase" time="0.048">
    <error/>
  </testcase> <!-- testcase -->
  <testcase classname="com.tibco.rest.test.DataDrivenTestCases" name="testcase" time="0.594">
    <error/>
  </testcase> <!-- testcase -->
  <testcase classname="com.tibco.rest.test.DataDrivenTestCases" name="testcase" time="0.076">
    <error/>
  </testcase> <!-- testcase -->
  <testcase classname="com.tibco.rest.test.DataDrivenTestCases" name="testcase" time="0.085">
    <error/>
  </testcase> <!-- testcase -->
  <testcase classname="com.tibco.rest.test.DataDrivenTestCases" name="testcase" time="0.008">
    <error/>
  </testcase> <!-- testcase -->
  <testcase classname="com.tibco.rest.test.DataDrivenTestCases" name="testcase" time="0.063">
    <error/>
  </testcase> <!-- testcase -->
  <testcase classname="com.tibco.rest.test.DataDrivenTestCases" name="testcase" time="0.031">
    <error/>
  </testcase> <!-- testcase -->
  <testcase classname="com.tibco.rest.test.DataDrivenTestCases" name="testcase" time="0.302">
    <error/>
  </testcase> <!-- testcase -->
  <testcase classname="com.tibco.rest.test.DataDrivenTestCases" name="testcase" time="0.160">
    <error/>
  </testcase> <!-- testcase -->
  <testcase classname="com.tibco.rest.test.DataDrivenTestCases" name="testcase" time="0.109">
    <error/>
  </testcase> <!-- testcase -->
  <testcase classname="com.tibco.rest.test.DataDrivenTestCases" name="testcase" time="0.044">
    <error/>
  </testcase> <!-- testcase -->
  <testcase classname="com.tibco.rest.test.DataDrivenTestCases" name="testcase" time="0.062">
    <error/>
  </testcase> <!-- testcase -->
  <testcase classname="com.tibco.rest.test.DataDrivenTestCases" name="testcase" time="0.016">
    <error/>
  </testcase> <!-- testcase -->
  <testcase classname="com.tibco.rest.test.DataDrivenTestCases" name="testcase" time="0.010">
    <error/>
  </testcase> <!-- testcase -->
  <testcase classname="com.tibco.rest.test.DataDrivenTestCases" name="testcase" time="0.062">
    <error/>
  </testcase> <!-- testcase -->
  <testcase classname="com.tibco.rest.test.DataDrivenTestCases" name="testcase" time="0.032">
    <error/>
  </testcase> <!-- testcase -->
  <testcase classname="com.tibco.rest.test.DataDrivenTestCases" name="testcase" time="0.031">
    <error/>
  </testcase> <!-- testcase -->
  <testcase classname="com.tibco.rest.test.DataDrivenTestCases" name="testcase" time="0.063">
    <error/>
  </testcase> <!-- testcase -->
  <testcase classname="com.tibco.rest.test.DataDrivenTestCases" name="testcase" time="0.023">
    <error/>
  </testcase> <!-- testcase -->
  <testcase classname="com.tibco.rest.test.DataDrivenTestCases" name="testcase" time="0.079">
    <error/>
  </testcase> <!-- testcase -->
  <testcase classname="com.tibco.rest.test.DataDrivenTestCases" name="testcase" time="0.175">
    <error/>
  </testcase> <!-- testcase -->
  <testcase classname="com.tibco.rest.test.DataDrivenTestCases" name="testcase" time="0.048">
    <error/>
  </testcase> <!-- testcase -->
  <testcase classname="com.tibco.rest.test.DataDrivenTestCases" name="testcase" time="0.266">
    <error/>
  </testcase> <!-- testcase -->
  <testcase classname="com.tibco.rest.test.DataDrivenTestCases" name="testcase" time="0.063">
    <error/>
  </testcase> <!-- testcase -->
  <testcase classname="com.tibco.rest.test.DataDrivenTestCases" name="testcase" time="0.319">
    <error/>
  </testcase> <!-- testcase -->
  <testcase classname="com.tibco.rest.test.DataDrivenTestCases" name="testcase" time="0.286">
    <error/>
  </testcase> <!-- testcase -->
  <testcase classname="com.tibco.rest.test.DataDrivenTestCases" name="testcase" time="0.430">
    <error/>
  </testcase> <!-- testcase -->
  <testcase classname="com.tibco.rest.test.DataDrivenTestCases" name="testcase" time="0.078">
    <error/>
  </testcase> <!-- testcase -->
  <testcase classname="com.tibco.rest.test.DataDrivenTestCases" name="testcase" time="0.063">
    <error/>
  </testcase> <!-- testcase -->
  <testcase classname="com.tibco.rest.test.DataDrivenTestCases" name="testcase" time="0.051">
    <error/>
  </testcase> <!-- testcase -->
  <testcase classname="com.tibco.rest.test.DataDrivenTestCases" name="testcase" time="0.058">
    <error/>
  </testcase> <!-- testcase -->
  <testcase classname="com.tibco.rest.test.DataDrivenTestCases" name="testcase" time="0.047">
    <error/>
  </testcase> <!-- testcase -->
  <testcase classname="com.tibco.rest.test.DataDrivenTestCases" name="testcase" time="0.051">
    <error/>
  </testcase> <!-- testcase -->
  <testcase classname="com.tibco.rest.test.DataDrivenTestCases" name="testcase" time="0.047">
    <error/>
  </testcase> <!-- testcase -->
  <testcase classname="com.tibco.rest.test.DataDrivenTestCases" name="testcase" time="0.238">
    <error/>
  </testcase> <!-- testcase -->
  <testcase classname="com.tibco.rest.test.DataDrivenTestCases" name="testcase" time="0.017">
    <error/>
  </testcase> <!-- testcase -->
  <testcase classname="com.tibco.rest.test.DataDrivenTestCases" name="testcase" time="0.295">
    <error/>
  </testcase> <!-- testcase -->
  <testcase classname="com.tibco.rest.test.DataDrivenTestCases" name="testcase" time="0.223">
    <error/>
  </testcase> <!-- testcase -->
  <testcase classname="com.tibco.rest.test.DataDrivenTestCases" name="testcase" time="0.032">
    <error/>
  </testcase> <!-- testcase -->
  <testcase classname="com.tibco.rest.test.DataDrivenTestCases" name="testcase" time="0.360">
    <error/>
  </testcase> <!-- testcase -->
  <testcase classname="com.tibco.rest.test.DataDrivenTestCases" name="testcase" time="0.164">
    <error/>
  </testcase> <!-- testcase -->
  <testcase classname="com.tibco.rest.test.DataDrivenTestCases" name="testcase" time="0.064">
    <error/>
  </testcase> <!-- testcase -->
  <testcase classname="com.tibco.rest.test.DataDrivenTestCases" name="testcase" time="1.425">
    <error/>
  </testcase> <!-- testcase -->
  <testcase classname="com.tibco.rest.test.DataDrivenTestCases" name="testcase" time="0.218">
    <error/>
  </testcase> <!-- testcase -->
  <testcase classname="com.tibco.rest.test.DataDrivenTestCases" name="testcase" time="0.021">
    <error/>
  </testcase> <!-- testcase -->
  <testcase classname="com.tibco.rest.test.DataDrivenTestCases" name="testcase" time="0.235">
    <error/>
  </testcase> <!-- testcase -->
  <testcase classname="com.tibco.rest.test.DataDrivenTestCases" name="testcase" time="0.031">
    <error/>
  </testcase> <!-- testcase -->
  <testcase classname="com.tibco.rest.test.DataDrivenTestCases" name="testcase" time="0.064">
    <error/>
  </testcase> <!-- testcase -->
  <testcase classname="com.tibco.rest.test.DataDrivenTestCases" name="testcase" time="0.048">
    <error/>
  </testcase> <!-- testcase -->
  <testcase classname="com.tibco.rest.test.DataDrivenTestCases" name="testcase" time="0.288">
    <error/>
  </testcase> <!-- testcase -->
  <testcase classname="com.tibco.rest.test.DataDrivenTestCases" name="testcase" time="0.127">
    <error/>
  </testcase> <!-- testcase -->
  <testcase classname="com.tibco.rest.test.DataDrivenTestCases" name="testcase" time="0.191">
    <error/>
  </testcase> <!-- testcase -->
  <testcase classname="com.tibco.rest.test.DataDrivenTestCases" name="testcase" time="0.118">
    <error/>
  </testcase> <!-- testcase -->
  <testcase classname="com.tibco.rest.test.DataDrivenTestCases" name="testcase" time="0.348">
    <error/>
  </testcase> <!-- testcase -->
  <testcase classname="com.tibco.rest.test.DataDrivenTestCases" name="testcase" time="0.335">
    <error/>
  </testcase> <!-- testcase -->
  <testcase classname="com.tibco.rest.test.DataDrivenTestCases" name="testcase" time="0.031">
    <error/>
  </testcase> <!-- testcase -->
  <testcase classname="com.tibco.rest.test.DataDrivenTestCases" name="testcase" time="0.057">
    <error/>
  </testcase> <!-- testcase -->
  <testcase classname="com.tibco.rest.test.DataDrivenTestCases" name="testcase" time="0.459">
    <error/>
  </testcase> <!-- testcase -->
  <testcase classname="com.tibco.rest.test.DataDrivenTestCases" name="testcase" time="0.250">
    <error/>
  </testcase> <!-- testcase -->
  <testcase classname="com.tibco.rest.test.DataDrivenTestCases" name="testcase" time="0.031">
    <error/>
  </testcase> <!-- testcase -->
  <testcase classname="com.tibco.rest.test.DataDrivenTestCases" name="testcase" time="0.057">
    <error/>
  </testcase> <!-- testcase -->
  <testcase classname="com.tibco.rest.test.DataDrivenTestCases" name="testcase" time="0.159">
    <error/>
  </testcase> <!-- testcase -->
  <testcase classname="com.tibco.rest.test.DataDrivenTestCases" name="testcase" time="0.080">
    <error/>
  </testcase> <!-- testcase -->
  <testcase classname="com.tibco.rest.test.DataDrivenTestCases" name="testcase" time="0.011">
    <error/>
  </testcase> <!-- testcase -->
  <testcase classname="com.tibco.rest.test.DataDrivenTestCases" name="testcase" time="0.016">
    <error/>
  </testcase> <!-- testcase -->
  <testcase classname="com.tibco.rest.test.DataDrivenTestCases" name="testcase" time="0.176">
    <error/>
  </testcase> <!-- testcase -->
  <testcase classname="com.tibco.rest.test.DataDrivenTestCases" name="testcase" time="0.051">
    <error/>
  </testcase> <!-- testcase -->
  <testcase classname="com.tibco.rest.test.DataDrivenTestCases" name="testcase" time="0.095">
    <error/>
  </testcase> <!-- testcase -->
  <testcase classname="com.tibco.rest.test.DataDrivenTestCases" name="testcase" time="0.101">
    <error/>
  </testcase> <!-- testcase -->
  <testcase classname="com.tibco.rest.test.DataDrivenTestCases" name="testcase" time="0.062">
    <error/>
  </testcase> <!-- testcase -->
  <testcase classname="com.tibco.rest.test.DataDrivenTestCases" name="testcase" time="0.239">
    <error/>
  </testcase> <!-- testcase -->
  <testcase classname="com.tibco.rest.test.DataDrivenTestCases" name="testcase" time="0.160">
    <error/>
  </testcase> <!-- testcase -->
  <testcase classname="com.tibco.rest.test.DataDrivenTestCases" name="testcase" time="0.109">
    <error/>
  </testcase> <!-- testcase -->
  <testcase classname="com.tibco.rest.test.DataDrivenTestCases" name="testcase" time="0.031">
    <error/>
  </testcase> <!-- testcase -->
  <testcase classname="com.tibco.rest.test.DataDrivenTestCases" name="testcase" time="0.438">
    <error/>
  </testcase> <!-- testcase -->
  <testcase classname="com.tibco.rest.test.DataDrivenTestCases" name="testcase" time="0.031">
    <error/>
  </testcase> <!-- testcase -->
  <testcase classname="com.tibco.rest.test.DataDrivenTestCases" name="testcase" time="0.052">
    <error/>
  </testcase> <!-- testcase -->
  <testcase classname="com.tibco.rest.test.DataDrivenTestCases" name="testcase" time="0.022">
    <error/>
  </testcase> <!-- testcase -->
  <testcase classname="com.tibco.rest.test.DataDrivenTestCases" name="testcase" time="0.055">
    <error/>
  </testcase> <!-- testcase -->
  <testcase classname="com.tibco.rest.test.DataDrivenTestCases" name="testcase" time="0.174">
    <error/>
  </testcase> <!-- testcase -->
  <testcase classname="com.tibco.rest.test.DataDrivenTestCases" name="testcase" time="0.207">
    <error/>
  </testcase> <!-- testcase -->
  <testcase classname="com.tibco.rest.test.DataDrivenTestCases" name="testcase" time="0.191">
    <error/>
  </testcase> <!-- testcase -->
  <testcase classname="com.tibco.rest.test.DataDrivenTestCases" name="testcase" time="0.064">
    <error/>
  </testcase> <!-- testcase -->
  <testcase classname="com.tibco.rest.test.DataDrivenTestCases" name="testcase" time="0.062">
    <error/>
  </testcase> <!-- testcase -->
  <testcase classname="com.tibco.rest.test.DataDrivenTestCases" name="testcase" time="0.031">
    <error/>
  </testcase> <!-- testcase -->
  <testcase classname="com.tibco.rest.test.DataDrivenTestCases" name="testcase" time="0.640">
    <error/>
  </testcase> <!-- testcase -->
  <testcase classname="com.tibco.rest.test.DataDrivenTestCases" name="testcase" time="0.048">
    <error/>
  </testcase> <!-- testcase -->
  <testcase classname="com.tibco.rest.test.DataDrivenTestCases" name="testcase" time="0.092">
    <error/>
  </testcase> <!-- testcase -->
  <testcase classname="com.tibco.rest.test.DataDrivenTestCases" name="testcase" time="0.041">
    <error/>
  </testcase> <!-- testcase -->
  <testcase classname="com.tibco.rest.test.DataDrivenTestCases" name="testcase" time="0.192">
    <error/>
  </testcase> <!-- testcase -->
  <testcase classname="com.tibco.rest.test.DataDrivenTestCases" name="testcase" time="0.033">
    <error/>
  </testcase> <!-- testcase -->
  <testcase classname="com.tibco.rest.test.DataDrivenTestCases" name="testcase" time="0.079">
    <error/>
  </testcase> <!-- testcase -->
  <testcase classname="com.tibco.rest.test.DataDrivenTestCases" name="testcase" time="0.048">
    <error/>
  </testcase> <!-- testcase -->
  <testcase classname="com.tibco.rest.test.DataDrivenTestCases" name="testcase" time="0.016">
    <error/>
  </testcase> <!-- testcase -->
  <testcase classname="com.tibco.rest.test.DataDrivenTestCases" name="testcase" time="0.048">
    <error/>
  </testcase> <!-- testcase -->
  <testcase classname="com.tibco.rest.test.DataDrivenTestCases" name="testcase" time="0.057">
    <error/>
  </testcase> <!-- testcase -->
  <testcase classname="com.tibco.rest.test.DataDrivenTestCases" name="testcase" time="0.176">
    <error/>
  </testcase> <!-- testcase -->
  <testcase classname="com.tibco.rest.test.DataDrivenTestCases" name="testcase" time="0.127">
    <error/>
  </testcase> <!-- testcase -->
  <testcase classname="com.tibco.rest.test.DataDrivenTestCases" name="testcase" time="0.063">
    <error/>
  </testcase> <!-- testcase -->
  <testcase classname="com.tibco.rest.test.DataDrivenTestCases" name="testcase" time="0.031">
    <error/>
  </testcase> <!-- testcase -->
  <testcase classname="com.tibco.rest.test.DataDrivenTestCases" name="testcase" time="0.031">
    <error/>
  </testcase> <!-- testcase -->
  <testcase classname="com.tibco.rest.test.DataDrivenTestCases" name="testcase" time="0.047">
    <error/>
  </testcase> <!-- testcase -->
  <testcase classname="com.tibco.rest.test.DataDrivenTestCases" name="testcase" time="0.047">
    <error/>
  </testcase> <!-- testcase -->
  <testcase classname="com.tibco.rest.test.DataDrivenTestCases" name="testcase" time="0.464">
    <error/>
  </testcase> <!-- testcase -->
  <testcase classname="com.tibco.rest.test.DataDrivenTestCases" name="testcase" time="0.095">
    <error/>
  </testcase> <!-- testcase -->
  <testcase classname="com.tibco.rest.test.DataDrivenTestCases" name="testcase" time="0.175">
    <error/>
  </testcase> <!-- testcase -->
  <testcase classname="com.tibco.rest.test.DataDrivenTestCases" name="testcase" time="0.176">
    <error/>
  </testcase> <!-- testcase -->
  <testcase classname="com.tibco.rest.test.DataDrivenTestCases" name="testcase" time="0.032">
    <error/>
  </testcase> <!-- testcase -->
  <testcase classname="com.tibco.rest.test.DataDrivenTestCases" name="testcase" time="0.031">
    <error/>
  </testcase> <!-- testcase -->
  <testcase classname="com.tibco.rest.test.DataDrivenTestCases" name="testcase" time="0.128">
    <error/>
  </testcase> <!-- testcase -->
  <testcase classname="com.tibco.rest.test.DataDrivenTestCases" name="testcase" time="0.175">
    <error/>
  </testcase> <!-- testcase -->
  <testcase classname="com.tibco.rest.test.DataDrivenTestCases" name="testcase" time="0.055">
    <error/>
  </testcase> <!-- testcase -->
  <testcase classname="com.tibco.rest.test.DataDrivenTestCases" name="testcase" time="0.159">
    <error/>
  </testcase> <!-- testcase -->
  <testcase classname="com.tibco.rest.test.DataDrivenTestCases" name="testcase" time="0.031">
    <error/>
  </testcase> <!-- testcase -->
  <testcase classname="com.tibco.rest.test.DataDrivenTestCases" name="testcase" time="0.047">
    <error/>
  </testcase> <!-- testcase -->
  <testcase classname="com.tibco.rest.test.DataDrivenTestCases" name="testcase" time="0.042">
    <error/>
  </testcase> <!-- testcase -->
  <testcase classname="com.tibco.rest.test.DataDrivenTestCases" name="testcase" time="0.084">
    <error/>
  </testcase> <!-- testcase -->
  <testcase classname="com.tibco.rest.test.DataDrivenTestCases" name="testcase" time="0.283">
    <error/>
  </testcase> <!-- testcase -->
  <testcase classname="com.tibco.rest.test.DataDrivenTestCases" name="testcase" time="0.047">
    <error/>
  </testcase> <!-- testcase -->
  <testcase classname="com.tibco.rest.test.DataDrivenTestCases" name="testcase" time="0.249">
    <error/>
  </testcase> <!-- testcase -->
  <testcase classname="com.tibco.rest.test.DataDrivenTestCases" name="testcase" time="0.363">
    <error/>
  </testcase> <!-- testcase -->
  <testcase classname="com.tibco.rest.test.DataDrivenTestCases" name="testcase" time="0.390">
    <error/>
  </testcase> <!-- testcase -->
  <testcase classname="com.tibco.rest.test.DataDrivenTestCases" name="testcase" time="0.032">
    <error/>
  </testcase> <!-- testcase -->
  <testcase classname="com.tibco.rest.test.DataDrivenTestCases" name="testcase" time="0.224">
    <error/>
  </testcase> <!-- testcase -->
  <testcase classname="com.tibco.rest.test.DataDrivenTestCases" name="testcase" time="0.032">
    <error/>
  </testcase> <!-- testcase -->
  <testcase classname="com.tibco.rest.test.DataDrivenTestCases" name="testcase" time="0.192">
    <error/>
  </testcase> <!-- testcase -->
  <testcase classname="com.tibco.rest.test.DataDrivenTestCases" name="testcase" time="0.296">
    <error/>
  </testcase> <!-- testcase -->
  <testcase classname="com.tibco.rest.test.DataDrivenTestCases" name="testcase" time="0.048">
    <error/>
  </testcase> <!-- testcase -->
  <testcase classname="com.tibco.rest.test.DataDrivenTestCases" name="testcase" time="0.048">
    <error/>
  </testcase> <!-- testcase -->
  <testcase classname="com.tibco.rest.test.DataDrivenTestCases" name="testcase" time="0.052">
    <error/>
  </testcase> <!-- testcase -->
  <testcase classname="com.tibco.rest.test.DataDrivenTestCases" name="testcase" time="0.064">
    <error/>
  </testcase> <!-- testcase -->
  <testcase classname="com.tibco.rest.test.DataDrivenTestCases" name="testcase" time="0.422">
    <error/>
  </testcase> <!-- testcase -->
  <testcase classname="com.tibco.rest.test.DataDrivenTestCases" name="testcase" time="0.031">
    <error/>
  </testcase> <!-- testcase -->
  <testcase classname="com.tibco.rest.test.DataDrivenTestCases" name="testcase" time="0.023">
    <error/>
  </testcase> <!-- testcase -->
  <testcase classname="com.tibco.rest.test.DataDrivenTestCases" name="testcase" time="0.032">
    <error/>
  </testcase> <!-- testcase -->
  <testcase classname="com.tibco.rest.test.DataDrivenTestCases" name="testcase" time="0.266">
    <error/>
  </testcase> <!-- testcase -->
  <testcase classname="com.tibco.rest.test.DataDrivenTestCases" name="testcase" time="0.227">
    <error/>
  </testcase> <!-- testcase -->
  <testcase classname="com.tibco.rest.test.DataDrivenTestCases" name="testcase" time="0.034">
    <error/>
  </testcase> <!-- testcase -->
  <testcase classname="com.tibco.rest.test.DataDrivenTestCases" name="testcase" time="0.023">
    <error/>
  </testcase> <!-- testcase -->
  <testcase classname="com.tibco.rest.test.DataDrivenTestCases" name="testcase" time="0.303">
    <error/>
  </testcase> <!-- testcase -->
  <testcase classname="com.tibco.rest.test.DataDrivenTestCases" name="testcase" time="0.046">
    <error/>
  </testcase> <!-- testcase -->
  <testcase classname="com.tibco.rest.test.DataDrivenTestCases" name="testcase" time="0.272">
    <error/>
  </testcase> <!-- testcase -->
  <testcase classname="com.tibco.rest.test.DataDrivenTestCases" name="testcase" time="0.034">
    <error/>
  </testcase> <!-- testcase -->
  <testcase classname="com.tibco.rest.test.DataDrivenTestCases" name="testcase" time="0.068">
    <error/>
  </testcase> <!-- testcase -->
  <testcase classname="com.tibco.rest.test.DataDrivenTestCases" name="testcase" time="0.192">
    <error/>
  </testcase> <!-- testcase -->
  <testcase classname="com.tibco.rest.test.DataDrivenTestCases" name="testcase" time="0.049">
    <error/>
  </testcase> <!-- testcase -->
  <testcase classname="com.tibco.rest.test.DataDrivenTestCases" name="testcase" time="0.125">
    <error/>
  </testcase> <!-- testcase -->
  <testcase classname="com.tibco.rest.test.DataDrivenTestCases" name="testcase" time="0.301">
    <error/>
  </testcase> <!-- testcase -->
  <testcase classname="com.tibco.rest.test.DataDrivenTestCases" name="testcase" time="0.281">
    <error/>
  </testcase> <!-- testcase -->
  <testcase classname="com.tibco.rest.test.DataDrivenTestCases" name="testcase" time="0.444">
    <error/>
  </testcase> <!-- testcase -->
  <testcase classname="com.tibco.rest.test.DataDrivenTestCases" name="testcase" time="0.143">
    <error/>
  </testcase> <!-- testcase -->
  <testcase classname="com.tibco.rest.test.DataDrivenTestCases" name="testcase" time="0.175">
    <error/>
  </testcase> <!-- testcase -->
  <testcase classname="com.tibco.rest.test.DataDrivenTestCases" name="testcase" time="0.147">
    <error/>
  </testcase> <!-- testcase -->
  <testcase classname="com.tibco.rest.test.DataDrivenTestCases" name="testcase" time="0.048">
    <error/>
  </testcase> <!-- testcase -->
  <testcase classname="com.tibco.rest.test.DataDrivenTestCases" name="testcase" time="0.216">
    <error/>
  </testcase> <!-- testcase -->
  <testcase classname="com.tibco.rest.test.DataDrivenTestCases" name="testcase" time="0.483">
    <error/>
  </testcase> <!-- testcase -->
  <testcase classname="com.tibco.rest.test.DataDrivenTestCases" name="testcase" time="0.159">
    <error/>
  </testcase> <!-- testcase -->
  <testcase classname="com.tibco.rest.test.DataDrivenTestCases" name="testcase" time="0.302">
    <error/>
  </testcase> <!-- testcase -->
  <testcase classname="com.tibco.rest.test.DataDrivenTestCases" name="testcase" time="0.110">
    <error/>
  </testcase> <!-- testcase -->
  <testcase classname="com.tibco.rest.test.DataDrivenTestCases" name="testcase" time="0.085">
    <error/>
  </testcase> <!-- testcase -->
  <testcase classname="com.tibco.rest.test.DataDrivenTestCases" name="testcase" time="0.129">
    <error/>
  </testcase> <!-- testcase -->
</testsuite> <!-- com.tibco.rest.test.DataDrivenTestCases -->
