<?xml version="1.0" encoding="UTF-8"?>
<!-- Generated by org.testng.reporters.JUnitReportReporter -->
<testsuite hostname="gasdb2bb2bqa07" failures="5" tests="674" name="com.tibco.rest.test.DataDrivenTestCases" time="111.585" errors="669" timestamp="03 Jun 2024 05:06:36 GMT" skipped="0">
  <testcase classname="com.tibco.rest.test.DataDrivenTestCases" name="testcase" time="0.094">
    <error/>
  </testcase> <!-- testcase -->
  <testcase classname="com.tibco.rest.test.DataDrivenTestCases" name="testcase" time="0.269">
    <error/>
  </testcase> <!-- testcase -->
  <testcase classname="com.tibco.rest.test.DataDrivenTestCases" name="testcase" time="0.063">
    <error/>
  </testcase> <!-- testcase -->
  <testcase classname="com.tibco.rest.test.DataDrivenTestCases" name="testcase" time="0.032">
    <error/>
  </testcase> <!-- testcase -->
  <testcase classname="com.tibco.rest.test.DataDrivenTestCases" name="testcase" time="0.032">
    <error/>
  </testcase> <!-- testcase -->
  <testcase classname="com.tibco.rest.test.DataDrivenTestCases" name="testcase" time="0.537">
    <error/>
  </testcase> <!-- testcase -->
  <testcase classname="com.tibco.rest.test.DataDrivenTestCases" name="testcase" time="0.366">
    <error/>
  </testcase> <!-- testcase -->
  <testcase classname="com.tibco.rest.test.DataDrivenTestCases" name="testcase" time="0.016">
    <error/>
  </testcase> <!-- testcase -->
  <testcase classname="com.tibco.rest.test.DataDrivenTestCases" name="testcase" time="0.237">
    <error/>
  </testcase> <!-- testcase -->
  <testcase classname="com.tibco.rest.test.DataDrivenTestCases" name="testcase" time="0.062">
    <error/>
  </testcase> <!-- testcase -->
  <testcase classname="com.tibco.rest.test.DataDrivenTestCases" name="testcase" time="0.331">
    <error/>
  </testcase> <!-- testcase -->
  <testcase classname="com.tibco.rest.test.DataDrivenTestCases" name="testcase" time="0.395">
    <error/>
  </testcase> <!-- testcase -->
  <testcase classname="com.tibco.rest.test.DataDrivenTestCases" name="testcase" time="0.205">
    <error/>
  </testcase> <!-- testcase -->
  <testcase classname="com.tibco.rest.test.DataDrivenTestCases" name="testcase" time="0.094">
    <error/>
  </testcase> <!-- testcase -->
  <testcase classname="com.tibco.rest.test.DataDrivenTestCases" name="testcase" time="0.048">
    <error/>
  </testcase> <!-- testcase -->
  <testcase classname="com.tibco.rest.test.DataDrivenTestCases" name="testcase" time="0.031">
    <error/>
  </testcase> <!-- testcase -->
  <testcase classname="com.tibco.rest.test.DataDrivenTestCases" name="testcase" time="0.142">
    <error/>
  </testcase> <!-- testcase -->
  <testcase classname="com.tibco.rest.test.DataDrivenTestCases" name="testcase" time="0.047">
    <error/>
  </testcase> <!-- testcase -->
  <testcase classname="com.tibco.rest.test.DataDrivenTestCases" name="testcase" time="0.060">
    <error/>
  </testcase> <!-- testcase -->
  <testcase classname="com.tibco.rest.test.DataDrivenTestCases" name="testcase" time="0.300">
    <error/>
  </testcase> <!-- testcase -->
  <testcase classname="com.tibco.rest.test.DataDrivenTestCases" name="testcase" time="0.031">
    <error/>
  </testcase> <!-- testcase -->
  <testcase classname="com.tibco.rest.test.DataDrivenTestCases" name="testcase" time="0.220">
    <error/>
  </testcase> <!-- testcase -->
  <testcase classname="com.tibco.rest.test.DataDrivenTestCases" name="testcase" time="0.046">
    <error/>
  </testcase> <!-- testcase -->
  <testcase classname="com.tibco.rest.test.DataDrivenTestCases" name="testcase" time="0.584">
    <error/>
  </testcase> <!-- testcase -->
  <testcase classname="com.tibco.rest.test.DataDrivenTestCases" name="testcase" time="0.284">
    <error/>
  </testcase> <!-- testcase -->
  <testcase classname="com.tibco.rest.test.DataDrivenTestCases" name="testcase" time="0.197">
    <error/>
  </testcase> <!-- testcase -->
  <testcase classname="com.tibco.rest.test.DataDrivenTestCases" name="testcase" time="0.047">
    <error/>
  </testcase> <!-- testcase -->
  <testcase classname="com.tibco.rest.test.DataDrivenTestCases" name="testcase" time="0.157">
    <error/>
  </testcase> <!-- testcase -->
  <testcase classname="com.tibco.rest.test.DataDrivenTestCases" name="testcase" time="0.173">
    <error/>
  </testcase> <!-- testcase -->
  <testcase classname="com.tibco.rest.test.DataDrivenTestCases" name="testcase" time="0.242">
    <error/>
  </testcase> <!-- testcase -->
  <testcase classname="com.tibco.rest.test.DataDrivenTestCases" name="testcase" time="0.063">
    <error/>
  </testcase> <!-- testcase -->
  <testcase classname="com.tibco.rest.test.DataDrivenTestCases" name="testcase" time="0.047">
    <error/>
  </testcase> <!-- testcase -->
  <testcase classname="com.tibco.rest.test.DataDrivenTestCases" name="testcase" time="0.031">
    <error/>
  </testcase> <!-- testcase -->
  <testcase classname="com.tibco.rest.test.DataDrivenTestCases" name="testcase" time="0.355">
    <error/>
  </testcase> <!-- testcase -->
  <testcase classname="com.tibco.rest.test.DataDrivenTestCases" name="testcase" time="0.079">
    <error/>
  </testcase> <!-- testcase -->
  <testcase classname="com.tibco.rest.test.DataDrivenTestCases" name="testcase" time="0.048">
    <error/>
  </testcase> <!-- testcase -->
  <testcase classname="com.tibco.rest.test.DataDrivenTestCases" name="testcase" time="0.253">
    <error/>
  </testcase> <!-- testcase -->
  <testcase classname="com.tibco.rest.test.DataDrivenTestCases" name="testcase" time="0.473">
    <error/>
  </testcase> <!-- testcase -->
  <testcase classname="com.tibco.rest.test.DataDrivenTestCases" name="testcase" time="0.032">
    <error/>
  </testcase> <!-- testcase -->
  <testcase classname="com.tibco.rest.test.DataDrivenTestCases" name="testcase" time="0.048">
    <error/>
  </testcase> <!-- testcase -->
  <testcase classname="com.tibco.rest.test.DataDrivenTestCases" name="testcase" time="0.079">
    <error/>
  </testcase> <!-- testcase -->
  <testcase classname="com.tibco.rest.test.DataDrivenTestCases" name="testcase" time="0.014">
    <error/>
  </testcase> <!-- testcase -->
  <testcase classname="com.tibco.rest.test.DataDrivenTestCases" name="testcase" time="0.048">
    <error/>
  </testcase> <!-- testcase -->
  <testcase classname="com.tibco.rest.test.DataDrivenTestCases" name="testcase" time="0.016">
    <error/>
  </testcase> <!-- testcase -->
  <testcase classname="com.tibco.rest.test.DataDrivenTestCases" name="testcase" time="0.062">
    <error/>
  </testcase> <!-- testcase -->
  <testcase classname="com.tibco.rest.test.DataDrivenTestCases" name="testcase" time="0.047">
    <error/>
  </testcase> <!-- testcase -->
  <testcase classname="com.tibco.rest.test.DataDrivenTestCases" name="testcase" time="0.031">
    <error/>
  </testcase> <!-- testcase -->
  <testcase classname="com.tibco.rest.test.DataDrivenTestCases" name="testcase" time="0.045">
    <error/>
  </testcase> <!-- testcase -->
  <testcase classname="com.tibco.rest.test.DataDrivenTestCases" name="testcase" time="0.016">
    <error/>
  </testcase> <!-- testcase -->
  <testcase classname="com.tibco.rest.test.DataDrivenTestCases" name="testcase" time="0.063">
    <error/>
  </testcase> <!-- testcase -->
  <testcase classname="com.tibco.rest.test.DataDrivenTestCases" name="testcase" time="0.032">
    <error/>
  </testcase> <!-- testcase -->
  <testcase classname="com.tibco.rest.test.DataDrivenTestCases" name="testcase" time="0.031">
    <error/>
  </testcase> <!-- testcase -->
  <testcase classname="com.tibco.rest.test.DataDrivenTestCases" name="testcase" time="0.206">
    <error/>
  </testcase> <!-- testcase -->
  <testcase classname="com.tibco.rest.test.DataDrivenTestCases" name="testcase" time="0.047">
    <error/>
  </testcase> <!-- testcase -->
  <testcase classname="com.tibco.rest.test.DataDrivenTestCases" name="testcase" time="0.079">
    <error/>
  </testcase> <!-- testcase -->
  <testcase classname="com.tibco.rest.test.DataDrivenTestCases" name="testcase" time="0.258">
    <error/>
  </testcase> <!-- testcase -->
  <testcase classname="com.tibco.rest.test.DataDrivenTestCases" name="testcase" time="0.034">
    <error/>
  </testcase> <!-- testcase -->
  <testcase classname="com.tibco.rest.test.DataDrivenTestCases" name="testcase" time="0.348">
    <error/>
  </testcase> <!-- testcase -->
  <testcase classname="com.tibco.rest.test.DataDrivenTestCases" name="testcase" time="0.094">
    <error/>
  </testcase> <!-- testcase -->
  <testcase classname="com.tibco.rest.test.DataDrivenTestCases" name="testcase" time="0.049">
    <error/>
  </testcase> <!-- testcase -->
  <testcase classname="com.tibco.rest.test.DataDrivenTestCases" name="testcase" time="0.505">
    <error/>
  </testcase> <!-- testcase -->
  <testcase classname="com.tibco.rest.test.DataDrivenTestCases" name="testcase" time="0.063">
    <error/>
  </testcase> <!-- testcase -->
  <testcase classname="com.tibco.rest.test.DataDrivenTestCases" name="testcase" time="0.063">
    <error/>
  </testcase> <!-- testcase -->
  <testcase classname="com.tibco.rest.test.DataDrivenTestCases" name="testcase" time="0.031">
    <error/>
  </testcase> <!-- testcase -->
  <testcase classname="com.tibco.rest.test.DataDrivenTestCases" name="testcase" time="0.174">
    <error/>
  </testcase> <!-- testcase -->
  <testcase classname="com.tibco.rest.test.DataDrivenTestCases" name="testcase" time="0.136">
    <error/>
  </testcase> <!-- testcase -->
  <testcase classname="com.tibco.rest.test.DataDrivenTestCases" name="testcase" time="0.047">
    <error/>
  </testcase> <!-- testcase -->
  <testcase classname="com.tibco.rest.test.DataDrivenTestCases" name="testcase" time="0.031">
    <error/>
  </testcase> <!-- testcase -->
  <testcase classname="com.tibco.rest.test.DataDrivenTestCases" name="testcase" time="0.032">
    <error/>
  </testcase> <!-- testcase -->
  <testcase classname="com.tibco.rest.test.DataDrivenTestCases" name="testcase" time="0.047">
    <error/>
  </testcase> <!-- testcase -->
  <testcase classname="com.tibco.rest.test.DataDrivenTestCases" name="testcase" time="0.019">
    <error/>
  </testcase> <!-- testcase -->
  <testcase classname="com.tibco.rest.test.DataDrivenTestCases" name="testcase" time="0.016">
    <error/>
  </testcase> <!-- testcase -->
  <testcase classname="com.tibco.rest.test.DataDrivenTestCases" name="testcase" time="0.141">
    <error/>
  </testcase> <!-- testcase -->
  <testcase classname="com.tibco.rest.test.DataDrivenTestCases" name="testcase" time="0.236">
    <error/>
  </testcase> <!-- testcase -->
  <testcase classname="com.tibco.rest.test.DataDrivenTestCases" name="testcase" time="0.063">
    <error/>
  </testcase> <!-- testcase -->
  <testcase classname="com.tibco.rest.test.DataDrivenTestCases" name="testcase" time="0.047">
    <error/>
  </testcase> <!-- testcase -->
  <testcase classname="com.tibco.rest.test.DataDrivenTestCases" name="testcase" time="0.122">
    <error/>
  </testcase> <!-- testcase -->
  <testcase classname="com.tibco.rest.test.DataDrivenTestCases" name="testcase" time="0.502">
    <error/>
  </testcase> <!-- testcase -->
  <testcase classname="com.tibco.rest.test.DataDrivenTestCases" name="testcase" time="0.063">
    <error/>
  </testcase> <!-- testcase -->
  <testcase classname="com.tibco.rest.test.DataDrivenTestCases" name="testcase" time="0.032">
    <error/>
  </testcase> <!-- testcase -->
  <testcase classname="com.tibco.rest.test.DataDrivenTestCases" name="testcase" time="0.236">
    <error/>
  </testcase> <!-- testcase -->
  <testcase classname="com.tibco.rest.test.DataDrivenTestCases" name="testcase" time="0.063">
    <error/>
  </testcase> <!-- testcase -->
  <testcase classname="com.tibco.rest.test.DataDrivenTestCases" name="testcase" time="0.158">
    <error/>
  </testcase> <!-- testcase -->
  <testcase classname="com.tibco.rest.test.DataDrivenTestCases" name="testcase" time="0.678">
    <error/>
  </testcase> <!-- testcase -->
  <testcase classname="com.tibco.rest.test.DataDrivenTestCases" name="testcase" time="0.016">
    <error/>
  </testcase> <!-- testcase -->
  <testcase classname="com.tibco.rest.test.DataDrivenTestCases" name="testcase" time="0.192">
    <error/>
  </testcase> <!-- testcase -->
  <testcase classname="com.tibco.rest.test.DataDrivenTestCases" name="testcase" time="0.019">
    <error/>
  </testcase> <!-- testcase -->
  <testcase classname="com.tibco.rest.test.DataDrivenTestCases" name="testcase" time="0.048">
    <error/>
  </testcase> <!-- testcase -->
  <testcase classname="com.tibco.rest.test.DataDrivenTestCases" name="testcase" time="0.031">
    <error/>
  </testcase> <!-- testcase -->
  <testcase classname="com.tibco.rest.test.DataDrivenTestCases" name="testcase" time="0.238">
    <error/>
  </testcase> <!-- testcase -->
  <testcase classname="com.tibco.rest.test.DataDrivenTestCases" name="testcase" time="0.268">
    <error/>
  </testcase> <!-- testcase -->
  <testcase classname="com.tibco.rest.test.DataDrivenTestCases" name="testcase" time="0.063">
    <error/>
  </testcase> <!-- testcase -->
  <testcase classname="com.tibco.rest.test.DataDrivenTestCases" name="testcase" time="0.157">
    <error/>
  </testcase> <!-- testcase -->
  <testcase classname="com.tibco.rest.test.DataDrivenTestCases" name="testcase" time="0.031">
    <error/>
  </testcase> <!-- testcase -->
  <testcase classname="com.tibco.rest.test.DataDrivenTestCases" name="testcase" time="0.398">
    <error/>
  </testcase> <!-- testcase -->
  <testcase classname="com.tibco.rest.test.DataDrivenTestCases" name="testcase" time="0.315">
    <error/>
  </testcase> <!-- testcase -->
  <testcase classname="com.tibco.rest.test.DataDrivenTestCases" name="testcase" time="0.268">
    <error/>
  </testcase> <!-- testcase -->
  <testcase classname="com.tibco.rest.test.DataDrivenTestCases" name="testcase" time="0.489">
    <error/>
  </testcase> <!-- testcase -->
  <testcase classname="com.tibco.rest.test.DataDrivenTestCases" name="testcase" time="0.032">
    <error/>
  </testcase> <!-- testcase -->
  <testcase classname="com.tibco.rest.test.DataDrivenTestCases" name="testcase" time="0.047">
    <error/>
  </testcase> <!-- testcase -->
  <testcase classname="com.tibco.rest.test.DataDrivenTestCases" name="testcase" time="0.142">
    <error/>
  </testcase> <!-- testcase -->
  <testcase classname="com.tibco.rest.test.DataDrivenTestCases" name="testcase" time="0.520">
    <error/>
  </testcase> <!-- testcase -->
  <testcase classname="com.tibco.rest.test.DataDrivenTestCases" name="testcase" time="0.121">
    <error/>
  </testcase> <!-- testcase -->
  <testcase classname="com.tibco.rest.test.DataDrivenTestCases" name="testcase" time="0.300">
    <error/>
  </testcase> <!-- testcase -->
  <testcase classname="com.tibco.rest.test.DataDrivenTestCases" name="testcase" time="0.047">
    <error/>
  </testcase> <!-- testcase -->
  <testcase classname="com.tibco.rest.test.DataDrivenTestCases" name="testcase" time="0.347">
    <error/>
  </testcase> <!-- testcase -->
  <testcase classname="com.tibco.rest.test.DataDrivenTestCases" name="testcase" time="0.458">
    <error/>
  </testcase> <!-- testcase -->
  <testcase classname="com.tibco.rest.test.DataDrivenTestCases" name="testcase" time="0.031">
    <error/>
  </testcase> <!-- testcase -->
  <testcase classname="com.tibco.rest.test.DataDrivenTestCases" name="testcase" time="0.315">
    <error/>
  </testcase> <!-- testcase -->
  <testcase classname="com.tibco.rest.test.DataDrivenTestCases" name="testcase" time="0.031">
    <error/>
  </testcase> <!-- testcase -->
  <testcase classname="com.tibco.rest.test.DataDrivenTestCases" name="testcase" time="0.016">
    <error/>
  </testcase> <!-- testcase -->
  <testcase classname="com.tibco.rest.test.DataDrivenTestCases" name="testcase" time="0.047">
    <error/>
  </testcase> <!-- testcase -->
  <testcase classname="com.tibco.rest.test.DataDrivenTestCases" name="testcase" time="0.301">
    <error/>
  </testcase> <!-- testcase -->
  <testcase classname="com.tibco.rest.test.DataDrivenTestCases" name="testcase" time="0.193">
    <error/>
  </testcase> <!-- testcase -->
  <testcase classname="com.tibco.rest.test.DataDrivenTestCases" name="testcase" time="0.047">
    <error/>
  </testcase> <!-- testcase -->
  <testcase classname="com.tibco.rest.test.DataDrivenTestCases" name="testcase" time="0.431">
    <error/>
  </testcase> <!-- testcase -->
  <testcase classname="com.tibco.rest.test.DataDrivenTestCases" name="testcase" time="0.222">
    <error/>
  </testcase> <!-- testcase -->
  <testcase classname="com.tibco.rest.test.DataDrivenTestCases" name="testcase" time="0.237">
    <error/>
  </testcase> <!-- testcase -->
  <testcase classname="com.tibco.rest.test.DataDrivenTestCases" name="testcase" time="0.387">
    <error/>
  </testcase> <!-- testcase -->
  <testcase classname="com.tibco.rest.test.DataDrivenTestCases" name="testcase" time="0.170">
    <error/>
  </testcase> <!-- testcase -->
  <testcase classname="com.tibco.rest.test.DataDrivenTestCases" name="testcase" time="0.079">
    <error/>
  </testcase> <!-- testcase -->
  <testcase classname="com.tibco.rest.test.DataDrivenTestCases" name="testcase" time="0.237">
    <error/>
  </testcase> <!-- testcase -->
  <testcase classname="com.tibco.rest.test.DataDrivenTestCases" name="testcase" time="0.048">
    <error/>
  </testcase> <!-- testcase -->
  <testcase classname="com.tibco.rest.test.DataDrivenTestCases" name="testcase" time="0.080">
    <error/>
  </testcase> <!-- testcase -->
  <testcase classname="com.tibco.rest.test.DataDrivenTestCases" name="testcase" time="0.046">
    <error/>
  </testcase> <!-- testcase -->
  <testcase classname="com.tibco.rest.test.DataDrivenTestCases" name="testcase" time="0.249">
    <error/>
  </testcase> <!-- testcase -->
  <testcase classname="com.tibco.rest.test.DataDrivenTestCases" name="testcase" time="0.158">
    <error/>
  </testcase> <!-- testcase -->
  <testcase classname="com.tibco.rest.test.DataDrivenTestCases" name="testcase" time="0.040">
    <error/>
  </testcase> <!-- testcase -->
  <testcase classname="com.tibco.rest.test.DataDrivenTestCases" name="testcase" time="0.332">
    <error/>
  </testcase> <!-- testcase -->
  <testcase classname="com.tibco.rest.test.DataDrivenTestCases" name="testcase" time="0.333">
    <error/>
  </testcase> <!-- testcase -->
  <testcase classname="com.tibco.rest.test.DataDrivenTestCases" name="testcase" time="0.031">
    <error/>
  </testcase> <!-- testcase -->
  <testcase classname="com.tibco.rest.test.DataDrivenTestCases" name="testcase" time="0.935">
    <error/>
  </testcase> <!-- testcase -->
  <testcase classname="com.tibco.rest.test.DataDrivenTestCases" name="testcase" time="0.016">
    <error/>
  </testcase> <!-- testcase -->
  <testcase classname="com.tibco.rest.test.DataDrivenTestCases" name="testcase" time="0.047">
    <error/>
  </testcase> <!-- testcase -->
  <testcase classname="com.tibco.rest.test.DataDrivenTestCases" name="testcase" time="0.363">
    <error/>
  </testcase> <!-- testcase -->
  <testcase classname="com.tibco.rest.test.DataDrivenTestCases" name="testcase" time="0.031">
    <error/>
  </testcase> <!-- testcase -->
  <testcase classname="com.tibco.rest.test.DataDrivenTestCases" name="testcase" time="0.047">
    <error/>
  </testcase> <!-- testcase -->
  <testcase classname="com.tibco.rest.test.DataDrivenTestCases" name="testcase" time="0.032">
    <error/>
  </testcase> <!-- testcase -->
  <testcase classname="com.tibco.rest.test.DataDrivenTestCases" name="testcase" time="0.031">
    <error/>
  </testcase> <!-- testcase -->
  <testcase classname="com.tibco.rest.test.DataDrivenTestCases" name="testcase" time="0.047">
    <error/>
  </testcase> <!-- testcase -->
  <testcase classname="com.tibco.rest.test.DataDrivenTestCases" name="testcase" time="0.031">
    <error/>
  </testcase> <!-- testcase -->
  <testcase classname="com.tibco.rest.test.DataDrivenTestCases" name="testcase" time="0.299">
    <error/>
  </testcase> <!-- testcase -->
  <testcase classname="com.tibco.rest.test.DataDrivenTestCases" name="testcase" time="0.047">
    <error/>
  </testcase> <!-- testcase -->
  <testcase classname="com.tibco.rest.test.DataDrivenTestCases" name="testcase" time="0.331">
    <error/>
  </testcase> <!-- testcase -->
  <testcase classname="com.tibco.rest.test.DataDrivenTestCases" name="testcase" time="0.077">
    <error/>
  </testcase> <!-- testcase -->
  <testcase classname="com.tibco.rest.test.DataDrivenTestCases" name="testcase" time="0.254">
    <error/>
  </testcase> <!-- testcase -->
  <testcase classname="com.tibco.rest.test.DataDrivenTestCases" name="testcase" time="0.284">
    <error/>
  </testcase> <!-- testcase -->
  <testcase classname="com.tibco.rest.test.DataDrivenTestCases" name="testcase" time="0.385">
    <error/>
  </testcase> <!-- testcase -->
  <testcase classname="com.tibco.rest.test.DataDrivenTestCases" name="testcase" time="0.252">
    <error/>
  </testcase> <!-- testcase -->
  <testcase classname="com.tibco.rest.test.DataDrivenTestCases" name="testcase" time="0.300">
    <error/>
  </testcase> <!-- testcase -->
  <testcase classname="com.tibco.rest.test.DataDrivenTestCases" name="testcase" time="0.284">
    <error/>
  </testcase> <!-- testcase -->
  <testcase classname="com.tibco.rest.test.DataDrivenTestCases" name="testcase" time="0.064">
    <error/>
  </testcase> <!-- testcase -->
  <testcase classname="com.tibco.rest.test.DataDrivenTestCases" name="testcase" time="0.032">
    <error/>
  </testcase> <!-- testcase -->
  <testcase classname="com.tibco.rest.test.DataDrivenTestCases" name="testcase" time="0.252">
    <error/>
  </testcase> <!-- testcase -->
  <testcase classname="com.tibco.rest.test.DataDrivenTestCases" name="testcase" time="0.222">
    <error/>
  </testcase> <!-- testcase -->
  <testcase classname="com.tibco.rest.test.DataDrivenTestCases" name="testcase" time="0.047">
    <failure message="Expected value should be &quot;Auto RESTAPI X12 node0&quot; : Actual value is &quot;00200&quot;" type="java.lang.AssertionError">
      <![CDATA[java.lang.AssertionError: Expected value should be "Auto RESTAPI X12 node0" : Actual value is "00200"
	at com.tibco.rest.restAssured.Assertions.assertTrue(Assertions.java:166)
	at com.tibco.rest.restAssured.Assertions.assertEquals(Assertions.java:183)
	at com.tibco.rest.test.DataDrivenTestCases.verifyResponse(DataDrivenTestCases.java:508)
	at com.tibco.rest.test.DataDrivenTestCases.testcase(DataDrivenTestCases.java:377)
	at jdk.internal.reflect.GeneratedMethodAccessor64.invoke(Unknown Source)
	at java.base/jdk.internal.reflect.DelegatingMethodAccessorImpl.invoke(DelegatingMethodAccessorImpl.java:43)
	at java.base/java.lang.reflect.Method.invoke(Method.java:568)
	at org.testng.internal.MethodInvocationHelper.invokeMethod(MethodInvocationHelper.java:108)
	at org.testng.internal.Invoker.invokeMethod(Invoker.java:661)
	at org.testng.internal.Invoker.invokeTestMethod(Invoker.java:869)
	at org.testng.internal.Invoker.invokeTestMethods(Invoker.java:1193)
	at org.testng.internal.TestMethodWorker.invokeTestMethods(TestMethodWorker.java:126)
	at org.testng.internal.TestMethodWorker.run(TestMethodWorker.java:109)
	at org.testng.TestRunner.privateRun(TestRunner.java:744)
	at org.testng.TestRunner.run(TestRunner.java:602)
	at org.testng.SuiteRunner.runTest(SuiteRunner.java:380)
	at org.testng.SuiteRunner.runSequentially(SuiteRunner.java:375)
	at org.testng.SuiteRunner.privateRun(SuiteRunner.java:340)
	at org.testng.SuiteRunner.run(SuiteRunner.java:289)
	at org.testng.SuiteRunnerWorker.runSuite(SuiteRunnerWorker.java:52)
	at org.testng.SuiteRunnerWorker.run(SuiteRunnerWorker.java:86)
	at org.testng.TestNG.runSuitesSequentially(TestNG.java:1301)
	at org.testng.TestNG.runSuitesLocally(TestNG.java:1226)
	at org.testng.TestNG.runSuites(TestNG.java:1144)
	at org.testng.TestNG.run(TestNG.java:1115)
	at org.testng.TestNG.privateMain(TestNG.java:1442)
	at org.testng.TestNG.main(TestNG.java:1411)
]]>
    </failure>
  </testcase> <!-- testcase -->
  <testcase classname="com.tibco.rest.test.DataDrivenTestCases" name="testcase" time="0.267">
    <error/>
  </testcase> <!-- testcase -->
  <testcase classname="com.tibco.rest.test.DataDrivenTestCases" name="testcase" time="0.232">
    <error/>
  </testcase> <!-- testcase -->
  <testcase classname="com.tibco.rest.test.DataDrivenTestCases" name="testcase" time="0.032">
    <error/>
  </testcase> <!-- testcase -->
  <testcase classname="com.tibco.rest.test.DataDrivenTestCases" name="testcase" time="0.269">
    <error/>
  </testcase> <!-- testcase -->
  <testcase classname="com.tibco.rest.test.DataDrivenTestCases" name="testcase" time="0.336">
    <error/>
  </testcase> <!-- testcase -->
  <testcase classname="com.tibco.rest.test.DataDrivenTestCases" name="testcase" time="0.268">
    <error/>
  </testcase> <!-- testcase -->
  <testcase classname="com.tibco.rest.test.DataDrivenTestCases" name="testcase" time="0.126">
    <error/>
  </testcase> <!-- testcase -->
  <testcase classname="com.tibco.rest.test.DataDrivenTestCases" name="testcase" time="0.047">
    <error/>
  </testcase> <!-- testcase -->
  <testcase classname="com.tibco.rest.test.DataDrivenTestCases" name="testcase" time="0.171">
    <error/>
  </testcase> <!-- testcase -->
  <testcase classname="com.tibco.rest.test.DataDrivenTestCases" name="testcase" time="0.042">
    <error/>
  </testcase> <!-- testcase -->
  <testcase classname="com.tibco.rest.test.DataDrivenTestCases" name="testcase" time="0.082">
    <error/>
  </testcase> <!-- testcase -->
  <testcase classname="com.tibco.rest.test.DataDrivenTestCases" name="testcase" time="0.438">
    <error/>
  </testcase> <!-- testcase -->
  <testcase classname="com.tibco.rest.test.DataDrivenTestCases" name="testcase" time="0.047">
    <error/>
  </testcase> <!-- testcase -->
  <testcase classname="com.tibco.rest.test.DataDrivenTestCases" name="testcase" time="0.663">
    <error/>
  </testcase> <!-- testcase -->
  <testcase classname="com.tibco.rest.test.DataDrivenTestCases" name="testcase" time="0.033">
    <error/>
  </testcase> <!-- testcase -->
  <testcase classname="com.tibco.rest.test.DataDrivenTestCases" name="testcase" time="0.268">
    <error/>
  </testcase> <!-- testcase -->
  <testcase classname="com.tibco.rest.test.DataDrivenTestCases" name="testcase" time="0.032">
    <error/>
  </testcase> <!-- testcase -->
  <testcase classname="com.tibco.rest.test.DataDrivenTestCases" name="testcase" time="0.263">
    <error/>
  </testcase> <!-- testcase -->
  <testcase classname="com.tibco.rest.test.DataDrivenTestCases" name="testcase" time="0.110">
    <error/>
  </testcase> <!-- testcase -->
  <testcase classname="com.tibco.rest.test.DataDrivenTestCases" name="testcase" time="0.060">
    <error/>
  </testcase> <!-- testcase -->
  <testcase classname="com.tibco.rest.test.DataDrivenTestCases" name="testcase" time="0.128">
    <error/>
  </testcase> <!-- testcase -->
  <testcase classname="com.tibco.rest.test.DataDrivenTestCases" name="testcase" time="0.191">
    <error/>
  </testcase> <!-- testcase -->
  <testcase classname="com.tibco.rest.test.DataDrivenTestCases" name="testcase" time="0.112">
    <error/>
  </testcase> <!-- testcase -->
  <testcase classname="com.tibco.rest.test.DataDrivenTestCases" name="testcase" time="0.048">
    <error/>
  </testcase> <!-- testcase -->
  <testcase classname="com.tibco.rest.test.DataDrivenTestCases" name="testcase" time="0.287">
    <error/>
  </testcase> <!-- testcase -->
  <testcase classname="com.tibco.rest.test.DataDrivenTestCases" name="testcase" time="0.031">
    <error/>
  </testcase> <!-- testcase -->
  <testcase classname="com.tibco.rest.test.DataDrivenTestCases" name="testcase" time="0.300">
    <error/>
  </testcase> <!-- testcase -->
  <testcase classname="com.tibco.rest.test.DataDrivenTestCases" name="testcase" time="0.301">
    <error/>
  </testcase> <!-- testcase -->
  <testcase classname="com.tibco.rest.test.DataDrivenTestCases" name="testcase" time="0.032">
    <error/>
  </testcase> <!-- testcase -->
  <testcase classname="com.tibco.rest.test.DataDrivenTestCases" name="testcase" time="0.047">
    <error/>
  </testcase> <!-- testcase -->
  <testcase classname="com.tibco.rest.test.DataDrivenTestCases" name="testcase" time="0.349">
    <error/>
  </testcase> <!-- testcase -->
  <testcase classname="com.tibco.rest.test.DataDrivenTestCases" name="testcase" time="0.031">
    <error/>
  </testcase> <!-- testcase -->
  <testcase classname="com.tibco.rest.test.DataDrivenTestCases" name="testcase" time="0.189">
    <error/>
  </testcase> <!-- testcase -->
  <testcase classname="com.tibco.rest.test.DataDrivenTestCases" name="testcase" time="0.016">
    <error/>
  </testcase> <!-- testcase -->
  <testcase classname="com.tibco.rest.test.DataDrivenTestCases" name="testcase" time="0.126">
    <error/>
  </testcase> <!-- testcase -->
  <testcase classname="com.tibco.rest.test.DataDrivenTestCases" name="testcase" time="0.363">
    <error/>
  </testcase> <!-- testcase -->
  <testcase classname="com.tibco.rest.test.DataDrivenTestCases" name="testcase" time="0.363">
    <error/>
  </testcase> <!-- testcase -->
  <testcase classname="com.tibco.rest.test.DataDrivenTestCases" name="testcase" time="0.348">
    <error/>
  </testcase> <!-- testcase -->
  <testcase classname="com.tibco.rest.test.DataDrivenTestCases" name="testcase" time="0.032">
    <error/>
  </testcase> <!-- testcase -->
  <testcase classname="com.tibco.rest.test.DataDrivenTestCases" name="testcase" time="0.144">
    <error/>
  </testcase> <!-- testcase -->
  <testcase classname="com.tibco.rest.test.DataDrivenTestCases" name="testcase" time="0.190">
    <error/>
  </testcase> <!-- testcase -->
  <testcase classname="com.tibco.rest.test.DataDrivenTestCases" name="testcase" time="0.021">
    <error/>
  </testcase> <!-- testcase -->
  <testcase classname="com.tibco.rest.test.DataDrivenTestCases" name="testcase" time="0.111">
    <error/>
  </testcase> <!-- testcase -->
  <testcase classname="com.tibco.rest.test.DataDrivenTestCases" name="testcase" time="0.032">
    <error/>
  </testcase> <!-- testcase -->
  <testcase classname="com.tibco.rest.test.DataDrivenTestCases" name="testcase" time="0.036">
    <error/>
  </testcase> <!-- testcase -->
  <testcase classname="com.tibco.rest.test.DataDrivenTestCases" name="testcase" time="0.022">
    <error/>
  </testcase> <!-- testcase -->
  <testcase classname="com.tibco.rest.test.DataDrivenTestCases" name="testcase" time="0.016">
    <error/>
  </testcase> <!-- testcase -->
  <testcase classname="com.tibco.rest.test.DataDrivenTestCases" name="testcase" time="0.022">
    <error/>
  </testcase> <!-- testcase -->
  <testcase classname="com.tibco.rest.test.DataDrivenTestCases" name="testcase" time="0.063">
    <error/>
  </testcase> <!-- testcase -->
  <testcase classname="com.tibco.rest.test.DataDrivenTestCases" name="testcase" time="0.032">
    <error/>
  </testcase> <!-- testcase -->
  <testcase classname="com.tibco.rest.test.DataDrivenTestCases" name="testcase" time="0.063">
    <error/>
  </testcase> <!-- testcase -->
  <testcase classname="com.tibco.rest.test.DataDrivenTestCases" name="testcase" time="0.491">
    <error/>
  </testcase> <!-- testcase -->
  <testcase classname="com.tibco.rest.test.DataDrivenTestCases" name="testcase" time="0.252">
    <error/>
  </testcase> <!-- testcase -->
  <testcase classname="com.tibco.rest.test.DataDrivenTestCases" name="testcase" time="0.048">
    <error/>
  </testcase> <!-- testcase -->
  <testcase classname="com.tibco.rest.test.DataDrivenTestCases" name="testcase" time="0.047">
    <error/>
  </testcase> <!-- testcase -->
  <testcase classname="com.tibco.rest.test.DataDrivenTestCases" name="testcase" time="0.016">
    <error/>
  </testcase> <!-- testcase -->
  <testcase classname="com.tibco.rest.test.DataDrivenTestCases" name="testcase" time="0.189">
    <error/>
  </testcase> <!-- testcase -->
  <testcase classname="com.tibco.rest.test.DataDrivenTestCases" name="testcase" time="0.300">
    <error/>
  </testcase> <!-- testcase -->
  <testcase classname="com.tibco.rest.test.DataDrivenTestCases" name="testcase" time="0.064">
    <error/>
  </testcase> <!-- testcase -->
  <testcase classname="com.tibco.rest.test.DataDrivenTestCases" name="testcase" time="0.031">
    <error/>
  </testcase> <!-- testcase -->
  <testcase classname="com.tibco.rest.test.DataDrivenTestCases" name="testcase" time="0.042">
    <error/>
  </testcase> <!-- testcase -->
  <testcase classname="com.tibco.rest.test.DataDrivenTestCases" name="testcase" time="0.284">
    <error/>
  </testcase> <!-- testcase -->
  <testcase classname="com.tibco.rest.test.DataDrivenTestCases" name="testcase" time="0.176">
    <error/>
  </testcase> <!-- testcase -->
  <testcase classname="com.tibco.rest.test.DataDrivenTestCases" name="testcase" time="0.605">
    <error/>
  </testcase> <!-- testcase -->
  <testcase classname="com.tibco.rest.test.DataDrivenTestCases" name="testcase" time="0.063">
    <error/>
  </testcase> <!-- testcase -->
  <testcase classname="com.tibco.rest.test.DataDrivenTestCases" name="testcase" time="0.372">
    <error/>
  </testcase> <!-- testcase -->
  <testcase classname="com.tibco.rest.test.DataDrivenTestCases" name="testcase" time="0.218">
    <error/>
  </testcase> <!-- testcase -->
  <testcase classname="com.tibco.rest.test.DataDrivenTestCases" name="testcase" time="0.190">
    <error/>
  </testcase> <!-- testcase -->
  <testcase classname="com.tibco.rest.test.DataDrivenTestCases" name="testcase" time="0.141">
    <error/>
  </testcase> <!-- testcase -->
  <testcase classname="com.tibco.rest.test.DataDrivenTestCases" name="testcase" time="0.316">
    <error/>
  </testcase> <!-- testcase -->
  <testcase classname="com.tibco.rest.test.DataDrivenTestCases" name="testcase" time="0.047">
    <error/>
  </testcase> <!-- testcase -->
  <testcase classname="com.tibco.rest.test.DataDrivenTestCases" name="testcase" time="0.016">
    <error/>
  </testcase> <!-- testcase -->
  <testcase classname="com.tibco.rest.test.DataDrivenTestCases" name="testcase" time="0.048">
    <error/>
  </testcase> <!-- testcase -->
  <testcase classname="com.tibco.rest.test.DataDrivenTestCases" name="testcase" time="0.263">
    <error/>
  </testcase> <!-- testcase -->
  <testcase classname="com.tibco.rest.test.DataDrivenTestCases" name="testcase" time="0.048">
    <error/>
  </testcase> <!-- testcase -->
  <testcase classname="com.tibco.rest.test.DataDrivenTestCases" name="testcase" time="0.201">
    <error/>
  </testcase> <!-- testcase -->
  <testcase classname="com.tibco.rest.test.DataDrivenTestCases" name="testcase" time="0.063">
    <error/>
  </testcase> <!-- testcase -->
  <testcase classname="com.tibco.rest.test.DataDrivenTestCases" name="testcase" time="0.141">
    <error/>
  </testcase> <!-- testcase -->
  <testcase classname="com.tibco.rest.test.DataDrivenTestCases" name="testcase" time="0.126">
    <error/>
  </testcase> <!-- testcase -->
  <testcase classname="com.tibco.rest.test.DataDrivenTestCases" name="testcase" time="0.047">
    <error/>
  </testcase> <!-- testcase -->
  <testcase classname="com.tibco.rest.test.DataDrivenTestCases" name="testcase" time="0.047">
    <error/>
  </testcase> <!-- testcase -->
  <testcase classname="com.tibco.rest.test.DataDrivenTestCases" name="testcase" time="0.031">
    <error/>
  </testcase> <!-- testcase -->
  <testcase classname="com.tibco.rest.test.DataDrivenTestCases" name="testcase" time="0.032">
    <error/>
  </testcase> <!-- testcase -->
  <testcase classname="com.tibco.rest.test.DataDrivenTestCases" name="testcase" time="0.015">
    <error/>
  </testcase> <!-- testcase -->
  <testcase classname="com.tibco.rest.test.DataDrivenTestCases" name="testcase" time="0.063">
    <error/>
  </testcase> <!-- testcase -->
  <testcase classname="com.tibco.rest.test.DataDrivenTestCases" name="testcase" time="0.031">
    <error/>
  </testcase> <!-- testcase -->
  <testcase classname="com.tibco.rest.test.DataDrivenTestCases" name="testcase" time="0.127">
    <error/>
  </testcase> <!-- testcase -->
  <testcase classname="com.tibco.rest.test.DataDrivenTestCases" name="testcase" time="0.032">
    <error/>
  </testcase> <!-- testcase -->
  <testcase classname="com.tibco.rest.test.DataDrivenTestCases" name="testcase" time="0.063">
    <error/>
  </testcase> <!-- testcase -->
  <testcase classname="com.tibco.rest.test.DataDrivenTestCases" name="testcase" time="0.038">
    <error/>
  </testcase> <!-- testcase -->
  <testcase classname="com.tibco.rest.test.DataDrivenTestCases" name="testcase" time="0.069">
    <error/>
  </testcase> <!-- testcase -->
  <testcase classname="com.tibco.rest.test.DataDrivenTestCases" name="testcase" time="0.537">
    <error/>
  </testcase> <!-- testcase -->
  <testcase classname="com.tibco.rest.test.DataDrivenTestCases" name="testcase" time="0.031">
    <error/>
  </testcase> <!-- testcase -->
  <testcase classname="com.tibco.rest.test.DataDrivenTestCases" name="testcase" time="0.028">
    <error/>
  </testcase> <!-- testcase -->
  <testcase classname="com.tibco.rest.test.DataDrivenTestCases" name="testcase" time="0.062">
    <error/>
  </testcase> <!-- testcase -->
  <testcase classname="com.tibco.rest.test.DataDrivenTestCases" name="testcase" time="0.027">
    <error/>
  </testcase> <!-- testcase -->
  <testcase classname="com.tibco.rest.test.DataDrivenTestCases" name="testcase" time="0.032">
    <error/>
  </testcase> <!-- testcase -->
  <testcase classname="com.tibco.rest.test.DataDrivenTestCases" name="testcase" time="0.355">
    <error/>
  </testcase> <!-- testcase -->
  <testcase classname="com.tibco.rest.test.DataDrivenTestCases" name="testcase" time="0.063">
    <error/>
  </testcase> <!-- testcase -->
  <testcase classname="com.tibco.rest.test.DataDrivenTestCases" name="testcase" time="0.046">
    <error/>
  </testcase> <!-- testcase -->
  <testcase classname="com.tibco.rest.test.DataDrivenTestCases" name="testcase" time="0.022">
    <error/>
  </testcase> <!-- testcase -->
  <testcase classname="com.tibco.rest.test.DataDrivenTestCases" name="testcase" time="0.537">
    <error/>
  </testcase> <!-- testcase -->
  <testcase classname="com.tibco.rest.test.DataDrivenTestCases" name="testcase" time="0.225">
    <error/>
  </testcase> <!-- testcase -->
  <testcase classname="com.tibco.rest.test.DataDrivenTestCases" name="testcase" time="0.204">
    <error/>
  </testcase> <!-- testcase -->
  <testcase classname="com.tibco.rest.test.DataDrivenTestCases" name="testcase" time="0.018">
    <error/>
  </testcase> <!-- testcase -->
  <testcase classname="com.tibco.rest.test.DataDrivenTestCases" name="testcase" time="0.586">
    <error/>
  </testcase> <!-- testcase -->
  <testcase classname="com.tibco.rest.test.DataDrivenTestCases" name="testcase" time="0.094">
    <error/>
  </testcase> <!-- testcase -->
  <testcase classname="com.tibco.rest.test.DataDrivenTestCases" name="testcase" time="0.127">
    <error/>
  </testcase> <!-- testcase -->
  <testcase classname="com.tibco.rest.test.DataDrivenTestCases" name="testcase" time="0.048">
    <error/>
  </testcase> <!-- testcase -->
  <testcase classname="com.tibco.rest.test.DataDrivenTestCases" name="testcase" time="0.205">
    <error/>
  </testcase> <!-- testcase -->
  <testcase classname="com.tibco.rest.test.DataDrivenTestCases" name="testcase" time="0.208">
    <error/>
  </testcase> <!-- testcase -->
  <testcase classname="com.tibco.rest.test.DataDrivenTestCases" name="testcase" time="0.048">
    <error/>
  </testcase> <!-- testcase -->
  <testcase classname="com.tibco.rest.test.DataDrivenTestCases" name="testcase" time="0.031">
    <error/>
  </testcase> <!-- testcase -->
  <testcase classname="com.tibco.rest.test.DataDrivenTestCases" name="testcase" time="0.016">
    <error/>
  </testcase> <!-- testcase -->
  <testcase classname="com.tibco.rest.test.DataDrivenTestCases" name="testcase" time="0.047">
    <error/>
  </testcase> <!-- testcase -->
  <testcase classname="com.tibco.rest.test.DataDrivenTestCases" name="testcase" time="0.268">
    <error/>
  </testcase> <!-- testcase -->
  <testcase classname="com.tibco.rest.test.DataDrivenTestCases" name="testcase" time="0.032">
    <error/>
  </testcase> <!-- testcase -->
  <testcase classname="com.tibco.rest.test.DataDrivenTestCases" name="testcase" time="0.290">
    <error/>
  </testcase> <!-- testcase -->
  <testcase classname="com.tibco.rest.test.DataDrivenTestCases" name="testcase" time="0.016">
    <error/>
  </testcase> <!-- testcase -->
  <testcase classname="com.tibco.rest.test.DataDrivenTestCases" name="testcase" time="0.063">
    <error/>
  </testcase> <!-- testcase -->
  <testcase classname="com.tibco.rest.test.DataDrivenTestCases" name="testcase" time="0.017">
    <error/>
  </testcase> <!-- testcase -->
  <testcase classname="com.tibco.rest.test.DataDrivenTestCases" name="testcase" time="0.079">
    <error/>
  </testcase> <!-- testcase -->
  <testcase classname="com.tibco.rest.test.DataDrivenTestCases" name="testcase" time="0.142">
    <error/>
  </testcase> <!-- testcase -->
  <testcase classname="com.tibco.rest.test.DataDrivenTestCases" name="testcase" time="0.032">
    <error/>
  </testcase> <!-- testcase -->
  <testcase classname="com.tibco.rest.test.DataDrivenTestCases" name="testcase" time="0.366">
    <error/>
  </testcase> <!-- testcase -->
  <testcase classname="com.tibco.rest.test.DataDrivenTestCases" name="testcase" time="0.047">
    <error/>
  </testcase> <!-- testcase -->
  <testcase classname="com.tibco.rest.test.DataDrivenTestCases" name="testcase" time="0.047">
    <error/>
  </testcase> <!-- testcase -->
  <testcase classname="com.tibco.rest.test.DataDrivenTestCases" name="testcase" time="0.363">
    <error/>
  </testcase> <!-- testcase -->
  <testcase classname="com.tibco.rest.test.DataDrivenTestCases" name="testcase" time="0.095">
    <error/>
  </testcase> <!-- testcase -->
  <testcase classname="com.tibco.rest.test.DataDrivenTestCases" name="testcase" time="0.345">
    <error/>
  </testcase> <!-- testcase -->
  <testcase classname="com.tibco.rest.test.DataDrivenTestCases" name="testcase" time="0.189">
    <error/>
  </testcase> <!-- testcase -->
  <testcase classname="com.tibco.rest.test.DataDrivenTestCases" name="testcase" time="0.056">
    <error/>
  </testcase> <!-- testcase -->
  <testcase classname="com.tibco.rest.test.DataDrivenTestCases" name="testcase" time="0.299">
    <error/>
  </testcase> <!-- testcase -->
  <testcase classname="com.tibco.rest.test.DataDrivenTestCases" name="testcase" time="0.111">
    <error/>
  </testcase> <!-- testcase -->
  <testcase classname="com.tibco.rest.test.DataDrivenTestCases" name="testcase" time="0.063">
    <error/>
  </testcase> <!-- testcase -->
  <testcase classname="com.tibco.rest.test.DataDrivenTestCases" name="testcase" time="0.046">
    <error/>
  </testcase> <!-- testcase -->
  <testcase classname="com.tibco.rest.test.DataDrivenTestCases" name="testcase" time="0.032">
    <error/>
  </testcase> <!-- testcase -->
  <testcase classname="com.tibco.rest.test.DataDrivenTestCases" name="testcase" time="0.110">
    <error/>
  </testcase> <!-- testcase -->
  <testcase classname="com.tibco.rest.test.DataDrivenTestCases" name="testcase" time="0.031">
    <error/>
  </testcase> <!-- testcase -->
  <testcase classname="com.tibco.rest.test.DataDrivenTestCases" name="testcase" time="0.026">
    <error/>
  </testcase> <!-- testcase -->
  <testcase classname="com.tibco.rest.test.DataDrivenTestCases" name="testcase" time="0.017">
    <error/>
  </testcase> <!-- testcase -->
  <testcase classname="com.tibco.rest.test.DataDrivenTestCases" name="testcase" time="0.032">
    <error/>
  </testcase> <!-- testcase -->
  <testcase classname="com.tibco.rest.test.DataDrivenTestCases" name="testcase" time="0.382">
    <error/>
  </testcase> <!-- testcase -->
  <testcase classname="com.tibco.rest.test.DataDrivenTestCases" name="testcase" time="0.031">
    <error/>
  </testcase> <!-- testcase -->
  <testcase classname="com.tibco.rest.test.DataDrivenTestCases" name="testcase" time="0.016">
    <error/>
  </testcase> <!-- testcase -->
  <testcase classname="com.tibco.rest.test.DataDrivenTestCases" name="testcase" time="0.064">
    <error/>
  </testcase> <!-- testcase -->
  <testcase classname="com.tibco.rest.test.DataDrivenTestCases" name="testcase" time="0.126">
    <failure message="Expected value should be &quot;Auto RESTAPI EDIFACT node0 Edited&quot; : Actual value is &quot;1&quot;" type="java.lang.AssertionError">
      <![CDATA[java.lang.AssertionError: Expected value should be "Auto RESTAPI EDIFACT node0 Edited" : Actual value is "1"
	at com.tibco.rest.restAssured.Assertions.assertTrue(Assertions.java:166)
	at com.tibco.rest.restAssured.Assertions.assertEquals(Assertions.java:183)
	at com.tibco.rest.test.DataDrivenTestCases.verifyResponse(DataDrivenTestCases.java:508)
	at com.tibco.rest.test.DataDrivenTestCases.testcase(DataDrivenTestCases.java:377)
	at jdk.internal.reflect.GeneratedMethodAccessor64.invoke(Unknown Source)
	at java.base/jdk.internal.reflect.DelegatingMethodAccessorImpl.invoke(DelegatingMethodAccessorImpl.java:43)
	at java.base/java.lang.reflect.Method.invoke(Method.java:568)
	at org.testng.internal.MethodInvocationHelper.invokeMethod(MethodInvocationHelper.java:108)
	at org.testng.internal.Invoker.invokeMethod(Invoker.java:661)
	at org.testng.internal.Invoker.invokeTestMethod(Invoker.java:869)
	at org.testng.internal.Invoker.invokeTestMethods(Invoker.java:1193)
	at org.testng.internal.TestMethodWorker.invokeTestMethods(TestMethodWorker.java:126)
	at org.testng.internal.TestMethodWorker.run(TestMethodWorker.java:109)
	at org.testng.TestRunner.privateRun(TestRunner.java:744)
	at org.testng.TestRunner.run(TestRunner.java:602)
	at org.testng.SuiteRunner.runTest(SuiteRunner.java:380)
	at org.testng.SuiteRunner.runSequentially(SuiteRunner.java:375)
	at org.testng.SuiteRunner.privateRun(SuiteRunner.java:340)
	at org.testng.SuiteRunner.run(SuiteRunner.java:289)
	at org.testng.SuiteRunnerWorker.runSuite(SuiteRunnerWorker.java:52)
	at org.testng.SuiteRunnerWorker.run(SuiteRunnerWorker.java:86)
	at org.testng.TestNG.runSuitesSequentially(TestNG.java:1301)
	at org.testng.TestNG.runSuitesLocally(TestNG.java:1226)
	at org.testng.TestNG.runSuites(TestNG.java:1144)
	at org.testng.TestNG.run(TestNG.java:1115)
	at org.testng.TestNG.privateMain(TestNG.java:1442)
	at org.testng.TestNG.main(TestNG.java:1411)
]]>
    </failure>
  </testcase> <!-- testcase -->
  <testcase classname="com.tibco.rest.test.DataDrivenTestCases" name="testcase" time="0.026">
    <error/>
  </testcase> <!-- testcase -->
  <testcase classname="com.tibco.rest.test.DataDrivenTestCases" name="testcase" time="0.031">
    <error/>
  </testcase> <!-- testcase -->
  <testcase classname="com.tibco.rest.test.DataDrivenTestCases" name="testcase" time="0.221">
    <error/>
  </testcase> <!-- testcase -->
  <testcase classname="com.tibco.rest.test.DataDrivenTestCases" name="testcase" time="0.064">
    <error/>
  </testcase> <!-- testcase -->
  <testcase classname="com.tibco.rest.test.DataDrivenTestCases" name="testcase" time="0.912">
    <error/>
  </testcase> <!-- testcase -->
  <testcase classname="com.tibco.rest.test.DataDrivenTestCases" name="testcase" time="0.063">
    <error/>
  </testcase> <!-- testcase -->
  <testcase classname="com.tibco.rest.test.DataDrivenTestCases" name="testcase" time="0.016">
    <error/>
  </testcase> <!-- testcase -->
  <testcase classname="com.tibco.rest.test.DataDrivenTestCases" name="testcase" time="0.031">
    <error/>
  </testcase> <!-- testcase -->
  <testcase classname="com.tibco.rest.test.DataDrivenTestCases" name="testcase" time="0.115">
    <error/>
  </testcase> <!-- testcase -->
  <testcase classname="com.tibco.rest.test.DataDrivenTestCases" name="testcase" time="0.031">
    <error/>
  </testcase> <!-- testcase -->
  <testcase classname="com.tibco.rest.test.DataDrivenTestCases" name="testcase" time="0.032">
    <error/>
  </testcase> <!-- testcase -->
  <testcase classname="com.tibco.rest.test.DataDrivenTestCases" name="testcase" time="0.048">
    <error/>
  </testcase> <!-- testcase -->
  <testcase classname="com.tibco.rest.test.DataDrivenTestCases" name="testcase" time="0.112">
    <error/>
  </testcase> <!-- testcase -->
  <testcase classname="com.tibco.rest.test.DataDrivenTestCases" name="testcase" time="0.032">
    <error/>
  </testcase> <!-- testcase -->
  <testcase classname="com.tibco.rest.test.DataDrivenTestCases" name="testcase" time="0.032">
    <error/>
  </testcase> <!-- testcase -->
  <testcase classname="com.tibco.rest.test.DataDrivenTestCases" name="testcase" time="0.331">
    <error/>
  </testcase> <!-- testcase -->
  <testcase classname="com.tibco.rest.test.DataDrivenTestCases" name="testcase" time="0.038">
    <error/>
  </testcase> <!-- testcase -->
  <testcase classname="com.tibco.rest.test.DataDrivenTestCases" name="testcase" time="0.141">
    <error/>
  </testcase> <!-- testcase -->
  <testcase classname="com.tibco.rest.test.DataDrivenTestCases" name="testcase" time="0.047">
    <error/>
  </testcase> <!-- testcase -->
  <testcase classname="com.tibco.rest.test.DataDrivenTestCases" name="testcase" time="0.048">
    <error/>
  </testcase> <!-- testcase -->
  <testcase classname="com.tibco.rest.test.DataDrivenTestCases" name="testcase" time="0.048">
    <error/>
  </testcase> <!-- testcase -->
  <testcase classname="com.tibco.rest.test.DataDrivenTestCases" name="testcase" time="0.142">
    <error/>
  </testcase> <!-- testcase -->
  <testcase classname="com.tibco.rest.test.DataDrivenTestCases" name="testcase" time="0.047">
    <error/>
  </testcase> <!-- testcase -->
  <testcase classname="com.tibco.rest.test.DataDrivenTestCases" name="testcase" time="0.032">
    <error/>
  </testcase> <!-- testcase -->
  <testcase classname="com.tibco.rest.test.DataDrivenTestCases" name="testcase" time="0.525">
    <error/>
  </testcase> <!-- testcase -->
  <testcase classname="com.tibco.rest.test.DataDrivenTestCases" name="testcase" time="0.048">
    <error/>
  </testcase> <!-- testcase -->
  <testcase classname="com.tibco.rest.test.DataDrivenTestCases" name="testcase" time="0.063">
    <error/>
  </testcase> <!-- testcase -->
  <testcase classname="com.tibco.rest.test.DataDrivenTestCases" name="testcase" time="0.330">
    <error/>
  </testcase> <!-- testcase -->
  <testcase classname="com.tibco.rest.test.DataDrivenTestCases" name="testcase" time="0.315">
    <error/>
  </testcase> <!-- testcase -->
  <testcase classname="com.tibco.rest.test.DataDrivenTestCases" name="testcase" time="0.079">
    <error/>
  </testcase> <!-- testcase -->
  <testcase classname="com.tibco.rest.test.DataDrivenTestCases" name="testcase" time="0.331">
    <error/>
  </testcase> <!-- testcase -->
  <testcase classname="com.tibco.rest.test.DataDrivenTestCases" name="testcase" time="0.631">
    <error/>
  </testcase> <!-- testcase -->
  <testcase classname="com.tibco.rest.test.DataDrivenTestCases" name="testcase" time="0.237">
    <error/>
  </testcase> <!-- testcase -->
  <testcase classname="com.tibco.rest.test.DataDrivenTestCases" name="testcase" time="0.315">
    <error/>
  </testcase> <!-- testcase -->
  <testcase classname="com.tibco.rest.test.DataDrivenTestCases" name="testcase" time="0.237">
    <error/>
  </testcase> <!-- testcase -->
  <testcase classname="com.tibco.rest.test.DataDrivenTestCases" name="testcase" time="0.063">
    <error/>
  </testcase> <!-- testcase -->
  <testcase classname="com.tibco.rest.test.DataDrivenTestCases" name="testcase" time="0.364">
    <error/>
  </testcase> <!-- testcase -->
  <testcase classname="com.tibco.rest.test.DataDrivenTestCases" name="testcase" time="0.204">
    <error/>
  </testcase> <!-- testcase -->
  <testcase classname="com.tibco.rest.test.DataDrivenTestCases" name="testcase" time="0.016">
    <error/>
  </testcase> <!-- testcase -->
  <testcase classname="com.tibco.rest.test.DataDrivenTestCases" name="testcase" time="0.053">
    <error/>
  </testcase> <!-- testcase -->
  <testcase classname="com.tibco.rest.test.DataDrivenTestCases" name="testcase" time="0.065">
    <error/>
  </testcase> <!-- testcase -->
  <testcase classname="com.tibco.rest.test.DataDrivenTestCases" name="testcase" time="0.300">
    <error/>
  </testcase> <!-- testcase -->
  <testcase classname="com.tibco.rest.test.DataDrivenTestCases" name="testcase" time="0.026">
    <error/>
  </testcase> <!-- testcase -->
  <testcase classname="com.tibco.rest.test.DataDrivenTestCases" name="testcase" time="0.048">
    <error/>
  </testcase> <!-- testcase -->
  <testcase classname="com.tibco.rest.test.DataDrivenTestCases" name="testcase" time="0.175">
    <error/>
  </testcase> <!-- testcase -->
  <testcase classname="com.tibco.rest.test.DataDrivenTestCases" name="testcase" time="0.032">
    <error/>
  </testcase> <!-- testcase -->
  <testcase classname="com.tibco.rest.test.DataDrivenTestCases" name="testcase" time="0.191">
    <error/>
  </testcase> <!-- testcase -->
  <testcase classname="com.tibco.rest.test.DataDrivenTestCases" name="testcase" time="0.267">
    <error/>
  </testcase> <!-- testcase -->
  <testcase classname="com.tibco.rest.test.DataDrivenTestCases" name="testcase" time="0.033">
    <error/>
  </testcase> <!-- testcase -->
  <testcase classname="com.tibco.rest.test.DataDrivenTestCases" name="testcase" time="0.221">
    <error/>
  </testcase> <!-- testcase -->
  <testcase classname="com.tibco.rest.test.DataDrivenTestCases" name="testcase" time="0.110">
    <error/>
  </testcase> <!-- testcase -->
  <testcase classname="com.tibco.rest.test.DataDrivenTestCases" name="testcase" time="0.164">
    <error/>
  </testcase> <!-- testcase -->
  <testcase classname="com.tibco.rest.test.DataDrivenTestCases" name="testcase" time="0.016">
    <error/>
  </testcase> <!-- testcase -->
  <testcase classname="com.tibco.rest.test.DataDrivenTestCases" name="testcase" time="0.458">
    <error/>
  </testcase> <!-- testcase -->
  <testcase classname="com.tibco.rest.test.DataDrivenTestCases" name="testcase" time="0.032">
    <failure message="Expected value should be &quot;BCCE-3303&quot; : Actual value is &quot;BCCE-3201&quot;" type="java.lang.AssertionError">
      <![CDATA[java.lang.AssertionError: Expected value should be "BCCE-3303" : Actual value is "BCCE-3201"
	at com.tibco.rest.restAssured.Assertions.assertTrue(Assertions.java:166)
	at com.tibco.rest.restAssured.Assertions.assertEquals(Assertions.java:183)
	at com.tibco.rest.test.DataDrivenTestCases.verifyResponse(DataDrivenTestCases.java:508)
	at com.tibco.rest.test.DataDrivenTestCases.testcase(DataDrivenTestCases.java:352)
	at java.base/jdk.internal.reflect.NativeMethodAccessorImpl.invoke0(Native Method)
	at java.base/jdk.internal.reflect.NativeMethodAccessorImpl.invoke(NativeMethodAccessorImpl.java:77)
	at java.base/jdk.internal.reflect.DelegatingMethodAccessorImpl.invoke(DelegatingMethodAccessorImpl.java:43)
	at java.base/java.lang.reflect.Method.invoke(Method.java:568)
	at org.testng.internal.MethodInvocationHelper.invokeMethod(MethodInvocationHelper.java:108)
	at org.testng.internal.Invoker.invokeMethod(Invoker.java:661)
	at org.testng.internal.Invoker.invokeTestMethod(Invoker.java:869)
	at org.testng.internal.Invoker.invokeTestMethods(Invoker.java:1193)
	at org.testng.internal.TestMethodWorker.invokeTestMethods(TestMethodWorker.java:126)
	at org.testng.internal.TestMethodWorker.run(TestMethodWorker.java:109)
	at org.testng.TestRunner.privateRun(TestRunner.java:744)
	at org.testng.TestRunner.run(TestRunner.java:602)
	at org.testng.SuiteRunner.runTest(SuiteRunner.java:380)
	at org.testng.SuiteRunner.runSequentially(SuiteRunner.java:375)
	at org.testng.SuiteRunner.privateRun(SuiteRunner.java:340)
	at org.testng.SuiteRunner.run(SuiteRunner.java:289)
	at org.testng.SuiteRunnerWorker.runSuite(SuiteRunnerWorker.java:52)
	at org.testng.SuiteRunnerWorker.run(SuiteRunnerWorker.java:86)
	at org.testng.TestNG.runSuitesSequentially(TestNG.java:1301)
	at org.testng.TestNG.runSuitesLocally(TestNG.java:1226)
	at org.testng.TestNG.runSuites(TestNG.java:1144)
	at org.testng.TestNG.run(TestNG.java:1115)
	at org.testng.TestNG.privateMain(TestNG.java:1442)
	at org.testng.TestNG.main(TestNG.java:1411)
]]>
    </failure>
  </testcase> <!-- testcase -->
  <testcase classname="com.tibco.rest.test.DataDrivenTestCases" name="testcase" time="0.049">
    <error/>
  </testcase> <!-- testcase -->
  <testcase classname="com.tibco.rest.test.DataDrivenTestCases" name="testcase" time="0.266">
    <error/>
  </testcase> <!-- testcase -->
  <testcase classname="com.tibco.rest.test.DataDrivenTestCases" name="testcase" time="0.047">
    <error/>
  </testcase> <!-- testcase -->
  <testcase classname="com.tibco.rest.test.DataDrivenTestCases" name="testcase" time="0.069">
    <error/>
  </testcase> <!-- testcase -->
  <testcase classname="com.tibco.rest.test.DataDrivenTestCases" name="testcase" time="0.032">
    <error/>
  </testcase> <!-- testcase -->
  <testcase classname="com.tibco.rest.test.DataDrivenTestCases" name="testcase" time="0.073">
    <error/>
  </testcase> <!-- testcase -->
  <testcase classname="com.tibco.rest.test.DataDrivenTestCases" name="testcase" time="0.251">
    <error/>
  </testcase> <!-- testcase -->
  <testcase classname="com.tibco.rest.test.DataDrivenTestCases" name="testcase" time="0.205">
    <error/>
  </testcase> <!-- testcase -->
  <testcase classname="com.tibco.rest.test.DataDrivenTestCases" name="testcase" time="0.031">
    <failure message="Expected value should be &quot;Auto RESTAPI EDIFACT node0&quot; : Actual value is &quot;1&quot;" type="java.lang.AssertionError">
      <![CDATA[java.lang.AssertionError: Expected value should be "Auto RESTAPI EDIFACT node0" : Actual value is "1"
	at com.tibco.rest.restAssured.Assertions.assertTrue(Assertions.java:166)
	at com.tibco.rest.restAssured.Assertions.assertEquals(Assertions.java:183)
	at com.tibco.rest.test.DataDrivenTestCases.verifyResponse(DataDrivenTestCases.java:508)
	at com.tibco.rest.test.DataDrivenTestCases.testcase(DataDrivenTestCases.java:377)
	at jdk.internal.reflect.GeneratedMethodAccessor64.invoke(Unknown Source)
	at java.base/jdk.internal.reflect.DelegatingMethodAccessorImpl.invoke(DelegatingMethodAccessorImpl.java:43)
	at java.base/java.lang.reflect.Method.invoke(Method.java:568)
	at org.testng.internal.MethodInvocationHelper.invokeMethod(MethodInvocationHelper.java:108)
	at org.testng.internal.Invoker.invokeMethod(Invoker.java:661)
	at org.testng.internal.Invoker.invokeTestMethod(Invoker.java:869)
	at org.testng.internal.Invoker.invokeTestMethods(Invoker.java:1193)
	at org.testng.internal.TestMethodWorker.invokeTestMethods(TestMethodWorker.java:126)
	at org.testng.internal.TestMethodWorker.run(TestMethodWorker.java:109)
	at org.testng.TestRunner.privateRun(TestRunner.java:744)
	at org.testng.TestRunner.run(TestRunner.java:602)
	at org.testng.SuiteRunner.runTest(SuiteRunner.java:380)
	at org.testng.SuiteRunner.runSequentially(SuiteRunner.java:375)
	at org.testng.SuiteRunner.privateRun(SuiteRunner.java:340)
	at org.testng.SuiteRunner.run(SuiteRunner.java:289)
	at org.testng.SuiteRunnerWorker.runSuite(SuiteRunnerWorker.java:52)
	at org.testng.SuiteRunnerWorker.run(SuiteRunnerWorker.java:86)
	at org.testng.TestNG.runSuitesSequentially(TestNG.java:1301)
	at org.testng.TestNG.runSuitesLocally(TestNG.java:1226)
	at org.testng.TestNG.runSuites(TestNG.java:1144)
	at org.testng.TestNG.run(TestNG.java:1115)
	at org.testng.TestNG.privateMain(TestNG.java:1442)
	at org.testng.TestNG.main(TestNG.java:1411)
]]>
    </failure>
  </testcase> <!-- testcase -->
  <testcase classname="com.tibco.rest.test.DataDrivenTestCases" name="testcase" time="0.332">
    <error/>
  </testcase> <!-- testcase -->
  <testcase classname="com.tibco.rest.test.DataDrivenTestCases" name="testcase" time="0.079">
    <error/>
  </testcase> <!-- testcase -->
  <testcase classname="com.tibco.rest.test.DataDrivenTestCases" name="testcase" time="0.126">
    <error/>
  </testcase> <!-- testcase -->
  <testcase classname="com.tibco.rest.test.DataDrivenTestCases" name="testcase" time="0.238">
    <error/>
  </testcase> <!-- testcase -->
  <testcase classname="com.tibco.rest.test.DataDrivenTestCases" name="testcase" time="0.144">
    <error/>
  </testcase> <!-- testcase -->
  <testcase classname="com.tibco.rest.test.DataDrivenTestCases" name="testcase" time="0.031">
    <error/>
  </testcase> <!-- testcase -->
  <testcase classname="com.tibco.rest.test.DataDrivenTestCases" name="testcase" time="0.064">
    <error/>
  </testcase> <!-- testcase -->
  <testcase classname="com.tibco.rest.test.DataDrivenTestCases" name="testcase" time="0.268">
    <error/>
  </testcase> <!-- testcase -->
  <testcase classname="com.tibco.rest.test.DataDrivenTestCases" name="testcase" time="0.082">
    <error/>
  </testcase> <!-- testcase -->
  <testcase classname="com.tibco.rest.test.DataDrivenTestCases" name="testcase" time="0.063">
    <error/>
  </testcase> <!-- testcase -->
  <testcase classname="com.tibco.rest.test.DataDrivenTestCases" name="testcase" time="0.211">
    <error/>
  </testcase> <!-- testcase -->
  <testcase classname="com.tibco.rest.test.DataDrivenTestCases" name="testcase" time="0.364">
    <error/>
  </testcase> <!-- testcase -->
  <testcase classname="com.tibco.rest.test.DataDrivenTestCases" name="testcase" time="0.237">
    <error/>
  </testcase> <!-- testcase -->
  <testcase classname="com.tibco.rest.test.DataDrivenTestCases" name="testcase" time="0.566">
    <error/>
  </testcase> <!-- testcase -->
  <testcase classname="com.tibco.rest.test.DataDrivenTestCases" name="testcase" time="0.019">
    <error/>
  </testcase> <!-- testcase -->
  <testcase classname="com.tibco.rest.test.DataDrivenTestCases" name="testcase" time="0.375">
    <error/>
  </testcase> <!-- testcase -->
  <testcase classname="com.tibco.rest.test.DataDrivenTestCases" name="testcase" time="0.204">
    <error/>
  </testcase> <!-- testcase -->
  <testcase classname="com.tibco.rest.test.DataDrivenTestCases" name="testcase" time="0.032">
    <error/>
  </testcase> <!-- testcase -->
  <testcase classname="com.tibco.rest.test.DataDrivenTestCases" name="testcase" time="0.079">
    <error/>
  </testcase> <!-- testcase -->
  <testcase classname="com.tibco.rest.test.DataDrivenTestCases" name="testcase" time="0.031">
    <error/>
  </testcase> <!-- testcase -->
  <testcase classname="com.tibco.rest.test.DataDrivenTestCases" name="testcase" time="0.205">
    <error/>
  </testcase> <!-- testcase -->
  <testcase classname="com.tibco.rest.test.DataDrivenTestCases" name="testcase" time="0.126">
    <error/>
  </testcase> <!-- testcase -->
  <testcase classname="com.tibco.rest.test.DataDrivenTestCases" name="testcase" time="0.126">
    <error/>
  </testcase> <!-- testcase -->
  <testcase classname="com.tibco.rest.test.DataDrivenTestCases" name="testcase" time="0.045">
    <error/>
  </testcase> <!-- testcase -->
  <testcase classname="com.tibco.rest.test.DataDrivenTestCases" name="testcase" time="0.049">
    <error/>
  </testcase> <!-- testcase -->
  <testcase classname="com.tibco.rest.test.DataDrivenTestCases" name="testcase" time="0.143">
    <error/>
  </testcase> <!-- testcase -->
  <testcase classname="com.tibco.rest.test.DataDrivenTestCases" name="testcase" time="0.172">
    <error/>
  </testcase> <!-- testcase -->
  <testcase classname="com.tibco.rest.test.DataDrivenTestCases" name="testcase" time="0.031">
    <error/>
  </testcase> <!-- testcase -->
  <testcase classname="com.tibco.rest.test.DataDrivenTestCases" name="testcase" time="0.032">
    <error/>
  </testcase> <!-- testcase -->
  <testcase classname="com.tibco.rest.test.DataDrivenTestCases" name="testcase" time="0.126">
    <error/>
  </testcase> <!-- testcase -->
  <testcase classname="com.tibco.rest.test.DataDrivenTestCases" name="testcase" time="0.037">
    <error/>
  </testcase> <!-- testcase -->
  <testcase classname="com.tibco.rest.test.DataDrivenTestCases" name="testcase" time="0.049">
    <error/>
  </testcase> <!-- testcase -->
  <testcase classname="com.tibco.rest.test.DataDrivenTestCases" name="testcase" time="0.246">
    <error/>
  </testcase> <!-- testcase -->
  <testcase classname="com.tibco.rest.test.DataDrivenTestCases" name="testcase" time="0.315">
    <error/>
  </testcase> <!-- testcase -->
  <testcase classname="com.tibco.rest.test.DataDrivenTestCases" name="testcase" time="0.071">
    <error/>
  </testcase> <!-- testcase -->
  <testcase classname="com.tibco.rest.test.DataDrivenTestCases" name="testcase" time="0.048">
    <error/>
  </testcase> <!-- testcase -->
  <testcase classname="com.tibco.rest.test.DataDrivenTestCases" name="testcase" time="0.189">
    <error/>
  </testcase> <!-- testcase -->
  <testcase classname="com.tibco.rest.test.DataDrivenTestCases" name="testcase" time="0.361">
    <error/>
  </testcase> <!-- testcase -->
  <testcase classname="com.tibco.rest.test.DataDrivenTestCases" name="testcase" time="0.031">
    <error/>
  </testcase> <!-- testcase -->
  <testcase classname="com.tibco.rest.test.DataDrivenTestCases" name="testcase" time="0.125">
    <error/>
  </testcase> <!-- testcase -->
  <testcase classname="com.tibco.rest.test.DataDrivenTestCases" name="testcase" time="0.174">
    <error/>
  </testcase> <!-- testcase -->
  <testcase classname="com.tibco.rest.test.DataDrivenTestCases" name="testcase" time="0.079">
    <error/>
  </testcase> <!-- testcase -->
  <testcase classname="com.tibco.rest.test.DataDrivenTestCases" name="testcase" time="0.131">
    <error/>
  </testcase> <!-- testcase -->
  <testcase classname="com.tibco.rest.test.DataDrivenTestCases" name="testcase" time="0.095">
    <error/>
  </testcase> <!-- testcase -->
  <testcase classname="com.tibco.rest.test.DataDrivenTestCases" name="testcase" time="0.615">
    <error/>
  </testcase> <!-- testcase -->
  <testcase classname="com.tibco.rest.test.DataDrivenTestCases" name="testcase" time="0.141">
    <error/>
  </testcase> <!-- testcase -->
  <testcase classname="com.tibco.rest.test.DataDrivenTestCases" name="testcase" time="0.080">
    <error/>
  </testcase> <!-- testcase -->
  <testcase classname="com.tibco.rest.test.DataDrivenTestCases" name="testcase" time="0.221">
    <error/>
  </testcase> <!-- testcase -->
  <testcase classname="com.tibco.rest.test.DataDrivenTestCases" name="testcase" time="0.110">
    <error/>
  </testcase> <!-- testcase -->
  <testcase classname="com.tibco.rest.test.DataDrivenTestCases" name="testcase" time="0.047">
    <error/>
  </testcase> <!-- testcase -->
  <testcase classname="com.tibco.rest.test.DataDrivenTestCases" name="testcase" time="0.163">
    <error/>
  </testcase> <!-- testcase -->
  <testcase classname="com.tibco.rest.test.DataDrivenTestCases" name="testcase" time="0.016">
    <error/>
  </testcase> <!-- testcase -->
  <testcase classname="com.tibco.rest.test.DataDrivenTestCases" name="testcase" time="0.032">
    <error/>
  </testcase> <!-- testcase -->
  <testcase classname="com.tibco.rest.test.DataDrivenTestCases" name="testcase" time="0.363">
    <error/>
  </testcase> <!-- testcase -->
  <testcase classname="com.tibco.rest.test.DataDrivenTestCases" name="testcase" time="0.126">
    <error/>
  </testcase> <!-- testcase -->
  <testcase classname="com.tibco.rest.test.DataDrivenTestCases" name="testcase" time="0.026">
    <error/>
  </testcase> <!-- testcase -->
  <testcase classname="com.tibco.rest.test.DataDrivenTestCases" name="testcase" time="0.064">
    <error/>
  </testcase> <!-- testcase -->
  <testcase classname="com.tibco.rest.test.DataDrivenTestCases" name="testcase" time="0.189">
    <error/>
  </testcase> <!-- testcase -->
  <testcase classname="com.tibco.rest.test.DataDrivenTestCases" name="testcase" time="0.301">
    <error/>
  </testcase> <!-- testcase -->
  <testcase classname="com.tibco.rest.test.DataDrivenTestCases" name="testcase" time="0.032">
    <error/>
  </testcase> <!-- testcase -->
  <testcase classname="com.tibco.rest.test.DataDrivenTestCases" name="testcase" time="0.031">
    <error/>
  </testcase> <!-- testcase -->
  <testcase classname="com.tibco.rest.test.DataDrivenTestCases" name="testcase" time="0.047">
    <error/>
  </testcase> <!-- testcase -->
  <testcase classname="com.tibco.rest.test.DataDrivenTestCases" name="testcase" time="0.023">
    <error/>
  </testcase> <!-- testcase -->
  <testcase classname="com.tibco.rest.test.DataDrivenTestCases" name="testcase" time="0.313">
    <error/>
  </testcase> <!-- testcase -->
  <testcase classname="com.tibco.rest.test.DataDrivenTestCases" name="testcase" time="0.045">
    <error/>
  </testcase> <!-- testcase -->
  <testcase classname="com.tibco.rest.test.DataDrivenTestCases" name="testcase" time="0.126">
    <error/>
  </testcase> <!-- testcase -->
  <testcase classname="com.tibco.rest.test.DataDrivenTestCases" name="testcase" time="0.111">
    <error/>
  </testcase> <!-- testcase -->
  <testcase classname="com.tibco.rest.test.DataDrivenTestCases" name="testcase" time="0.380">
    <error/>
  </testcase> <!-- testcase -->
  <testcase classname="com.tibco.rest.test.DataDrivenTestCases" name="testcase" time="0.065">
    <error/>
  </testcase> <!-- testcase -->
  <testcase classname="com.tibco.rest.test.DataDrivenTestCases" name="testcase" time="0.032">
    <error/>
  </testcase> <!-- testcase -->
  <testcase classname="com.tibco.rest.test.DataDrivenTestCases" name="testcase" time="0.189">
    <error/>
  </testcase> <!-- testcase -->
  <testcase classname="com.tibco.rest.test.DataDrivenTestCases" name="testcase" time="0.057">
    <error/>
  </testcase> <!-- testcase -->
  <testcase classname="com.tibco.rest.test.DataDrivenTestCases" name="testcase" time="0.205">
    <error/>
  </testcase> <!-- testcase -->
  <testcase classname="com.tibco.rest.test.DataDrivenTestCases" name="testcase" time="0.270">
    <error/>
  </testcase> <!-- testcase -->
  <testcase classname="com.tibco.rest.test.DataDrivenTestCases" name="testcase" time="0.049">
    <error/>
  </testcase> <!-- testcase -->
  <testcase classname="com.tibco.rest.test.DataDrivenTestCases" name="testcase" time="0.140">
    <error/>
  </testcase> <!-- testcase -->
  <testcase classname="com.tibco.rest.test.DataDrivenTestCases" name="testcase" time="0.531">
    <error/>
  </testcase> <!-- testcase -->
  <testcase classname="com.tibco.rest.test.DataDrivenTestCases" name="testcase" time="0.048">
    <error/>
  </testcase> <!-- testcase -->
  <testcase classname="com.tibco.rest.test.DataDrivenTestCases" name="testcase" time="0.127">
    <error/>
  </testcase> <!-- testcase -->
  <testcase classname="com.tibco.rest.test.DataDrivenTestCases" name="testcase" time="0.047">
    <error/>
  </testcase> <!-- testcase -->
  <testcase classname="com.tibco.rest.test.DataDrivenTestCases" name="testcase" time="0.174">
    <error/>
  </testcase> <!-- testcase -->
  <testcase classname="com.tibco.rest.test.DataDrivenTestCases" name="testcase" time="0.016">
    <error/>
  </testcase> <!-- testcase -->
  <testcase classname="com.tibco.rest.test.DataDrivenTestCases" name="testcase" time="0.032">
    <error/>
  </testcase> <!-- testcase -->
  <testcase classname="com.tibco.rest.test.DataDrivenTestCases" name="testcase" time="0.030">
    <error/>
  </testcase> <!-- testcase -->
  <testcase classname="com.tibco.rest.test.DataDrivenTestCases" name="testcase" time="0.143">
    <error/>
  </testcase> <!-- testcase -->
  <testcase classname="com.tibco.rest.test.DataDrivenTestCases" name="testcase" time="0.032">
    <error/>
  </testcase> <!-- testcase -->
  <testcase classname="com.tibco.rest.test.DataDrivenTestCases" name="testcase" time="0.031">
    <error/>
  </testcase> <!-- testcase -->
  <testcase classname="com.tibco.rest.test.DataDrivenTestCases" name="testcase" time="0.031">
    <error/>
  </testcase> <!-- testcase -->
  <testcase classname="com.tibco.rest.test.DataDrivenTestCases" name="testcase" time="0.109">
    <error/>
  </testcase> <!-- testcase -->
  <testcase classname="com.tibco.rest.test.DataDrivenTestCases" name="testcase" time="0.568">
    <error/>
  </testcase> <!-- testcase -->
  <testcase classname="com.tibco.rest.test.DataDrivenTestCases" name="testcase" time="0.056">
    <error/>
  </testcase> <!-- testcase -->
  <testcase classname="com.tibco.rest.test.DataDrivenTestCases" name="testcase" time="0.348">
    <error/>
  </testcase> <!-- testcase -->
  <testcase classname="com.tibco.rest.test.DataDrivenTestCases" name="testcase" time="0.174">
    <error/>
  </testcase> <!-- testcase -->
  <testcase classname="com.tibco.rest.test.DataDrivenTestCases" name="testcase" time="0.096">
    <error/>
  </testcase> <!-- testcase -->
  <testcase classname="com.tibco.rest.test.DataDrivenTestCases" name="testcase" time="0.117">
    <error/>
  </testcase> <!-- testcase -->
  <testcase classname="com.tibco.rest.test.DataDrivenTestCases" name="testcase" time="0.389">
    <error/>
  </testcase> <!-- testcase -->
  <testcase classname="com.tibco.rest.test.DataDrivenTestCases" name="testcase" time="0.048">
    <error/>
  </testcase> <!-- testcase -->
  <testcase classname="com.tibco.rest.test.DataDrivenTestCases" name="testcase" time="0.047">
    <error/>
  </testcase> <!-- testcase -->
  <testcase classname="com.tibco.rest.test.DataDrivenTestCases" name="testcase" time="0.142">
    <error/>
  </testcase> <!-- testcase -->
  <testcase classname="com.tibco.rest.test.DataDrivenTestCases" name="testcase" time="0.110">
    <error/>
  </testcase> <!-- testcase -->
  <testcase classname="com.tibco.rest.test.DataDrivenTestCases" name="testcase" time="0.064">
    <error/>
  </testcase> <!-- testcase -->
  <testcase classname="com.tibco.rest.test.DataDrivenTestCases" name="testcase" time="0.252">
    <error/>
  </testcase> <!-- testcase -->
  <testcase classname="com.tibco.rest.test.DataDrivenTestCases" name="testcase" time="0.489">
    <error/>
  </testcase> <!-- testcase -->
  <testcase classname="com.tibco.rest.test.DataDrivenTestCases" name="testcase" time="0.237">
    <error/>
  </testcase> <!-- testcase -->
  <testcase classname="com.tibco.rest.test.DataDrivenTestCases" name="testcase" time="0.253">
    <error/>
  </testcase> <!-- testcase -->
  <testcase classname="com.tibco.rest.test.DataDrivenTestCases" name="testcase" time="0.237">
    <error/>
  </testcase> <!-- testcase -->
  <testcase classname="com.tibco.rest.test.DataDrivenTestCases" name="testcase" time="6.874">
    <error/>
  </testcase> <!-- testcase -->
  <testcase classname="com.tibco.rest.test.DataDrivenTestCases" name="testcase" time="0.016">
    <error/>
  </testcase> <!-- testcase -->
  <testcase classname="com.tibco.rest.test.DataDrivenTestCases" name="testcase" time="0.189">
    <error/>
  </testcase> <!-- testcase -->
  <testcase classname="com.tibco.rest.test.DataDrivenTestCases" name="testcase" time="0.048">
    <error/>
  </testcase> <!-- testcase -->
  <testcase classname="com.tibco.rest.test.DataDrivenTestCases" name="testcase" time="0.130">
    <error/>
  </testcase> <!-- testcase -->
  <testcase classname="com.tibco.rest.test.DataDrivenTestCases" name="testcase" time="0.115">
    <error/>
  </testcase> <!-- testcase -->
  <testcase classname="com.tibco.rest.test.DataDrivenTestCases" name="testcase" time="0.111">
    <error/>
  </testcase> <!-- testcase -->
  <testcase classname="com.tibco.rest.test.DataDrivenTestCases" name="testcase" time="0.062">
    <error/>
  </testcase> <!-- testcase -->
  <testcase classname="com.tibco.rest.test.DataDrivenTestCases" name="testcase" time="0.094">
    <error/>
  </testcase> <!-- testcase -->
  <testcase classname="com.tibco.rest.test.DataDrivenTestCases" name="testcase" time="0.016">
    <error/>
  </testcase> <!-- testcase -->
  <testcase classname="com.tibco.rest.test.DataDrivenTestCases" name="testcase" time="0.251">
    <error/>
  </testcase> <!-- testcase -->
  <testcase classname="com.tibco.rest.test.DataDrivenTestCases" name="testcase" time="0.079">
    <error/>
  </testcase> <!-- testcase -->
  <testcase classname="com.tibco.rest.test.DataDrivenTestCases" name="testcase" time="0.254">
    <error/>
  </testcase> <!-- testcase -->
  <testcase classname="com.tibco.rest.test.DataDrivenTestCases" name="testcase" time="0.016">
    <error/>
  </testcase> <!-- testcase -->
  <testcase classname="com.tibco.rest.test.DataDrivenTestCases" name="testcase" time="0.473">
    <error/>
  </testcase> <!-- testcase -->
  <testcase classname="com.tibco.rest.test.DataDrivenTestCases" name="testcase" time="0.031">
    <error/>
  </testcase> <!-- testcase -->
  <testcase classname="com.tibco.rest.test.DataDrivenTestCases" name="testcase" time="0.337">
    <error/>
  </testcase> <!-- testcase -->
  <testcase classname="com.tibco.rest.test.DataDrivenTestCases" name="testcase" time="0.325">
    <error/>
  </testcase> <!-- testcase -->
  <testcase classname="com.tibco.rest.test.DataDrivenTestCases" name="testcase" time="0.035">
    <error/>
  </testcase> <!-- testcase -->
  <testcase classname="com.tibco.rest.test.DataDrivenTestCases" name="testcase" time="0.111">
    <error/>
  </testcase> <!-- testcase -->
  <testcase classname="com.tibco.rest.test.DataDrivenTestCases" name="testcase" time="0.051">
    <error/>
  </testcase> <!-- testcase -->
  <testcase classname="com.tibco.rest.test.DataDrivenTestCases" name="testcase" time="0.101">
    <error/>
  </testcase> <!-- testcase -->
  <testcase classname="com.tibco.rest.test.DataDrivenTestCases" name="testcase" time="0.095">
    <error/>
  </testcase> <!-- testcase -->
  <testcase classname="com.tibco.rest.test.DataDrivenTestCases" name="testcase" time="0.252">
    <error/>
  </testcase> <!-- testcase -->
  <testcase classname="com.tibco.rest.test.DataDrivenTestCases" name="testcase" time="0.205">
    <error/>
  </testcase> <!-- testcase -->
  <testcase classname="com.tibco.rest.test.DataDrivenTestCases" name="testcase" time="0.110">
    <error/>
  </testcase> <!-- testcase -->
  <testcase classname="com.tibco.rest.test.DataDrivenTestCases" name="testcase" time="0.132">
    <error/>
  </testcase> <!-- testcase -->
  <testcase classname="com.tibco.rest.test.DataDrivenTestCases" name="testcase" time="0.301">
    <error/>
  </testcase> <!-- testcase -->
  <testcase classname="com.tibco.rest.test.DataDrivenTestCases" name="testcase" time="0.237">
    <error/>
  </testcase> <!-- testcase -->
  <testcase classname="com.tibco.rest.test.DataDrivenTestCases" name="testcase" time="0.032">
    <error/>
  </testcase> <!-- testcase -->
  <testcase classname="com.tibco.rest.test.DataDrivenTestCases" name="testcase" time="0.095">
    <error/>
  </testcase> <!-- testcase -->
  <testcase classname="com.tibco.rest.test.DataDrivenTestCases" name="testcase" time="0.016">
    <error/>
  </testcase> <!-- testcase -->
  <testcase classname="com.tibco.rest.test.DataDrivenTestCases" name="testcase" time="0.379">
    <error/>
  </testcase> <!-- testcase -->
  <testcase classname="com.tibco.rest.test.DataDrivenTestCases" name="testcase" time="0.037">
    <error/>
  </testcase> <!-- testcase -->
  <testcase classname="com.tibco.rest.test.DataDrivenTestCases" name="testcase" time="0.016">
    <error/>
  </testcase> <!-- testcase -->
  <testcase classname="com.tibco.rest.test.DataDrivenTestCases" name="testcase" time="0.127">
    <error/>
  </testcase> <!-- testcase -->
  <testcase classname="com.tibco.rest.test.DataDrivenTestCases" name="testcase" time="0.104">
    <error/>
  </testcase> <!-- testcase -->
  <testcase classname="com.tibco.rest.test.DataDrivenTestCases" name="testcase" time="0.016">
    <error/>
  </testcase> <!-- testcase -->
  <testcase classname="com.tibco.rest.test.DataDrivenTestCases" name="testcase" time="0.032">
    <error/>
  </testcase> <!-- testcase -->
  <testcase classname="com.tibco.rest.test.DataDrivenTestCases" name="testcase" time="0.158">
    <error/>
  </testcase> <!-- testcase -->
  <testcase classname="com.tibco.rest.test.DataDrivenTestCases" name="testcase" time="0.174">
    <error/>
  </testcase> <!-- testcase -->
  <testcase classname="com.tibco.rest.test.DataDrivenTestCases" name="testcase" time="0.348">
    <error/>
  </testcase> <!-- testcase -->
  <testcase classname="com.tibco.rest.test.DataDrivenTestCases" name="testcase" time="0.032">
    <error/>
  </testcase> <!-- testcase -->
  <testcase classname="com.tibco.rest.test.DataDrivenTestCases" name="testcase" time="0.050">
    <error/>
  </testcase> <!-- testcase -->
  <testcase classname="com.tibco.rest.test.DataDrivenTestCases" name="testcase" time="0.036">
    <error/>
  </testcase> <!-- testcase -->
  <testcase classname="com.tibco.rest.test.DataDrivenTestCases" name="testcase" time="0.220">
    <error/>
  </testcase> <!-- testcase -->
  <testcase classname="com.tibco.rest.test.DataDrivenTestCases" name="testcase" time="0.047">
    <error/>
  </testcase> <!-- testcase -->
  <testcase classname="com.tibco.rest.test.DataDrivenTestCases" name="testcase" time="0.614">
    <error/>
  </testcase> <!-- testcase -->
  <testcase classname="com.tibco.rest.test.DataDrivenTestCases" name="testcase" time="0.791">
    <error/>
  </testcase> <!-- testcase -->
  <testcase classname="com.tibco.rest.test.DataDrivenTestCases" name="testcase" time="0.031">
    <error/>
  </testcase> <!-- testcase -->
  <testcase classname="com.tibco.rest.test.DataDrivenTestCases" name="testcase" time="0.014">
    <error/>
  </testcase> <!-- testcase -->
  <testcase classname="com.tibco.rest.test.DataDrivenTestCases" name="testcase" time="0.204">
    <error/>
  </testcase> <!-- testcase -->
  <testcase classname="com.tibco.rest.test.DataDrivenTestCases" name="testcase" time="0.300">
    <error/>
  </testcase> <!-- testcase -->
  <testcase classname="com.tibco.rest.test.DataDrivenTestCases" name="testcase" time="0.082">
    <error/>
  </testcase> <!-- testcase -->
  <testcase classname="com.tibco.rest.test.DataDrivenTestCases" name="testcase" time="0.048">
    <error/>
  </testcase> <!-- testcase -->
  <testcase classname="com.tibco.rest.test.DataDrivenTestCases" name="testcase" time="0.064">
    <error/>
  </testcase> <!-- testcase -->
  <testcase classname="com.tibco.rest.test.DataDrivenTestCases" name="testcase" time="0.300">
    <error/>
  </testcase> <!-- testcase -->
  <testcase classname="com.tibco.rest.test.DataDrivenTestCases" name="testcase" time="0.064">
    <error/>
  </testcase> <!-- testcase -->
  <testcase classname="com.tibco.rest.test.DataDrivenTestCases" name="testcase" time="0.047">
    <error/>
  </testcase> <!-- testcase -->
  <testcase classname="com.tibco.rest.test.DataDrivenTestCases" name="testcase" time="0.347">
    <error/>
  </testcase> <!-- testcase -->
  <testcase classname="com.tibco.rest.test.DataDrivenTestCases" name="testcase" time="0.268">
    <error/>
  </testcase> <!-- testcase -->
  <testcase classname="com.tibco.rest.test.DataDrivenTestCases" name="testcase" time="0.048">
    <error/>
  </testcase> <!-- testcase -->
  <testcase classname="com.tibco.rest.test.DataDrivenTestCases" name="testcase" time="0.016">
    <error/>
  </testcase> <!-- testcase -->
  <testcase classname="com.tibco.rest.test.DataDrivenTestCases" name="testcase" time="0.140">
    <error/>
  </testcase> <!-- testcase -->
  <testcase classname="com.tibco.rest.test.DataDrivenTestCases" name="testcase" time="0.214">
    <error/>
  </testcase> <!-- testcase -->
  <testcase classname="com.tibco.rest.test.DataDrivenTestCases" name="testcase" time="0.079">
    <error/>
  </testcase> <!-- testcase -->
  <testcase classname="com.tibco.rest.test.DataDrivenTestCases" name="testcase" time="0.678">
    <error/>
  </testcase> <!-- testcase -->
  <testcase classname="com.tibco.rest.test.DataDrivenTestCases" name="testcase" time="0.047">
    <error/>
  </testcase> <!-- testcase -->
  <testcase classname="com.tibco.rest.test.DataDrivenTestCases" name="testcase" time="0.284">
    <error/>
  </testcase> <!-- testcase -->
  <testcase classname="com.tibco.rest.test.DataDrivenTestCases" name="testcase" time="0.756">
    <error/>
  </testcase> <!-- testcase -->
  <testcase classname="com.tibco.rest.test.DataDrivenTestCases" name="testcase" time="0.382">
    <error/>
  </testcase> <!-- testcase -->
  <testcase classname="com.tibco.rest.test.DataDrivenTestCases" name="testcase" time="0.062">
    <error/>
  </testcase> <!-- testcase -->
  <testcase classname="com.tibco.rest.test.DataDrivenTestCases" name="testcase" time="0.141">
    <error/>
  </testcase> <!-- testcase -->
  <testcase classname="com.tibco.rest.test.DataDrivenTestCases" name="testcase" time="0.236">
    <error/>
  </testcase> <!-- testcase -->
  <testcase classname="com.tibco.rest.test.DataDrivenTestCases" name="testcase" time="0.125">
    <error/>
  </testcase> <!-- testcase -->
  <testcase classname="com.tibco.rest.test.DataDrivenTestCases" name="testcase" time="0.078">
    <error/>
  </testcase> <!-- testcase -->
  <testcase classname="com.tibco.rest.test.DataDrivenTestCases" name="testcase" time="0.331">
    <error/>
  </testcase> <!-- testcase -->
  <testcase classname="com.tibco.rest.test.DataDrivenTestCases" name="testcase" time="0.158">
    <error/>
  </testcase> <!-- testcase -->
  <testcase classname="com.tibco.rest.test.DataDrivenTestCases" name="testcase" time="0.079">
    <error/>
  </testcase> <!-- testcase -->
  <testcase classname="com.tibco.rest.test.DataDrivenTestCases" name="testcase" time="0.063">
    <error/>
  </testcase> <!-- testcase -->
  <testcase classname="com.tibco.rest.test.DataDrivenTestCases" name="testcase" time="0.464">
    <error/>
  </testcase> <!-- testcase -->
  <testcase classname="com.tibco.rest.test.DataDrivenTestCases" name="testcase" time="0.873">
    <error/>
  </testcase> <!-- testcase -->
  <testcase classname="com.tibco.rest.test.DataDrivenTestCases" name="testcase" time="0.203">
    <error/>
  </testcase> <!-- testcase -->
  <testcase classname="com.tibco.rest.test.DataDrivenTestCases" name="testcase" time="0.096">
    <error/>
  </testcase> <!-- testcase -->
  <testcase classname="com.tibco.rest.test.DataDrivenTestCases" name="testcase" time="1.357">
    <error/>
  </testcase> <!-- testcase -->
  <testcase classname="com.tibco.rest.test.DataDrivenTestCases" name="testcase" time="0.046">
    <error/>
  </testcase> <!-- testcase -->
  <testcase classname="com.tibco.rest.test.DataDrivenTestCases" name="testcase" time="0.063">
    <error/>
  </testcase> <!-- testcase -->
  <testcase classname="com.tibco.rest.test.DataDrivenTestCases" name="testcase" time="0.269">
    <error/>
  </testcase> <!-- testcase -->
  <testcase classname="com.tibco.rest.test.DataDrivenTestCases" name="testcase" time="0.390">
    <error/>
  </testcase> <!-- testcase -->
  <testcase classname="com.tibco.rest.test.DataDrivenTestCases" name="testcase" time="0.363">
    <error/>
  </testcase> <!-- testcase -->
  <testcase classname="com.tibco.rest.test.DataDrivenTestCases" name="testcase" time="0.069">
    <error/>
  </testcase> <!-- testcase -->
  <testcase classname="com.tibco.rest.test.DataDrivenTestCases" name="testcase" time="0.348">
    <error/>
  </testcase> <!-- testcase -->
  <testcase classname="com.tibco.rest.test.DataDrivenTestCases" name="testcase" time="0.047">
    <error/>
  </testcase> <!-- testcase -->
  <testcase classname="com.tibco.rest.test.DataDrivenTestCases" name="testcase" time="0.253">
    <error/>
  </testcase> <!-- testcase -->
  <testcase classname="com.tibco.rest.test.DataDrivenTestCases" name="testcase" time="0.015">
    <error/>
  </testcase> <!-- testcase -->
  <testcase classname="com.tibco.rest.test.DataDrivenTestCases" name="testcase" time="0.035">
    <error/>
  </testcase> <!-- testcase -->
  <testcase classname="com.tibco.rest.test.DataDrivenTestCases" name="testcase" time="0.284">
    <error/>
  </testcase> <!-- testcase -->
  <testcase classname="com.tibco.rest.test.DataDrivenTestCases" name="testcase" time="0.158">
    <error/>
  </testcase> <!-- testcase -->
  <testcase classname="com.tibco.rest.test.DataDrivenTestCases" name="testcase" time="0.158">
    <error/>
  </testcase> <!-- testcase -->
  <testcase classname="com.tibco.rest.test.DataDrivenTestCases" name="testcase" time="0.271">
    <error/>
  </testcase> <!-- testcase -->
  <testcase classname="com.tibco.rest.test.DataDrivenTestCases" name="testcase" time="0.095">
    <error/>
  </testcase> <!-- testcase -->
  <testcase classname="com.tibco.rest.test.DataDrivenTestCases" name="testcase" time="0.291">
    <error/>
  </testcase> <!-- testcase -->
  <testcase classname="com.tibco.rest.test.DataDrivenTestCases" name="testcase" time="0.098">
    <error/>
  </testcase> <!-- testcase -->
  <testcase classname="com.tibco.rest.test.DataDrivenTestCases" name="testcase" time="0.331">
    <error/>
  </testcase> <!-- testcase -->
  <testcase classname="com.tibco.rest.test.DataDrivenTestCases" name="testcase" time="0.032">
    <error/>
  </testcase> <!-- testcase -->
  <testcase classname="com.tibco.rest.test.DataDrivenTestCases" name="testcase" time="0.015">
    <error/>
  </testcase> <!-- testcase -->
  <testcase classname="com.tibco.rest.test.DataDrivenTestCases" name="testcase" time="0.032">
    <error/>
  </testcase> <!-- testcase -->
  <testcase classname="com.tibco.rest.test.DataDrivenTestCases" name="testcase" time="0.206">
    <error/>
  </testcase> <!-- testcase -->
  <testcase classname="com.tibco.rest.test.DataDrivenTestCases" name="testcase" time="0.425">
    <error/>
  </testcase> <!-- testcase -->
  <testcase classname="com.tibco.rest.test.DataDrivenTestCases" name="testcase" time="0.064">
    <error/>
  </testcase> <!-- testcase -->
  <testcase classname="com.tibco.rest.test.DataDrivenTestCases" name="testcase" time="0.079">
    <error/>
  </testcase> <!-- testcase -->
  <testcase classname="com.tibco.rest.test.DataDrivenTestCases" name="testcase" time="0.205">
    <error/>
  </testcase> <!-- testcase -->
  <testcase classname="com.tibco.rest.test.DataDrivenTestCases" name="testcase" time="0.453">
    <error/>
  </testcase> <!-- testcase -->
  <testcase classname="com.tibco.rest.test.DataDrivenTestCases" name="testcase" time="0.032">
    <error/>
  </testcase> <!-- testcase -->
  <testcase classname="com.tibco.rest.test.DataDrivenTestCases" name="testcase" time="0.031">
    <error/>
  </testcase> <!-- testcase -->
  <testcase classname="com.tibco.rest.test.DataDrivenTestCases" name="testcase" time="0.141">
    <error/>
  </testcase> <!-- testcase -->
  <testcase classname="com.tibco.rest.test.DataDrivenTestCases" name="testcase" time="0.366">
    <error/>
  </testcase> <!-- testcase -->
  <testcase classname="com.tibco.rest.test.DataDrivenTestCases" name="testcase" time="0.032">
    <error/>
  </testcase> <!-- testcase -->
  <testcase classname="com.tibco.rest.test.DataDrivenTestCases" name="testcase" time="0.032">
    <error/>
  </testcase> <!-- testcase -->
  <testcase classname="com.tibco.rest.test.DataDrivenTestCases" name="testcase" time="0.063">
    <error/>
  </testcase> <!-- testcase -->
  <testcase classname="com.tibco.rest.test.DataDrivenTestCases" name="testcase" time="0.016">
    <error/>
  </testcase> <!-- testcase -->
  <testcase classname="com.tibco.rest.test.DataDrivenTestCases" name="testcase" time="0.317">
    <error/>
  </testcase> <!-- testcase -->
  <testcase classname="com.tibco.rest.test.DataDrivenTestCases" name="testcase" time="0.221">
    <error/>
  </testcase> <!-- testcase -->
  <testcase classname="com.tibco.rest.test.DataDrivenTestCases" name="testcase" time="0.032">
    <error/>
  </testcase> <!-- testcase -->
  <testcase classname="com.tibco.rest.test.DataDrivenTestCases" name="testcase" time="0.032">
    <error/>
  </testcase> <!-- testcase -->
  <testcase classname="com.tibco.rest.test.DataDrivenTestCases" name="testcase" time="0.016">
    <error/>
  </testcase> <!-- testcase -->
  <testcase classname="com.tibco.rest.test.DataDrivenTestCases" name="testcase" time="0.079">
    <error/>
  </testcase> <!-- testcase -->
  <testcase classname="com.tibco.rest.test.DataDrivenTestCases" name="testcase" time="0.032">
    <error/>
  </testcase> <!-- testcase -->
  <testcase classname="com.tibco.rest.test.DataDrivenTestCases" name="testcase" time="0.016">
    <error/>
  </testcase> <!-- testcase -->
  <testcase classname="com.tibco.rest.test.DataDrivenTestCases" name="testcase" time="0.031">
    <error/>
  </testcase> <!-- testcase -->
  <testcase classname="com.tibco.rest.test.DataDrivenTestCases" name="testcase" time="0.032">
    <error/>
  </testcase> <!-- testcase -->
  <testcase classname="com.tibco.rest.test.DataDrivenTestCases" name="testcase" time="0.015">
    <error/>
  </testcase> <!-- testcase -->
  <testcase classname="com.tibco.rest.test.DataDrivenTestCases" name="testcase" time="0.039">
    <error/>
  </testcase> <!-- testcase -->
  <testcase classname="com.tibco.rest.test.DataDrivenTestCases" name="testcase" time="0.032">
    <error/>
  </testcase> <!-- testcase -->
  <testcase classname="com.tibco.rest.test.DataDrivenTestCases" name="testcase" time="0.042">
    <error/>
  </testcase> <!-- testcase -->
  <testcase classname="com.tibco.rest.test.DataDrivenTestCases" name="testcase" time="0.195">
    <error/>
  </testcase> <!-- testcase -->
  <testcase classname="com.tibco.rest.test.DataDrivenTestCases" name="testcase" time="0.031">
    <error/>
  </testcase> <!-- testcase -->
  <testcase classname="com.tibco.rest.test.DataDrivenTestCases" name="testcase" time="0.031">
    <error/>
  </testcase> <!-- testcase -->
  <testcase classname="com.tibco.rest.test.DataDrivenTestCases" name="testcase" time="0.108">
    <error/>
  </testcase> <!-- testcase -->
  <testcase classname="com.tibco.rest.test.DataDrivenTestCases" name="testcase" time="0.032">
    <error/>
  </testcase> <!-- testcase -->
  <testcase classname="com.tibco.rest.test.DataDrivenTestCases" name="testcase" time="0.192">
    <error/>
  </testcase> <!-- testcase -->
  <testcase classname="com.tibco.rest.test.DataDrivenTestCases" name="testcase" time="0.047">
    <error/>
  </testcase> <!-- testcase -->
  <testcase classname="com.tibco.rest.test.DataDrivenTestCases" name="testcase" time="0.125">
    <error/>
  </testcase> <!-- testcase -->
  <testcase classname="com.tibco.rest.test.DataDrivenTestCases" name="testcase" time="0.031">
    <error/>
  </testcase> <!-- testcase -->
  <testcase classname="com.tibco.rest.test.DataDrivenTestCases" name="testcase" time="0.030">
    <error/>
  </testcase> <!-- testcase -->
  <testcase classname="com.tibco.rest.test.DataDrivenTestCases" name="testcase" time="0.075">
    <error/>
  </testcase> <!-- testcase -->
  <testcase classname="com.tibco.rest.test.DataDrivenTestCases" name="testcase" time="0.682">
    <error/>
  </testcase> <!-- testcase -->
  <testcase classname="com.tibco.rest.test.DataDrivenTestCases" name="testcase" time="0.032">
    <error/>
  </testcase> <!-- testcase -->
  <testcase classname="com.tibco.rest.test.DataDrivenTestCases" name="testcase" time="0.063">
    <error/>
  </testcase> <!-- testcase -->
  <testcase classname="com.tibco.rest.test.DataDrivenTestCases" name="testcase" time="0.154">
    <error/>
  </testcase> <!-- testcase -->
  <testcase classname="com.tibco.rest.test.DataDrivenTestCases" name="testcase" time="0.031">
    <error/>
  </testcase> <!-- testcase -->
  <testcase classname="com.tibco.rest.test.DataDrivenTestCases" name="testcase" time="0.126">
    <error/>
  </testcase> <!-- testcase -->
  <testcase classname="com.tibco.rest.test.DataDrivenTestCases" name="testcase" time="0.157">
    <error/>
  </testcase> <!-- testcase -->
  <testcase classname="com.tibco.rest.test.DataDrivenTestCases" name="testcase" time="0.175">
    <error/>
  </testcase> <!-- testcase -->
  <testcase classname="com.tibco.rest.test.DataDrivenTestCases" name="testcase" time="0.047">
    <error/>
  </testcase> <!-- testcase -->
  <testcase classname="com.tibco.rest.test.DataDrivenTestCases" name="testcase" time="0.158">
    <error/>
  </testcase> <!-- testcase -->
  <testcase classname="com.tibco.rest.test.DataDrivenTestCases" name="testcase" time="0.780">
    <error/>
  </testcase> <!-- testcase -->
  <testcase classname="com.tibco.rest.test.DataDrivenTestCases" name="testcase" time="0.015">
    <error/>
  </testcase> <!-- testcase -->
  <testcase classname="com.tibco.rest.test.DataDrivenTestCases" name="testcase" time="0.251">
    <error/>
  </testcase> <!-- testcase -->
  <testcase classname="com.tibco.rest.test.DataDrivenTestCases" name="testcase" time="0.500">
    <error/>
  </testcase> <!-- testcase -->
  <testcase classname="com.tibco.rest.test.DataDrivenTestCases" name="testcase" time="0.171">
    <error/>
  </testcase> <!-- testcase -->
  <testcase classname="com.tibco.rest.test.DataDrivenTestCases" name="testcase" time="0.016">
    <error/>
  </testcase> <!-- testcase -->
  <testcase classname="com.tibco.rest.test.DataDrivenTestCases" name="testcase" time="0.016">
    <error/>
  </testcase> <!-- testcase -->
  <testcase classname="com.tibco.rest.test.DataDrivenTestCases" name="testcase" time="0.445">
    <error/>
  </testcase> <!-- testcase -->
  <testcase classname="com.tibco.rest.test.DataDrivenTestCases" name="testcase" time="0.063">
    <error/>
  </testcase> <!-- testcase -->
  <testcase classname="com.tibco.rest.test.DataDrivenTestCases" name="testcase" time="0.048">
    <error/>
  </testcase> <!-- testcase -->
  <testcase classname="com.tibco.rest.test.DataDrivenTestCases" name="testcase" time="0.079">
    <error/>
  </testcase> <!-- testcase -->
  <testcase classname="com.tibco.rest.test.DataDrivenTestCases" name="testcase" time="0.383">
    <error/>
  </testcase> <!-- testcase -->
  <testcase classname="com.tibco.rest.test.DataDrivenTestCases" name="testcase" time="0.221">
    <error/>
  </testcase> <!-- testcase -->
  <testcase classname="com.tibco.rest.test.DataDrivenTestCases" name="testcase" time="0.095">
    <error/>
  </testcase> <!-- testcase -->
  <testcase classname="com.tibco.rest.test.DataDrivenTestCases" name="testcase" time="0.364">
    <error/>
  </testcase> <!-- testcase -->
  <testcase classname="com.tibco.rest.test.DataDrivenTestCases" name="testcase" time="0.015">
    <error/>
  </testcase> <!-- testcase -->
  <testcase classname="com.tibco.rest.test.DataDrivenTestCases" name="testcase" time="0.063">
    <error/>
  </testcase> <!-- testcase -->
  <testcase classname="com.tibco.rest.test.DataDrivenTestCases" name="testcase" time="0.236">
    <error/>
  </testcase> <!-- testcase -->
  <testcase classname="com.tibco.rest.test.DataDrivenTestCases" name="testcase" time="0.206">
    <error/>
  </testcase> <!-- testcase -->
  <testcase classname="com.tibco.rest.test.DataDrivenTestCases" name="testcase" time="0.048">
    <error/>
  </testcase> <!-- testcase -->
  <testcase classname="com.tibco.rest.test.DataDrivenTestCases" name="testcase" time="0.158">
    <failure message="Expected value should be &quot;Auto RESTAPI X12 node0 Edited&quot; : Actual value is &quot;00200&quot;" type="java.lang.AssertionError">
      <![CDATA[java.lang.AssertionError: Expected value should be "Auto RESTAPI X12 node0 Edited" : Actual value is "00200"
	at com.tibco.rest.restAssured.Assertions.assertTrue(Assertions.java:166)
	at com.tibco.rest.restAssured.Assertions.assertEquals(Assertions.java:183)
	at com.tibco.rest.test.DataDrivenTestCases.verifyResponse(DataDrivenTestCases.java:508)
	at com.tibco.rest.test.DataDrivenTestCases.testcase(DataDrivenTestCases.java:377)
	at jdk.internal.reflect.GeneratedMethodAccessor64.invoke(Unknown Source)
	at java.base/jdk.internal.reflect.DelegatingMethodAccessorImpl.invoke(DelegatingMethodAccessorImpl.java:43)
	at java.base/java.lang.reflect.Method.invoke(Method.java:568)
	at org.testng.internal.MethodInvocationHelper.invokeMethod(MethodInvocationHelper.java:108)
	at org.testng.internal.Invoker.invokeMethod(Invoker.java:661)
	at org.testng.internal.Invoker.invokeTestMethod(Invoker.java:869)
	at org.testng.internal.Invoker.invokeTestMethods(Invoker.java:1193)
	at org.testng.internal.TestMethodWorker.invokeTestMethods(TestMethodWorker.java:126)
	at org.testng.internal.TestMethodWorker.run(TestMethodWorker.java:109)
	at org.testng.TestRunner.privateRun(TestRunner.java:744)
	at org.testng.TestRunner.run(TestRunner.java:602)
	at org.testng.SuiteRunner.runTest(SuiteRunner.java:380)
	at org.testng.SuiteRunner.runSequentially(SuiteRunner.java:375)
	at org.testng.SuiteRunner.privateRun(SuiteRunner.java:340)
	at org.testng.SuiteRunner.run(SuiteRunner.java:289)
	at org.testng.SuiteRunnerWorker.runSuite(SuiteRunnerWorker.java:52)
	at org.testng.SuiteRunnerWorker.run(SuiteRunnerWorker.java:86)
	at org.testng.TestNG.runSuitesSequentially(TestNG.java:1301)
	at org.testng.TestNG.runSuitesLocally(TestNG.java:1226)
	at org.testng.TestNG.runSuites(TestNG.java:1144)
	at org.testng.TestNG.run(TestNG.java:1115)
	at org.testng.TestNG.privateMain(TestNG.java:1442)
	at org.testng.TestNG.main(TestNG.java:1411)
]]>
    </failure>
  </testcase> <!-- testcase -->
  <testcase classname="com.tibco.rest.test.DataDrivenTestCases" name="testcase" time="0.062">
    <error/>
  </testcase> <!-- testcase -->
  <testcase classname="com.tibco.rest.test.DataDrivenTestCases" name="testcase" time="0.394">
    <error/>
  </testcase> <!-- testcase -->
  <testcase classname="com.tibco.rest.test.DataDrivenTestCases" name="testcase" time="0.046">
    <error/>
  </testcase> <!-- testcase -->
  <testcase classname="com.tibco.rest.test.DataDrivenTestCases" name="testcase" time="0.047">
    <error/>
  </testcase> <!-- testcase -->
  <testcase classname="com.tibco.rest.test.DataDrivenTestCases" name="testcase" time="0.034">
    <error/>
  </testcase> <!-- testcase -->
  <testcase classname="com.tibco.rest.test.DataDrivenTestCases" name="testcase" time="0.126">
    <error/>
  </testcase> <!-- testcase -->
  <testcase classname="com.tibco.rest.test.DataDrivenTestCases" name="testcase" time="0.312">
    <error/>
  </testcase> <!-- testcase -->
  <testcase classname="com.tibco.rest.test.DataDrivenTestCases" name="testcase" time="0.032">
    <error/>
  </testcase> <!-- testcase -->
  <testcase classname="com.tibco.rest.test.DataDrivenTestCases" name="testcase" time="0.362">
    <error/>
  </testcase> <!-- testcase -->
  <testcase classname="com.tibco.rest.test.DataDrivenTestCases" name="testcase" time="0.047">
    <error/>
  </testcase> <!-- testcase -->
  <testcase classname="com.tibco.rest.test.DataDrivenTestCases" name="testcase" time="0.057">
    <error/>
  </testcase> <!-- testcase -->
  <testcase classname="com.tibco.rest.test.DataDrivenTestCases" name="testcase" time="0.031">
    <error/>
  </testcase> <!-- testcase -->
  <testcase classname="com.tibco.rest.test.DataDrivenTestCases" name="testcase" time="0.406">
    <error/>
  </testcase> <!-- testcase -->
  <testcase classname="com.tibco.rest.test.DataDrivenTestCases" name="testcase" time="0.031">
    <error/>
  </testcase> <!-- testcase -->
  <testcase classname="com.tibco.rest.test.DataDrivenTestCases" name="testcase" time="0.096">
    <error/>
  </testcase> <!-- testcase -->
  <testcase classname="com.tibco.rest.test.DataDrivenTestCases" name="testcase" time="0.410">
    <error/>
  </testcase> <!-- testcase -->
  <testcase classname="com.tibco.rest.test.DataDrivenTestCases" name="testcase" time="0.079">
    <error/>
  </testcase> <!-- testcase -->
  <testcase classname="com.tibco.rest.test.DataDrivenTestCases" name="testcase" time="0.016">
    <error/>
  </testcase> <!-- testcase -->
  <testcase classname="com.tibco.rest.test.DataDrivenTestCases" name="testcase" time="0.458">
    <error/>
  </testcase> <!-- testcase -->
  <testcase classname="com.tibco.rest.test.DataDrivenTestCases" name="testcase" time="0.015">
    <error/>
  </testcase> <!-- testcase -->
  <testcase classname="com.tibco.rest.test.DataDrivenTestCases" name="testcase" time="0.048">
    <error/>
  </testcase> <!-- testcase -->
  <testcase classname="com.tibco.rest.test.DataDrivenTestCases" name="testcase" time="0.184">
    <error/>
  </testcase> <!-- testcase -->
  <testcase classname="com.tibco.rest.test.DataDrivenTestCases" name="testcase" time="0.156">
    <error/>
  </testcase> <!-- testcase -->
  <testcase classname="com.tibco.rest.test.DataDrivenTestCases" name="testcase" time="0.045">
    <error/>
  </testcase> <!-- testcase -->
</testsuite> <!-- com.tibco.rest.test.DataDrivenTestCases -->
