<?xml version="1.0" encoding="UTF-8"?>
<!-- Generated by org.testng.reporters.JUnitReportReporter -->
<testsuite hostname="gasdb2bb2bqa07" failures="1" tests="674" name="com.tibco.rest.test.DataDrivenTestCases" time="103.609" errors="673" timestamp="23 May 2024 08:13:46 GMT" skipped="0">
  <testcase classname="com.tibco.rest.test.DataDrivenTestCases" name="testcase" time="0.128">
    <error/>
  </testcase> <!-- testcase -->
  <testcase classname="com.tibco.rest.test.DataDrivenTestCases" name="testcase" time="0.331">
    <error/>
  </testcase> <!-- testcase -->
  <testcase classname="com.tibco.rest.test.DataDrivenTestCases" name="testcase" time="0.078">
    <error/>
  </testcase> <!-- testcase -->
  <testcase classname="com.tibco.rest.test.DataDrivenTestCases" name="testcase" time="0.037">
    <error/>
  </testcase> <!-- testcase -->
  <testcase classname="com.tibco.rest.test.DataDrivenTestCases" name="testcase" time="0.032">
    <error/>
  </testcase> <!-- testcase -->
  <testcase classname="com.tibco.rest.test.DataDrivenTestCases" name="testcase" time="0.221">
    <error/>
  </testcase> <!-- testcase -->
  <testcase classname="com.tibco.rest.test.DataDrivenTestCases" name="testcase" time="0.020">
    <error/>
  </testcase> <!-- testcase -->
  <testcase classname="com.tibco.rest.test.DataDrivenTestCases" name="testcase" time="0.253">
    <error/>
  </testcase> <!-- testcase -->
  <testcase classname="com.tibco.rest.test.DataDrivenTestCases" name="testcase" time="0.111">
    <error/>
  </testcase> <!-- testcase -->
  <testcase classname="com.tibco.rest.test.DataDrivenTestCases" name="testcase" time="0.285">
    <error/>
  </testcase> <!-- testcase -->
  <testcase classname="com.tibco.rest.test.DataDrivenTestCases" name="testcase" time="0.463">
    <error/>
  </testcase> <!-- testcase -->
  <testcase classname="com.tibco.rest.test.DataDrivenTestCases" name="testcase" time="0.222">
    <error/>
  </testcase> <!-- testcase -->
  <testcase classname="com.tibco.rest.test.DataDrivenTestCases" name="testcase" time="0.158">
    <error/>
  </testcase> <!-- testcase -->
  <testcase classname="com.tibco.rest.test.DataDrivenTestCases" name="testcase" time="0.079">
    <error/>
  </testcase> <!-- testcase -->
  <testcase classname="com.tibco.rest.test.DataDrivenTestCases" name="testcase" time="0.032">
    <error/>
  </testcase> <!-- testcase -->
  <testcase classname="com.tibco.rest.test.DataDrivenTestCases" name="testcase" time="0.192">
    <error/>
  </testcase> <!-- testcase -->
  <testcase classname="com.tibco.rest.test.DataDrivenTestCases" name="testcase" time="0.049">
    <error/>
  </testcase> <!-- testcase -->
  <testcase classname="com.tibco.rest.test.DataDrivenTestCases" name="testcase" time="0.064">
    <error/>
  </testcase> <!-- testcase -->
  <testcase classname="com.tibco.rest.test.DataDrivenTestCases" name="testcase" time="0.258">
    <error/>
  </testcase> <!-- testcase -->
  <testcase classname="com.tibco.rest.test.DataDrivenTestCases" name="testcase" time="0.046">
    <error/>
  </testcase> <!-- testcase -->
  <testcase classname="com.tibco.rest.test.DataDrivenTestCases" name="testcase" time="0.412">
    <error/>
  </testcase> <!-- testcase -->
  <testcase classname="com.tibco.rest.test.DataDrivenTestCases" name="testcase" time="0.316">
    <error/>
  </testcase> <!-- testcase -->
  <testcase classname="com.tibco.rest.test.DataDrivenTestCases" name="testcase" time="0.256">
    <error/>
  </testcase> <!-- testcase -->
  <testcase classname="com.tibco.rest.test.DataDrivenTestCases" name="testcase" time="0.096">
    <error/>
  </testcase> <!-- testcase -->
  <testcase classname="com.tibco.rest.test.DataDrivenTestCases" name="testcase" time="0.159">
    <error/>
  </testcase> <!-- testcase -->
  <testcase classname="com.tibco.rest.test.DataDrivenTestCases" name="testcase" time="0.205">
    <error/>
  </testcase> <!-- testcase -->
  <testcase classname="com.tibco.rest.test.DataDrivenTestCases" name="testcase" time="0.253">
    <error/>
  </testcase> <!-- testcase -->
  <testcase classname="com.tibco.rest.test.DataDrivenTestCases" name="testcase" time="0.032">
    <error/>
  </testcase> <!-- testcase -->
  <testcase classname="com.tibco.rest.test.DataDrivenTestCases" name="testcase" time="0.437">
    <error/>
  </testcase> <!-- testcase -->
  <testcase classname="com.tibco.rest.test.DataDrivenTestCases" name="testcase" time="0.115">
    <error/>
  </testcase> <!-- testcase -->
  <testcase classname="com.tibco.rest.test.DataDrivenTestCases" name="testcase" time="0.048">
    <error/>
  </testcase> <!-- testcase -->
  <testcase classname="com.tibco.rest.test.DataDrivenTestCases" name="testcase" time="0.254">
    <error/>
  </testcase> <!-- testcase -->
  <testcase classname="com.tibco.rest.test.DataDrivenTestCases" name="testcase" time="0.558">
    <error/>
  </testcase> <!-- testcase -->
  <testcase classname="com.tibco.rest.test.DataDrivenTestCases" name="testcase" time="0.032">
    <error/>
  </testcase> <!-- testcase -->
  <testcase classname="com.tibco.rest.test.DataDrivenTestCases" name="testcase" time="0.064">
    <error/>
  </testcase> <!-- testcase -->
  <testcase classname="com.tibco.rest.test.DataDrivenTestCases" name="testcase" time="0.078">
    <error/>
  </testcase> <!-- testcase -->
  <testcase classname="com.tibco.rest.test.DataDrivenTestCases" name="testcase" time="0.017">
    <error/>
  </testcase> <!-- testcase -->
  <testcase classname="com.tibco.rest.test.DataDrivenTestCases" name="testcase" time="0.018">
    <error/>
  </testcase> <!-- testcase -->
  <testcase classname="com.tibco.rest.test.DataDrivenTestCases" name="testcase" time="0.031">
    <error/>
  </testcase> <!-- testcase -->
  <testcase classname="com.tibco.rest.test.DataDrivenTestCases" name="testcase" time="0.237">
    <error/>
  </testcase> <!-- testcase -->
  <testcase classname="com.tibco.rest.test.DataDrivenTestCases" name="testcase" time="0.032">
    <error/>
  </testcase> <!-- testcase -->
  <testcase classname="com.tibco.rest.test.DataDrivenTestCases" name="testcase" time="0.027">
    <error/>
  </testcase> <!-- testcase -->
  <testcase classname="com.tibco.rest.test.DataDrivenTestCases" name="testcase" time="0.056">
    <error/>
  </testcase> <!-- testcase -->
  <testcase classname="com.tibco.rest.test.DataDrivenTestCases" name="testcase" time="0.023">
    <error/>
  </testcase> <!-- testcase -->
  <testcase classname="com.tibco.rest.test.DataDrivenTestCases" name="testcase" time="0.075">
    <error/>
  </testcase> <!-- testcase -->
  <testcase classname="com.tibco.rest.test.DataDrivenTestCases" name="testcase" time="0.052">
    <error/>
  </testcase> <!-- testcase -->
  <testcase classname="com.tibco.rest.test.DataDrivenTestCases" name="testcase" time="0.101">
    <error/>
  </testcase> <!-- testcase -->
  <testcase classname="com.tibco.rest.test.DataDrivenTestCases" name="testcase" time="0.031">
    <error/>
  </testcase> <!-- testcase -->
  <testcase classname="com.tibco.rest.test.DataDrivenTestCases" name="testcase" time="0.048">
    <error/>
  </testcase> <!-- testcase -->
  <testcase classname="com.tibco.rest.test.DataDrivenTestCases" name="testcase" time="0.250">
    <error/>
  </testcase> <!-- testcase -->
  <testcase classname="com.tibco.rest.test.DataDrivenTestCases" name="testcase" time="0.032">
    <error/>
  </testcase> <!-- testcase -->
  <testcase classname="com.tibco.rest.test.DataDrivenTestCases" name="testcase" time="0.354">
    <error/>
  </testcase> <!-- testcase -->
  <testcase classname="com.tibco.rest.test.DataDrivenTestCases" name="testcase" time="0.125">
    <error/>
  </testcase> <!-- testcase -->
  <testcase classname="com.tibco.rest.test.DataDrivenTestCases" name="testcase" time="0.047">
    <error/>
  </testcase> <!-- testcase -->
  <testcase classname="com.tibco.rest.test.DataDrivenTestCases" name="testcase" time="0.563">
    <error/>
  </testcase> <!-- testcase -->
  <testcase classname="com.tibco.rest.test.DataDrivenTestCases" name="testcase" time="0.064">
    <error/>
  </testcase> <!-- testcase -->
  <testcase classname="com.tibco.rest.test.DataDrivenTestCases" name="testcase" time="0.201">
    <error/>
  </testcase> <!-- testcase -->
  <testcase classname="com.tibco.rest.test.DataDrivenTestCases" name="testcase" time="0.108">
    <error/>
  </testcase> <!-- testcase -->
  <testcase classname="com.tibco.rest.test.DataDrivenTestCases" name="testcase" time="0.063">
    <error/>
  </testcase> <!-- testcase -->
  <testcase classname="com.tibco.rest.test.DataDrivenTestCases" name="testcase" time="0.250">
    <error/>
  </testcase> <!-- testcase -->
  <testcase classname="com.tibco.rest.test.DataDrivenTestCases" name="testcase" time="0.174">
    <error/>
  </testcase> <!-- testcase -->
  <testcase classname="com.tibco.rest.test.DataDrivenTestCases" name="testcase" time="0.032">
    <error/>
  </testcase> <!-- testcase -->
  <testcase classname="com.tibco.rest.test.DataDrivenTestCases" name="testcase" time="0.048">
    <error/>
  </testcase> <!-- testcase -->
  <testcase classname="com.tibco.rest.test.DataDrivenTestCases" name="testcase" time="0.024">
    <error/>
  </testcase> <!-- testcase -->
  <testcase classname="com.tibco.rest.test.DataDrivenTestCases" name="testcase" time="0.031">
    <error/>
  </testcase> <!-- testcase -->
  <testcase classname="com.tibco.rest.test.DataDrivenTestCases" name="testcase" time="0.032">
    <error/>
  </testcase> <!-- testcase -->
  <testcase classname="com.tibco.rest.test.DataDrivenTestCases" name="testcase" time="0.032">
    <error/>
  </testcase> <!-- testcase -->
  <testcase classname="com.tibco.rest.test.DataDrivenTestCases" name="testcase" time="0.267">
    <error/>
  </testcase> <!-- testcase -->
  <testcase classname="com.tibco.rest.test.DataDrivenTestCases" name="testcase" time="0.241">
    <error/>
  </testcase> <!-- testcase -->
  <testcase classname="com.tibco.rest.test.DataDrivenTestCases" name="testcase" time="0.064">
    <error/>
  </testcase> <!-- testcase -->
  <testcase classname="com.tibco.rest.test.DataDrivenTestCases" name="testcase" time="0.031">
    <error/>
  </testcase> <!-- testcase -->
  <testcase classname="com.tibco.rest.test.DataDrivenTestCases" name="testcase" time="0.110">
    <error/>
  </testcase> <!-- testcase -->
  <testcase classname="com.tibco.rest.test.DataDrivenTestCases" name="testcase" time="0.352">
    <error/>
  </testcase> <!-- testcase -->
  <testcase classname="com.tibco.rest.test.DataDrivenTestCases" name="testcase" time="0.064">
    <error/>
  </testcase> <!-- testcase -->
  <testcase classname="com.tibco.rest.test.DataDrivenTestCases" name="testcase" time="0.047">
    <error/>
  </testcase> <!-- testcase -->
  <testcase classname="com.tibco.rest.test.DataDrivenTestCases" name="testcase" time="0.237">
    <error/>
  </testcase> <!-- testcase -->
  <testcase classname="com.tibco.rest.test.DataDrivenTestCases" name="testcase" time="0.064">
    <error/>
  </testcase> <!-- testcase -->
  <testcase classname="com.tibco.rest.test.DataDrivenTestCases" name="testcase" time="0.379">
    <error/>
  </testcase> <!-- testcase -->
  <testcase classname="com.tibco.rest.test.DataDrivenTestCases" name="testcase" time="0.015">
    <error/>
  </testcase> <!-- testcase -->
  <testcase classname="com.tibco.rest.test.DataDrivenTestCases" name="testcase" time="0.171">
    <error/>
  </testcase> <!-- testcase -->
  <testcase classname="com.tibco.rest.test.DataDrivenTestCases" name="testcase" time="0.253">
    <error/>
  </testcase> <!-- testcase -->
  <testcase classname="com.tibco.rest.test.DataDrivenTestCases" name="testcase" time="0.043">
    <error/>
  </testcase> <!-- testcase -->
  <testcase classname="com.tibco.rest.test.DataDrivenTestCases" name="testcase" time="0.031">
    <error/>
  </testcase> <!-- testcase -->
  <testcase classname="com.tibco.rest.test.DataDrivenTestCases" name="testcase" time="0.255">
    <error/>
  </testcase> <!-- testcase -->
  <testcase classname="com.tibco.rest.test.DataDrivenTestCases" name="testcase" time="0.286">
    <error/>
  </testcase> <!-- testcase -->
  <testcase classname="com.tibco.rest.test.DataDrivenTestCases" name="testcase" time="0.041">
    <error/>
  </testcase> <!-- testcase -->
  <testcase classname="com.tibco.rest.test.DataDrivenTestCases" name="testcase" time="0.147">
    <error/>
  </testcase> <!-- testcase -->
  <testcase classname="com.tibco.rest.test.DataDrivenTestCases" name="testcase" time="0.012">
    <error/>
  </testcase> <!-- testcase -->
  <testcase classname="com.tibco.rest.test.DataDrivenTestCases" name="testcase" time="0.473">
    <error/>
  </testcase> <!-- testcase -->
  <testcase classname="com.tibco.rest.test.DataDrivenTestCases" name="testcase" time="0.205">
    <error/>
  </testcase> <!-- testcase -->
  <testcase classname="com.tibco.rest.test.DataDrivenTestCases" name="testcase" time="0.315">
    <error/>
  </testcase> <!-- testcase -->
  <testcase classname="com.tibco.rest.test.DataDrivenTestCases" name="testcase" time="0.421">
    <error/>
  </testcase> <!-- testcase -->
  <testcase classname="com.tibco.rest.test.DataDrivenTestCases" name="testcase" time="0.030">
    <error/>
  </testcase> <!-- testcase -->
  <testcase classname="com.tibco.rest.test.DataDrivenTestCases" name="testcase" time="0.047">
    <error/>
  </testcase> <!-- testcase -->
  <testcase classname="com.tibco.rest.test.DataDrivenTestCases" name="testcase" time="0.158">
    <error/>
  </testcase> <!-- testcase -->
  <testcase classname="com.tibco.rest.test.DataDrivenTestCases" name="testcase" time="0.538">
    <error/>
  </testcase> <!-- testcase -->
  <testcase classname="com.tibco.rest.test.DataDrivenTestCases" name="testcase" time="0.142">
    <error/>
  </testcase> <!-- testcase -->
  <testcase classname="com.tibco.rest.test.DataDrivenTestCases" name="testcase" time="0.285">
    <error/>
  </testcase> <!-- testcase -->
  <testcase classname="com.tibco.rest.test.DataDrivenTestCases" name="testcase" time="0.031">
    <error/>
  </testcase> <!-- testcase -->
  <testcase classname="com.tibco.rest.test.DataDrivenTestCases" name="testcase" time="0.062">
    <error/>
  </testcase> <!-- testcase -->
  <testcase classname="com.tibco.rest.test.DataDrivenTestCases" name="testcase" time="0.334">
    <error/>
  </testcase> <!-- testcase -->
  <testcase classname="com.tibco.rest.test.DataDrivenTestCases" name="testcase" time="0.363">
    <error/>
  </testcase> <!-- testcase -->
  <testcase classname="com.tibco.rest.test.DataDrivenTestCases" name="testcase" time="0.043">
    <error/>
  </testcase> <!-- testcase -->
  <testcase classname="com.tibco.rest.test.DataDrivenTestCases" name="testcase" time="0.347">
    <error/>
  </testcase> <!-- testcase -->
  <testcase classname="com.tibco.rest.test.DataDrivenTestCases" name="testcase" time="0.048">
    <error/>
  </testcase> <!-- testcase -->
  <testcase classname="com.tibco.rest.test.DataDrivenTestCases" name="testcase" time="0.018">
    <error/>
  </testcase> <!-- testcase -->
  <testcase classname="com.tibco.rest.test.DataDrivenTestCases" name="testcase" time="0.268">
    <error/>
  </testcase> <!-- testcase -->
  <testcase classname="com.tibco.rest.test.DataDrivenTestCases" name="testcase" time="0.048">
    <error/>
  </testcase> <!-- testcase -->
  <testcase classname="com.tibco.rest.test.DataDrivenTestCases" name="testcase" time="0.319">
    <error/>
  </testcase> <!-- testcase -->
  <testcase classname="com.tibco.rest.test.DataDrivenTestCases" name="testcase" time="0.187">
    <error/>
  </testcase> <!-- testcase -->
  <testcase classname="com.tibco.rest.test.DataDrivenTestCases" name="testcase" time="0.110">
    <error/>
  </testcase> <!-- testcase -->
  <testcase classname="com.tibco.rest.test.DataDrivenTestCases" name="testcase" time="0.505">
    <error/>
  </testcase> <!-- testcase -->
  <testcase classname="com.tibco.rest.test.DataDrivenTestCases" name="testcase" time="0.173">
    <error/>
  </testcase> <!-- testcase -->
  <testcase classname="com.tibco.rest.test.DataDrivenTestCases" name="testcase" time="0.253">
    <error/>
  </testcase> <!-- testcase -->
  <testcase classname="com.tibco.rest.test.DataDrivenTestCases" name="testcase" time="0.331">
    <error/>
  </testcase> <!-- testcase -->
  <testcase classname="com.tibco.rest.test.DataDrivenTestCases" name="testcase" time="0.222">
    <error/>
  </testcase> <!-- testcase -->
  <testcase classname="com.tibco.rest.test.DataDrivenTestCases" name="testcase" time="0.175">
    <error/>
  </testcase> <!-- testcase -->
  <testcase classname="com.tibco.rest.test.DataDrivenTestCases" name="testcase" time="0.031">
    <error/>
  </testcase> <!-- testcase -->
  <testcase classname="com.tibco.rest.test.DataDrivenTestCases" name="testcase" time="0.047">
    <error/>
  </testcase> <!-- testcase -->
  <testcase classname="com.tibco.rest.test.DataDrivenTestCases" name="testcase" time="0.063">
    <error/>
  </testcase> <!-- testcase -->
  <testcase classname="com.tibco.rest.test.DataDrivenTestCases" name="testcase" time="0.296">
    <error/>
  </testcase> <!-- testcase -->
  <testcase classname="com.tibco.rest.test.DataDrivenTestCases" name="testcase" time="0.055">
    <error/>
  </testcase> <!-- testcase -->
  <testcase classname="com.tibco.rest.test.DataDrivenTestCases" name="testcase" time="0.344">
    <error/>
  </testcase> <!-- testcase -->
  <testcase classname="com.tibco.rest.test.DataDrivenTestCases" name="testcase" time="0.245">
    <error/>
  </testcase> <!-- testcase -->
  <testcase classname="com.tibco.rest.test.DataDrivenTestCases" name="testcase" time="0.031">
    <error/>
  </testcase> <!-- testcase -->
  <testcase classname="com.tibco.rest.test.DataDrivenTestCases" name="testcase" time="1.079">
    <error/>
  </testcase> <!-- testcase -->
  <testcase classname="com.tibco.rest.test.DataDrivenTestCases" name="testcase" time="0.032">
    <error/>
  </testcase> <!-- testcase -->
  <testcase classname="com.tibco.rest.test.DataDrivenTestCases" name="testcase" time="0.142">
    <error/>
  </testcase> <!-- testcase -->
  <testcase classname="com.tibco.rest.test.DataDrivenTestCases" name="testcase" time="0.051">
    <error/>
  </testcase> <!-- testcase -->
  <testcase classname="com.tibco.rest.test.DataDrivenTestCases" name="testcase" time="0.238">
    <error/>
  </testcase> <!-- testcase -->
  <testcase classname="com.tibco.rest.test.DataDrivenTestCases" name="testcase" time="0.052">
    <error/>
  </testcase> <!-- testcase -->
  <testcase classname="com.tibco.rest.test.DataDrivenTestCases" name="testcase" time="0.047">
    <error/>
  </testcase> <!-- testcase -->
  <testcase classname="com.tibco.rest.test.DataDrivenTestCases" name="testcase" time="0.031">
    <error/>
  </testcase> <!-- testcase -->
  <testcase classname="com.tibco.rest.test.DataDrivenTestCases" name="testcase" time="0.032">
    <error/>
  </testcase> <!-- testcase -->
  <testcase classname="com.tibco.rest.test.DataDrivenTestCases" name="testcase" time="0.057">
    <error/>
  </testcase> <!-- testcase -->
  <testcase classname="com.tibco.rest.test.DataDrivenTestCases" name="testcase" time="0.047">
    <error/>
  </testcase> <!-- testcase -->
  <testcase classname="com.tibco.rest.test.DataDrivenTestCases" name="testcase" time="0.453">
    <error/>
  </testcase> <!-- testcase -->
  <testcase classname="com.tibco.rest.test.DataDrivenTestCases" name="testcase" time="0.048">
    <error/>
  </testcase> <!-- testcase -->
  <testcase classname="com.tibco.rest.test.DataDrivenTestCases" name="testcase" time="0.316">
    <error/>
  </testcase> <!-- testcase -->
  <testcase classname="com.tibco.rest.test.DataDrivenTestCases" name="testcase" time="0.059">
    <error/>
  </testcase> <!-- testcase -->
  <testcase classname="com.tibco.rest.test.DataDrivenTestCases" name="testcase" time="0.252">
    <error/>
  </testcase> <!-- testcase -->
  <testcase classname="com.tibco.rest.test.DataDrivenTestCases" name="testcase" time="0.379">
    <error/>
  </testcase> <!-- testcase -->
  <testcase classname="com.tibco.rest.test.DataDrivenTestCases" name="testcase" time="0.047">
    <error/>
  </testcase> <!-- testcase -->
  <testcase classname="com.tibco.rest.test.DataDrivenTestCases" name="testcase" time="0.664">
    <error/>
  </testcase> <!-- testcase -->
  <testcase classname="com.tibco.rest.test.DataDrivenTestCases" name="testcase" time="0.286">
    <error/>
  </testcase> <!-- testcase -->
  <testcase classname="com.tibco.rest.test.DataDrivenTestCases" name="testcase" time="0.301">
    <error/>
  </testcase> <!-- testcase -->
  <testcase classname="com.tibco.rest.test.DataDrivenTestCases" name="testcase" time="0.063">
    <error/>
  </testcase> <!-- testcase -->
  <testcase classname="com.tibco.rest.test.DataDrivenTestCases" name="testcase" time="0.031">
    <error/>
  </testcase> <!-- testcase -->
  <testcase classname="com.tibco.rest.test.DataDrivenTestCases" name="testcase" time="0.218">
    <error/>
  </testcase> <!-- testcase -->
  <testcase classname="com.tibco.rest.test.DataDrivenTestCases" name="testcase" time="0.048">
    <error/>
  </testcase> <!-- testcase -->
  <testcase classname="com.tibco.rest.test.DataDrivenTestCases" name="testcase" time="0.189">
    <error/>
  </testcase> <!-- testcase -->
  <testcase classname="com.tibco.rest.test.DataDrivenTestCases" name="testcase" time="0.219">
    <error/>
  </testcase> <!-- testcase -->
  <testcase classname="com.tibco.rest.test.DataDrivenTestCases" name="testcase" time="0.048">
    <error/>
  </testcase> <!-- testcase -->
  <testcase classname="com.tibco.rest.test.DataDrivenTestCases" name="testcase" time="0.329">
    <error/>
  </testcase> <!-- testcase -->
  <testcase classname="com.tibco.rest.test.DataDrivenTestCases" name="testcase" time="0.333">
    <error/>
  </testcase> <!-- testcase -->
  <testcase classname="com.tibco.rest.test.DataDrivenTestCases" name="testcase" time="0.032">
    <error/>
  </testcase> <!-- testcase -->
  <testcase classname="com.tibco.rest.test.DataDrivenTestCases" name="testcase" time="0.308">
    <error/>
  </testcase> <!-- testcase -->
  <testcase classname="com.tibco.rest.test.DataDrivenTestCases" name="testcase" time="0.141">
    <error/>
  </testcase> <!-- testcase -->
  <testcase classname="com.tibco.rest.test.DataDrivenTestCases" name="testcase" time="0.043">
    <error/>
  </testcase> <!-- testcase -->
  <testcase classname="com.tibco.rest.test.DataDrivenTestCases" name="testcase" time="0.175">
    <error/>
  </testcase> <!-- testcase -->
  <testcase classname="com.tibco.rest.test.DataDrivenTestCases" name="testcase" time="0.047">
    <error/>
  </testcase> <!-- testcase -->
  <testcase classname="com.tibco.rest.test.DataDrivenTestCases" name="testcase" time="0.047">
    <error/>
  </testcase> <!-- testcase -->
  <testcase classname="com.tibco.rest.test.DataDrivenTestCases" name="testcase" time="0.079">
    <error/>
  </testcase> <!-- testcase -->
  <testcase classname="com.tibco.rest.test.DataDrivenTestCases" name="testcase" time="0.332">
    <error/>
  </testcase> <!-- testcase -->
  <testcase classname="com.tibco.rest.test.DataDrivenTestCases" name="testcase" time="0.046">
    <error/>
  </testcase> <!-- testcase -->
  <testcase classname="com.tibco.rest.test.DataDrivenTestCases" name="testcase" time="0.394">
    <error/>
  </testcase> <!-- testcase -->
  <testcase classname="com.tibco.rest.test.DataDrivenTestCases" name="testcase" time="0.031">
    <error/>
  </testcase> <!-- testcase -->
  <testcase classname="com.tibco.rest.test.DataDrivenTestCases" name="testcase" time="0.281">
    <error/>
  </testcase> <!-- testcase -->
  <testcase classname="com.tibco.rest.test.DataDrivenTestCases" name="testcase" time="0.052">
    <error/>
  </testcase> <!-- testcase -->
  <testcase classname="com.tibco.rest.test.DataDrivenTestCases" name="testcase" time="0.659">
    <error/>
  </testcase> <!-- testcase -->
  <testcase classname="com.tibco.rest.test.DataDrivenTestCases" name="testcase" time="0.122">
    <error/>
  </testcase> <!-- testcase -->
  <testcase classname="com.tibco.rest.test.DataDrivenTestCases" name="testcase" time="0.079">
    <error/>
  </testcase> <!-- testcase -->
  <testcase classname="com.tibco.rest.test.DataDrivenTestCases" name="testcase" time="0.221">
    <error/>
  </testcase> <!-- testcase -->
  <testcase classname="com.tibco.rest.test.DataDrivenTestCases" name="testcase" time="0.253">
    <error/>
  </testcase> <!-- testcase -->
  <testcase classname="com.tibco.rest.test.DataDrivenTestCases" name="testcase" time="0.410">
    <error/>
  </testcase> <!-- testcase -->
  <testcase classname="com.tibco.rest.test.DataDrivenTestCases" name="testcase" time="0.615">
    <error/>
  </testcase> <!-- testcase -->
  <testcase classname="com.tibco.rest.test.DataDrivenTestCases" name="testcase" time="0.032">
    <error/>
  </testcase> <!-- testcase -->
  <testcase classname="com.tibco.rest.test.DataDrivenTestCases" name="testcase" time="0.535">
    <error/>
  </testcase> <!-- testcase -->
  <testcase classname="com.tibco.rest.test.DataDrivenTestCases" name="testcase" time="0.270">
    <error/>
  </testcase> <!-- testcase -->
  <testcase classname="com.tibco.rest.test.DataDrivenTestCases" name="testcase" time="0.047">
    <error/>
  </testcase> <!-- testcase -->
  <testcase classname="com.tibco.rest.test.DataDrivenTestCases" name="testcase" time="0.483">
    <error/>
  </testcase> <!-- testcase -->
  <testcase classname="com.tibco.rest.test.DataDrivenTestCases" name="testcase" time="0.054">
    <error/>
  </testcase> <!-- testcase -->
  <testcase classname="com.tibco.rest.test.DataDrivenTestCases" name="testcase" time="0.255">
    <error/>
  </testcase> <!-- testcase -->
  <testcase classname="com.tibco.rest.test.DataDrivenTestCases" name="testcase" time="0.031">
    <error/>
  </testcase> <!-- testcase -->
  <testcase classname="com.tibco.rest.test.DataDrivenTestCases" name="testcase" time="0.137">
    <error/>
  </testcase> <!-- testcase -->
  <testcase classname="com.tibco.rest.test.DataDrivenTestCases" name="testcase" time="0.426">
    <error/>
  </testcase> <!-- testcase -->
  <testcase classname="com.tibco.rest.test.DataDrivenTestCases" name="testcase" time="0.488">
    <error/>
  </testcase> <!-- testcase -->
  <testcase classname="com.tibco.rest.test.DataDrivenTestCases" name="testcase" time="0.281">
    <error/>
  </testcase> <!-- testcase -->
  <testcase classname="com.tibco.rest.test.DataDrivenTestCases" name="testcase" time="0.048">
    <error/>
  </testcase> <!-- testcase -->
  <testcase classname="com.tibco.rest.test.DataDrivenTestCases" name="testcase" time="0.053">
    <error/>
  </testcase> <!-- testcase -->
  <testcase classname="com.tibco.rest.test.DataDrivenTestCases" name="testcase" time="0.140">
    <error/>
  </testcase> <!-- testcase -->
  <testcase classname="com.tibco.rest.test.DataDrivenTestCases" name="testcase" time="0.231">
    <error/>
  </testcase> <!-- testcase -->
  <testcase classname="com.tibco.rest.test.DataDrivenTestCases" name="testcase" time="0.031">
    <error/>
  </testcase> <!-- testcase -->
  <testcase classname="com.tibco.rest.test.DataDrivenTestCases" name="testcase" time="0.345">
    <error/>
  </testcase> <!-- testcase -->
  <testcase classname="com.tibco.rest.test.DataDrivenTestCases" name="testcase" time="0.096">
    <error/>
  </testcase> <!-- testcase -->
  <testcase classname="com.tibco.rest.test.DataDrivenTestCases" name="testcase" time="0.047">
    <error/>
  </testcase> <!-- testcase -->
  <testcase classname="com.tibco.rest.test.DataDrivenTestCases" name="testcase" time="0.032">
    <error/>
  </testcase> <!-- testcase -->
  <testcase classname="com.tibco.rest.test.DataDrivenTestCases" name="testcase" time="0.048">
    <error/>
  </testcase> <!-- testcase -->
  <testcase classname="com.tibco.rest.test.DataDrivenTestCases" name="testcase" time="0.047">
    <error/>
  </testcase> <!-- testcase -->
  <testcase classname="com.tibco.rest.test.DataDrivenTestCases" name="testcase" time="0.016">
    <error/>
  </testcase> <!-- testcase -->
  <testcase classname="com.tibco.rest.test.DataDrivenTestCases" name="testcase" time="0.095">
    <error/>
  </testcase> <!-- testcase -->
  <testcase classname="com.tibco.rest.test.DataDrivenTestCases" name="testcase" time="0.033">
    <error/>
  </testcase> <!-- testcase -->
  <testcase classname="com.tibco.rest.test.DataDrivenTestCases" name="testcase" time="0.032">
    <error/>
  </testcase> <!-- testcase -->
  <testcase classname="com.tibco.rest.test.DataDrivenTestCases" name="testcase" time="0.515">
    <error/>
  </testcase> <!-- testcase -->
  <testcase classname="com.tibco.rest.test.DataDrivenTestCases" name="testcase" time="0.260">
    <error/>
  </testcase> <!-- testcase -->
  <testcase classname="com.tibco.rest.test.DataDrivenTestCases" name="testcase" time="0.041">
    <error/>
  </testcase> <!-- testcase -->
  <testcase classname="com.tibco.rest.test.DataDrivenTestCases" name="testcase" time="0.007">
    <error/>
  </testcase> <!-- testcase -->
  <testcase classname="com.tibco.rest.test.DataDrivenTestCases" name="testcase" time="0.047">
    <error/>
  </testcase> <!-- testcase -->
  <testcase classname="com.tibco.rest.test.DataDrivenTestCases" name="testcase" time="0.205">
    <error/>
  </testcase> <!-- testcase -->
  <testcase classname="com.tibco.rest.test.DataDrivenTestCases" name="testcase" time="0.425">
    <error/>
  </testcase> <!-- testcase -->
  <testcase classname="com.tibco.rest.test.DataDrivenTestCases" name="testcase" time="0.052">
    <error/>
  </testcase> <!-- testcase -->
  <testcase classname="com.tibco.rest.test.DataDrivenTestCases" name="testcase" time="0.047">
    <error/>
  </testcase> <!-- testcase -->
  <testcase classname="com.tibco.rest.test.DataDrivenTestCases" name="testcase" time="0.048">
    <error/>
  </testcase> <!-- testcase -->
  <testcase classname="com.tibco.rest.test.DataDrivenTestCases" name="testcase" time="0.285">
    <error/>
  </testcase> <!-- testcase -->
  <testcase classname="com.tibco.rest.test.DataDrivenTestCases" name="testcase" time="0.181">
    <error/>
  </testcase> <!-- testcase -->
  <testcase classname="com.tibco.rest.test.DataDrivenTestCases" name="testcase" time="0.301">
    <error/>
  </testcase> <!-- testcase -->
  <testcase classname="com.tibco.rest.test.DataDrivenTestCases" name="testcase" time="0.063">
    <error/>
  </testcase> <!-- testcase -->
  <testcase classname="com.tibco.rest.test.DataDrivenTestCases" name="testcase" time="0.348">
    <error/>
  </testcase> <!-- testcase -->
  <testcase classname="com.tibco.rest.test.DataDrivenTestCases" name="testcase" time="0.224">
    <error/>
  </testcase> <!-- testcase -->
  <testcase classname="com.tibco.rest.test.DataDrivenTestCases" name="testcase" time="0.094">
    <error/>
  </testcase> <!-- testcase -->
  <testcase classname="com.tibco.rest.test.DataDrivenTestCases" name="testcase" time="0.241">
    <error/>
  </testcase> <!-- testcase -->
  <testcase classname="com.tibco.rest.test.DataDrivenTestCases" name="testcase" time="0.375">
    <error/>
  </testcase> <!-- testcase -->
  <testcase classname="com.tibco.rest.test.DataDrivenTestCases" name="testcase" time="0.063">
    <error/>
  </testcase> <!-- testcase -->
  <testcase classname="com.tibco.rest.test.DataDrivenTestCases" name="testcase" time="0.032">
    <error/>
  </testcase> <!-- testcase -->
  <testcase classname="com.tibco.rest.test.DataDrivenTestCases" name="testcase" time="0.064">
    <error/>
  </testcase> <!-- testcase -->
  <testcase classname="com.tibco.rest.test.DataDrivenTestCases" name="testcase" time="0.243">
    <error/>
  </testcase> <!-- testcase -->
  <testcase classname="com.tibco.rest.test.DataDrivenTestCases" name="testcase" time="0.049">
    <error/>
  </testcase> <!-- testcase -->
  <testcase classname="com.tibco.rest.test.DataDrivenTestCases" name="testcase" time="0.272">
    <error/>
  </testcase> <!-- testcase -->
  <testcase classname="com.tibco.rest.test.DataDrivenTestCases" name="testcase" time="0.032">
    <error/>
  </testcase> <!-- testcase -->
  <testcase classname="com.tibco.rest.test.DataDrivenTestCases" name="testcase" time="0.213">
    <error/>
  </testcase> <!-- testcase -->
  <testcase classname="com.tibco.rest.test.DataDrivenTestCases" name="testcase" time="0.048">
    <error/>
  </testcase> <!-- testcase -->
  <testcase classname="com.tibco.rest.test.DataDrivenTestCases" name="testcase" time="0.142">
    <error/>
  </testcase> <!-- testcase -->
  <testcase classname="com.tibco.rest.test.DataDrivenTestCases" name="testcase" time="0.034">
    <error/>
  </testcase> <!-- testcase -->
  <testcase classname="com.tibco.rest.test.DataDrivenTestCases" name="testcase" time="0.064">
    <error/>
  </testcase> <!-- testcase -->
  <testcase classname="com.tibco.rest.test.DataDrivenTestCases" name="testcase" time="0.067">
    <error/>
  </testcase> <!-- testcase -->
  <testcase classname="com.tibco.rest.test.DataDrivenTestCases" name="testcase" time="0.047">
    <error/>
  </testcase> <!-- testcase -->
  <testcase classname="com.tibco.rest.test.DataDrivenTestCases" name="testcase" time="0.026">
    <error/>
  </testcase> <!-- testcase -->
  <testcase classname="com.tibco.rest.test.DataDrivenTestCases" name="testcase" time="0.033">
    <error/>
  </testcase> <!-- testcase -->
  <testcase classname="com.tibco.rest.test.DataDrivenTestCases" name="testcase" time="0.064">
    <error/>
  </testcase> <!-- testcase -->
  <testcase classname="com.tibco.rest.test.DataDrivenTestCases" name="testcase" time="0.064">
    <error/>
  </testcase> <!-- testcase -->
  <testcase classname="com.tibco.rest.test.DataDrivenTestCases" name="testcase" time="0.128">
    <error/>
  </testcase> <!-- testcase -->
  <testcase classname="com.tibco.rest.test.DataDrivenTestCases" name="testcase" time="0.024">
    <error/>
  </testcase> <!-- testcase -->
  <testcase classname="com.tibco.rest.test.DataDrivenTestCases" name="testcase" time="0.047">
    <error/>
  </testcase> <!-- testcase -->
  <testcase classname="com.tibco.rest.test.DataDrivenTestCases" name="testcase" time="0.047">
    <error/>
  </testcase> <!-- testcase -->
  <testcase classname="com.tibco.rest.test.DataDrivenTestCases" name="testcase" time="0.623">
    <error/>
  </testcase> <!-- testcase -->
  <testcase classname="com.tibco.rest.test.DataDrivenTestCases" name="testcase" time="0.016">
    <error/>
  </testcase> <!-- testcase -->
  <testcase classname="com.tibco.rest.test.DataDrivenTestCases" name="testcase" time="0.016">
    <error/>
  </testcase> <!-- testcase -->
  <testcase classname="com.tibco.rest.test.DataDrivenTestCases" name="testcase" time="0.098">
    <error/>
  </testcase> <!-- testcase -->
  <testcase classname="com.tibco.rest.test.DataDrivenTestCases" name="testcase" time="0.024">
    <error/>
  </testcase> <!-- testcase -->
  <testcase classname="com.tibco.rest.test.DataDrivenTestCases" name="testcase" time="0.042">
    <error/>
  </testcase> <!-- testcase -->
  <testcase classname="com.tibco.rest.test.DataDrivenTestCases" name="testcase" time="0.237">
    <error/>
  </testcase> <!-- testcase -->
  <testcase classname="com.tibco.rest.test.DataDrivenTestCases" name="testcase" time="0.080">
    <error/>
  </testcase> <!-- testcase -->
  <testcase classname="com.tibco.rest.test.DataDrivenTestCases" name="testcase" time="0.064">
    <error/>
  </testcase> <!-- testcase -->
  <testcase classname="com.tibco.rest.test.DataDrivenTestCases" name="testcase" time="0.033">
    <error/>
  </testcase> <!-- testcase -->
  <testcase classname="com.tibco.rest.test.DataDrivenTestCases" name="testcase" time="0.331">
    <error/>
  </testcase> <!-- testcase -->
  <testcase classname="com.tibco.rest.test.DataDrivenTestCases" name="testcase" time="0.252">
    <error/>
  </testcase> <!-- testcase -->
  <testcase classname="com.tibco.rest.test.DataDrivenTestCases" name="testcase" time="0.112">
    <error/>
  </testcase> <!-- testcase -->
  <testcase classname="com.tibco.rest.test.DataDrivenTestCases" name="testcase" time="0.016">
    <error/>
  </testcase> <!-- testcase -->
  <testcase classname="com.tibco.rest.test.DataDrivenTestCases" name="testcase" time="0.222">
    <error/>
  </testcase> <!-- testcase -->
  <testcase classname="com.tibco.rest.test.DataDrivenTestCases" name="testcase" time="0.109">
    <error/>
  </testcase> <!-- testcase -->
  <testcase classname="com.tibco.rest.test.DataDrivenTestCases" name="testcase" time="0.141">
    <error/>
  </testcase> <!-- testcase -->
  <testcase classname="com.tibco.rest.test.DataDrivenTestCases" name="testcase" time="0.062">
    <error/>
  </testcase> <!-- testcase -->
  <testcase classname="com.tibco.rest.test.DataDrivenTestCases" name="testcase" time="0.173">
    <error/>
  </testcase> <!-- testcase -->
  <testcase classname="com.tibco.rest.test.DataDrivenTestCases" name="testcase" time="0.218">
    <error/>
  </testcase> <!-- testcase -->
  <testcase classname="com.tibco.rest.test.DataDrivenTestCases" name="testcase" time="0.079">
    <error/>
  </testcase> <!-- testcase -->
  <testcase classname="com.tibco.rest.test.DataDrivenTestCases" name="testcase" time="0.031">
    <error/>
  </testcase> <!-- testcase -->
  <testcase classname="com.tibco.rest.test.DataDrivenTestCases" name="testcase" time="0.031">
    <error/>
  </testcase> <!-- testcase -->
  <testcase classname="com.tibco.rest.test.DataDrivenTestCases" name="testcase" time="0.047">
    <error/>
  </testcase> <!-- testcase -->
  <testcase classname="com.tibco.rest.test.DataDrivenTestCases" name="testcase" time="0.048">
    <error/>
  </testcase> <!-- testcase -->
  <testcase classname="com.tibco.rest.test.DataDrivenTestCases" name="testcase" time="0.048">
    <error/>
  </testcase> <!-- testcase -->
  <testcase classname="com.tibco.rest.test.DataDrivenTestCases" name="testcase" time="0.016">
    <error/>
  </testcase> <!-- testcase -->
  <testcase classname="com.tibco.rest.test.DataDrivenTestCases" name="testcase" time="0.047">
    <error/>
  </testcase> <!-- testcase -->
  <testcase classname="com.tibco.rest.test.DataDrivenTestCases" name="testcase" time="0.031">
    <error/>
  </testcase> <!-- testcase -->
  <testcase classname="com.tibco.rest.test.DataDrivenTestCases" name="testcase" time="0.063">
    <error/>
  </testcase> <!-- testcase -->
  <testcase classname="com.tibco.rest.test.DataDrivenTestCases" name="testcase" time="0.142">
    <error/>
  </testcase> <!-- testcase -->
  <testcase classname="com.tibco.rest.test.DataDrivenTestCases" name="testcase" time="0.286">
    <error/>
  </testcase> <!-- testcase -->
  <testcase classname="com.tibco.rest.test.DataDrivenTestCases" name="testcase" time="0.037">
    <error/>
  </testcase> <!-- testcase -->
  <testcase classname="com.tibco.rest.test.DataDrivenTestCases" name="testcase" time="0.063">
    <error/>
  </testcase> <!-- testcase -->
  <testcase classname="com.tibco.rest.test.DataDrivenTestCases" name="testcase" time="0.316">
    <error/>
  </testcase> <!-- testcase -->
  <testcase classname="com.tibco.rest.test.DataDrivenTestCases" name="testcase" time="0.100">
    <error/>
  </testcase> <!-- testcase -->
  <testcase classname="com.tibco.rest.test.DataDrivenTestCases" name="testcase" time="0.366">
    <error/>
  </testcase> <!-- testcase -->
  <testcase classname="com.tibco.rest.test.DataDrivenTestCases" name="testcase" time="0.190">
    <error/>
  </testcase> <!-- testcase -->
  <testcase classname="com.tibco.rest.test.DataDrivenTestCases" name="testcase" time="0.050">
    <error/>
  </testcase> <!-- testcase -->
  <testcase classname="com.tibco.rest.test.DataDrivenTestCases" name="testcase" time="0.047">
    <error/>
  </testcase> <!-- testcase -->
  <testcase classname="com.tibco.rest.test.DataDrivenTestCases" name="testcase" time="0.063">
    <error/>
  </testcase> <!-- testcase -->
  <testcase classname="com.tibco.rest.test.DataDrivenTestCases" name="testcase" time="0.047">
    <error/>
  </testcase> <!-- testcase -->
  <testcase classname="com.tibco.rest.test.DataDrivenTestCases" name="testcase" time="0.016">
    <error/>
  </testcase> <!-- testcase -->
  <testcase classname="com.tibco.rest.test.DataDrivenTestCases" name="testcase" time="0.115">
    <error/>
  </testcase> <!-- testcase -->
  <testcase classname="com.tibco.rest.test.DataDrivenTestCases" name="testcase" time="0.095">
    <error/>
  </testcase> <!-- testcase -->
  <testcase classname="com.tibco.rest.test.DataDrivenTestCases" name="testcase" time="0.027">
    <error/>
  </testcase> <!-- testcase -->
  <testcase classname="com.tibco.rest.test.DataDrivenTestCases" name="testcase" time="0.063">
    <error/>
  </testcase> <!-- testcase -->
  <testcase classname="com.tibco.rest.test.DataDrivenTestCases" name="testcase" time="0.300">
    <error/>
  </testcase> <!-- testcase -->
  <testcase classname="com.tibco.rest.test.DataDrivenTestCases" name="testcase" time="0.031">
    <error/>
  </testcase> <!-- testcase -->
  <testcase classname="com.tibco.rest.test.DataDrivenTestCases" name="testcase" time="0.018">
    <error/>
  </testcase> <!-- testcase -->
  <testcase classname="com.tibco.rest.test.DataDrivenTestCases" name="testcase" time="0.077">
    <error/>
  </testcase> <!-- testcase -->
  <testcase classname="com.tibco.rest.test.DataDrivenTestCases" name="testcase" time="0.143">
    <error/>
  </testcase> <!-- testcase -->
  <testcase classname="com.tibco.rest.test.DataDrivenTestCases" name="testcase" time="0.039">
    <error/>
  </testcase> <!-- testcase -->
  <testcase classname="com.tibco.rest.test.DataDrivenTestCases" name="testcase" time="0.032">
    <error/>
  </testcase> <!-- testcase -->
  <testcase classname="com.tibco.rest.test.DataDrivenTestCases" name="testcase" time="0.158">
    <error/>
  </testcase> <!-- testcase -->
  <testcase classname="com.tibco.rest.test.DataDrivenTestCases" name="testcase" time="0.240">
    <error/>
  </testcase> <!-- testcase -->
  <testcase classname="com.tibco.rest.test.DataDrivenTestCases" name="testcase" time="0.031">
    <error/>
  </testcase> <!-- testcase -->
  <testcase classname="com.tibco.rest.test.DataDrivenTestCases" name="testcase" time="0.694">
    <error/>
  </testcase> <!-- testcase -->
  <testcase classname="com.tibco.rest.test.DataDrivenTestCases" name="testcase" time="0.075">
    <error/>
  </testcase> <!-- testcase -->
  <testcase classname="com.tibco.rest.test.DataDrivenTestCases" name="testcase" time="0.050">
    <error/>
  </testcase> <!-- testcase -->
  <testcase classname="com.tibco.rest.test.DataDrivenTestCases" name="testcase" time="0.032">
    <error/>
  </testcase> <!-- testcase -->
  <testcase classname="com.tibco.rest.test.DataDrivenTestCases" name="testcase" time="0.024">
    <error/>
  </testcase> <!-- testcase -->
  <testcase classname="com.tibco.rest.test.DataDrivenTestCases" name="testcase" time="0.048">
    <error/>
  </testcase> <!-- testcase -->
  <testcase classname="com.tibco.rest.test.DataDrivenTestCases" name="testcase" time="0.110">
    <error/>
  </testcase> <!-- testcase -->
  <testcase classname="com.tibco.rest.test.DataDrivenTestCases" name="testcase" time="0.045">
    <error/>
  </testcase> <!-- testcase -->
  <testcase classname="com.tibco.rest.test.DataDrivenTestCases" name="testcase" time="0.051">
    <error/>
  </testcase> <!-- testcase -->
  <testcase classname="com.tibco.rest.test.DataDrivenTestCases" name="testcase" time="0.156">
    <error/>
  </testcase> <!-- testcase -->
  <testcase classname="com.tibco.rest.test.DataDrivenTestCases" name="testcase" time="0.023">
    <error/>
  </testcase> <!-- testcase -->
  <testcase classname="com.tibco.rest.test.DataDrivenTestCases" name="testcase" time="0.175">
    <error/>
  </testcase> <!-- testcase -->
  <testcase classname="com.tibco.rest.test.DataDrivenTestCases" name="testcase" time="0.052">
    <error/>
  </testcase> <!-- testcase -->
  <testcase classname="com.tibco.rest.test.DataDrivenTestCases" name="testcase" time="0.050">
    <error/>
  </testcase> <!-- testcase -->
  <testcase classname="com.tibco.rest.test.DataDrivenTestCases" name="testcase" time="0.221">
    <error/>
  </testcase> <!-- testcase -->
  <testcase classname="com.tibco.rest.test.DataDrivenTestCases" name="testcase" time="0.048">
    <error/>
  </testcase> <!-- testcase -->
  <testcase classname="com.tibco.rest.test.DataDrivenTestCases" name="testcase" time="0.032">
    <error/>
  </testcase> <!-- testcase -->
  <testcase classname="com.tibco.rest.test.DataDrivenTestCases" name="testcase" time="0.458">
    <error/>
  </testcase> <!-- testcase -->
  <testcase classname="com.tibco.rest.test.DataDrivenTestCases" name="testcase" time="0.069">
    <error/>
  </testcase> <!-- testcase -->
  <testcase classname="com.tibco.rest.test.DataDrivenTestCases" name="testcase" time="0.048">
    <error/>
  </testcase> <!-- testcase -->
  <testcase classname="com.tibco.rest.test.DataDrivenTestCases" name="testcase" time="0.151">
    <error/>
  </testcase> <!-- testcase -->
  <testcase classname="com.tibco.rest.test.DataDrivenTestCases" name="testcase" time="0.362">
    <error/>
  </testcase> <!-- testcase -->
  <testcase classname="com.tibco.rest.test.DataDrivenTestCases" name="testcase" time="0.410">
    <error/>
  </testcase> <!-- testcase -->
  <testcase classname="com.tibco.rest.test.DataDrivenTestCases" name="testcase" time="0.023">
    <error/>
  </testcase> <!-- testcase -->
  <testcase classname="com.tibco.rest.test.DataDrivenTestCases" name="testcase" time="0.557">
    <error/>
  </testcase> <!-- testcase -->
  <testcase classname="com.tibco.rest.test.DataDrivenTestCases" name="testcase" time="0.113">
    <error/>
  </testcase> <!-- testcase -->
  <testcase classname="com.tibco.rest.test.DataDrivenTestCases" name="testcase" time="0.363">
    <error/>
  </testcase> <!-- testcase -->
  <testcase classname="com.tibco.rest.test.DataDrivenTestCases" name="testcase" time="0.507">
    <error/>
  </testcase> <!-- testcase -->
  <testcase classname="com.tibco.rest.test.DataDrivenTestCases" name="testcase" time="0.266">
    <error/>
  </testcase> <!-- testcase -->
  <testcase classname="com.tibco.rest.test.DataDrivenTestCases" name="testcase" time="0.271">
    <error/>
  </testcase> <!-- testcase -->
  <testcase classname="com.tibco.rest.test.DataDrivenTestCases" name="testcase" time="0.250">
    <error/>
  </testcase> <!-- testcase -->
  <testcase classname="com.tibco.rest.test.DataDrivenTestCases" name="testcase" time="0.031">
    <error/>
  </testcase> <!-- testcase -->
  <testcase classname="com.tibco.rest.test.DataDrivenTestCases" name="testcase" time="0.251">
    <error/>
  </testcase> <!-- testcase -->
  <testcase classname="com.tibco.rest.test.DataDrivenTestCases" name="testcase" time="0.333">
    <error/>
  </testcase> <!-- testcase -->
  <testcase classname="com.tibco.rest.test.DataDrivenTestCases" name="testcase" time="0.196">
    <error/>
  </testcase> <!-- testcase -->
  <testcase classname="com.tibco.rest.test.DataDrivenTestCases" name="testcase" time="0.189">
    <error/>
  </testcase> <!-- testcase -->
  <testcase classname="com.tibco.rest.test.DataDrivenTestCases" name="testcase" time="0.062">
    <error/>
  </testcase> <!-- testcase -->
  <testcase classname="com.tibco.rest.test.DataDrivenTestCases" name="testcase" time="0.063">
    <error/>
  </testcase> <!-- testcase -->
  <testcase classname="com.tibco.rest.test.DataDrivenTestCases" name="testcase" time="0.220">
    <error/>
  </testcase> <!-- testcase -->
  <testcase classname="com.tibco.rest.test.DataDrivenTestCases" name="testcase" time="0.033">
    <error/>
  </testcase> <!-- testcase -->
  <testcase classname="com.tibco.rest.test.DataDrivenTestCases" name="testcase" time="0.033">
    <error/>
  </testcase> <!-- testcase -->
  <testcase classname="com.tibco.rest.test.DataDrivenTestCases" name="testcase" time="0.047">
    <error/>
  </testcase> <!-- testcase -->
  <testcase classname="com.tibco.rest.test.DataDrivenTestCases" name="testcase" time="0.047">
    <error/>
  </testcase> <!-- testcase -->
  <testcase classname="com.tibco.rest.test.DataDrivenTestCases" name="testcase" time="0.188">
    <error/>
  </testcase> <!-- testcase -->
  <testcase classname="com.tibco.rest.test.DataDrivenTestCases" name="testcase" time="0.054">
    <error/>
  </testcase> <!-- testcase -->
  <testcase classname="com.tibco.rest.test.DataDrivenTestCases" name="testcase" time="0.063">
    <error/>
  </testcase> <!-- testcase -->
  <testcase classname="com.tibco.rest.test.DataDrivenTestCases" name="testcase" time="0.047">
    <error/>
  </testcase> <!-- testcase -->
  <testcase classname="com.tibco.rest.test.DataDrivenTestCases" name="testcase" time="0.330">
    <error/>
  </testcase> <!-- testcase -->
  <testcase classname="com.tibco.rest.test.DataDrivenTestCases" name="testcase" time="0.063">
    <error/>
  </testcase> <!-- testcase -->
  <testcase classname="com.tibco.rest.test.DataDrivenTestCases" name="testcase" time="0.239">
    <error/>
  </testcase> <!-- testcase -->
  <testcase classname="com.tibco.rest.test.DataDrivenTestCases" name="testcase" time="0.048">
    <error/>
  </testcase> <!-- testcase -->
  <testcase classname="com.tibco.rest.test.DataDrivenTestCases" name="testcase" time="0.214">
    <error/>
  </testcase> <!-- testcase -->
  <testcase classname="com.tibco.rest.test.DataDrivenTestCases" name="testcase" time="0.110">
    <error/>
  </testcase> <!-- testcase -->
  <testcase classname="com.tibco.rest.test.DataDrivenTestCases" name="testcase" time="0.113">
    <error/>
  </testcase> <!-- testcase -->
  <testcase classname="com.tibco.rest.test.DataDrivenTestCases" name="testcase" time="0.047">
    <error/>
  </testcase> <!-- testcase -->
  <testcase classname="com.tibco.rest.test.DataDrivenTestCases" name="testcase" time="0.363">
    <error/>
  </testcase> <!-- testcase -->
  <testcase classname="com.tibco.rest.test.DataDrivenTestCases" name="testcase" time="0.032">
    <failure message="Expected value should be &quot;BCCE-3303&quot; : Actual value is &quot;BCCE-3201&quot;" type="java.lang.AssertionError">
      <![CDATA[java.lang.AssertionError: Expected value should be "BCCE-3303" : Actual value is "BCCE-3201"
	at com.tibco.rest.restAssured.Assertions.assertTrue(Assertions.java:166)
	at com.tibco.rest.restAssured.Assertions.assertEquals(Assertions.java:183)
	at com.tibco.rest.test.DataDrivenTestCases.verifyResponse(DataDrivenTestCases.java:508)
	at com.tibco.rest.test.DataDrivenTestCases.testcase(DataDrivenTestCases.java:352)
	at java.base/jdk.internal.reflect.NativeMethodAccessorImpl.invoke0(Native Method)
	at java.base/jdk.internal.reflect.NativeMethodAccessorImpl.invoke(NativeMethodAccessorImpl.java:77)
	at java.base/jdk.internal.reflect.DelegatingMethodAccessorImpl.invoke(DelegatingMethodAccessorImpl.java:43)
	at java.base/java.lang.reflect.Method.invoke(Method.java:568)
	at org.testng.internal.MethodInvocationHelper.invokeMethod(MethodInvocationHelper.java:108)
	at org.testng.internal.Invoker.invokeMethod(Invoker.java:661)
	at org.testng.internal.Invoker.invokeTestMethod(Invoker.java:869)
	at org.testng.internal.Invoker.invokeTestMethods(Invoker.java:1193)
	at org.testng.internal.TestMethodWorker.invokeTestMethods(TestMethodWorker.java:126)
	at org.testng.internal.TestMethodWorker.run(TestMethodWorker.java:109)
	at org.testng.TestRunner.privateRun(TestRunner.java:744)
	at org.testng.TestRunner.run(TestRunner.java:602)
	at org.testng.SuiteRunner.runTest(SuiteRunner.java:380)
	at org.testng.SuiteRunner.runSequentially(SuiteRunner.java:375)
	at org.testng.SuiteRunner.privateRun(SuiteRunner.java:340)
	at org.testng.SuiteRunner.run(SuiteRunner.java:289)
	at org.testng.SuiteRunnerWorker.runSuite(SuiteRunnerWorker.java:52)
	at org.testng.SuiteRunnerWorker.run(SuiteRunnerWorker.java:86)
	at org.testng.TestNG.runSuitesSequentially(TestNG.java:1301)
	at org.testng.TestNG.runSuitesLocally(TestNG.java:1226)
	at org.testng.TestNG.runSuites(TestNG.java:1144)
	at org.testng.TestNG.run(TestNG.java:1115)
	at org.testng.TestNG.privateMain(TestNG.java:1442)
	at org.testng.TestNG.main(TestNG.java:1411)
]]>
    </failure>
  </testcase> <!-- testcase -->
  <testcase classname="com.tibco.rest.test.DataDrivenTestCases" name="testcase" time="0.063">
    <error/>
  </testcase> <!-- testcase -->
  <testcase classname="com.tibco.rest.test.DataDrivenTestCases" name="testcase" time="0.284">
    <error/>
  </testcase> <!-- testcase -->
  <testcase classname="com.tibco.rest.test.DataDrivenTestCases" name="testcase" time="0.057">
    <error/>
  </testcase> <!-- testcase -->
  <testcase classname="com.tibco.rest.test.DataDrivenTestCases" name="testcase" time="0.063">
    <error/>
  </testcase> <!-- testcase -->
  <testcase classname="com.tibco.rest.test.DataDrivenTestCases" name="testcase" time="0.047">
    <error/>
  </testcase> <!-- testcase -->
  <testcase classname="com.tibco.rest.test.DataDrivenTestCases" name="testcase" time="0.063">
    <error/>
  </testcase> <!-- testcase -->
  <testcase classname="com.tibco.rest.test.DataDrivenTestCases" name="testcase" time="0.271">
    <error/>
  </testcase> <!-- testcase -->
  <testcase classname="com.tibco.rest.test.DataDrivenTestCases" name="testcase" time="0.204">
    <error/>
  </testcase> <!-- testcase -->
  <testcase classname="com.tibco.rest.test.DataDrivenTestCases" name="testcase" time="0.032">
    <error/>
  </testcase> <!-- testcase -->
  <testcase classname="com.tibco.rest.test.DataDrivenTestCases" name="testcase" time="0.382">
    <error/>
  </testcase> <!-- testcase -->
  <testcase classname="com.tibco.rest.test.DataDrivenTestCases" name="testcase" time="0.074">
    <error/>
  </testcase> <!-- testcase -->
  <testcase classname="com.tibco.rest.test.DataDrivenTestCases" name="testcase" time="0.143">
    <error/>
  </testcase> <!-- testcase -->
  <testcase classname="com.tibco.rest.test.DataDrivenTestCases" name="testcase" time="0.126">
    <error/>
  </testcase> <!-- testcase -->
  <testcase classname="com.tibco.rest.test.DataDrivenTestCases" name="testcase" time="0.047">
    <error/>
  </testcase> <!-- testcase -->
  <testcase classname="com.tibco.rest.test.DataDrivenTestCases" name="testcase" time="0.016">
    <error/>
  </testcase> <!-- testcase -->
  <testcase classname="com.tibco.rest.test.DataDrivenTestCases" name="testcase" time="0.095">
    <error/>
  </testcase> <!-- testcase -->
  <testcase classname="com.tibco.rest.test.DataDrivenTestCases" name="testcase" time="0.111">
    <error/>
  </testcase> <!-- testcase -->
  <testcase classname="com.tibco.rest.test.DataDrivenTestCases" name="testcase" time="0.270">
    <error/>
  </testcase> <!-- testcase -->
  <testcase classname="com.tibco.rest.test.DataDrivenTestCases" name="testcase" time="0.112">
    <error/>
  </testcase> <!-- testcase -->
  <testcase classname="com.tibco.rest.test.DataDrivenTestCases" name="testcase" time="0.457">
    <error/>
  </testcase> <!-- testcase -->
  <testcase classname="com.tibco.rest.test.DataDrivenTestCases" name="testcase" time="0.221">
    <error/>
  </testcase> <!-- testcase -->
  <testcase classname="com.tibco.rest.test.DataDrivenTestCases" name="testcase" time="0.396">
    <error/>
  </testcase> <!-- testcase -->
  <testcase classname="com.tibco.rest.test.DataDrivenTestCases" name="testcase" time="0.236">
    <error/>
  </testcase> <!-- testcase -->
  <testcase classname="com.tibco.rest.test.DataDrivenTestCases" name="testcase" time="0.525">
    <error/>
  </testcase> <!-- testcase -->
  <testcase classname="com.tibco.rest.test.DataDrivenTestCases" name="testcase" time="0.032">
    <error/>
  </testcase> <!-- testcase -->
  <testcase classname="com.tibco.rest.test.DataDrivenTestCases" name="testcase" time="0.205">
    <error/>
  </testcase> <!-- testcase -->
  <testcase classname="com.tibco.rest.test.DataDrivenTestCases" name="testcase" time="0.239">
    <error/>
  </testcase> <!-- testcase -->
  <testcase classname="com.tibco.rest.test.DataDrivenTestCases" name="testcase" time="0.025">
    <error/>
  </testcase> <!-- testcase -->
  <testcase classname="com.tibco.rest.test.DataDrivenTestCases" name="testcase" time="0.064">
    <error/>
  </testcase> <!-- testcase -->
  <testcase classname="com.tibco.rest.test.DataDrivenTestCases" name="testcase" time="0.024">
    <error/>
  </testcase> <!-- testcase -->
  <testcase classname="com.tibco.rest.test.DataDrivenTestCases" name="testcase" time="0.284">
    <error/>
  </testcase> <!-- testcase -->
  <testcase classname="com.tibco.rest.test.DataDrivenTestCases" name="testcase" time="0.104">
    <error/>
  </testcase> <!-- testcase -->
  <testcase classname="com.tibco.rest.test.DataDrivenTestCases" name="testcase" time="0.141">
    <error/>
  </testcase> <!-- testcase -->
  <testcase classname="com.tibco.rest.test.DataDrivenTestCases" name="testcase" time="0.059">
    <error/>
  </testcase> <!-- testcase -->
  <testcase classname="com.tibco.rest.test.DataDrivenTestCases" name="testcase" time="0.229">
    <error/>
  </testcase> <!-- testcase -->
  <testcase classname="com.tibco.rest.test.DataDrivenTestCases" name="testcase" time="0.016">
    <error/>
  </testcase> <!-- testcase -->
  <testcase classname="com.tibco.rest.test.DataDrivenTestCases" name="testcase" time="0.031">
    <error/>
  </testcase> <!-- testcase -->
  <testcase classname="com.tibco.rest.test.DataDrivenTestCases" name="testcase" time="0.038">
    <error/>
  </testcase> <!-- testcase -->
  <testcase classname="com.tibco.rest.test.DataDrivenTestCases" name="testcase" time="0.140">
    <error/>
  </testcase> <!-- testcase -->
  <testcase classname="com.tibco.rest.test.DataDrivenTestCases" name="testcase" time="0.048">
    <error/>
  </testcase> <!-- testcase -->
  <testcase classname="com.tibco.rest.test.DataDrivenTestCases" name="testcase" time="0.253">
    <error/>
  </testcase> <!-- testcase -->
  <testcase classname="com.tibco.rest.test.DataDrivenTestCases" name="testcase" time="0.267">
    <error/>
  </testcase> <!-- testcase -->
  <testcase classname="com.tibco.rest.test.DataDrivenTestCases" name="testcase" time="0.088">
    <error/>
  </testcase> <!-- testcase -->
  <testcase classname="com.tibco.rest.test.DataDrivenTestCases" name="testcase" time="0.048">
    <error/>
  </testcase> <!-- testcase -->
  <testcase classname="com.tibco.rest.test.DataDrivenTestCases" name="testcase" time="0.213">
    <error/>
  </testcase> <!-- testcase -->
  <testcase classname="com.tibco.rest.test.DataDrivenTestCases" name="testcase" time="0.268">
    <error/>
  </testcase> <!-- testcase -->
  <testcase classname="com.tibco.rest.test.DataDrivenTestCases" name="testcase" time="0.016">
    <error/>
  </testcase> <!-- testcase -->
  <testcase classname="com.tibco.rest.test.DataDrivenTestCases" name="testcase" time="0.110">
    <error/>
  </testcase> <!-- testcase -->
  <testcase classname="com.tibco.rest.test.DataDrivenTestCases" name="testcase" time="0.194">
    <error/>
  </testcase> <!-- testcase -->
  <testcase classname="com.tibco.rest.test.DataDrivenTestCases" name="testcase" time="0.069">
    <error/>
  </testcase> <!-- testcase -->
  <testcase classname="com.tibco.rest.test.DataDrivenTestCases" name="testcase" time="0.110">
    <error/>
  </testcase> <!-- testcase -->
  <testcase classname="com.tibco.rest.test.DataDrivenTestCases" name="testcase" time="0.104">
    <error/>
  </testcase> <!-- testcase -->
  <testcase classname="com.tibco.rest.test.DataDrivenTestCases" name="testcase" time="0.427">
    <error/>
  </testcase> <!-- testcase -->
  <testcase classname="com.tibco.rest.test.DataDrivenTestCases" name="testcase" time="0.212">
    <error/>
  </testcase> <!-- testcase -->
  <testcase classname="com.tibco.rest.test.DataDrivenTestCases" name="testcase" time="0.064">
    <error/>
  </testcase> <!-- testcase -->
  <testcase classname="com.tibco.rest.test.DataDrivenTestCases" name="testcase" time="0.173">
    <error/>
  </testcase> <!-- testcase -->
  <testcase classname="com.tibco.rest.test.DataDrivenTestCases" name="testcase" time="0.047">
    <error/>
  </testcase> <!-- testcase -->
  <testcase classname="com.tibco.rest.test.DataDrivenTestCases" name="testcase" time="0.109">
    <error/>
  </testcase> <!-- testcase -->
  <testcase classname="com.tibco.rest.test.DataDrivenTestCases" name="testcase" time="0.046">
    <error/>
  </testcase> <!-- testcase -->
  <testcase classname="com.tibco.rest.test.DataDrivenTestCases" name="testcase" time="0.229">
    <error/>
  </testcase> <!-- testcase -->
  <testcase classname="com.tibco.rest.test.DataDrivenTestCases" name="testcase" time="0.032">
    <error/>
  </testcase> <!-- testcase -->
  <testcase classname="com.tibco.rest.test.DataDrivenTestCases" name="testcase" time="0.046">
    <error/>
  </testcase> <!-- testcase -->
  <testcase classname="com.tibco.rest.test.DataDrivenTestCases" name="testcase" time="0.349">
    <error/>
  </testcase> <!-- testcase -->
  <testcase classname="com.tibco.rest.test.DataDrivenTestCases" name="testcase" time="0.126">
    <error/>
  </testcase> <!-- testcase -->
  <testcase classname="com.tibco.rest.test.DataDrivenTestCases" name="testcase" time="0.030">
    <error/>
  </testcase> <!-- testcase -->
  <testcase classname="com.tibco.rest.test.DataDrivenTestCases" name="testcase" time="0.064">
    <error/>
  </testcase> <!-- testcase -->
  <testcase classname="com.tibco.rest.test.DataDrivenTestCases" name="testcase" time="0.188">
    <error/>
  </testcase> <!-- testcase -->
  <testcase classname="com.tibco.rest.test.DataDrivenTestCases" name="testcase" time="0.267">
    <error/>
  </testcase> <!-- testcase -->
  <testcase classname="com.tibco.rest.test.DataDrivenTestCases" name="testcase" time="0.047">
    <error/>
  </testcase> <!-- testcase -->
  <testcase classname="com.tibco.rest.test.DataDrivenTestCases" name="testcase" time="0.032">
    <error/>
  </testcase> <!-- testcase -->
  <testcase classname="com.tibco.rest.test.DataDrivenTestCases" name="testcase" time="0.064">
    <error/>
  </testcase> <!-- testcase -->
  <testcase classname="com.tibco.rest.test.DataDrivenTestCases" name="testcase" time="0.027">
    <error/>
  </testcase> <!-- testcase -->
  <testcase classname="com.tibco.rest.test.DataDrivenTestCases" name="testcase" time="0.284">
    <error/>
  </testcase> <!-- testcase -->
  <testcase classname="com.tibco.rest.test.DataDrivenTestCases" name="testcase" time="0.079">
    <error/>
  </testcase> <!-- testcase -->
  <testcase classname="com.tibco.rest.test.DataDrivenTestCases" name="testcase" time="0.121">
    <error/>
  </testcase> <!-- testcase -->
  <testcase classname="com.tibco.rest.test.DataDrivenTestCases" name="testcase" time="0.318">
    <error/>
  </testcase> <!-- testcase -->
  <testcase classname="com.tibco.rest.test.DataDrivenTestCases" name="testcase" time="0.016">
    <error/>
  </testcase> <!-- testcase -->
  <testcase classname="com.tibco.rest.test.DataDrivenTestCases" name="testcase" time="0.136">
    <error/>
  </testcase> <!-- testcase -->
  <testcase classname="com.tibco.rest.test.DataDrivenTestCases" name="testcase" time="0.237">
    <error/>
  </testcase> <!-- testcase -->
  <testcase classname="com.tibco.rest.test.DataDrivenTestCases" name="testcase" time="0.063">
    <error/>
  </testcase> <!-- testcase -->
  <testcase classname="com.tibco.rest.test.DataDrivenTestCases" name="testcase" time="0.228">
    <error/>
  </testcase> <!-- testcase -->
  <testcase classname="com.tibco.rest.test.DataDrivenTestCases" name="testcase" time="0.031">
    <error/>
  </testcase> <!-- testcase -->
  <testcase classname="com.tibco.rest.test.DataDrivenTestCases" name="testcase" time="0.031">
    <error/>
  </testcase> <!-- testcase -->
  <testcase classname="com.tibco.rest.test.DataDrivenTestCases" name="testcase" time="0.395">
    <error/>
  </testcase> <!-- testcase -->
  <testcase classname="com.tibco.rest.test.DataDrivenTestCases" name="testcase" time="0.257">
    <error/>
  </testcase> <!-- testcase -->
  <testcase classname="com.tibco.rest.test.DataDrivenTestCases" name="testcase" time="0.055">
    <error/>
  </testcase> <!-- testcase -->
  <testcase classname="com.tibco.rest.test.DataDrivenTestCases" name="testcase" time="0.126">
    <error/>
  </testcase> <!-- testcase -->
  <testcase classname="com.tibco.rest.test.DataDrivenTestCases" name="testcase" time="0.047">
    <error/>
  </testcase> <!-- testcase -->
  <testcase classname="com.tibco.rest.test.DataDrivenTestCases" name="testcase" time="0.211">
    <error/>
  </testcase> <!-- testcase -->
  <testcase classname="com.tibco.rest.test.DataDrivenTestCases" name="testcase" time="0.042">
    <error/>
  </testcase> <!-- testcase -->
  <testcase classname="com.tibco.rest.test.DataDrivenTestCases" name="testcase" time="0.048">
    <error/>
  </testcase> <!-- testcase -->
  <testcase classname="com.tibco.rest.test.DataDrivenTestCases" name="testcase" time="0.159">
    <error/>
  </testcase> <!-- testcase -->
  <testcase classname="com.tibco.rest.test.DataDrivenTestCases" name="testcase" time="0.032">
    <error/>
  </testcase> <!-- testcase -->
  <testcase classname="com.tibco.rest.test.DataDrivenTestCases" name="testcase" time="0.190">
    <error/>
  </testcase> <!-- testcase -->
  <testcase classname="com.tibco.rest.test.DataDrivenTestCases" name="testcase" time="0.363">
    <error/>
  </testcase> <!-- testcase -->
  <testcase classname="com.tibco.rest.test.DataDrivenTestCases" name="testcase" time="0.076">
    <error/>
  </testcase> <!-- testcase -->
  <testcase classname="com.tibco.rest.test.DataDrivenTestCases" name="testcase" time="0.386">
    <error/>
  </testcase> <!-- testcase -->
  <testcase classname="com.tibco.rest.test.DataDrivenTestCases" name="testcase" time="0.062">
    <error/>
  </testcase> <!-- testcase -->
  <testcase classname="com.tibco.rest.test.DataDrivenTestCases" name="testcase" time="0.110">
    <error/>
  </testcase> <!-- testcase -->
  <testcase classname="com.tibco.rest.test.DataDrivenTestCases" name="testcase" time="0.206">
    <error/>
  </testcase> <!-- testcase -->
  <testcase classname="com.tibco.rest.test.DataDrivenTestCases" name="testcase" time="0.046">
    <error/>
  </testcase> <!-- testcase -->
  <testcase classname="com.tibco.rest.test.DataDrivenTestCases" name="testcase" time="0.031">
    <error/>
  </testcase> <!-- testcase -->
  <testcase classname="com.tibco.rest.test.DataDrivenTestCases" name="testcase" time="0.032">
    <error/>
  </testcase> <!-- testcase -->
  <testcase classname="com.tibco.rest.test.DataDrivenTestCases" name="testcase" time="0.175">
    <error/>
  </testcase> <!-- testcase -->
  <testcase classname="com.tibco.rest.test.DataDrivenTestCases" name="testcase" time="0.063">
    <error/>
  </testcase> <!-- testcase -->
  <testcase classname="com.tibco.rest.test.DataDrivenTestCases" name="testcase" time="0.079">
    <error/>
  </testcase> <!-- testcase -->
  <testcase classname="com.tibco.rest.test.DataDrivenTestCases" name="testcase" time="0.031">
    <error/>
  </testcase> <!-- testcase -->
  <testcase classname="com.tibco.rest.test.DataDrivenTestCases" name="testcase" time="0.047">
    <error/>
  </testcase> <!-- testcase -->
  <testcase classname="com.tibco.rest.test.DataDrivenTestCases" name="testcase" time="0.267">
    <error/>
  </testcase> <!-- testcase -->
  <testcase classname="com.tibco.rest.test.DataDrivenTestCases" name="testcase" time="0.347">
    <error/>
  </testcase> <!-- testcase -->
  <testcase classname="com.tibco.rest.test.DataDrivenTestCases" name="testcase" time="0.256">
    <error/>
  </testcase> <!-- testcase -->
  <testcase classname="com.tibco.rest.test.DataDrivenTestCases" name="testcase" time="0.223">
    <error/>
  </testcase> <!-- testcase -->
  <testcase classname="com.tibco.rest.test.DataDrivenTestCases" name="testcase" time="0.200">
    <error/>
  </testcase> <!-- testcase -->
  <testcase classname="com.tibco.rest.test.DataDrivenTestCases" name="testcase" time="0.252">
    <error/>
  </testcase> <!-- testcase -->
  <testcase classname="com.tibco.rest.test.DataDrivenTestCases" name="testcase" time="0.032">
    <error/>
  </testcase> <!-- testcase -->
  <testcase classname="com.tibco.rest.test.DataDrivenTestCases" name="testcase" time="0.176">
    <error/>
  </testcase> <!-- testcase -->
  <testcase classname="com.tibco.rest.test.DataDrivenTestCases" name="testcase" time="0.063">
    <error/>
  </testcase> <!-- testcase -->
  <testcase classname="com.tibco.rest.test.DataDrivenTestCases" name="testcase" time="0.160">
    <error/>
  </testcase> <!-- testcase -->
  <testcase classname="com.tibco.rest.test.DataDrivenTestCases" name="testcase" time="0.095">
    <error/>
  </testcase> <!-- testcase -->
  <testcase classname="com.tibco.rest.test.DataDrivenTestCases" name="testcase" time="0.190">
    <error/>
  </testcase> <!-- testcase -->
  <testcase classname="com.tibco.rest.test.DataDrivenTestCases" name="testcase" time="0.094">
    <error/>
  </testcase> <!-- testcase -->
  <testcase classname="com.tibco.rest.test.DataDrivenTestCases" name="testcase" time="0.142">
    <error/>
  </testcase> <!-- testcase -->
  <testcase classname="com.tibco.rest.test.DataDrivenTestCases" name="testcase" time="0.032">
    <error/>
  </testcase> <!-- testcase -->
  <testcase classname="com.tibco.rest.test.DataDrivenTestCases" name="testcase" time="0.315">
    <error/>
  </testcase> <!-- testcase -->
  <testcase classname="com.tibco.rest.test.DataDrivenTestCases" name="testcase" time="0.096">
    <error/>
  </testcase> <!-- testcase -->
  <testcase classname="com.tibco.rest.test.DataDrivenTestCases" name="testcase" time="0.047">
    <error/>
  </testcase> <!-- testcase -->
  <testcase classname="com.tibco.rest.test.DataDrivenTestCases" name="testcase" time="0.210">
    <error/>
  </testcase> <!-- testcase -->
  <testcase classname="com.tibco.rest.test.DataDrivenTestCases" name="testcase" time="0.047">
    <error/>
  </testcase> <!-- testcase -->
  <testcase classname="com.tibco.rest.test.DataDrivenTestCases" name="testcase" time="0.302">
    <error/>
  </testcase> <!-- testcase -->
  <testcase classname="com.tibco.rest.test.DataDrivenTestCases" name="testcase" time="0.064">
    <error/>
  </testcase> <!-- testcase -->
  <testcase classname="com.tibco.rest.test.DataDrivenTestCases" name="testcase" time="0.031">
    <error/>
  </testcase> <!-- testcase -->
  <testcase classname="com.tibco.rest.test.DataDrivenTestCases" name="testcase" time="0.334">
    <error/>
  </testcase> <!-- testcase -->
  <testcase classname="com.tibco.rest.test.DataDrivenTestCases" name="testcase" time="0.248">
    <error/>
  </testcase> <!-- testcase -->
  <testcase classname="com.tibco.rest.test.DataDrivenTestCases" name="testcase" time="0.031">
    <error/>
  </testcase> <!-- testcase -->
  <testcase classname="com.tibco.rest.test.DataDrivenTestCases" name="testcase" time="0.047">
    <error/>
  </testcase> <!-- testcase -->
  <testcase classname="com.tibco.rest.test.DataDrivenTestCases" name="testcase" time="0.093">
    <error/>
  </testcase> <!-- testcase -->
  <testcase classname="com.tibco.rest.test.DataDrivenTestCases" name="testcase" time="0.078">
    <error/>
  </testcase> <!-- testcase -->
  <testcase classname="com.tibco.rest.test.DataDrivenTestCases" name="testcase" time="0.238">
    <error/>
  </testcase> <!-- testcase -->
  <testcase classname="com.tibco.rest.test.DataDrivenTestCases" name="testcase" time="0.252">
    <error/>
  </testcase> <!-- testcase -->
  <testcase classname="com.tibco.rest.test.DataDrivenTestCases" name="testcase" time="0.140">
    <error/>
  </testcase> <!-- testcase -->
  <testcase classname="com.tibco.rest.test.DataDrivenTestCases" name="testcase" time="0.110">
    <error/>
  </testcase> <!-- testcase -->
  <testcase classname="com.tibco.rest.test.DataDrivenTestCases" name="testcase" time="0.303">
    <error/>
  </testcase> <!-- testcase -->
  <testcase classname="com.tibco.rest.test.DataDrivenTestCases" name="testcase" time="0.032">
    <error/>
  </testcase> <!-- testcase -->
  <testcase classname="com.tibco.rest.test.DataDrivenTestCases" name="testcase" time="0.131">
    <error/>
  </testcase> <!-- testcase -->
  <testcase classname="com.tibco.rest.test.DataDrivenTestCases" name="testcase" time="0.038">
    <error/>
  </testcase> <!-- testcase -->
  <testcase classname="com.tibco.rest.test.DataDrivenTestCases" name="testcase" time="0.428">
    <error/>
  </testcase> <!-- testcase -->
  <testcase classname="com.tibco.rest.test.DataDrivenTestCases" name="testcase" time="0.023">
    <error/>
  </testcase> <!-- testcase -->
  <testcase classname="com.tibco.rest.test.DataDrivenTestCases" name="testcase" time="0.032">
    <error/>
  </testcase> <!-- testcase -->
  <testcase classname="com.tibco.rest.test.DataDrivenTestCases" name="testcase" time="0.126">
    <error/>
  </testcase> <!-- testcase -->
  <testcase classname="com.tibco.rest.test.DataDrivenTestCases" name="testcase" time="0.126">
    <error/>
  </testcase> <!-- testcase -->
  <testcase classname="com.tibco.rest.test.DataDrivenTestCases" name="testcase" time="0.031">
    <error/>
  </testcase> <!-- testcase -->
  <testcase classname="com.tibco.rest.test.DataDrivenTestCases" name="testcase" time="0.032">
    <error/>
  </testcase> <!-- testcase -->
  <testcase classname="com.tibco.rest.test.DataDrivenTestCases" name="testcase" time="0.160">
    <error/>
  </testcase> <!-- testcase -->
  <testcase classname="com.tibco.rest.test.DataDrivenTestCases" name="testcase" time="0.176">
    <error/>
  </testcase> <!-- testcase -->
  <testcase classname="com.tibco.rest.test.DataDrivenTestCases" name="testcase" time="0.372">
    <error/>
  </testcase> <!-- testcase -->
  <testcase classname="com.tibco.rest.test.DataDrivenTestCases" name="testcase" time="0.032">
    <error/>
  </testcase> <!-- testcase -->
  <testcase classname="com.tibco.rest.test.DataDrivenTestCases" name="testcase" time="0.031">
    <error/>
  </testcase> <!-- testcase -->
  <testcase classname="com.tibco.rest.test.DataDrivenTestCases" name="testcase" time="0.250">
    <error/>
  </testcase> <!-- testcase -->
  <testcase classname="com.tibco.rest.test.DataDrivenTestCases" name="testcase" time="0.063">
    <error/>
  </testcase> <!-- testcase -->
  <testcase classname="com.tibco.rest.test.DataDrivenTestCases" name="testcase" time="0.043">
    <error/>
  </testcase> <!-- testcase -->
  <testcase classname="com.tibco.rest.test.DataDrivenTestCases" name="testcase" time="0.374">
    <error/>
  </testcase> <!-- testcase -->
  <testcase classname="com.tibco.rest.test.DataDrivenTestCases" name="testcase" time="0.055">
    <error/>
  </testcase> <!-- testcase -->
  <testcase classname="com.tibco.rest.test.DataDrivenTestCases" name="testcase" time="0.016">
    <error/>
  </testcase> <!-- testcase -->
  <testcase classname="com.tibco.rest.test.DataDrivenTestCases" name="testcase" time="0.203">
    <error/>
  </testcase> <!-- testcase -->
  <testcase classname="com.tibco.rest.test.DataDrivenTestCases" name="testcase" time="0.318">
    <error/>
  </testcase> <!-- testcase -->
  <testcase classname="com.tibco.rest.test.DataDrivenTestCases" name="testcase" time="0.110">
    <error/>
  </testcase> <!-- testcase -->
  <testcase classname="com.tibco.rest.test.DataDrivenTestCases" name="testcase" time="0.032">
    <error/>
  </testcase> <!-- testcase -->
  <testcase classname="com.tibco.rest.test.DataDrivenTestCases" name="testcase" time="0.048">
    <error/>
  </testcase> <!-- testcase -->
  <testcase classname="com.tibco.rest.test.DataDrivenTestCases" name="testcase" time="0.050">
    <error/>
  </testcase> <!-- testcase -->
  <testcase classname="com.tibco.rest.test.DataDrivenTestCases" name="testcase" time="0.034">
    <error/>
  </testcase> <!-- testcase -->
  <testcase classname="com.tibco.rest.test.DataDrivenTestCases" name="testcase" time="0.316">
    <error/>
  </testcase> <!-- testcase -->
  <testcase classname="com.tibco.rest.test.DataDrivenTestCases" name="testcase" time="0.301">
    <error/>
  </testcase> <!-- testcase -->
  <testcase classname="com.tibco.rest.test.DataDrivenTestCases" name="testcase" time="0.032">
    <error/>
  </testcase> <!-- testcase -->
  <testcase classname="com.tibco.rest.test.DataDrivenTestCases" name="testcase" time="0.126">
    <error/>
  </testcase> <!-- testcase -->
  <testcase classname="com.tibco.rest.test.DataDrivenTestCases" name="testcase" time="0.206">
    <error/>
  </testcase> <!-- testcase -->
  <testcase classname="com.tibco.rest.test.DataDrivenTestCases" name="testcase" time="0.052">
    <error/>
  </testcase> <!-- testcase -->
  <testcase classname="com.tibco.rest.test.DataDrivenTestCases" name="testcase" time="0.650">
    <error/>
  </testcase> <!-- testcase -->
  <testcase classname="com.tibco.rest.test.DataDrivenTestCases" name="testcase" time="0.252">
    <error/>
  </testcase> <!-- testcase -->
  <testcase classname="com.tibco.rest.test.DataDrivenTestCases" name="testcase" time="0.537">
    <error/>
  </testcase> <!-- testcase -->
  <testcase classname="com.tibco.rest.test.DataDrivenTestCases" name="testcase" time="0.521">
    <error/>
  </testcase> <!-- testcase -->
  <testcase classname="com.tibco.rest.test.DataDrivenTestCases" name="testcase" time="0.169">
    <error/>
  </testcase> <!-- testcase -->
  <testcase classname="com.tibco.rest.test.DataDrivenTestCases" name="testcase" time="0.286">
    <error/>
  </testcase> <!-- testcase -->
  <testcase classname="com.tibco.rest.test.DataDrivenTestCases" name="testcase" time="0.145">
    <error/>
  </testcase> <!-- testcase -->
  <testcase classname="com.tibco.rest.test.DataDrivenTestCases" name="testcase" time="0.111">
    <error/>
  </testcase> <!-- testcase -->
  <testcase classname="com.tibco.rest.test.DataDrivenTestCases" name="testcase" time="0.300">
    <error/>
  </testcase> <!-- testcase -->
  <testcase classname="com.tibco.rest.test.DataDrivenTestCases" name="testcase" time="0.267">
    <error/>
  </testcase> <!-- testcase -->
  <testcase classname="com.tibco.rest.test.DataDrivenTestCases" name="testcase" time="0.146">
    <error/>
  </testcase> <!-- testcase -->
  <testcase classname="com.tibco.rest.test.DataDrivenTestCases" name="testcase" time="0.094">
    <error/>
  </testcase> <!-- testcase -->
  <testcase classname="com.tibco.rest.test.DataDrivenTestCases" name="testcase" time="0.032">
    <error/>
  </testcase> <!-- testcase -->
  <testcase classname="com.tibco.rest.test.DataDrivenTestCases" name="testcase" time="0.639">
    <error/>
  </testcase> <!-- testcase -->
  <testcase classname="com.tibco.rest.test.DataDrivenTestCases" name="testcase" time="0.409">
    <error/>
  </testcase> <!-- testcase -->
  <testcase classname="com.tibco.rest.test.DataDrivenTestCases" name="testcase" time="0.250">
    <error/>
  </testcase> <!-- testcase -->
  <testcase classname="com.tibco.rest.test.DataDrivenTestCases" name="testcase" time="0.109">
    <error/>
  </testcase> <!-- testcase -->
  <testcase classname="com.tibco.rest.test.DataDrivenTestCases" name="testcase" time="0.443">
    <error/>
  </testcase> <!-- testcase -->
  <testcase classname="com.tibco.rest.test.DataDrivenTestCases" name="testcase" time="0.047">
    <error/>
  </testcase> <!-- testcase -->
  <testcase classname="com.tibco.rest.test.DataDrivenTestCases" name="testcase" time="0.047">
    <error/>
  </testcase> <!-- testcase -->
  <testcase classname="com.tibco.rest.test.DataDrivenTestCases" name="testcase" time="0.329">
    <error/>
  </testcase> <!-- testcase -->
  <testcase classname="com.tibco.rest.test.DataDrivenTestCases" name="testcase" time="0.706">
    <error/>
  </testcase> <!-- testcase -->
  <testcase classname="com.tibco.rest.test.DataDrivenTestCases" name="testcase" time="0.464">
    <error/>
  </testcase> <!-- testcase -->
  <testcase classname="com.tibco.rest.test.DataDrivenTestCases" name="testcase" time="0.079">
    <error/>
  </testcase> <!-- testcase -->
  <testcase classname="com.tibco.rest.test.DataDrivenTestCases" name="testcase" time="0.350">
    <error/>
  </testcase> <!-- testcase -->
  <testcase classname="com.tibco.rest.test.DataDrivenTestCases" name="testcase" time="0.045">
    <error/>
  </testcase> <!-- testcase -->
  <testcase classname="com.tibco.rest.test.DataDrivenTestCases" name="testcase" time="0.333">
    <error/>
  </testcase> <!-- testcase -->
  <testcase classname="com.tibco.rest.test.DataDrivenTestCases" name="testcase" time="0.031">
    <error/>
  </testcase> <!-- testcase -->
  <testcase classname="com.tibco.rest.test.DataDrivenTestCases" name="testcase" time="0.229">
    <error/>
  </testcase> <!-- testcase -->
  <testcase classname="com.tibco.rest.test.DataDrivenTestCases" name="testcase" time="0.139">
    <error/>
  </testcase> <!-- testcase -->
  <testcase classname="com.tibco.rest.test.DataDrivenTestCases" name="testcase" time="0.057">
    <error/>
  </testcase> <!-- testcase -->
  <testcase classname="com.tibco.rest.test.DataDrivenTestCases" name="testcase" time="0.095">
    <error/>
  </testcase> <!-- testcase -->
  <testcase classname="com.tibco.rest.test.DataDrivenTestCases" name="testcase" time="0.287">
    <error/>
  </testcase> <!-- testcase -->
  <testcase classname="com.tibco.rest.test.DataDrivenTestCases" name="testcase" time="0.079">
    <error/>
  </testcase> <!-- testcase -->
  <testcase classname="com.tibco.rest.test.DataDrivenTestCases" name="testcase" time="0.318">
    <error/>
  </testcase> <!-- testcase -->
  <testcase classname="com.tibco.rest.test.DataDrivenTestCases" name="testcase" time="0.048">
    <error/>
  </testcase> <!-- testcase -->
  <testcase classname="com.tibco.rest.test.DataDrivenTestCases" name="testcase" time="0.032">
    <error/>
  </testcase> <!-- testcase -->
  <testcase classname="com.tibco.rest.test.DataDrivenTestCases" name="testcase" time="0.017">
    <error/>
  </testcase> <!-- testcase -->
  <testcase classname="com.tibco.rest.test.DataDrivenTestCases" name="testcase" time="0.234">
    <error/>
  </testcase> <!-- testcase -->
  <testcase classname="com.tibco.rest.test.DataDrivenTestCases" name="testcase" time="0.096">
    <error/>
  </testcase> <!-- testcase -->
  <testcase classname="com.tibco.rest.test.DataDrivenTestCases" name="testcase" time="0.205">
    <error/>
  </testcase> <!-- testcase -->
  <testcase classname="com.tibco.rest.test.DataDrivenTestCases" name="testcase" time="0.079">
    <error/>
  </testcase> <!-- testcase -->
  <testcase classname="com.tibco.rest.test.DataDrivenTestCases" name="testcase" time="0.204">
    <error/>
  </testcase> <!-- testcase -->
  <testcase classname="com.tibco.rest.test.DataDrivenTestCases" name="testcase" time="0.032">
    <error/>
  </testcase> <!-- testcase -->
  <testcase classname="com.tibco.rest.test.DataDrivenTestCases" name="testcase" time="0.363">
    <error/>
  </testcase> <!-- testcase -->
  <testcase classname="com.tibco.rest.test.DataDrivenTestCases" name="testcase" time="0.047">
    <error/>
  </testcase> <!-- testcase -->
  <testcase classname="com.tibco.rest.test.DataDrivenTestCases" name="testcase" time="0.031">
    <error/>
  </testcase> <!-- testcase -->
  <testcase classname="com.tibco.rest.test.DataDrivenTestCases" name="testcase" time="0.126">
    <error/>
  </testcase> <!-- testcase -->
  <testcase classname="com.tibco.rest.test.DataDrivenTestCases" name="testcase" time="0.303">
    <error/>
  </testcase> <!-- testcase -->
  <testcase classname="com.tibco.rest.test.DataDrivenTestCases" name="testcase" time="0.031">
    <error/>
  </testcase> <!-- testcase -->
  <testcase classname="com.tibco.rest.test.DataDrivenTestCases" name="testcase" time="0.040">
    <error/>
  </testcase> <!-- testcase -->
  <testcase classname="com.tibco.rest.test.DataDrivenTestCases" name="testcase" time="0.047">
    <error/>
  </testcase> <!-- testcase -->
  <testcase classname="com.tibco.rest.test.DataDrivenTestCases" name="testcase" time="0.062">
    <error/>
  </testcase> <!-- testcase -->
  <testcase classname="com.tibco.rest.test.DataDrivenTestCases" name="testcase" time="0.350">
    <error/>
  </testcase> <!-- testcase -->
  <testcase classname="com.tibco.rest.test.DataDrivenTestCases" name="testcase" time="0.221">
    <error/>
  </testcase> <!-- testcase -->
  <testcase classname="com.tibco.rest.test.DataDrivenTestCases" name="testcase" time="0.032">
    <error/>
  </testcase> <!-- testcase -->
  <testcase classname="com.tibco.rest.test.DataDrivenTestCases" name="testcase" time="0.016">
    <error/>
  </testcase> <!-- testcase -->
  <testcase classname="com.tibco.rest.test.DataDrivenTestCases" name="testcase" time="0.032">
    <error/>
  </testcase> <!-- testcase -->
  <testcase classname="com.tibco.rest.test.DataDrivenTestCases" name="testcase" time="0.049">
    <error/>
  </testcase> <!-- testcase -->
  <testcase classname="com.tibco.rest.test.DataDrivenTestCases" name="testcase" time="0.043">
    <error/>
  </testcase> <!-- testcase -->
  <testcase classname="com.tibco.rest.test.DataDrivenTestCases" name="testcase" time="0.032">
    <error/>
  </testcase> <!-- testcase -->
  <testcase classname="com.tibco.rest.test.DataDrivenTestCases" name="testcase" time="0.067">
    <error/>
  </testcase> <!-- testcase -->
  <testcase classname="com.tibco.rest.test.DataDrivenTestCases" name="testcase" time="0.065">
    <error/>
  </testcase> <!-- testcase -->
  <testcase classname="com.tibco.rest.test.DataDrivenTestCases" name="testcase" time="0.016">
    <error/>
  </testcase> <!-- testcase -->
  <testcase classname="com.tibco.rest.test.DataDrivenTestCases" name="testcase" time="0.047">
    <error/>
  </testcase> <!-- testcase -->
  <testcase classname="com.tibco.rest.test.DataDrivenTestCases" name="testcase" time="0.520">
    <error/>
  </testcase> <!-- testcase -->
  <testcase classname="com.tibco.rest.test.DataDrivenTestCases" name="testcase" time="0.032">
    <error/>
  </testcase> <!-- testcase -->
  <testcase classname="com.tibco.rest.test.DataDrivenTestCases" name="testcase" time="0.032">
    <error/>
  </testcase> <!-- testcase -->
  <testcase classname="com.tibco.rest.test.DataDrivenTestCases" name="testcase" time="0.047">
    <error/>
  </testcase> <!-- testcase -->
  <testcase classname="com.tibco.rest.test.DataDrivenTestCases" name="testcase" time="0.031">
    <error/>
  </testcase> <!-- testcase -->
  <testcase classname="com.tibco.rest.test.DataDrivenTestCases" name="testcase" time="0.048">
    <error/>
  </testcase> <!-- testcase -->
  <testcase classname="com.tibco.rest.test.DataDrivenTestCases" name="testcase" time="0.231">
    <error/>
  </testcase> <!-- testcase -->
  <testcase classname="com.tibco.rest.test.DataDrivenTestCases" name="testcase" time="0.048">
    <error/>
  </testcase> <!-- testcase -->
  <testcase classname="com.tibco.rest.test.DataDrivenTestCases" name="testcase" time="0.031">
    <error/>
  </testcase> <!-- testcase -->
  <testcase classname="com.tibco.rest.test.DataDrivenTestCases" name="testcase" time="0.102">
    <error/>
  </testcase> <!-- testcase -->
  <testcase classname="com.tibco.rest.test.DataDrivenTestCases" name="testcase" time="0.016">
    <error/>
  </testcase> <!-- testcase -->
  <testcase classname="com.tibco.rest.test.DataDrivenTestCases" name="testcase" time="0.142">
    <error/>
  </testcase> <!-- testcase -->
  <testcase classname="com.tibco.rest.test.DataDrivenTestCases" name="testcase" time="0.048">
    <error/>
  </testcase> <!-- testcase -->
  <testcase classname="com.tibco.rest.test.DataDrivenTestCases" name="testcase" time="0.095">
    <error/>
  </testcase> <!-- testcase -->
  <testcase classname="com.tibco.rest.test.DataDrivenTestCases" name="testcase" time="0.046">
    <error/>
  </testcase> <!-- testcase -->
  <testcase classname="com.tibco.rest.test.DataDrivenTestCases" name="testcase" time="0.284">
    <error/>
  </testcase> <!-- testcase -->
  <testcase classname="com.tibco.rest.test.DataDrivenTestCases" name="testcase" time="0.031">
    <error/>
  </testcase> <!-- testcase -->
  <testcase classname="com.tibco.rest.test.DataDrivenTestCases" name="testcase" time="0.016">
    <error/>
  </testcase> <!-- testcase -->
  <testcase classname="com.tibco.rest.test.DataDrivenTestCases" name="testcase" time="0.095">
    <error/>
  </testcase> <!-- testcase -->
  <testcase classname="com.tibco.rest.test.DataDrivenTestCases" name="testcase" time="0.504">
    <error/>
  </testcase> <!-- testcase -->
  <testcase classname="com.tibco.rest.test.DataDrivenTestCases" name="testcase" time="0.020">
    <error/>
  </testcase> <!-- testcase -->
  <testcase classname="com.tibco.rest.test.DataDrivenTestCases" name="testcase" time="0.064">
    <error/>
  </testcase> <!-- testcase -->
  <testcase classname="com.tibco.rest.test.DataDrivenTestCases" name="testcase" time="0.126">
    <error/>
  </testcase> <!-- testcase -->
  <testcase classname="com.tibco.rest.test.DataDrivenTestCases" name="testcase" time="0.045">
    <error/>
  </testcase> <!-- testcase -->
  <testcase classname="com.tibco.rest.test.DataDrivenTestCases" name="testcase" time="0.143">
    <error/>
  </testcase> <!-- testcase -->
  <testcase classname="com.tibco.rest.test.DataDrivenTestCases" name="testcase" time="0.237">
    <error/>
  </testcase> <!-- testcase -->
  <testcase classname="com.tibco.rest.test.DataDrivenTestCases" name="testcase" time="0.142">
    <error/>
  </testcase> <!-- testcase -->
  <testcase classname="com.tibco.rest.test.DataDrivenTestCases" name="testcase" time="0.032">
    <error/>
  </testcase> <!-- testcase -->
  <testcase classname="com.tibco.rest.test.DataDrivenTestCases" name="testcase" time="0.426">
    <error/>
  </testcase> <!-- testcase -->
  <testcase classname="com.tibco.rest.test.DataDrivenTestCases" name="testcase" time="0.015">
    <error/>
  </testcase> <!-- testcase -->
  <testcase classname="com.tibco.rest.test.DataDrivenTestCases" name="testcase" time="0.299">
    <error/>
  </testcase> <!-- testcase -->
  <testcase classname="com.tibco.rest.test.DataDrivenTestCases" name="testcase" time="0.331">
    <error/>
  </testcase> <!-- testcase -->
  <testcase classname="com.tibco.rest.test.DataDrivenTestCases" name="testcase" time="0.207">
    <error/>
  </testcase> <!-- testcase -->
  <testcase classname="com.tibco.rest.test.DataDrivenTestCases" name="testcase" time="0.047">
    <error/>
  </testcase> <!-- testcase -->
  <testcase classname="com.tibco.rest.test.DataDrivenTestCases" name="testcase" time="0.078">
    <error/>
  </testcase> <!-- testcase -->
  <testcase classname="com.tibco.rest.test.DataDrivenTestCases" name="testcase" time="0.079">
    <error/>
  </testcase> <!-- testcase -->
  <testcase classname="com.tibco.rest.test.DataDrivenTestCases" name="testcase" time="0.079">
    <error/>
  </testcase> <!-- testcase -->
  <testcase classname="com.tibco.rest.test.DataDrivenTestCases" name="testcase" time="0.379">
    <error/>
  </testcase> <!-- testcase -->
  <testcase classname="com.tibco.rest.test.DataDrivenTestCases" name="testcase" time="0.253">
    <error/>
  </testcase> <!-- testcase -->
  <testcase classname="com.tibco.rest.test.DataDrivenTestCases" name="testcase" time="0.047">
    <error/>
  </testcase> <!-- testcase -->
  <testcase classname="com.tibco.rest.test.DataDrivenTestCases" name="testcase" time="0.032">
    <error/>
  </testcase> <!-- testcase -->
  <testcase classname="com.tibco.rest.test.DataDrivenTestCases" name="testcase" time="0.079">
    <error/>
  </testcase> <!-- testcase -->
  <testcase classname="com.tibco.rest.test.DataDrivenTestCases" name="testcase" time="0.110">
    <error/>
  </testcase> <!-- testcase -->
  <testcase classname="com.tibco.rest.test.DataDrivenTestCases" name="testcase" time="0.316">
    <error/>
  </testcase> <!-- testcase -->
  <testcase classname="com.tibco.rest.test.DataDrivenTestCases" name="testcase" time="0.187">
    <error/>
  </testcase> <!-- testcase -->
  <testcase classname="com.tibco.rest.test.DataDrivenTestCases" name="testcase" time="0.031">
    <error/>
  </testcase> <!-- testcase -->
  <testcase classname="com.tibco.rest.test.DataDrivenTestCases" name="testcase" time="0.064">
    <error/>
  </testcase> <!-- testcase -->
  <testcase classname="com.tibco.rest.test.DataDrivenTestCases" name="testcase" time="0.271">
    <error/>
  </testcase> <!-- testcase -->
  <testcase classname="com.tibco.rest.test.DataDrivenTestCases" name="testcase" time="0.221">
    <error/>
  </testcase> <!-- testcase -->
  <testcase classname="com.tibco.rest.test.DataDrivenTestCases" name="testcase" time="0.016">
    <error/>
  </testcase> <!-- testcase -->
  <testcase classname="com.tibco.rest.test.DataDrivenTestCases" name="testcase" time="0.127">
    <error/>
  </testcase> <!-- testcase -->
  <testcase classname="com.tibco.rest.test.DataDrivenTestCases" name="testcase" time="0.081">
    <error/>
  </testcase> <!-- testcase -->
  <testcase classname="com.tibco.rest.test.DataDrivenTestCases" name="testcase" time="0.348">
    <error/>
  </testcase> <!-- testcase -->
  <testcase classname="com.tibco.rest.test.DataDrivenTestCases" name="testcase" time="0.042">
    <error/>
  </testcase> <!-- testcase -->
  <testcase classname="com.tibco.rest.test.DataDrivenTestCases" name="testcase" time="0.047">
    <error/>
  </testcase> <!-- testcase -->
  <testcase classname="com.tibco.rest.test.DataDrivenTestCases" name="testcase" time="0.031">
    <error/>
  </testcase> <!-- testcase -->
  <testcase classname="com.tibco.rest.test.DataDrivenTestCases" name="testcase" time="0.316">
    <error/>
  </testcase> <!-- testcase -->
  <testcase classname="com.tibco.rest.test.DataDrivenTestCases" name="testcase" time="0.048">
    <error/>
  </testcase> <!-- testcase -->
  <testcase classname="com.tibco.rest.test.DataDrivenTestCases" name="testcase" time="0.285">
    <error/>
  </testcase> <!-- testcase -->
  <testcase classname="com.tibco.rest.test.DataDrivenTestCases" name="testcase" time="0.042">
    <error/>
  </testcase> <!-- testcase -->
  <testcase classname="com.tibco.rest.test.DataDrivenTestCases" name="testcase" time="0.126">
    <error/>
  </testcase> <!-- testcase -->
  <testcase classname="com.tibco.rest.test.DataDrivenTestCases" name="testcase" time="0.631">
    <error/>
  </testcase> <!-- testcase -->
  <testcase classname="com.tibco.rest.test.DataDrivenTestCases" name="testcase" time="0.031">
    <error/>
  </testcase> <!-- testcase -->
  <testcase classname="com.tibco.rest.test.DataDrivenTestCases" name="testcase" time="0.079">
    <error/>
  </testcase> <!-- testcase -->
  <testcase classname="com.tibco.rest.test.DataDrivenTestCases" name="testcase" time="0.367">
    <error/>
  </testcase> <!-- testcase -->
  <testcase classname="com.tibco.rest.test.DataDrivenTestCases" name="testcase" time="0.063">
    <error/>
  </testcase> <!-- testcase -->
  <testcase classname="com.tibco.rest.test.DataDrivenTestCases" name="testcase" time="0.032">
    <error/>
  </testcase> <!-- testcase -->
  <testcase classname="com.tibco.rest.test.DataDrivenTestCases" name="testcase" time="0.039">
    <error/>
  </testcase> <!-- testcase -->
  <testcase classname="com.tibco.rest.test.DataDrivenTestCases" name="testcase" time="0.142">
    <error/>
  </testcase> <!-- testcase -->
  <testcase classname="com.tibco.rest.test.DataDrivenTestCases" name="testcase" time="0.345">
    <error/>
  </testcase> <!-- testcase -->
  <testcase classname="com.tibco.rest.test.DataDrivenTestCases" name="testcase" time="0.030">
    <error/>
  </testcase> <!-- testcase -->
  <testcase classname="com.tibco.rest.test.DataDrivenTestCases" name="testcase" time="0.065">
    <error/>
  </testcase> <!-- testcase -->
  <testcase classname="com.tibco.rest.test.DataDrivenTestCases" name="testcase" time="0.203">
    <error/>
  </testcase> <!-- testcase -->
  <testcase classname="com.tibco.rest.test.DataDrivenTestCases" name="testcase" time="0.155">
    <error/>
  </testcase> <!-- testcase -->
  <testcase classname="com.tibco.rest.test.DataDrivenTestCases" name="testcase" time="0.047">
    <error/>
  </testcase> <!-- testcase -->
</testsuite> <!-- com.tibco.rest.test.DataDrivenTestCases -->
