<?xml version="1.0" encoding="UTF-8"?>
<!-- Generated by org.testng.reporters.JUnitReportReporter -->
<testsuite skipped="0" hostname="kereddy-t460" name="com.tibco.rest.test.DataDrivenTestCases" tests="507" failures="9" timestamp="18 Jan 2022 12:10:13 GMT" time="225.228" errors="498">
  <testcase name="testcase" time="0.112" classname="com.tibco.rest.test.DataDrivenTestCases">
    <error/>
  </testcase> <!-- testcase -->
  <testcase name="testcase" time="0.130" classname="com.tibco.rest.test.DataDrivenTestCases">
    <error/>
  </testcase> <!-- testcase -->
  <testcase name="testcase" time="0.933" classname="com.tibco.rest.test.DataDrivenTestCases">
    <error/>
  </testcase> <!-- testcase -->
  <testcase name="testcase" time="0.111" classname="com.tibco.rest.test.DataDrivenTestCases">
    <error/>
  </testcase> <!-- testcase -->
  <testcase name="testcase" time="0.086" classname="com.tibco.rest.test.DataDrivenTestCases">
    <error/>
  </testcase> <!-- testcase -->
  <testcase name="testcase" time="0.103" classname="com.tibco.rest.test.DataDrivenTestCases">
    <error/>
  </testcase> <!-- testcase -->
  <testcase name="testcase" time="0.080" classname="com.tibco.rest.test.DataDrivenTestCases">
    <error/>
  </testcase> <!-- testcase -->
  <testcase name="testcase" time="0.532" classname="com.tibco.rest.test.DataDrivenTestCases">
    <error/>
  </testcase> <!-- testcase -->
  <testcase name="testcase" time="0.066" classname="com.tibco.rest.test.DataDrivenTestCases">
    <error/>
  </testcase> <!-- testcase -->
  <testcase name="testcase" time="0.290" classname="com.tibco.rest.test.DataDrivenTestCases">
    <error/>
  </testcase> <!-- testcase -->
  <testcase name="testcase" time="0.098" classname="com.tibco.rest.test.DataDrivenTestCases">
    <error/>
  </testcase> <!-- testcase -->
  <testcase name="testcase" time="0.356" classname="com.tibco.rest.test.DataDrivenTestCases">
    <error/>
  </testcase> <!-- testcase -->
  <testcase name="testcase" time="0.073" classname="com.tibco.rest.test.DataDrivenTestCases">
    <error/>
  </testcase> <!-- testcase -->
  <testcase name="testcase" time="0.620" classname="com.tibco.rest.test.DataDrivenTestCases">
    <failure type="java.lang.AssertionError" message="Expected value should be &quot;EDIFACT&quot; : Actual value is &quot;EZComm&quot;">
      <![CDATA[java.lang.AssertionError: Expected value should be "EDIFACT" : Actual value is "EZComm"
	at com.tibco.rest.restAssured.Assertions.assertTrue(Assertions.java:166)
	at com.tibco.rest.restAssured.Assertions.assertEquals(Assertions.java:183)
	at com.tibco.rest.test.DataDrivenTestCases.verifyResponse(DataDrivenTestCases.java:508)
	at com.tibco.rest.test.DataDrivenTestCases.testcase(DataDrivenTestCases.java:352)
	at sun.reflect.GeneratedMethodAccessor63.invoke(Unknown Source)
	at sun.reflect.DelegatingMethodAccessorImpl.invoke(Unknown Source)
	at java.lang.reflect.Method.invoke(Unknown Source)
	at org.testng.internal.MethodInvocationHelper.invokeMethod(MethodInvocationHelper.java:108)
	at org.testng.internal.Invoker.invokeMethod(Invoker.java:661)
	at org.testng.internal.Invoker.invokeTestMethod(Invoker.java:869)
	at org.testng.internal.Invoker.invokeTestMethods(Invoker.java:1193)
	at org.testng.internal.TestMethodWorker.invokeTestMethods(TestMethodWorker.java:126)
	at org.testng.internal.TestMethodWorker.run(TestMethodWorker.java:109)
	at org.testng.TestRunner.privateRun(TestRunner.java:744)
	at org.testng.TestRunner.run(TestRunner.java:602)
	at org.testng.SuiteRunner.runTest(SuiteRunner.java:380)
	at org.testng.SuiteRunner.runSequentially(SuiteRunner.java:375)
	at org.testng.SuiteRunner.privateRun(SuiteRunner.java:340)
	at org.testng.SuiteRunner.run(SuiteRunner.java:289)
	at org.testng.SuiteRunnerWorker.runSuite(SuiteRunnerWorker.java:52)
	at org.testng.SuiteRunnerWorker.run(SuiteRunnerWorker.java:86)
	at org.testng.TestNG.runSuitesSequentially(TestNG.java:1301)
	at org.testng.TestNG.runSuitesLocally(TestNG.java:1226)
	at org.testng.TestNG.runSuites(TestNG.java:1144)
	at org.testng.TestNG.run(TestNG.java:1115)
	at org.testng.TestNG.privateMain(TestNG.java:1442)
	at org.testng.TestNG.main(TestNG.java:1411)
]]>
    </failure>
  </testcase> <!-- testcase -->
  <testcase name="testcase" time="0.165" classname="com.tibco.rest.test.DataDrivenTestCases">
    <error/>
  </testcase> <!-- testcase -->
  <testcase name="testcase" time="0.143" classname="com.tibco.rest.test.DataDrivenTestCases">
    <error/>
  </testcase> <!-- testcase -->
  <testcase name="testcase" time="0.126" classname="com.tibco.rest.test.DataDrivenTestCases">
    <error/>
  </testcase> <!-- testcase -->
  <testcase name="testcase" time="0.875" classname="com.tibco.rest.test.DataDrivenTestCases">
    <error/>
  </testcase> <!-- testcase -->
  <testcase name="testcase" time="0.096" classname="com.tibco.rest.test.DataDrivenTestCases">
    <error/>
  </testcase> <!-- testcase -->
  <testcase name="testcase" time="0.077" classname="com.tibco.rest.test.DataDrivenTestCases">
    <error/>
  </testcase> <!-- testcase -->
  <testcase name="testcase" time="0.057" classname="com.tibco.rest.test.DataDrivenTestCases">
    <error/>
  </testcase> <!-- testcase -->
  <testcase name="testcase" time="0.076" classname="com.tibco.rest.test.DataDrivenTestCases">
    <error/>
  </testcase> <!-- testcase -->
  <testcase name="testcase" time="0.063" classname="com.tibco.rest.test.DataDrivenTestCases">
    <error/>
  </testcase> <!-- testcase -->
  <testcase name="testcase" time="0.444" classname="com.tibco.rest.test.DataDrivenTestCases">
    <error/>
  </testcase> <!-- testcase -->
  <testcase name="testcase" time="24.747" classname="com.tibco.rest.test.DataDrivenTestCases">
    <error/>
  </testcase> <!-- testcase -->
  <testcase name="testcase" time="0.378" classname="com.tibco.rest.test.DataDrivenTestCases">
    <error/>
  </testcase> <!-- testcase -->
  <testcase name="testcase" time="0.573" classname="com.tibco.rest.test.DataDrivenTestCases">
    <error/>
  </testcase> <!-- testcase -->
  <testcase name="testcase" time="0.047" classname="com.tibco.rest.test.DataDrivenTestCases">
    <error/>
  </testcase> <!-- testcase -->
  <testcase name="testcase" time="0.056" classname="com.tibco.rest.test.DataDrivenTestCases">
    <error/>
  </testcase> <!-- testcase -->
  <testcase name="testcase" time="0.367" classname="com.tibco.rest.test.DataDrivenTestCases">
    <error/>
  </testcase> <!-- testcase -->
  <testcase name="testcase" time="0.044" classname="com.tibco.rest.test.DataDrivenTestCases">
    <error/>
  </testcase> <!-- testcase -->
  <testcase name="testcase" time="0.182" classname="com.tibco.rest.test.DataDrivenTestCases">
    <error/>
  </testcase> <!-- testcase -->
  <testcase name="testcase" time="0.091" classname="com.tibco.rest.test.DataDrivenTestCases">
    <error/>
  </testcase> <!-- testcase -->
  <testcase name="testcase" time="0.090" classname="com.tibco.rest.test.DataDrivenTestCases">
    <error/>
  </testcase> <!-- testcase -->
  <testcase name="testcase" time="0.062" classname="com.tibco.rest.test.DataDrivenTestCases">
    <error/>
  </testcase> <!-- testcase -->
  <testcase name="testcase" time="0.435" classname="com.tibco.rest.test.DataDrivenTestCases">
    <error/>
  </testcase> <!-- testcase -->
  <testcase name="testcase" time="0.673" classname="com.tibco.rest.test.DataDrivenTestCases">
    <error/>
  </testcase> <!-- testcase -->
  <testcase name="testcase" time="0.677" classname="com.tibco.rest.test.DataDrivenTestCases">
    <error/>
  </testcase> <!-- testcase -->
  <testcase name="testcase" time="0.184" classname="com.tibco.rest.test.DataDrivenTestCases">
    <error/>
  </testcase> <!-- testcase -->
  <testcase name="testcase" time="0.084" classname="com.tibco.rest.test.DataDrivenTestCases">
    <error/>
  </testcase> <!-- testcase -->
  <testcase name="testcase" time="0.082" classname="com.tibco.rest.test.DataDrivenTestCases">
    <error/>
  </testcase> <!-- testcase -->
  <testcase name="testcase" time="0.736" classname="com.tibco.rest.test.DataDrivenTestCases">
    <error/>
  </testcase> <!-- testcase -->
  <testcase name="testcase" time="0.522" classname="com.tibco.rest.test.DataDrivenTestCases">
    <error/>
  </testcase> <!-- testcase -->
  <testcase name="testcase" time="0.605" classname="com.tibco.rest.test.DataDrivenTestCases">
    <error/>
  </testcase> <!-- testcase -->
  <testcase name="testcase" time="0.122" classname="com.tibco.rest.test.DataDrivenTestCases">
    <error/>
  </testcase> <!-- testcase -->
  <testcase name="testcase" time="0.104" classname="com.tibco.rest.test.DataDrivenTestCases">
    <error/>
  </testcase> <!-- testcase -->
  <testcase name="testcase" time="0.288" classname="com.tibco.rest.test.DataDrivenTestCases">
    <error/>
  </testcase> <!-- testcase -->
  <testcase name="testcase" time="0.161" classname="com.tibco.rest.test.DataDrivenTestCases">
    <error/>
  </testcase> <!-- testcase -->
  <testcase name="testcase" time="0.116" classname="com.tibco.rest.test.DataDrivenTestCases">
    <error/>
  </testcase> <!-- testcase -->
  <testcase name="testcase" time="0.060" classname="com.tibco.rest.test.DataDrivenTestCases">
    <error/>
  </testcase> <!-- testcase -->
  <testcase name="testcase" time="0.276" classname="com.tibco.rest.test.DataDrivenTestCases">
    <error/>
  </testcase> <!-- testcase -->
  <testcase name="testcase" time="0.099" classname="com.tibco.rest.test.DataDrivenTestCases">
    <error/>
  </testcase> <!-- testcase -->
  <testcase name="testcase" time="0.104" classname="com.tibco.rest.test.DataDrivenTestCases">
    <failure type="java.lang.AssertionError" message="Expected value should be &quot;EZComm&quot; : Actual value is &quot;RosettaNet&quot;">
      <![CDATA[java.lang.AssertionError: Expected value should be "EZComm" : Actual value is "RosettaNet"
	at com.tibco.rest.restAssured.Assertions.assertTrue(Assertions.java:166)
	at com.tibco.rest.restAssured.Assertions.assertEquals(Assertions.java:183)
	at com.tibco.rest.test.DataDrivenTestCases.verifyResponse(DataDrivenTestCases.java:508)
	at com.tibco.rest.test.DataDrivenTestCases.testcase(DataDrivenTestCases.java:352)
	at sun.reflect.GeneratedMethodAccessor63.invoke(Unknown Source)
	at sun.reflect.DelegatingMethodAccessorImpl.invoke(Unknown Source)
	at java.lang.reflect.Method.invoke(Unknown Source)
	at org.testng.internal.MethodInvocationHelper.invokeMethod(MethodInvocationHelper.java:108)
	at org.testng.internal.Invoker.invokeMethod(Invoker.java:661)
	at org.testng.internal.Invoker.invokeTestMethod(Invoker.java:869)
	at org.testng.internal.Invoker.invokeTestMethods(Invoker.java:1193)
	at org.testng.internal.TestMethodWorker.invokeTestMethods(TestMethodWorker.java:126)
	at org.testng.internal.TestMethodWorker.run(TestMethodWorker.java:109)
	at org.testng.TestRunner.privateRun(TestRunner.java:744)
	at org.testng.TestRunner.run(TestRunner.java:602)
	at org.testng.SuiteRunner.runTest(SuiteRunner.java:380)
	at org.testng.SuiteRunner.runSequentially(SuiteRunner.java:375)
	at org.testng.SuiteRunner.privateRun(SuiteRunner.java:340)
	at org.testng.SuiteRunner.run(SuiteRunner.java:289)
	at org.testng.SuiteRunnerWorker.runSuite(SuiteRunnerWorker.java:52)
	at org.testng.SuiteRunnerWorker.run(SuiteRunnerWorker.java:86)
	at org.testng.TestNG.runSuitesSequentially(TestNG.java:1301)
	at org.testng.TestNG.runSuitesLocally(TestNG.java:1226)
	at org.testng.TestNG.runSuites(TestNG.java:1144)
	at org.testng.TestNG.run(TestNG.java:1115)
	at org.testng.TestNG.privateMain(TestNG.java:1442)
	at org.testng.TestNG.main(TestNG.java:1411)
]]>
    </failure>
  </testcase> <!-- testcase -->
  <testcase name="testcase" time="0.340" classname="com.tibco.rest.test.DataDrivenTestCases">
    <error/>
  </testcase> <!-- testcase -->
  <testcase name="testcase" time="0.077" classname="com.tibco.rest.test.DataDrivenTestCases">
    <error/>
  </testcase> <!-- testcase -->
  <testcase name="testcase" time="0.279" classname="com.tibco.rest.test.DataDrivenTestCases">
    <error/>
  </testcase> <!-- testcase -->
  <testcase name="testcase" time="0.473" classname="com.tibco.rest.test.DataDrivenTestCases">
    <error/>
  </testcase> <!-- testcase -->
  <testcase name="testcase" time="0.476" classname="com.tibco.rest.test.DataDrivenTestCases">
    <error/>
  </testcase> <!-- testcase -->
  <testcase name="testcase" time="0.076" classname="com.tibco.rest.test.DataDrivenTestCases">
    <error/>
  </testcase> <!-- testcase -->
  <testcase name="testcase" time="0.058" classname="com.tibco.rest.test.DataDrivenTestCases">
    <error/>
  </testcase> <!-- testcase -->
  <testcase name="testcase" time="0.697" classname="com.tibco.rest.test.DataDrivenTestCases">
    <error/>
  </testcase> <!-- testcase -->
  <testcase name="testcase" time="0.112" classname="com.tibco.rest.test.DataDrivenTestCases">
    <error/>
  </testcase> <!-- testcase -->
  <testcase name="testcase" time="0.094" classname="com.tibco.rest.test.DataDrivenTestCases">
    <error/>
  </testcase> <!-- testcase -->
  <testcase name="testcase" time="0.100" classname="com.tibco.rest.test.DataDrivenTestCases">
    <error/>
  </testcase> <!-- testcase -->
  <testcase name="testcase" time="0.080" classname="com.tibco.rest.test.DataDrivenTestCases">
    <error/>
  </testcase> <!-- testcase -->
  <testcase name="testcase" time="0.068" classname="com.tibco.rest.test.DataDrivenTestCases">
    <error/>
  </testcase> <!-- testcase -->
  <testcase name="testcase" time="0.467" classname="com.tibco.rest.test.DataDrivenTestCases">
    <failure type="java.lang.AssertionError" message="Expected value should not be &quot;[]&quot; : Actual value is &quot;[]&quot;">
      <![CDATA[java.lang.AssertionError: Expected value should not be "[]" : Actual value is "[]"
	at com.tibco.rest.restAssured.Assertions.assertTrue(Assertions.java:166)
	at com.tibco.rest.restAssured.Assertions.assertNotEquals(Assertions.java:196)
	at com.tibco.rest.test.DataDrivenTestCases.verifyResponse(DataDrivenTestCases.java:520)
	at com.tibco.rest.test.DataDrivenTestCases.testcase(DataDrivenTestCases.java:344)
	at sun.reflect.GeneratedMethodAccessor63.invoke(Unknown Source)
	at sun.reflect.DelegatingMethodAccessorImpl.invoke(Unknown Source)
	at java.lang.reflect.Method.invoke(Unknown Source)
	at org.testng.internal.MethodInvocationHelper.invokeMethod(MethodInvocationHelper.java:108)
	at org.testng.internal.Invoker.invokeMethod(Invoker.java:661)
	at org.testng.internal.Invoker.invokeTestMethod(Invoker.java:869)
	at org.testng.internal.Invoker.invokeTestMethods(Invoker.java:1193)
	at org.testng.internal.TestMethodWorker.invokeTestMethods(TestMethodWorker.java:126)
	at org.testng.internal.TestMethodWorker.run(TestMethodWorker.java:109)
	at org.testng.TestRunner.privateRun(TestRunner.java:744)
	at org.testng.TestRunner.run(TestRunner.java:602)
	at org.testng.SuiteRunner.runTest(SuiteRunner.java:380)
	at org.testng.SuiteRunner.runSequentially(SuiteRunner.java:375)
	at org.testng.SuiteRunner.privateRun(SuiteRunner.java:340)
	at org.testng.SuiteRunner.run(SuiteRunner.java:289)
	at org.testng.SuiteRunnerWorker.runSuite(SuiteRunnerWorker.java:52)
	at org.testng.SuiteRunnerWorker.run(SuiteRunnerWorker.java:86)
	at org.testng.TestNG.runSuitesSequentially(TestNG.java:1301)
	at org.testng.TestNG.runSuitesLocally(TestNG.java:1226)
	at org.testng.TestNG.runSuites(TestNG.java:1144)
	at org.testng.TestNG.run(TestNG.java:1115)
	at org.testng.TestNG.privateMain(TestNG.java:1442)
	at org.testng.TestNG.main(TestNG.java:1411)
]]>
    </failure>
  </testcase> <!-- testcase -->
  <testcase name="testcase" time="0.058" classname="com.tibco.rest.test.DataDrivenTestCases">
    <error/>
  </testcase> <!-- testcase -->
  <testcase name="testcase" time="0.095" classname="com.tibco.rest.test.DataDrivenTestCases">
    <error/>
  </testcase> <!-- testcase -->
  <testcase name="testcase" time="0.147" classname="com.tibco.rest.test.DataDrivenTestCases">
    <error/>
  </testcase> <!-- testcase -->
  <testcase name="testcase" time="0.571" classname="com.tibco.rest.test.DataDrivenTestCases">
    <error/>
  </testcase> <!-- testcase -->
  <testcase name="testcase" time="0.850" classname="com.tibco.rest.test.DataDrivenTestCases">
    <error/>
  </testcase> <!-- testcase -->
  <testcase name="testcase" time="0.101" classname="com.tibco.rest.test.DataDrivenTestCases">
    <error/>
  </testcase> <!-- testcase -->
  <testcase name="testcase" time="0.515" classname="com.tibco.rest.test.DataDrivenTestCases">
    <error/>
  </testcase> <!-- testcase -->
  <testcase name="testcase" time="0.085" classname="com.tibco.rest.test.DataDrivenTestCases">
    <error/>
  </testcase> <!-- testcase -->
  <testcase name="testcase" time="0.175" classname="com.tibco.rest.test.DataDrivenTestCases">
    <error/>
  </testcase> <!-- testcase -->
  <testcase name="testcase" time="0.669" classname="com.tibco.rest.test.DataDrivenTestCases">
    <error/>
  </testcase> <!-- testcase -->
  <testcase name="testcase" time="0.514" classname="com.tibco.rest.test.DataDrivenTestCases">
    <error/>
  </testcase> <!-- testcase -->
  <testcase name="testcase" time="0.122" classname="com.tibco.rest.test.DataDrivenTestCases">
    <error/>
  </testcase> <!-- testcase -->
  <testcase name="testcase" time="0.089" classname="com.tibco.rest.test.DataDrivenTestCases">
    <error/>
  </testcase> <!-- testcase -->
  <testcase name="testcase" time="0.086" classname="com.tibco.rest.test.DataDrivenTestCases">
    <error/>
  </testcase> <!-- testcase -->
  <testcase name="testcase" time="0.539" classname="com.tibco.rest.test.DataDrivenTestCases">
    <error/>
  </testcase> <!-- testcase -->
  <testcase name="testcase" time="0.079" classname="com.tibco.rest.test.DataDrivenTestCases">
    <error/>
  </testcase> <!-- testcase -->
  <testcase name="testcase" time="0.091" classname="com.tibco.rest.test.DataDrivenTestCases">
    <error/>
  </testcase> <!-- testcase -->
  <testcase name="testcase" time="0.535" classname="com.tibco.rest.test.DataDrivenTestCases">
    <error/>
  </testcase> <!-- testcase -->
  <testcase name="testcase" time="0.354" classname="com.tibco.rest.test.DataDrivenTestCases">
    <error/>
  </testcase> <!-- testcase -->
  <testcase name="testcase" time="0.606" classname="com.tibco.rest.test.DataDrivenTestCases">
    <error/>
  </testcase> <!-- testcase -->
  <testcase name="testcase" time="0.650" classname="com.tibco.rest.test.DataDrivenTestCases">
    <error/>
  </testcase> <!-- testcase -->
  <testcase name="testcase" time="0.105" classname="com.tibco.rest.test.DataDrivenTestCases">
    <error/>
  </testcase> <!-- testcase -->
  <testcase name="testcase" time="0.140" classname="com.tibco.rest.test.DataDrivenTestCases">
    <error/>
  </testcase> <!-- testcase -->
  <testcase name="testcase" time="0.481" classname="com.tibco.rest.test.DataDrivenTestCases">
    <error/>
  </testcase> <!-- testcase -->
  <testcase name="testcase" time="0.364" classname="com.tibco.rest.test.DataDrivenTestCases">
    <error/>
  </testcase> <!-- testcase -->
  <testcase name="testcase" time="1.100" classname="com.tibco.rest.test.DataDrivenTestCases">
    <error/>
  </testcase> <!-- testcase -->
  <testcase name="testcase" time="0.071" classname="com.tibco.rest.test.DataDrivenTestCases">
    <error/>
  </testcase> <!-- testcase -->
  <testcase name="testcase" time="0.081" classname="com.tibco.rest.test.DataDrivenTestCases">
    <error/>
  </testcase> <!-- testcase -->
  <testcase name="testcase" time="0.113" classname="com.tibco.rest.test.DataDrivenTestCases">
    <error/>
  </testcase> <!-- testcase -->
  <testcase name="testcase" time="0.732" classname="com.tibco.rest.test.DataDrivenTestCases">
    <error/>
  </testcase> <!-- testcase -->
  <testcase name="testcase" time="0.106" classname="com.tibco.rest.test.DataDrivenTestCases">
    <error/>
  </testcase> <!-- testcase -->
  <testcase name="testcase" time="0.066" classname="com.tibco.rest.test.DataDrivenTestCases">
    <error/>
  </testcase> <!-- testcase -->
  <testcase name="testcase" time="0.234" classname="com.tibco.rest.test.DataDrivenTestCases">
    <error/>
  </testcase> <!-- testcase -->
  <testcase name="testcase" time="0.718" classname="com.tibco.rest.test.DataDrivenTestCases">
    <error/>
  </testcase> <!-- testcase -->
  <testcase name="testcase" time="0.193" classname="com.tibco.rest.test.DataDrivenTestCases">
    <error/>
  </testcase> <!-- testcase -->
  <testcase name="testcase" time="0.140" classname="com.tibco.rest.test.DataDrivenTestCases">
    <error/>
  </testcase> <!-- testcase -->
  <testcase name="testcase" time="0.478" classname="com.tibco.rest.test.DataDrivenTestCases">
    <error/>
  </testcase> <!-- testcase -->
  <testcase name="testcase" time="0.171" classname="com.tibco.rest.test.DataDrivenTestCases">
    <error/>
  </testcase> <!-- testcase -->
  <testcase name="testcase" time="0.054" classname="com.tibco.rest.test.DataDrivenTestCases">
    <error/>
  </testcase> <!-- testcase -->
  <testcase name="testcase" time="0.693" classname="com.tibco.rest.test.DataDrivenTestCases">
    <error/>
  </testcase> <!-- testcase -->
  <testcase name="testcase" time="0.087" classname="com.tibco.rest.test.DataDrivenTestCases">
    <error/>
  </testcase> <!-- testcase -->
  <testcase name="testcase" time="0.085" classname="com.tibco.rest.test.DataDrivenTestCases">
    <error/>
  </testcase> <!-- testcase -->
  <testcase name="testcase" time="0.161" classname="com.tibco.rest.test.DataDrivenTestCases">
    <error/>
  </testcase> <!-- testcase -->
  <testcase name="testcase" time="0.118" classname="com.tibco.rest.test.DataDrivenTestCases">
    <error/>
  </testcase> <!-- testcase -->
  <testcase name="testcase" time="0.085" classname="com.tibco.rest.test.DataDrivenTestCases">
    <error/>
  </testcase> <!-- testcase -->
  <testcase name="testcase" time="0.097" classname="com.tibco.rest.test.DataDrivenTestCases">
    <error/>
  </testcase> <!-- testcase -->
  <testcase name="testcase" time="0.461" classname="com.tibco.rest.test.DataDrivenTestCases">
    <error/>
  </testcase> <!-- testcase -->
  <testcase name="testcase" time="0.815" classname="com.tibco.rest.test.DataDrivenTestCases">
    <error/>
  </testcase> <!-- testcase -->
  <testcase name="testcase" time="0.349" classname="com.tibco.rest.test.DataDrivenTestCases">
    <error/>
  </testcase> <!-- testcase -->
  <testcase name="testcase" time="0.244" classname="com.tibco.rest.test.DataDrivenTestCases">
    <error/>
  </testcase> <!-- testcase -->
  <testcase name="testcase" time="0.119" classname="com.tibco.rest.test.DataDrivenTestCases">
    <error/>
  </testcase> <!-- testcase -->
  <testcase name="testcase" time="0.359" classname="com.tibco.rest.test.DataDrivenTestCases">
    <error/>
  </testcase> <!-- testcase -->
  <testcase name="testcase" time="0.585" classname="com.tibco.rest.test.DataDrivenTestCases">
    <error/>
  </testcase> <!-- testcase -->
  <testcase name="testcase" time="0.059" classname="com.tibco.rest.test.DataDrivenTestCases">
    <error/>
  </testcase> <!-- testcase -->
  <testcase name="testcase" time="1.095" classname="com.tibco.rest.test.DataDrivenTestCases">
    <error/>
  </testcase> <!-- testcase -->
  <testcase name="testcase" time="0.425" classname="com.tibco.rest.test.DataDrivenTestCases">
    <error/>
  </testcase> <!-- testcase -->
  <testcase name="testcase" time="0.082" classname="com.tibco.rest.test.DataDrivenTestCases">
    <error/>
  </testcase> <!-- testcase -->
  <testcase name="testcase" time="0.077" classname="com.tibco.rest.test.DataDrivenTestCases">
    <error/>
  </testcase> <!-- testcase -->
  <testcase name="testcase" time="0.137" classname="com.tibco.rest.test.DataDrivenTestCases">
    <error/>
  </testcase> <!-- testcase -->
  <testcase name="testcase" time="0.087" classname="com.tibco.rest.test.DataDrivenTestCases">
    <error/>
  </testcase> <!-- testcase -->
  <testcase name="testcase" time="0.158" classname="com.tibco.rest.test.DataDrivenTestCases">
    <error/>
  </testcase> <!-- testcase -->
  <testcase name="testcase" time="0.479" classname="com.tibco.rest.test.DataDrivenTestCases">
    <error/>
  </testcase> <!-- testcase -->
  <testcase name="testcase" time="0.095" classname="com.tibco.rest.test.DataDrivenTestCases">
    <error/>
  </testcase> <!-- testcase -->
  <testcase name="testcase" time="0.041" classname="com.tibco.rest.test.DataDrivenTestCases">
    <error/>
  </testcase> <!-- testcase -->
  <testcase name="testcase" time="0.090" classname="com.tibco.rest.test.DataDrivenTestCases">
    <error/>
  </testcase> <!-- testcase -->
  <testcase name="testcase" time="0.115" classname="com.tibco.rest.test.DataDrivenTestCases">
    <error/>
  </testcase> <!-- testcase -->
  <testcase name="testcase" time="0.411" classname="com.tibco.rest.test.DataDrivenTestCases">
    <error/>
  </testcase> <!-- testcase -->
  <testcase name="testcase" time="0.162" classname="com.tibco.rest.test.DataDrivenTestCases">
    <error/>
  </testcase> <!-- testcase -->
  <testcase name="testcase" time="0.078" classname="com.tibco.rest.test.DataDrivenTestCases">
    <error/>
  </testcase> <!-- testcase -->
  <testcase name="testcase" time="0.053" classname="com.tibco.rest.test.DataDrivenTestCases">
    <error/>
  </testcase> <!-- testcase -->
  <testcase name="testcase" time="0.225" classname="com.tibco.rest.test.DataDrivenTestCases">
    <error/>
  </testcase> <!-- testcase -->
  <testcase name="testcase" time="0.155" classname="com.tibco.rest.test.DataDrivenTestCases">
    <error/>
  </testcase> <!-- testcase -->
  <testcase name="testcase" time="0.232" classname="com.tibco.rest.test.DataDrivenTestCases">
    <error/>
  </testcase> <!-- testcase -->
  <testcase name="testcase" time="0.445" classname="com.tibco.rest.test.DataDrivenTestCases">
    <error/>
  </testcase> <!-- testcase -->
  <testcase name="testcase" time="0.126" classname="com.tibco.rest.test.DataDrivenTestCases">
    <error/>
  </testcase> <!-- testcase -->
  <testcase name="testcase" time="0.616" classname="com.tibco.rest.test.DataDrivenTestCases">
    <error/>
  </testcase> <!-- testcase -->
  <testcase name="testcase" time="0.353" classname="com.tibco.rest.test.DataDrivenTestCases">
    <error/>
  </testcase> <!-- testcase -->
  <testcase name="testcase" time="0.193" classname="com.tibco.rest.test.DataDrivenTestCases">
    <error/>
  </testcase> <!-- testcase -->
  <testcase name="testcase" time="0.315" classname="com.tibco.rest.test.DataDrivenTestCases">
    <error/>
  </testcase> <!-- testcase -->
  <testcase name="testcase" time="0.445" classname="com.tibco.rest.test.DataDrivenTestCases">
    <error/>
  </testcase> <!-- testcase -->
  <testcase name="testcase" time="0.068" classname="com.tibco.rest.test.DataDrivenTestCases">
    <error/>
  </testcase> <!-- testcase -->
  <testcase name="testcase" time="0.263" classname="com.tibco.rest.test.DataDrivenTestCases">
    <error/>
  </testcase> <!-- testcase -->
  <testcase name="testcase" time="0.235" classname="com.tibco.rest.test.DataDrivenTestCases">
    <error/>
  </testcase> <!-- testcase -->
  <testcase name="testcase" time="0.065" classname="com.tibco.rest.test.DataDrivenTestCases">
    <error/>
  </testcase> <!-- testcase -->
  <testcase name="testcase" time="0.100" classname="com.tibco.rest.test.DataDrivenTestCases">
    <error/>
  </testcase> <!-- testcase -->
  <testcase name="testcase" time="0.398" classname="com.tibco.rest.test.DataDrivenTestCases">
    <error/>
  </testcase> <!-- testcase -->
  <testcase name="testcase" time="0.164" classname="com.tibco.rest.test.DataDrivenTestCases">
    <error/>
  </testcase> <!-- testcase -->
  <testcase name="testcase" time="0.711" classname="com.tibco.rest.test.DataDrivenTestCases">
    <error/>
  </testcase> <!-- testcase -->
  <testcase name="testcase" time="0.044" classname="com.tibco.rest.test.DataDrivenTestCases">
    <error/>
  </testcase> <!-- testcase -->
  <testcase name="testcase" time="0.341" classname="com.tibco.rest.test.DataDrivenTestCases">
    <error/>
  </testcase> <!-- testcase -->
  <testcase name="testcase" time="0.061" classname="com.tibco.rest.test.DataDrivenTestCases">
    <error/>
  </testcase> <!-- testcase -->
  <testcase name="testcase" time="0.353" classname="com.tibco.rest.test.DataDrivenTestCases">
    <error/>
  </testcase> <!-- testcase -->
  <testcase name="testcase" time="0.476" classname="com.tibco.rest.test.DataDrivenTestCases">
    <error/>
  </testcase> <!-- testcase -->
  <testcase name="testcase" time="1.053" classname="com.tibco.rest.test.DataDrivenTestCases">
    <error/>
  </testcase> <!-- testcase -->
  <testcase name="testcase" time="0.075" classname="com.tibco.rest.test.DataDrivenTestCases">
    <error/>
  </testcase> <!-- testcase -->
  <testcase name="testcase" time="0.119" classname="com.tibco.rest.test.DataDrivenTestCases">
    <error/>
  </testcase> <!-- testcase -->
  <testcase name="testcase" time="0.077" classname="com.tibco.rest.test.DataDrivenTestCases">
    <error/>
  </testcase> <!-- testcase -->
  <testcase name="testcase" time="0.274" classname="com.tibco.rest.test.DataDrivenTestCases">
    <error/>
  </testcase> <!-- testcase -->
  <testcase name="testcase" time="0.275" classname="com.tibco.rest.test.DataDrivenTestCases">
    <error/>
  </testcase> <!-- testcase -->
  <testcase name="testcase" time="1.090" classname="com.tibco.rest.test.DataDrivenTestCases">
    <error/>
  </testcase> <!-- testcase -->
  <testcase name="testcase" time="0.114" classname="com.tibco.rest.test.DataDrivenTestCases">
    <error/>
  </testcase> <!-- testcase -->
  <testcase name="testcase" time="0.074" classname="com.tibco.rest.test.DataDrivenTestCases">
    <error/>
  </testcase> <!-- testcase -->
  <testcase name="testcase" time="0.201" classname="com.tibco.rest.test.DataDrivenTestCases">
    <error/>
  </testcase> <!-- testcase -->
  <testcase name="testcase" time="0.217" classname="com.tibco.rest.test.DataDrivenTestCases">
    <error/>
  </testcase> <!-- testcase -->
  <testcase name="testcase" time="0.062" classname="com.tibco.rest.test.DataDrivenTestCases">
    <error/>
  </testcase> <!-- testcase -->
  <testcase name="testcase" time="0.079" classname="com.tibco.rest.test.DataDrivenTestCases">
    <error/>
  </testcase> <!-- testcase -->
  <testcase name="testcase" time="0.074" classname="com.tibco.rest.test.DataDrivenTestCases">
    <error/>
  </testcase> <!-- testcase -->
  <testcase name="testcase" time="0.063" classname="com.tibco.rest.test.DataDrivenTestCases">
    <error/>
  </testcase> <!-- testcase -->
  <testcase name="testcase" time="0.324" classname="com.tibco.rest.test.DataDrivenTestCases">
    <error/>
  </testcase> <!-- testcase -->
  <testcase name="testcase" time="0.507" classname="com.tibco.rest.test.DataDrivenTestCases">
    <error/>
  </testcase> <!-- testcase -->
  <testcase name="testcase" time="0.759" classname="com.tibco.rest.test.DataDrivenTestCases">
    <error/>
  </testcase> <!-- testcase -->
  <testcase name="testcase" time="0.512" classname="com.tibco.rest.test.DataDrivenTestCases">
    <error/>
  </testcase> <!-- testcase -->
  <testcase name="testcase" time="0.080" classname="com.tibco.rest.test.DataDrivenTestCases">
    <error/>
  </testcase> <!-- testcase -->
  <testcase name="testcase" time="0.522" classname="com.tibco.rest.test.DataDrivenTestCases">
    <error/>
  </testcase> <!-- testcase -->
  <testcase name="testcase" time="0.131" classname="com.tibco.rest.test.DataDrivenTestCases">
    <error/>
  </testcase> <!-- testcase -->
  <testcase name="testcase" time="0.076" classname="com.tibco.rest.test.DataDrivenTestCases">
    <error/>
  </testcase> <!-- testcase -->
  <testcase name="testcase" time="0.893" classname="com.tibco.rest.test.DataDrivenTestCases">
    <error/>
  </testcase> <!-- testcase -->
  <testcase name="testcase" time="0.167" classname="com.tibco.rest.test.DataDrivenTestCases">
    <error/>
  </testcase> <!-- testcase -->
  <testcase name="testcase" time="0.696" classname="com.tibco.rest.test.DataDrivenTestCases">
    <error/>
  </testcase> <!-- testcase -->
  <testcase name="testcase" time="0.089" classname="com.tibco.rest.test.DataDrivenTestCases">
    <error/>
  </testcase> <!-- testcase -->
  <testcase name="testcase" time="0.097" classname="com.tibco.rest.test.DataDrivenTestCases">
    <error/>
  </testcase> <!-- testcase -->
  <testcase name="testcase" time="0.185" classname="com.tibco.rest.test.DataDrivenTestCases">
    <error/>
  </testcase> <!-- testcase -->
  <testcase name="testcase" time="0.472" classname="com.tibco.rest.test.DataDrivenTestCases">
    <error/>
  </testcase> <!-- testcase -->
  <testcase name="testcase" time="0.080" classname="com.tibco.rest.test.DataDrivenTestCases">
    <error/>
  </testcase> <!-- testcase -->
  <testcase name="testcase" time="0.070" classname="com.tibco.rest.test.DataDrivenTestCases">
    <error/>
  </testcase> <!-- testcase -->
  <testcase name="testcase" time="0.842" classname="com.tibco.rest.test.DataDrivenTestCases">
    <error/>
  </testcase> <!-- testcase -->
  <testcase name="testcase" time="0.075" classname="com.tibco.rest.test.DataDrivenTestCases">
    <error/>
  </testcase> <!-- testcase -->
  <testcase name="testcase" time="0.605" classname="com.tibco.rest.test.DataDrivenTestCases">
    <error/>
  </testcase> <!-- testcase -->
  <testcase name="testcase" time="0.098" classname="com.tibco.rest.test.DataDrivenTestCases">
    <error/>
  </testcase> <!-- testcase -->
  <testcase name="testcase" time="0.487" classname="com.tibco.rest.test.DataDrivenTestCases">
    <error/>
  </testcase> <!-- testcase -->
  <testcase name="testcase" time="0.473" classname="com.tibco.rest.test.DataDrivenTestCases">
    <error/>
  </testcase> <!-- testcase -->
  <testcase name="testcase" time="0.059" classname="com.tibco.rest.test.DataDrivenTestCases">
    <error/>
  </testcase> <!-- testcase -->
  <testcase name="testcase" time="0.098" classname="com.tibco.rest.test.DataDrivenTestCases">
    <error/>
  </testcase> <!-- testcase -->
  <testcase name="testcase" time="0.496" classname="com.tibco.rest.test.DataDrivenTestCases">
    <error/>
  </testcase> <!-- testcase -->
  <testcase name="testcase" time="0.086" classname="com.tibco.rest.test.DataDrivenTestCases">
    <error/>
  </testcase> <!-- testcase -->
  <testcase name="testcase" time="0.072" classname="com.tibco.rest.test.DataDrivenTestCases">
    <error/>
  </testcase> <!-- testcase -->
  <testcase name="testcase" time="0.279" classname="com.tibco.rest.test.DataDrivenTestCases">
    <error/>
  </testcase> <!-- testcase -->
  <testcase name="testcase" time="0.237" classname="com.tibco.rest.test.DataDrivenTestCases">
    <error/>
  </testcase> <!-- testcase -->
  <testcase name="testcase" time="0.425" classname="com.tibco.rest.test.DataDrivenTestCases">
    <error/>
  </testcase> <!-- testcase -->
  <testcase name="testcase" time="0.263" classname="com.tibco.rest.test.DataDrivenTestCases">
    <error/>
  </testcase> <!-- testcase -->
  <testcase name="testcase" time="0.133" classname="com.tibco.rest.test.DataDrivenTestCases">
    <error/>
  </testcase> <!-- testcase -->
  <testcase name="testcase" time="0.083" classname="com.tibco.rest.test.DataDrivenTestCases">
    <error/>
  </testcase> <!-- testcase -->
  <testcase name="testcase" time="0.610" classname="com.tibco.rest.test.DataDrivenTestCases">
    <error/>
  </testcase> <!-- testcase -->
  <testcase name="testcase" time="0.082" classname="com.tibco.rest.test.DataDrivenTestCases">
    <error/>
  </testcase> <!-- testcase -->
  <testcase name="testcase" time="0.438" classname="com.tibco.rest.test.DataDrivenTestCases">
    <error/>
  </testcase> <!-- testcase -->
  <testcase name="testcase" time="0.279" classname="com.tibco.rest.test.DataDrivenTestCases">
    <error/>
  </testcase> <!-- testcase -->
  <testcase name="testcase" time="0.168" classname="com.tibco.rest.test.DataDrivenTestCases">
    <error/>
  </testcase> <!-- testcase -->
  <testcase name="testcase" time="0.299" classname="com.tibco.rest.test.DataDrivenTestCases">
    <error/>
  </testcase> <!-- testcase -->
  <testcase name="testcase" time="0.192" classname="com.tibco.rest.test.DataDrivenTestCases">
    <error/>
  </testcase> <!-- testcase -->
  <testcase name="testcase" time="0.591" classname="com.tibco.rest.test.DataDrivenTestCases">
    <error/>
  </testcase> <!-- testcase -->
  <testcase name="testcase" time="0.088" classname="com.tibco.rest.test.DataDrivenTestCases">
    <error/>
  </testcase> <!-- testcase -->
  <testcase name="testcase" time="0.116" classname="com.tibco.rest.test.DataDrivenTestCases">
    <error/>
  </testcase> <!-- testcase -->
  <testcase name="testcase" time="0.182" classname="com.tibco.rest.test.DataDrivenTestCases">
    <error/>
  </testcase> <!-- testcase -->
  <testcase name="testcase" time="0.055" classname="com.tibco.rest.test.DataDrivenTestCases">
    <error/>
  </testcase> <!-- testcase -->
  <testcase name="testcase" time="0.062" classname="com.tibco.rest.test.DataDrivenTestCases">
    <error/>
  </testcase> <!-- testcase -->
  <testcase name="testcase" time="0.096" classname="com.tibco.rest.test.DataDrivenTestCases">
    <error/>
  </testcase> <!-- testcase -->
  <testcase name="testcase" time="0.157" classname="com.tibco.rest.test.DataDrivenTestCases">
    <error/>
  </testcase> <!-- testcase -->
  <testcase name="testcase" time="0.091" classname="com.tibco.rest.test.DataDrivenTestCases">
    <error/>
  </testcase> <!-- testcase -->
  <testcase name="testcase" time="0.084" classname="com.tibco.rest.test.DataDrivenTestCases">
    <error/>
  </testcase> <!-- testcase -->
  <testcase name="testcase" time="0.068" classname="com.tibco.rest.test.DataDrivenTestCases">
    <error/>
  </testcase> <!-- testcase -->
  <testcase name="testcase" time="0.488" classname="com.tibco.rest.test.DataDrivenTestCases">
    <error/>
  </testcase> <!-- testcase -->
  <testcase name="testcase" time="0.433" classname="com.tibco.rest.test.DataDrivenTestCases">
    <error/>
  </testcase> <!-- testcase -->
  <testcase name="testcase" time="0.683" classname="com.tibco.rest.test.DataDrivenTestCases">
    <error/>
  </testcase> <!-- testcase -->
  <testcase name="testcase" time="0.652" classname="com.tibco.rest.test.DataDrivenTestCases">
    <error/>
  </testcase> <!-- testcase -->
  <testcase name="testcase" time="0.352" classname="com.tibco.rest.test.DataDrivenTestCases">
    <error/>
  </testcase> <!-- testcase -->
  <testcase name="testcase" time="0.205" classname="com.tibco.rest.test.DataDrivenTestCases">
    <error/>
  </testcase> <!-- testcase -->
  <testcase name="testcase" time="0.489" classname="com.tibco.rest.test.DataDrivenTestCases">
    <error/>
  </testcase> <!-- testcase -->
  <testcase name="testcase" time="0.296" classname="com.tibco.rest.test.DataDrivenTestCases">
    <error/>
  </testcase> <!-- testcase -->
  <testcase name="testcase" time="0.587" classname="com.tibco.rest.test.DataDrivenTestCases">
    <error/>
  </testcase> <!-- testcase -->
  <testcase name="testcase" time="0.673" classname="com.tibco.rest.test.DataDrivenTestCases">
    <error/>
  </testcase> <!-- testcase -->
  <testcase name="testcase" time="0.109" classname="com.tibco.rest.test.DataDrivenTestCases">
    <error/>
  </testcase> <!-- testcase -->
  <testcase name="testcase" time="0.152" classname="com.tibco.rest.test.DataDrivenTestCases">
    <error/>
  </testcase> <!-- testcase -->
  <testcase name="testcase" time="0.076" classname="com.tibco.rest.test.DataDrivenTestCases">
    <error/>
  </testcase> <!-- testcase -->
  <testcase name="testcase" time="0.108" classname="com.tibco.rest.test.DataDrivenTestCases">
    <error/>
  </testcase> <!-- testcase -->
  <testcase name="testcase" time="0.097" classname="com.tibco.rest.test.DataDrivenTestCases">
    <failure type="java.lang.AssertionError" message="Expected value should contains &quot;Invalid credentials&quot; : Actual value is &quot;Invalid credentials&quot;">
      <![CDATA[java.lang.AssertionError: Expected value should contains "Invalid credentials" : Actual value is "Invalid credentials"
	at com.tibco.rest.restAssured.Assertions.assertTrue(Assertions.java:166)
	at com.tibco.rest.restAssured.Assertions.assertContains(Assertions.java:212)
	at com.tibco.rest.test.DataDrivenTestCases.verifyResponse(DataDrivenTestCases.java:533)
	at com.tibco.rest.test.DataDrivenTestCases.testcase(DataDrivenTestCases.java:352)
	at sun.reflect.GeneratedMethodAccessor63.invoke(Unknown Source)
	at sun.reflect.DelegatingMethodAccessorImpl.invoke(Unknown Source)
	at java.lang.reflect.Method.invoke(Unknown Source)
	at org.testng.internal.MethodInvocationHelper.invokeMethod(MethodInvocationHelper.java:108)
	at org.testng.internal.Invoker.invokeMethod(Invoker.java:661)
	at org.testng.internal.Invoker.invokeTestMethod(Invoker.java:869)
	at org.testng.internal.Invoker.invokeTestMethods(Invoker.java:1193)
	at org.testng.internal.TestMethodWorker.invokeTestMethods(TestMethodWorker.java:126)
	at org.testng.internal.TestMethodWorker.run(TestMethodWorker.java:109)
	at org.testng.TestRunner.privateRun(TestRunner.java:744)
	at org.testng.TestRunner.run(TestRunner.java:602)
	at org.testng.SuiteRunner.runTest(SuiteRunner.java:380)
	at org.testng.SuiteRunner.runSequentially(SuiteRunner.java:375)
	at org.testng.SuiteRunner.privateRun(SuiteRunner.java:340)
	at org.testng.SuiteRunner.run(SuiteRunner.java:289)
	at org.testng.SuiteRunnerWorker.runSuite(SuiteRunnerWorker.java:52)
	at org.testng.SuiteRunnerWorker.run(SuiteRunnerWorker.java:86)
	at org.testng.TestNG.runSuitesSequentially(TestNG.java:1301)
	at org.testng.TestNG.runSuitesLocally(TestNG.java:1226)
	at org.testng.TestNG.runSuites(TestNG.java:1144)
	at org.testng.TestNG.run(TestNG.java:1115)
	at org.testng.TestNG.privateMain(TestNG.java:1442)
	at org.testng.TestNG.main(TestNG.java:1411)
]]>
    </failure>
  </testcase> <!-- testcase -->
  <testcase name="testcase" time="0.364" classname="com.tibco.rest.test.DataDrivenTestCases">
    <error/>
  </testcase> <!-- testcase -->
  <testcase name="testcase" time="0.088" classname="com.tibco.rest.test.DataDrivenTestCases">
    <error/>
  </testcase> <!-- testcase -->
  <testcase name="testcase" time="0.079" classname="com.tibco.rest.test.DataDrivenTestCases">
    <error/>
  </testcase> <!-- testcase -->
  <testcase name="testcase" time="0.427" classname="com.tibco.rest.test.DataDrivenTestCases">
    <error/>
  </testcase> <!-- testcase -->
  <testcase name="testcase" time="0.111" classname="com.tibco.rest.test.DataDrivenTestCases">
    <error/>
  </testcase> <!-- testcase -->
  <testcase name="testcase" time="0.327" classname="com.tibco.rest.test.DataDrivenTestCases">
    <error/>
  </testcase> <!-- testcase -->
  <testcase name="testcase" time="0.072" classname="com.tibco.rest.test.DataDrivenTestCases">
    <error/>
  </testcase> <!-- testcase -->
  <testcase name="testcase" time="0.411" classname="com.tibco.rest.test.DataDrivenTestCases">
    <error/>
  </testcase> <!-- testcase -->
  <testcase name="testcase" time="0.426" classname="com.tibco.rest.test.DataDrivenTestCases">
    <error/>
  </testcase> <!-- testcase -->
  <testcase name="testcase" time="0.069" classname="com.tibco.rest.test.DataDrivenTestCases">
    <error/>
  </testcase> <!-- testcase -->
  <testcase name="testcase" time="0.343" classname="com.tibco.rest.test.DataDrivenTestCases">
    <error/>
  </testcase> <!-- testcase -->
  <testcase name="testcase" time="0.439" classname="com.tibco.rest.test.DataDrivenTestCases">
    <error/>
  </testcase> <!-- testcase -->
  <testcase name="testcase" time="0.059" classname="com.tibco.rest.test.DataDrivenTestCases">
    <error/>
  </testcase> <!-- testcase -->
  <testcase name="testcase" time="0.442" classname="com.tibco.rest.test.DataDrivenTestCases">
    <error/>
  </testcase> <!-- testcase -->
  <testcase name="testcase" time="0.084" classname="com.tibco.rest.test.DataDrivenTestCases">
    <error/>
  </testcase> <!-- testcase -->
  <testcase name="testcase" time="0.069" classname="com.tibco.rest.test.DataDrivenTestCases">
    <error/>
  </testcase> <!-- testcase -->
  <testcase name="testcase" time="0.274" classname="com.tibco.rest.test.DataDrivenTestCases">
    <error/>
  </testcase> <!-- testcase -->
  <testcase name="testcase" time="0.114" classname="com.tibco.rest.test.DataDrivenTestCases">
    <error/>
  </testcase> <!-- testcase -->
  <testcase name="testcase" time="0.138" classname="com.tibco.rest.test.DataDrivenTestCases">
    <error/>
  </testcase> <!-- testcase -->
  <testcase name="testcase" time="0.087" classname="com.tibco.rest.test.DataDrivenTestCases">
    <error/>
  </testcase> <!-- testcase -->
  <testcase name="testcase" time="0.931" classname="com.tibco.rest.test.DataDrivenTestCases">
    <error/>
  </testcase> <!-- testcase -->
  <testcase name="testcase" time="0.351" classname="com.tibco.rest.test.DataDrivenTestCases">
    <error/>
  </testcase> <!-- testcase -->
  <testcase name="testcase" time="0.087" classname="com.tibco.rest.test.DataDrivenTestCases">
    <error/>
  </testcase> <!-- testcase -->
  <testcase name="testcase" time="0.498" classname="com.tibco.rest.test.DataDrivenTestCases">
    <error/>
  </testcase> <!-- testcase -->
  <testcase name="testcase" time="0.335" classname="com.tibco.rest.test.DataDrivenTestCases">
    <error/>
  </testcase> <!-- testcase -->
  <testcase name="testcase" time="0.666" classname="com.tibco.rest.test.DataDrivenTestCases">
    <error/>
  </testcase> <!-- testcase -->
  <testcase name="testcase" time="0.200" classname="com.tibco.rest.test.DataDrivenTestCases">
    <error/>
  </testcase> <!-- testcase -->
  <testcase name="testcase" time="0.178" classname="com.tibco.rest.test.DataDrivenTestCases">
    <error/>
  </testcase> <!-- testcase -->
  <testcase name="testcase" time="0.116" classname="com.tibco.rest.test.DataDrivenTestCases">
    <error/>
  </testcase> <!-- testcase -->
  <testcase name="testcase" time="0.085" classname="com.tibco.rest.test.DataDrivenTestCases">
    <error/>
  </testcase> <!-- testcase -->
  <testcase name="testcase" time="0.339" classname="com.tibco.rest.test.DataDrivenTestCases">
    <error/>
  </testcase> <!-- testcase -->
  <testcase name="testcase" time="0.360" classname="com.tibco.rest.test.DataDrivenTestCases">
    <error/>
  </testcase> <!-- testcase -->
  <testcase name="testcase" time="0.060" classname="com.tibco.rest.test.DataDrivenTestCases">
    <error/>
  </testcase> <!-- testcase -->
  <testcase name="testcase" time="0.057" classname="com.tibco.rest.test.DataDrivenTestCases">
    <error/>
  </testcase> <!-- testcase -->
  <testcase name="testcase" time="0.066" classname="com.tibco.rest.test.DataDrivenTestCases">
    <error/>
  </testcase> <!-- testcase -->
  <testcase name="testcase" time="0.049" classname="com.tibco.rest.test.DataDrivenTestCases">
    <failure type="java.lang.AssertionError" message="Expected value should be &quot;bc=dev1&quot; : Actual value is &quot;bc=dev&quot;">
      <![CDATA[java.lang.AssertionError: Expected value should be "bc=dev1" : Actual value is "bc=dev"
	at com.tibco.rest.restAssured.Assertions.assertTrue(Assertions.java:166)
	at com.tibco.rest.restAssured.Assertions.assertEquals(Assertions.java:183)
	at com.tibco.rest.test.DataDrivenTestCases.verifyResponse(DataDrivenTestCases.java:508)
	at com.tibco.rest.test.DataDrivenTestCases.testcase(DataDrivenTestCases.java:352)
	at sun.reflect.GeneratedMethodAccessor63.invoke(Unknown Source)
	at sun.reflect.DelegatingMethodAccessorImpl.invoke(Unknown Source)
	at java.lang.reflect.Method.invoke(Unknown Source)
	at org.testng.internal.MethodInvocationHelper.invokeMethod(MethodInvocationHelper.java:108)
	at org.testng.internal.Invoker.invokeMethod(Invoker.java:661)
	at org.testng.internal.Invoker.invokeTestMethod(Invoker.java:869)
	at org.testng.internal.Invoker.invokeTestMethods(Invoker.java:1193)
	at org.testng.internal.TestMethodWorker.invokeTestMethods(TestMethodWorker.java:126)
	at org.testng.internal.TestMethodWorker.run(TestMethodWorker.java:109)
	at org.testng.TestRunner.privateRun(TestRunner.java:744)
	at org.testng.TestRunner.run(TestRunner.java:602)
	at org.testng.SuiteRunner.runTest(SuiteRunner.java:380)
	at org.testng.SuiteRunner.runSequentially(SuiteRunner.java:375)
	at org.testng.SuiteRunner.privateRun(SuiteRunner.java:340)
	at org.testng.SuiteRunner.run(SuiteRunner.java:289)
	at org.testng.SuiteRunnerWorker.runSuite(SuiteRunnerWorker.java:52)
	at org.testng.SuiteRunnerWorker.run(SuiteRunnerWorker.java:86)
	at org.testng.TestNG.runSuitesSequentially(TestNG.java:1301)
	at org.testng.TestNG.runSuitesLocally(TestNG.java:1226)
	at org.testng.TestNG.runSuites(TestNG.java:1144)
	at org.testng.TestNG.run(TestNG.java:1115)
	at org.testng.TestNG.privateMain(TestNG.java:1442)
	at org.testng.TestNG.main(TestNG.java:1411)
]]>
    </failure>
  </testcase> <!-- testcase -->
  <testcase name="testcase" time="0.086" classname="com.tibco.rest.test.DataDrivenTestCases">
    <error/>
  </testcase> <!-- testcase -->
  <testcase name="testcase" time="0.782" classname="com.tibco.rest.test.DataDrivenTestCases">
    <error/>
  </testcase> <!-- testcase -->
  <testcase name="testcase" time="0.081" classname="com.tibco.rest.test.DataDrivenTestCases">
    <error/>
  </testcase> <!-- testcase -->
  <testcase name="testcase" time="0.061" classname="com.tibco.rest.test.DataDrivenTestCases">
    <error/>
  </testcase> <!-- testcase -->
  <testcase name="testcase" time="0.072" classname="com.tibco.rest.test.DataDrivenTestCases">
    <error/>
  </testcase> <!-- testcase -->
  <testcase name="testcase" time="0.205" classname="com.tibco.rest.test.DataDrivenTestCases">
    <error/>
  </testcase> <!-- testcase -->
  <testcase name="testcase" time="0.645" classname="com.tibco.rest.test.DataDrivenTestCases">
    <error/>
  </testcase> <!-- testcase -->
  <testcase name="testcase" time="0.302" classname="com.tibco.rest.test.DataDrivenTestCases">
    <error/>
  </testcase> <!-- testcase -->
  <testcase name="testcase" time="0.564" classname="com.tibco.rest.test.DataDrivenTestCases">
    <error/>
  </testcase> <!-- testcase -->
  <testcase name="testcase" time="0.085" classname="com.tibco.rest.test.DataDrivenTestCases">
    <error/>
  </testcase> <!-- testcase -->
  <testcase name="testcase" time="0.130" classname="com.tibco.rest.test.DataDrivenTestCases">
    <error/>
  </testcase> <!-- testcase -->
  <testcase name="testcase" time="0.569" classname="com.tibco.rest.test.DataDrivenTestCases">
    <error/>
  </testcase> <!-- testcase -->
  <testcase name="testcase" time="0.101" classname="com.tibco.rest.test.DataDrivenTestCases">
    <error/>
  </testcase> <!-- testcase -->
  <testcase name="testcase" time="0.133" classname="com.tibco.rest.test.DataDrivenTestCases">
    <error/>
  </testcase> <!-- testcase -->
  <testcase name="testcase" time="0.934" classname="com.tibco.rest.test.DataDrivenTestCases">
    <error/>
  </testcase> <!-- testcase -->
  <testcase name="testcase" time="0.088" classname="com.tibco.rest.test.DataDrivenTestCases">
    <error/>
  </testcase> <!-- testcase -->
  <testcase name="testcase" time="0.079" classname="com.tibco.rest.test.DataDrivenTestCases">
    <error/>
  </testcase> <!-- testcase -->
  <testcase name="testcase" time="0.396" classname="com.tibco.rest.test.DataDrivenTestCases">
    <error/>
  </testcase> <!-- testcase -->
  <testcase name="testcase" time="0.104" classname="com.tibco.rest.test.DataDrivenTestCases">
    <error/>
  </testcase> <!-- testcase -->
  <testcase name="testcase" time="0.077" classname="com.tibco.rest.test.DataDrivenTestCases">
    <error/>
  </testcase> <!-- testcase -->
  <testcase name="testcase" time="0.347" classname="com.tibco.rest.test.DataDrivenTestCases">
    <failure type="java.lang.AssertionError" message="Expected value should be &quot;The Transport name http_rn  you have entered  is already in use&quot; : Actual value is &quot;&quot;">
      <![CDATA[java.lang.AssertionError: Expected value should be "The Transport name http_rn  you have entered  is already in use" : Actual value is ""
	at com.tibco.rest.restAssured.Assertions.assertTrue(Assertions.java:166)
	at com.tibco.rest.restAssured.Assertions.assertEquals(Assertions.java:183)
	at com.tibco.rest.test.DataDrivenTestCases.verifyResponse(DataDrivenTestCases.java:508)
	at com.tibco.rest.test.DataDrivenTestCases.testcase(DataDrivenTestCases.java:377)
	at sun.reflect.GeneratedMethodAccessor63.invoke(Unknown Source)
	at sun.reflect.DelegatingMethodAccessorImpl.invoke(Unknown Source)
	at java.lang.reflect.Method.invoke(Unknown Source)
	at org.testng.internal.MethodInvocationHelper.invokeMethod(MethodInvocationHelper.java:108)
	at org.testng.internal.Invoker.invokeMethod(Invoker.java:661)
	at org.testng.internal.Invoker.invokeTestMethod(Invoker.java:869)
	at org.testng.internal.Invoker.invokeTestMethods(Invoker.java:1193)
	at org.testng.internal.TestMethodWorker.invokeTestMethods(TestMethodWorker.java:126)
	at org.testng.internal.TestMethodWorker.run(TestMethodWorker.java:109)
	at org.testng.TestRunner.privateRun(TestRunner.java:744)
	at org.testng.TestRunner.run(TestRunner.java:602)
	at org.testng.SuiteRunner.runTest(SuiteRunner.java:380)
	at org.testng.SuiteRunner.runSequentially(SuiteRunner.java:375)
	at org.testng.SuiteRunner.privateRun(SuiteRunner.java:340)
	at org.testng.SuiteRunner.run(SuiteRunner.java:289)
	at org.testng.SuiteRunnerWorker.runSuite(SuiteRunnerWorker.java:52)
	at org.testng.SuiteRunnerWorker.run(SuiteRunnerWorker.java:86)
	at org.testng.TestNG.runSuitesSequentially(TestNG.java:1301)
	at org.testng.TestNG.runSuitesLocally(TestNG.java:1226)
	at org.testng.TestNG.runSuites(TestNG.java:1144)
	at org.testng.TestNG.run(TestNG.java:1115)
	at org.testng.TestNG.privateMain(TestNG.java:1442)
	at org.testng.TestNG.main(TestNG.java:1411)
]]>
    </failure>
  </testcase> <!-- testcase -->
  <testcase name="testcase" time="0.339" classname="com.tibco.rest.test.DataDrivenTestCases">
    <error/>
  </testcase> <!-- testcase -->
  <testcase name="testcase" time="0.616" classname="com.tibco.rest.test.DataDrivenTestCases">
    <error/>
  </testcase> <!-- testcase -->
  <testcase name="testcase" time="0.246" classname="com.tibco.rest.test.DataDrivenTestCases">
    <error/>
  </testcase> <!-- testcase -->
  <testcase name="testcase" time="0.481" classname="com.tibco.rest.test.DataDrivenTestCases">
    <error/>
  </testcase> <!-- testcase -->
  <testcase name="testcase" time="1.519" classname="com.tibco.rest.test.DataDrivenTestCases">
    <error/>
  </testcase> <!-- testcase -->
  <testcase name="testcase" time="0.352" classname="com.tibco.rest.test.DataDrivenTestCases">
    <error/>
  </testcase> <!-- testcase -->
  <testcase name="testcase" time="0.281" classname="com.tibco.rest.test.DataDrivenTestCases">
    <error/>
  </testcase> <!-- testcase -->
  <testcase name="testcase" time="0.102" classname="com.tibco.rest.test.DataDrivenTestCases">
    <error/>
  </testcase> <!-- testcase -->
  <testcase name="testcase" time="0.486" classname="com.tibco.rest.test.DataDrivenTestCases">
    <error/>
  </testcase> <!-- testcase -->
  <testcase name="testcase" time="0.412" classname="com.tibco.rest.test.DataDrivenTestCases">
    <error/>
  </testcase> <!-- testcase -->
  <testcase name="testcase" time="0.078" classname="com.tibco.rest.test.DataDrivenTestCases">
    <error/>
  </testcase> <!-- testcase -->
  <testcase name="testcase" time="0.078" classname="com.tibco.rest.test.DataDrivenTestCases">
    <error/>
  </testcase> <!-- testcase -->
  <testcase name="testcase" time="0.203" classname="com.tibco.rest.test.DataDrivenTestCases">
    <error/>
  </testcase> <!-- testcase -->
  <testcase name="testcase" time="0.144" classname="com.tibco.rest.test.DataDrivenTestCases">
    <error/>
  </testcase> <!-- testcase -->
  <testcase name="testcase" time="0.140" classname="com.tibco.rest.test.DataDrivenTestCases">
    <error/>
  </testcase> <!-- testcase -->
  <testcase name="testcase" time="0.754" classname="com.tibco.rest.test.DataDrivenTestCases">
    <error/>
  </testcase> <!-- testcase -->
  <testcase name="testcase" time="1.207" classname="com.tibco.rest.test.DataDrivenTestCases">
    <error/>
  </testcase> <!-- testcase -->
  <testcase name="testcase" time="0.131" classname="com.tibco.rest.test.DataDrivenTestCases">
    <error/>
  </testcase> <!-- testcase -->
  <testcase name="testcase" time="0.069" classname="com.tibco.rest.test.DataDrivenTestCases">
    <error/>
  </testcase> <!-- testcase -->
  <testcase name="testcase" time="1.261" classname="com.tibco.rest.test.DataDrivenTestCases">
    <error/>
  </testcase> <!-- testcase -->
  <testcase name="testcase" time="0.336" classname="com.tibco.rest.test.DataDrivenTestCases">
    <error/>
  </testcase> <!-- testcase -->
  <testcase name="testcase" time="0.286" classname="com.tibco.rest.test.DataDrivenTestCases">
    <error/>
  </testcase> <!-- testcase -->
  <testcase name="testcase" time="0.412" classname="com.tibco.rest.test.DataDrivenTestCases">
    <error/>
  </testcase> <!-- testcase -->
  <testcase name="testcase" time="0.095" classname="com.tibco.rest.test.DataDrivenTestCases">
    <error/>
  </testcase> <!-- testcase -->
  <testcase name="testcase" time="0.150" classname="com.tibco.rest.test.DataDrivenTestCases">
    <error/>
  </testcase> <!-- testcase -->
  <testcase name="testcase" time="0.120" classname="com.tibco.rest.test.DataDrivenTestCases">
    <error/>
  </testcase> <!-- testcase -->
  <testcase name="testcase" time="0.097" classname="com.tibco.rest.test.DataDrivenTestCases">
    <error/>
  </testcase> <!-- testcase -->
  <testcase name="testcase" time="0.066" classname="com.tibco.rest.test.DataDrivenTestCases">
    <error/>
  </testcase> <!-- testcase -->
  <testcase name="testcase" time="0.088" classname="com.tibco.rest.test.DataDrivenTestCases">
    <error/>
  </testcase> <!-- testcase -->
  <testcase name="testcase" time="0.108" classname="com.tibco.rest.test.DataDrivenTestCases">
    <error/>
  </testcase> <!-- testcase -->
  <testcase name="testcase" time="0.406" classname="com.tibco.rest.test.DataDrivenTestCases">
    <error/>
  </testcase> <!-- testcase -->
  <testcase name="testcase" time="0.145" classname="com.tibco.rest.test.DataDrivenTestCases">
    <error/>
  </testcase> <!-- testcase -->
  <testcase name="testcase" time="0.689" classname="com.tibco.rest.test.DataDrivenTestCases">
    <error/>
  </testcase> <!-- testcase -->
  <testcase name="testcase" time="0.064" classname="com.tibco.rest.test.DataDrivenTestCases">
    <error/>
  </testcase> <!-- testcase -->
  <testcase name="testcase" time="0.146" classname="com.tibco.rest.test.DataDrivenTestCases">
    <error/>
  </testcase> <!-- testcase -->
  <testcase name="testcase" time="0.278" classname="com.tibco.rest.test.DataDrivenTestCases">
    <error/>
  </testcase> <!-- testcase -->
  <testcase name="testcase" time="0.122" classname="com.tibco.rest.test.DataDrivenTestCases">
    <error/>
  </testcase> <!-- testcase -->
  <testcase name="testcase" time="0.073" classname="com.tibco.rest.test.DataDrivenTestCases">
    <error/>
  </testcase> <!-- testcase -->
  <testcase name="testcase" time="0.707" classname="com.tibco.rest.test.DataDrivenTestCases">
    <error/>
  </testcase> <!-- testcase -->
  <testcase name="testcase" time="0.415" classname="com.tibco.rest.test.DataDrivenTestCases">
    <error/>
  </testcase> <!-- testcase -->
  <testcase name="testcase" time="0.065" classname="com.tibco.rest.test.DataDrivenTestCases">
    <error/>
  </testcase> <!-- testcase -->
  <testcase name="testcase" time="0.066" classname="com.tibco.rest.test.DataDrivenTestCases">
    <error/>
  </testcase> <!-- testcase -->
  <testcase name="testcase" time="0.384" classname="com.tibco.rest.test.DataDrivenTestCases">
    <error/>
  </testcase> <!-- testcase -->
  <testcase name="testcase" time="0.261" classname="com.tibco.rest.test.DataDrivenTestCases">
    <error/>
  </testcase> <!-- testcase -->
  <testcase name="testcase" time="0.102" classname="com.tibco.rest.test.DataDrivenTestCases">
    <error/>
  </testcase> <!-- testcase -->
  <testcase name="testcase" time="0.525" classname="com.tibco.rest.test.DataDrivenTestCases">
    <error/>
  </testcase> <!-- testcase -->
  <testcase name="testcase" time="0.071" classname="com.tibco.rest.test.DataDrivenTestCases">
    <error/>
  </testcase> <!-- testcase -->
  <testcase name="testcase" time="0.080" classname="com.tibco.rest.test.DataDrivenTestCases">
    <error/>
  </testcase> <!-- testcase -->
  <testcase name="testcase" time="0.160" classname="com.tibco.rest.test.DataDrivenTestCases">
    <error/>
  </testcase> <!-- testcase -->
  <testcase name="testcase" time="0.517" classname="com.tibco.rest.test.DataDrivenTestCases">
    <error/>
  </testcase> <!-- testcase -->
  <testcase name="testcase" time="0.187" classname="com.tibco.rest.test.DataDrivenTestCases">
    <error/>
  </testcase> <!-- testcase -->
  <testcase name="testcase" time="0.153" classname="com.tibco.rest.test.DataDrivenTestCases">
    <error/>
  </testcase> <!-- testcase -->
  <testcase name="testcase" time="0.145" classname="com.tibco.rest.test.DataDrivenTestCases">
    <error/>
  </testcase> <!-- testcase -->
  <testcase name="testcase" time="0.122" classname="com.tibco.rest.test.DataDrivenTestCases">
    <error/>
  </testcase> <!-- testcase -->
  <testcase name="testcase" time="0.595" classname="com.tibco.rest.test.DataDrivenTestCases">
    <error/>
  </testcase> <!-- testcase -->
  <testcase name="testcase" time="0.117" classname="com.tibco.rest.test.DataDrivenTestCases">
    <error/>
  </testcase> <!-- testcase -->
  <testcase name="testcase" time="0.116" classname="com.tibco.rest.test.DataDrivenTestCases">
    <error/>
  </testcase> <!-- testcase -->
  <testcase name="testcase" time="0.128" classname="com.tibco.rest.test.DataDrivenTestCases">
    <error/>
  </testcase> <!-- testcase -->
  <testcase name="testcase" time="0.520" classname="com.tibco.rest.test.DataDrivenTestCases">
    <error/>
  </testcase> <!-- testcase -->
  <testcase name="testcase" time="0.569" classname="com.tibco.rest.test.DataDrivenTestCases">
    <error/>
  </testcase> <!-- testcase -->
  <testcase name="testcase" time="0.302" classname="com.tibco.rest.test.DataDrivenTestCases">
    <failure type="java.lang.AssertionError" message="Expected value should be &quot;EDIFACT&quot; : Actual value is &quot;EZComm&quot;">
      <![CDATA[java.lang.AssertionError: Expected value should be "EDIFACT" : Actual value is "EZComm"
	at com.tibco.rest.restAssured.Assertions.assertTrue(Assertions.java:166)
	at com.tibco.rest.restAssured.Assertions.assertEquals(Assertions.java:183)
	at com.tibco.rest.test.DataDrivenTestCases.verifyResponse(DataDrivenTestCases.java:508)
	at com.tibco.rest.test.DataDrivenTestCases.testcase(DataDrivenTestCases.java:352)
	at sun.reflect.GeneratedMethodAccessor63.invoke(Unknown Source)
	at sun.reflect.DelegatingMethodAccessorImpl.invoke(Unknown Source)
	at java.lang.reflect.Method.invoke(Unknown Source)
	at org.testng.internal.MethodInvocationHelper.invokeMethod(MethodInvocationHelper.java:108)
	at org.testng.internal.Invoker.invokeMethod(Invoker.java:661)
	at org.testng.internal.Invoker.invokeTestMethod(Invoker.java:869)
	at org.testng.internal.Invoker.invokeTestMethods(Invoker.java:1193)
	at org.testng.internal.TestMethodWorker.invokeTestMethods(TestMethodWorker.java:126)
	at org.testng.internal.TestMethodWorker.run(TestMethodWorker.java:109)
	at org.testng.TestRunner.privateRun(TestRunner.java:744)
	at org.testng.TestRunner.run(TestRunner.java:602)
	at org.testng.SuiteRunner.runTest(SuiteRunner.java:380)
	at org.testng.SuiteRunner.runSequentially(SuiteRunner.java:375)
	at org.testng.SuiteRunner.privateRun(SuiteRunner.java:340)
	at org.testng.SuiteRunner.run(SuiteRunner.java:289)
	at org.testng.SuiteRunnerWorker.runSuite(SuiteRunnerWorker.java:52)
	at org.testng.SuiteRunnerWorker.run(SuiteRunnerWorker.java:86)
	at org.testng.TestNG.runSuitesSequentially(TestNG.java:1301)
	at org.testng.TestNG.runSuitesLocally(TestNG.java:1226)
	at org.testng.TestNG.runSuites(TestNG.java:1144)
	at org.testng.TestNG.run(TestNG.java:1115)
	at org.testng.TestNG.privateMain(TestNG.java:1442)
	at org.testng.TestNG.main(TestNG.java:1411)
]]>
    </failure>
  </testcase> <!-- testcase -->
  <testcase name="testcase" time="0.164" classname="com.tibco.rest.test.DataDrivenTestCases">
    <error/>
  </testcase> <!-- testcase -->
  <testcase name="testcase" time="0.120" classname="com.tibco.rest.test.DataDrivenTestCases">
    <error/>
  </testcase> <!-- testcase -->
  <testcase name="testcase" time="0.087" classname="com.tibco.rest.test.DataDrivenTestCases">
    <error/>
  </testcase> <!-- testcase -->
  <testcase name="testcase" time="0.107" classname="com.tibco.rest.test.DataDrivenTestCases">
    <error/>
  </testcase> <!-- testcase -->
  <testcase name="testcase" time="0.096" classname="com.tibco.rest.test.DataDrivenTestCases">
    <error/>
  </testcase> <!-- testcase -->
  <testcase name="testcase" time="0.440" classname="com.tibco.rest.test.DataDrivenTestCases">
    <error/>
  </testcase> <!-- testcase -->
  <testcase name="testcase" time="0.130" classname="com.tibco.rest.test.DataDrivenTestCases">
    <error/>
  </testcase> <!-- testcase -->
  <testcase name="testcase" time="0.341" classname="com.tibco.rest.test.DataDrivenTestCases">
    <error/>
  </testcase> <!-- testcase -->
  <testcase name="testcase" time="0.511" classname="com.tibco.rest.test.DataDrivenTestCases">
    <error/>
  </testcase> <!-- testcase -->
  <testcase name="testcase" time="0.163" classname="com.tibco.rest.test.DataDrivenTestCases">
    <error/>
  </testcase> <!-- testcase -->
  <testcase name="testcase" time="0.120" classname="com.tibco.rest.test.DataDrivenTestCases">
    <error/>
  </testcase> <!-- testcase -->
  <testcase name="testcase" time="0.123" classname="com.tibco.rest.test.DataDrivenTestCases">
    <error/>
  </testcase> <!-- testcase -->
  <testcase name="testcase" time="0.051" classname="com.tibco.rest.test.DataDrivenTestCases">
    <error/>
  </testcase> <!-- testcase -->
  <testcase name="testcase" time="0.662" classname="com.tibco.rest.test.DataDrivenTestCases">
    <error/>
  </testcase> <!-- testcase -->
  <testcase name="testcase" time="0.085" classname="com.tibco.rest.test.DataDrivenTestCases">
    <error/>
  </testcase> <!-- testcase -->
  <testcase name="testcase" time="0.104" classname="com.tibco.rest.test.DataDrivenTestCases">
    <error/>
  </testcase> <!-- testcase -->
  <testcase name="testcase" time="0.531" classname="com.tibco.rest.test.DataDrivenTestCases">
    <error/>
  </testcase> <!-- testcase -->
  <testcase name="testcase" time="0.131" classname="com.tibco.rest.test.DataDrivenTestCases">
    <error/>
  </testcase> <!-- testcase -->
  <testcase name="testcase" time="0.268" classname="com.tibco.rest.test.DataDrivenTestCases">
    <error/>
  </testcase> <!-- testcase -->
  <testcase name="testcase" time="0.371" classname="com.tibco.rest.test.DataDrivenTestCases">
    <error/>
  </testcase> <!-- testcase -->
  <testcase name="testcase" time="0.153" classname="com.tibco.rest.test.DataDrivenTestCases">
    <error/>
  </testcase> <!-- testcase -->
  <testcase name="testcase" time="0.646" classname="com.tibco.rest.test.DataDrivenTestCases">
    <error/>
  </testcase> <!-- testcase -->
  <testcase name="testcase" time="0.187" classname="com.tibco.rest.test.DataDrivenTestCases">
    <error/>
  </testcase> <!-- testcase -->
  <testcase name="testcase" time="0.065" classname="com.tibco.rest.test.DataDrivenTestCases">
    <error/>
  </testcase> <!-- testcase -->
  <testcase name="testcase" time="0.173" classname="com.tibco.rest.test.DataDrivenTestCases">
    <error/>
  </testcase> <!-- testcase -->
  <testcase name="testcase" time="0.125" classname="com.tibco.rest.test.DataDrivenTestCases">
    <error/>
  </testcase> <!-- testcase -->
  <testcase name="testcase" time="0.059" classname="com.tibco.rest.test.DataDrivenTestCases">
    <error/>
  </testcase> <!-- testcase -->
  <testcase name="testcase" time="0.426" classname="com.tibco.rest.test.DataDrivenTestCases">
    <error/>
  </testcase> <!-- testcase -->
  <testcase name="testcase" time="0.390" classname="com.tibco.rest.test.DataDrivenTestCases">
    <error/>
  </testcase> <!-- testcase -->
  <testcase name="testcase" time="0.185" classname="com.tibco.rest.test.DataDrivenTestCases">
    <error/>
  </testcase> <!-- testcase -->
  <testcase name="testcase" time="0.547" classname="com.tibco.rest.test.DataDrivenTestCases">
    <error/>
  </testcase> <!-- testcase -->
  <testcase name="testcase" time="0.084" classname="com.tibco.rest.test.DataDrivenTestCases">
    <error/>
  </testcase> <!-- testcase -->
  <testcase name="testcase" time="0.094" classname="com.tibco.rest.test.DataDrivenTestCases">
    <error/>
  </testcase> <!-- testcase -->
  <testcase name="testcase" time="0.083" classname="com.tibco.rest.test.DataDrivenTestCases">
    <error/>
  </testcase> <!-- testcase -->
  <testcase name="testcase" time="0.264" classname="com.tibco.rest.test.DataDrivenTestCases">
    <error/>
  </testcase> <!-- testcase -->
  <testcase name="testcase" time="0.495" classname="com.tibco.rest.test.DataDrivenTestCases">
    <error/>
  </testcase> <!-- testcase -->
  <testcase name="testcase" time="0.604" classname="com.tibco.rest.test.DataDrivenTestCases">
    <error/>
  </testcase> <!-- testcase -->
  <testcase name="testcase" time="0.060" classname="com.tibco.rest.test.DataDrivenTestCases">
    <error/>
  </testcase> <!-- testcase -->
  <testcase name="testcase" time="0.081" classname="com.tibco.rest.test.DataDrivenTestCases">
    <error/>
  </testcase> <!-- testcase -->
  <testcase name="testcase" time="0.077" classname="com.tibco.rest.test.DataDrivenTestCases">
    <error/>
  </testcase> <!-- testcase -->
  <testcase name="testcase" time="0.083" classname="com.tibco.rest.test.DataDrivenTestCases">
    <error/>
  </testcase> <!-- testcase -->
  <testcase name="testcase" time="0.059" classname="com.tibco.rest.test.DataDrivenTestCases">
    <error/>
  </testcase> <!-- testcase -->
  <testcase name="testcase" time="0.054" classname="com.tibco.rest.test.DataDrivenTestCases">
    <error/>
  </testcase> <!-- testcase -->
  <testcase name="testcase" time="0.483" classname="com.tibco.rest.test.DataDrivenTestCases">
    <error/>
  </testcase> <!-- testcase -->
  <testcase name="testcase" time="0.996" classname="com.tibco.rest.test.DataDrivenTestCases">
    <error/>
  </testcase> <!-- testcase -->
  <testcase name="testcase" time="0.089" classname="com.tibco.rest.test.DataDrivenTestCases">
    <error/>
  </testcase> <!-- testcase -->
  <testcase name="testcase" time="37.710" classname="com.tibco.rest.test.DataDrivenTestCases">
    <error/>
  </testcase> <!-- testcase -->
  <testcase name="testcase" time="0.514" classname="com.tibco.rest.test.DataDrivenTestCases">
    <error/>
  </testcase> <!-- testcase -->
  <testcase name="testcase" time="0.219" classname="com.tibco.rest.test.DataDrivenTestCases">
    <error/>
  </testcase> <!-- testcase -->
  <testcase name="testcase" time="0.512" classname="com.tibco.rest.test.DataDrivenTestCases">
    <error/>
  </testcase> <!-- testcase -->
  <testcase name="testcase" time="0.075" classname="com.tibco.rest.test.DataDrivenTestCases">
    <error/>
  </testcase> <!-- testcase -->
  <testcase name="testcase" time="0.328" classname="com.tibco.rest.test.DataDrivenTestCases">
    <error/>
  </testcase> <!-- testcase -->
  <testcase name="testcase" time="0.343" classname="com.tibco.rest.test.DataDrivenTestCases">
    <error/>
  </testcase> <!-- testcase -->
  <testcase name="testcase" time="0.138" classname="com.tibco.rest.test.DataDrivenTestCases">
    <error/>
  </testcase> <!-- testcase -->
  <testcase name="testcase" time="0.103" classname="com.tibco.rest.test.DataDrivenTestCases">
    <error/>
  </testcase> <!-- testcase -->
  <testcase name="testcase" time="0.107" classname="com.tibco.rest.test.DataDrivenTestCases">
    <error/>
  </testcase> <!-- testcase -->
  <testcase name="testcase" time="0.351" classname="com.tibco.rest.test.DataDrivenTestCases">
    <error/>
  </testcase> <!-- testcase -->
  <testcase name="testcase" time="0.072" classname="com.tibco.rest.test.DataDrivenTestCases">
    <error/>
  </testcase> <!-- testcase -->
  <testcase name="testcase" time="0.164" classname="com.tibco.rest.test.DataDrivenTestCases">
    <error/>
  </testcase> <!-- testcase -->
  <testcase name="testcase" time="0.104" classname="com.tibco.rest.test.DataDrivenTestCases">
    <error/>
  </testcase> <!-- testcase -->
  <testcase name="testcase" time="0.374" classname="com.tibco.rest.test.DataDrivenTestCases">
    <error/>
  </testcase> <!-- testcase -->
  <testcase name="testcase" time="0.082" classname="com.tibco.rest.test.DataDrivenTestCases">
    <error/>
  </testcase> <!-- testcase -->
  <testcase name="testcase" time="0.371" classname="com.tibco.rest.test.DataDrivenTestCases">
    <error/>
  </testcase> <!-- testcase -->
  <testcase name="testcase" time="0.233" classname="com.tibco.rest.test.DataDrivenTestCases">
    <error/>
  </testcase> <!-- testcase -->
  <testcase name="testcase" time="0.846" classname="com.tibco.rest.test.DataDrivenTestCases">
    <error/>
  </testcase> <!-- testcase -->
  <testcase name="testcase" time="0.458" classname="com.tibco.rest.test.DataDrivenTestCases">
    <error/>
  </testcase> <!-- testcase -->
  <testcase name="testcase" time="0.490" classname="com.tibco.rest.test.DataDrivenTestCases">
    <error/>
  </testcase> <!-- testcase -->
  <testcase name="testcase" time="0.094" classname="com.tibco.rest.test.DataDrivenTestCases">
    <error/>
  </testcase> <!-- testcase -->
  <testcase name="testcase" time="0.457" classname="com.tibco.rest.test.DataDrivenTestCases">
    <error/>
  </testcase> <!-- testcase -->
  <testcase name="testcase" time="0.354" classname="com.tibco.rest.test.DataDrivenTestCases">
    <error/>
  </testcase> <!-- testcase -->
  <testcase name="testcase" time="0.533" classname="com.tibco.rest.test.DataDrivenTestCases">
    <error/>
  </testcase> <!-- testcase -->
  <testcase name="testcase" time="0.111" classname="com.tibco.rest.test.DataDrivenTestCases">
    <error/>
  </testcase> <!-- testcase -->
  <testcase name="testcase" time="0.180" classname="com.tibco.rest.test.DataDrivenTestCases">
    <error/>
  </testcase> <!-- testcase -->
  <testcase name="testcase" time="0.158" classname="com.tibco.rest.test.DataDrivenTestCases">
    <error/>
  </testcase> <!-- testcase -->
  <testcase name="testcase" time="0.703" classname="com.tibco.rest.test.DataDrivenTestCases">
    <error/>
  </testcase> <!-- testcase -->
  <testcase name="testcase" time="0.327" classname="com.tibco.rest.test.DataDrivenTestCases">
    <failure type="java.lang.AssertionError" message="Expected value should be &quot;RosettaNet&quot; : Actual value is &quot;X12&quot;">
      <![CDATA[java.lang.AssertionError: Expected value should be "RosettaNet" : Actual value is "X12"
	at com.tibco.rest.restAssured.Assertions.assertTrue(Assertions.java:166)
	at com.tibco.rest.restAssured.Assertions.assertEquals(Assertions.java:183)
	at com.tibco.rest.test.DataDrivenTestCases.verifyResponse(DataDrivenTestCases.java:508)
	at com.tibco.rest.test.DataDrivenTestCases.testcase(DataDrivenTestCases.java:352)
	at sun.reflect.GeneratedMethodAccessor63.invoke(Unknown Source)
	at sun.reflect.DelegatingMethodAccessorImpl.invoke(Unknown Source)
	at java.lang.reflect.Method.invoke(Unknown Source)
	at org.testng.internal.MethodInvocationHelper.invokeMethod(MethodInvocationHelper.java:108)
	at org.testng.internal.Invoker.invokeMethod(Invoker.java:661)
	at org.testng.internal.Invoker.invokeTestMethod(Invoker.java:869)
	at org.testng.internal.Invoker.invokeTestMethods(Invoker.java:1193)
	at org.testng.internal.TestMethodWorker.invokeTestMethods(TestMethodWorker.java:126)
	at org.testng.internal.TestMethodWorker.run(TestMethodWorker.java:109)
	at org.testng.TestRunner.privateRun(TestRunner.java:744)
	at org.testng.TestRunner.run(TestRunner.java:602)
	at org.testng.SuiteRunner.runTest(SuiteRunner.java:380)
	at org.testng.SuiteRunner.runSequentially(SuiteRunner.java:375)
	at org.testng.SuiteRunner.privateRun(SuiteRunner.java:340)
	at org.testng.SuiteRunner.run(SuiteRunner.java:289)
	at org.testng.SuiteRunnerWorker.runSuite(SuiteRunnerWorker.java:52)
	at org.testng.SuiteRunnerWorker.run(SuiteRunnerWorker.java:86)
	at org.testng.TestNG.runSuitesSequentially(TestNG.java:1301)
	at org.testng.TestNG.runSuitesLocally(TestNG.java:1226)
	at org.testng.TestNG.runSuites(TestNG.java:1144)
	at org.testng.TestNG.run(TestNG.java:1115)
	at org.testng.TestNG.privateMain(TestNG.java:1442)
	at org.testng.TestNG.main(TestNG.java:1411)
]]>
    </failure>
  </testcase> <!-- testcase -->
  <testcase name="testcase" time="0.385" classname="com.tibco.rest.test.DataDrivenTestCases">
    <error/>
  </testcase> <!-- testcase -->
  <testcase name="testcase" time="0.065" classname="com.tibco.rest.test.DataDrivenTestCases">
    <error/>
  </testcase> <!-- testcase -->
  <testcase name="testcase" time="0.934" classname="com.tibco.rest.test.DataDrivenTestCases">
    <error/>
  </testcase> <!-- testcase -->
  <testcase name="testcase" time="0.118" classname="com.tibco.rest.test.DataDrivenTestCases">
    <error/>
  </testcase> <!-- testcase -->
  <testcase name="testcase" time="0.067" classname="com.tibco.rest.test.DataDrivenTestCases">
    <error/>
  </testcase> <!-- testcase -->
  <testcase name="testcase" time="0.530" classname="com.tibco.rest.test.DataDrivenTestCases">
    <error/>
  </testcase> <!-- testcase -->
  <testcase name="testcase" time="0.218" classname="com.tibco.rest.test.DataDrivenTestCases">
    <error/>
  </testcase> <!-- testcase -->
  <testcase name="testcase" time="0.056" classname="com.tibco.rest.test.DataDrivenTestCases">
    <error/>
  </testcase> <!-- testcase -->
  <testcase name="testcase" time="0.064" classname="com.tibco.rest.test.DataDrivenTestCases">
    <error/>
  </testcase> <!-- testcase -->
  <testcase name="testcase" time="0.278" classname="com.tibco.rest.test.DataDrivenTestCases">
    <error/>
  </testcase> <!-- testcase -->
  <testcase name="testcase" time="0.859" classname="com.tibco.rest.test.DataDrivenTestCases">
    <error/>
  </testcase> <!-- testcase -->
  <testcase name="testcase" time="0.472" classname="com.tibco.rest.test.DataDrivenTestCases">
    <error/>
  </testcase> <!-- testcase -->
  <testcase name="testcase" time="0.133" classname="com.tibco.rest.test.DataDrivenTestCases">
    <error/>
  </testcase> <!-- testcase -->
  <testcase name="testcase" time="0.045" classname="com.tibco.rest.test.DataDrivenTestCases">
    <error/>
  </testcase> <!-- testcase -->
  <testcase name="testcase" time="0.204" classname="com.tibco.rest.test.DataDrivenTestCases">
    <error/>
  </testcase> <!-- testcase -->
  <testcase name="testcase" time="0.127" classname="com.tibco.rest.test.DataDrivenTestCases">
    <error/>
  </testcase> <!-- testcase -->
  <testcase name="testcase" time="0.104" classname="com.tibco.rest.test.DataDrivenTestCases">
    <error/>
  </testcase> <!-- testcase -->
  <testcase name="testcase" time="0.107" classname="com.tibco.rest.test.DataDrivenTestCases">
    <error/>
  </testcase> <!-- testcase -->
  <testcase name="testcase" time="0.404" classname="com.tibco.rest.test.DataDrivenTestCases">
    <error/>
  </testcase> <!-- testcase -->
  <testcase name="testcase" time="0.043" classname="com.tibco.rest.test.DataDrivenTestCases">
    <error/>
  </testcase> <!-- testcase -->
  <testcase name="testcase" time="0.060" classname="com.tibco.rest.test.DataDrivenTestCases">
    <error/>
  </testcase> <!-- testcase -->
  <testcase name="testcase" time="14.430" classname="com.tibco.rest.test.DataDrivenTestCases">
    <error/>
  </testcase> <!-- testcase -->
  <testcase name="testcase" time="0.426" classname="com.tibco.rest.test.DataDrivenTestCases">
    <error/>
  </testcase> <!-- testcase -->
  <testcase name="testcase" time="0.367" classname="com.tibco.rest.test.DataDrivenTestCases">
    <error/>
  </testcase> <!-- testcase -->
  <testcase name="testcase" time="0.433" classname="com.tibco.rest.test.DataDrivenTestCases">
    <error/>
  </testcase> <!-- testcase -->
  <testcase name="testcase" time="0.138" classname="com.tibco.rest.test.DataDrivenTestCases">
    <error/>
  </testcase> <!-- testcase -->
  <testcase name="testcase" time="0.182" classname="com.tibco.rest.test.DataDrivenTestCases">
    <error/>
  </testcase> <!-- testcase -->
  <testcase name="testcase" time="0.080" classname="com.tibco.rest.test.DataDrivenTestCases">
    <error/>
  </testcase> <!-- testcase -->
  <testcase name="testcase" time="0.509" classname="com.tibco.rest.test.DataDrivenTestCases">
    <error/>
  </testcase> <!-- testcase -->
  <testcase name="testcase" time="0.169" classname="com.tibco.rest.test.DataDrivenTestCases">
    <error/>
  </testcase> <!-- testcase -->
  <testcase name="testcase" time="0.063" classname="com.tibco.rest.test.DataDrivenTestCases">
    <error/>
  </testcase> <!-- testcase -->
  <testcase name="testcase" time="0.593" classname="com.tibco.rest.test.DataDrivenTestCases">
    <error/>
  </testcase> <!-- testcase -->
  <testcase name="testcase" time="1.100" classname="com.tibco.rest.test.DataDrivenTestCases">
    <error/>
  </testcase> <!-- testcase -->
  <testcase name="testcase" time="0.263" classname="com.tibco.rest.test.DataDrivenTestCases">
    <error/>
  </testcase> <!-- testcase -->
  <testcase name="testcase" time="0.617" classname="com.tibco.rest.test.DataDrivenTestCases">
    <error/>
  </testcase> <!-- testcase -->
  <testcase name="testcase" time="0.095" classname="com.tibco.rest.test.DataDrivenTestCases">
    <error/>
  </testcase> <!-- testcase -->
  <testcase name="testcase" time="0.051" classname="com.tibco.rest.test.DataDrivenTestCases">
    <error/>
  </testcase> <!-- testcase -->
  <testcase name="testcase" time="0.082" classname="com.tibco.rest.test.DataDrivenTestCases">
    <error/>
  </testcase> <!-- testcase -->
  <testcase name="testcase" time="0.132" classname="com.tibco.rest.test.DataDrivenTestCases">
    <error/>
  </testcase> <!-- testcase -->
  <testcase name="testcase" time="0.420" classname="com.tibco.rest.test.DataDrivenTestCases">
    <error/>
  </testcase> <!-- testcase -->
  <testcase name="testcase" time="11.392" classname="com.tibco.rest.test.DataDrivenTestCases">
    <error/>
  </testcase> <!-- testcase -->
  <testcase name="testcase" time="0.056" classname="com.tibco.rest.test.DataDrivenTestCases">
    <error/>
  </testcase> <!-- testcase -->
  <testcase name="testcase" time="0.412" classname="com.tibco.rest.test.DataDrivenTestCases">
    <error/>
  </testcase> <!-- testcase -->
  <testcase name="testcase" time="0.057" classname="com.tibco.rest.test.DataDrivenTestCases">
    <error/>
  </testcase> <!-- testcase -->
  <testcase name="testcase" time="0.122" classname="com.tibco.rest.test.DataDrivenTestCases">
    <error/>
  </testcase> <!-- testcase -->
  <testcase name="testcase" time="0.081" classname="com.tibco.rest.test.DataDrivenTestCases">
    <failure type="java.lang.AssertionError" message="Unable to store response string to variable or couldn&#039;t received response.">
      <![CDATA[java.lang.AssertionError: Unable to store response string to variable or couldn't received response.
	at com.tibco.rest.restAssured.Assertions.assertTrue(Assertions.java:166)
	at com.tibco.rest.test.DataDrivenTestCases.testcase(DataDrivenTestCases.java:415)
	at sun.reflect.GeneratedMethodAccessor63.invoke(Unknown Source)
	at sun.reflect.DelegatingMethodAccessorImpl.invoke(Unknown Source)
	at java.lang.reflect.Method.invoke(Unknown Source)
	at org.testng.internal.MethodInvocationHelper.invokeMethod(MethodInvocationHelper.java:108)
	at org.testng.internal.Invoker.invokeMethod(Invoker.java:661)
	at org.testng.internal.Invoker.invokeTestMethod(Invoker.java:869)
	at org.testng.internal.Invoker.invokeTestMethods(Invoker.java:1193)
	at org.testng.internal.TestMethodWorker.invokeTestMethods(TestMethodWorker.java:126)
	at org.testng.internal.TestMethodWorker.run(TestMethodWorker.java:109)
	at org.testng.TestRunner.privateRun(TestRunner.java:744)
	at org.testng.TestRunner.run(TestRunner.java:602)
	at org.testng.SuiteRunner.runTest(SuiteRunner.java:380)
	at org.testng.SuiteRunner.runSequentially(SuiteRunner.java:375)
	at org.testng.SuiteRunner.privateRun(SuiteRunner.java:340)
	at org.testng.SuiteRunner.run(SuiteRunner.java:289)
	at org.testng.SuiteRunnerWorker.runSuite(SuiteRunnerWorker.java:52)
	at org.testng.SuiteRunnerWorker.run(SuiteRunnerWorker.java:86)
	at org.testng.TestNG.runSuitesSequentially(TestNG.java:1301)
	at org.testng.TestNG.runSuitesLocally(TestNG.java:1226)
	at org.testng.TestNG.runSuites(TestNG.java:1144)
	at org.testng.TestNG.run(TestNG.java:1115)
	at org.testng.TestNG.privateMain(TestNG.java:1442)
	at org.testng.TestNG.main(TestNG.java:1411)
]]>
    </failure>
  </testcase> <!-- testcase -->
  <testcase name="testcase" time="0.070" classname="com.tibco.rest.test.DataDrivenTestCases">
    <error/>
  </testcase> <!-- testcase -->
  <testcase name="testcase" time="0.088" classname="com.tibco.rest.test.DataDrivenTestCases">
    <error/>
  </testcase> <!-- testcase -->
  <testcase name="testcase" time="0.081" classname="com.tibco.rest.test.DataDrivenTestCases">
    <error/>
  </testcase> <!-- testcase -->
  <testcase name="testcase" time="0.073" classname="com.tibco.rest.test.DataDrivenTestCases">
    <error/>
  </testcase> <!-- testcase -->
  <testcase name="testcase" time="0.214" classname="com.tibco.rest.test.DataDrivenTestCases">
    <error/>
  </testcase> <!-- testcase -->
  <testcase name="testcase" time="0.353" classname="com.tibco.rest.test.DataDrivenTestCases">
    <error/>
  </testcase> <!-- testcase -->
  <testcase name="testcase" time="0.411" classname="com.tibco.rest.test.DataDrivenTestCases">
    <error/>
  </testcase> <!-- testcase -->
  <testcase name="testcase" time="0.293" classname="com.tibco.rest.test.DataDrivenTestCases">
    <error/>
  </testcase> <!-- testcase -->
  <testcase name="testcase" time="0.266" classname="com.tibco.rest.test.DataDrivenTestCases">
    <error/>
  </testcase> <!-- testcase -->
  <testcase name="testcase" time="0.071" classname="com.tibco.rest.test.DataDrivenTestCases">
    <error/>
  </testcase> <!-- testcase -->
  <testcase name="testcase" time="0.073" classname="com.tibco.rest.test.DataDrivenTestCases">
    <error/>
  </testcase> <!-- testcase -->
  <testcase name="testcase" time="0.491" classname="com.tibco.rest.test.DataDrivenTestCases">
    <error/>
  </testcase> <!-- testcase -->
  <testcase name="testcase" time="0.111" classname="com.tibco.rest.test.DataDrivenTestCases">
    <error/>
  </testcase> <!-- testcase -->
  <testcase name="testcase" time="0.092" classname="com.tibco.rest.test.DataDrivenTestCases">
    <error/>
  </testcase> <!-- testcase -->
  <testcase name="testcase" time="0.695" classname="com.tibco.rest.test.DataDrivenTestCases">
    <error/>
  </testcase> <!-- testcase -->
  <testcase name="testcase" time="0.142" classname="com.tibco.rest.test.DataDrivenTestCases">
    <error/>
  </testcase> <!-- testcase -->
  <testcase name="testcase" time="0.074" classname="com.tibco.rest.test.DataDrivenTestCases">
    <error/>
  </testcase> <!-- testcase -->
  <testcase name="testcase" time="0.073" classname="com.tibco.rest.test.DataDrivenTestCases">
    <error/>
  </testcase> <!-- testcase -->
  <testcase name="testcase" time="0.396" classname="com.tibco.rest.test.DataDrivenTestCases">
    <error/>
  </testcase> <!-- testcase -->
  <testcase name="testcase" time="0.087" classname="com.tibco.rest.test.DataDrivenTestCases">
    <error/>
  </testcase> <!-- testcase -->
  <testcase name="testcase" time="0.147" classname="com.tibco.rest.test.DataDrivenTestCases">
    <error/>
  </testcase> <!-- testcase -->
  <testcase name="testcase" time="0.128" classname="com.tibco.rest.test.DataDrivenTestCases">
    <error/>
  </testcase> <!-- testcase -->
  <testcase name="testcase" time="0.175" classname="com.tibco.rest.test.DataDrivenTestCases">
    <error/>
  </testcase> <!-- testcase -->
  <testcase name="testcase" time="0.488" classname="com.tibco.rest.test.DataDrivenTestCases">
    <error/>
  </testcase> <!-- testcase -->
  <testcase name="testcase" time="0.372" classname="com.tibco.rest.test.DataDrivenTestCases">
    <error/>
  </testcase> <!-- testcase -->
</testsuite> <!-- com.tibco.rest.test.DataDrivenTestCases -->
