<?xml version="1.0" encoding="UTF-8"?>
<!-- Generated by org.testng.reporters.JUnitReportReporter -->
<testsuite skipped="0" hostname="kereddy-t460" name="com.tibco.rest.test.DataDrivenTestCases" tests="507" failures="8" timestamp="27 Jan 2022 07:14:01 GMT" time="231.750" errors="499">
  <testcase name="testcase" time="11.210" classname="com.tibco.rest.test.DataDrivenTestCases">
    <error/>
  </testcase> <!-- testcase -->
  <testcase name="testcase" time="0.111" classname="com.tibco.rest.test.DataDrivenTestCases">
    <error/>
  </testcase> <!-- testcase -->
  <testcase name="testcase" time="0.132" classname="com.tibco.rest.test.DataDrivenTestCases">
    <error/>
  </testcase> <!-- testcase -->
  <testcase name="testcase" time="0.120" classname="com.tibco.rest.test.DataDrivenTestCases">
    <error/>
  </testcase> <!-- testcase -->
  <testcase name="testcase" time="0.067" classname="com.tibco.rest.test.DataDrivenTestCases">
    <error/>
  </testcase> <!-- testcase -->
  <testcase name="testcase" time="0.261" classname="com.tibco.rest.test.DataDrivenTestCases">
    <error/>
  </testcase> <!-- testcase -->
  <testcase name="testcase" time="0.510" classname="com.tibco.rest.test.DataDrivenTestCases">
    <error/>
  </testcase> <!-- testcase -->
  <testcase name="testcase" time="0.211" classname="com.tibco.rest.test.DataDrivenTestCases">
    <error/>
  </testcase> <!-- testcase -->
  <testcase name="testcase" time="0.100" classname="com.tibco.rest.test.DataDrivenTestCases">
    <error/>
  </testcase> <!-- testcase -->
  <testcase name="testcase" time="0.266" classname="com.tibco.rest.test.DataDrivenTestCases">
    <error/>
  </testcase> <!-- testcase -->
  <testcase name="testcase" time="0.948" classname="com.tibco.rest.test.DataDrivenTestCases">
    <error/>
  </testcase> <!-- testcase -->
  <testcase name="testcase" time="0.129" classname="com.tibco.rest.test.DataDrivenTestCases">
    <error/>
  </testcase> <!-- testcase -->
  <testcase name="testcase" time="0.357" classname="com.tibco.rest.test.DataDrivenTestCases">
    <error/>
  </testcase> <!-- testcase -->
  <testcase name="testcase" time="0.580" classname="com.tibco.rest.test.DataDrivenTestCases">
    <error/>
  </testcase> <!-- testcase -->
  <testcase name="testcase" time="0.118" classname="com.tibco.rest.test.DataDrivenTestCases">
    <error/>
  </testcase> <!-- testcase -->
  <testcase name="testcase" time="0.297" classname="com.tibco.rest.test.DataDrivenTestCases">
    <error/>
  </testcase> <!-- testcase -->
  <testcase name="testcase" time="0.122" classname="com.tibco.rest.test.DataDrivenTestCases">
    <error/>
  </testcase> <!-- testcase -->
  <testcase name="testcase" time="0.095" classname="com.tibco.rest.test.DataDrivenTestCases">
    <error/>
  </testcase> <!-- testcase -->
  <testcase name="testcase" time="0.134" classname="com.tibco.rest.test.DataDrivenTestCases">
    <error/>
  </testcase> <!-- testcase -->
  <testcase name="testcase" time="0.460" classname="com.tibco.rest.test.DataDrivenTestCases">
    <error/>
  </testcase> <!-- testcase -->
  <testcase name="testcase" time="0.104" classname="com.tibco.rest.test.DataDrivenTestCases">
    <error/>
  </testcase> <!-- testcase -->
  <testcase name="testcase" time="0.572" classname="com.tibco.rest.test.DataDrivenTestCases">
    <error/>
  </testcase> <!-- testcase -->
  <testcase name="testcase" time="0.408" classname="com.tibco.rest.test.DataDrivenTestCases">
    <error/>
  </testcase> <!-- testcase -->
  <testcase name="testcase" time="0.357" classname="com.tibco.rest.test.DataDrivenTestCases">
    <failure type="java.lang.AssertionError" message="Expected value should be &quot;The Transport name http_rn  you have entered  is already in use&quot; : Actual value is &quot;&quot;">
      <![CDATA[java.lang.AssertionError: Expected value should be "The Transport name http_rn  you have entered  is already in use" : Actual value is ""
	at com.tibco.rest.restAssured.Assertions.assertTrue(Assertions.java:166)
	at com.tibco.rest.restAssured.Assertions.assertEquals(Assertions.java:183)
	at com.tibco.rest.test.DataDrivenTestCases.verifyResponse(DataDrivenTestCases.java:508)
	at com.tibco.rest.test.DataDrivenTestCases.testcase(DataDrivenTestCases.java:377)
	at sun.reflect.GeneratedMethodAccessor63.invoke(Unknown Source)
	at sun.reflect.DelegatingMethodAccessorImpl.invoke(Unknown Source)
	at java.lang.reflect.Method.invoke(Unknown Source)
	at org.testng.internal.MethodInvocationHelper.invokeMethod(MethodInvocationHelper.java:108)
	at org.testng.internal.Invoker.invokeMethod(Invoker.java:661)
	at org.testng.internal.Invoker.invokeTestMethod(Invoker.java:869)
	at org.testng.internal.Invoker.invokeTestMethods(Invoker.java:1193)
	at org.testng.internal.TestMethodWorker.invokeTestMethods(TestMethodWorker.java:126)
	at org.testng.internal.TestMethodWorker.run(TestMethodWorker.java:109)
	at org.testng.TestRunner.privateRun(TestRunner.java:744)
	at org.testng.TestRunner.run(TestRunner.java:602)
	at org.testng.SuiteRunner.runTest(SuiteRunner.java:380)
	at org.testng.SuiteRunner.runSequentially(SuiteRunner.java:375)
	at org.testng.SuiteRunner.privateRun(SuiteRunner.java:340)
	at org.testng.SuiteRunner.run(SuiteRunner.java:289)
	at org.testng.SuiteRunnerWorker.runSuite(SuiteRunnerWorker.java:52)
	at org.testng.SuiteRunnerWorker.run(SuiteRunnerWorker.java:86)
	at org.testng.TestNG.runSuitesSequentially(TestNG.java:1301)
	at org.testng.TestNG.runSuitesLocally(TestNG.java:1226)
	at org.testng.TestNG.runSuites(TestNG.java:1144)
	at org.testng.TestNG.run(TestNG.java:1115)
	at org.testng.TestNG.privateMain(TestNG.java:1442)
	at org.testng.TestNG.main(TestNG.java:1411)
]]>
    </failure>
  </testcase> <!-- testcase -->
  <testcase name="testcase" time="0.238" classname="com.tibco.rest.test.DataDrivenTestCases">
    <error/>
  </testcase> <!-- testcase -->
  <testcase name="testcase" time="0.151" classname="com.tibco.rest.test.DataDrivenTestCases">
    <error/>
  </testcase> <!-- testcase -->
  <testcase name="testcase" time="0.064" classname="com.tibco.rest.test.DataDrivenTestCases">
    <error/>
  </testcase> <!-- testcase -->
  <testcase name="testcase" time="1.090" classname="com.tibco.rest.test.DataDrivenTestCases">
    <failure type="java.lang.AssertionError" message="Expected value should not be &quot;[]&quot; : Actual value is &quot;[]&quot;">
      <![CDATA[java.lang.AssertionError: Expected value should not be "[]" : Actual value is "[]"
	at com.tibco.rest.restAssured.Assertions.assertTrue(Assertions.java:166)
	at com.tibco.rest.restAssured.Assertions.assertNotEquals(Assertions.java:196)
	at com.tibco.rest.test.DataDrivenTestCases.verifyResponse(DataDrivenTestCases.java:520)
	at com.tibco.rest.test.DataDrivenTestCases.testcase(DataDrivenTestCases.java:344)
	at sun.reflect.GeneratedMethodAccessor63.invoke(Unknown Source)
	at sun.reflect.DelegatingMethodAccessorImpl.invoke(Unknown Source)
	at java.lang.reflect.Method.invoke(Unknown Source)
	at org.testng.internal.MethodInvocationHelper.invokeMethod(MethodInvocationHelper.java:108)
	at org.testng.internal.Invoker.invokeMethod(Invoker.java:661)
	at org.testng.internal.Invoker.invokeTestMethod(Invoker.java:869)
	at org.testng.internal.Invoker.invokeTestMethods(Invoker.java:1193)
	at org.testng.internal.TestMethodWorker.invokeTestMethods(TestMethodWorker.java:126)
	at org.testng.internal.TestMethodWorker.run(TestMethodWorker.java:109)
	at org.testng.TestRunner.privateRun(TestRunner.java:744)
	at org.testng.TestRunner.run(TestRunner.java:602)
	at org.testng.SuiteRunner.runTest(SuiteRunner.java:380)
	at org.testng.SuiteRunner.runSequentially(SuiteRunner.java:375)
	at org.testng.SuiteRunner.privateRun(SuiteRunner.java:340)
	at org.testng.SuiteRunner.run(SuiteRunner.java:289)
	at org.testng.SuiteRunnerWorker.runSuite(SuiteRunnerWorker.java:52)
	at org.testng.SuiteRunnerWorker.run(SuiteRunnerWorker.java:86)
	at org.testng.TestNG.runSuitesSequentially(TestNG.java:1301)
	at org.testng.TestNG.runSuitesLocally(TestNG.java:1226)
	at org.testng.TestNG.runSuites(TestNG.java:1144)
	at org.testng.TestNG.run(TestNG.java:1115)
	at org.testng.TestNG.privateMain(TestNG.java:1442)
	at org.testng.TestNG.main(TestNG.java:1411)
]]>
    </failure>
  </testcase> <!-- testcase -->
  <testcase name="testcase" time="0.542" classname="com.tibco.rest.test.DataDrivenTestCases">
    <error/>
  </testcase> <!-- testcase -->
  <testcase name="testcase" time="0.059" classname="com.tibco.rest.test.DataDrivenTestCases">
    <error/>
  </testcase> <!-- testcase -->
  <testcase name="testcase" time="0.065" classname="com.tibco.rest.test.DataDrivenTestCases">
    <error/>
  </testcase> <!-- testcase -->
  <testcase name="testcase" time="0.110" classname="com.tibco.rest.test.DataDrivenTestCases">
    <error/>
  </testcase> <!-- testcase -->
  <testcase name="testcase" time="0.080" classname="com.tibco.rest.test.DataDrivenTestCases">
    <error/>
  </testcase> <!-- testcase -->
  <testcase name="testcase" time="0.429" classname="com.tibco.rest.test.DataDrivenTestCases">
    <error/>
  </testcase> <!-- testcase -->
  <testcase name="testcase" time="0.096" classname="com.tibco.rest.test.DataDrivenTestCases">
    <error/>
  </testcase> <!-- testcase -->
  <testcase name="testcase" time="0.308" classname="com.tibco.rest.test.DataDrivenTestCases">
    <error/>
  </testcase> <!-- testcase -->
  <testcase name="testcase" time="0.169" classname="com.tibco.rest.test.DataDrivenTestCases">
    <error/>
  </testcase> <!-- testcase -->
  <testcase name="testcase" time="0.256" classname="com.tibco.rest.test.DataDrivenTestCases">
    <error/>
  </testcase> <!-- testcase -->
  <testcase name="testcase" time="0.069" classname="com.tibco.rest.test.DataDrivenTestCases">
    <error/>
  </testcase> <!-- testcase -->
  <testcase name="testcase" time="0.095" classname="com.tibco.rest.test.DataDrivenTestCases">
    <error/>
  </testcase> <!-- testcase -->
  <testcase name="testcase" time="0.096" classname="com.tibco.rest.test.DataDrivenTestCases">
    <error/>
  </testcase> <!-- testcase -->
  <testcase name="testcase" time="0.085" classname="com.tibco.rest.test.DataDrivenTestCases">
    <error/>
  </testcase> <!-- testcase -->
  <testcase name="testcase" time="0.503" classname="com.tibco.rest.test.DataDrivenTestCases">
    <error/>
  </testcase> <!-- testcase -->
  <testcase name="testcase" time="0.149" classname="com.tibco.rest.test.DataDrivenTestCases">
    <error/>
  </testcase> <!-- testcase -->
  <testcase name="testcase" time="0.838" classname="com.tibco.rest.test.DataDrivenTestCases">
    <error/>
  </testcase> <!-- testcase -->
  <testcase name="testcase" time="0.146" classname="com.tibco.rest.test.DataDrivenTestCases">
    <error/>
  </testcase> <!-- testcase -->
  <testcase name="testcase" time="0.093" classname="com.tibco.rest.test.DataDrivenTestCases">
    <error/>
  </testcase> <!-- testcase -->
  <testcase name="testcase" time="0.145" classname="com.tibco.rest.test.DataDrivenTestCases">
    <error/>
  </testcase> <!-- testcase -->
  <testcase name="testcase" time="0.128" classname="com.tibco.rest.test.DataDrivenTestCases">
    <error/>
  </testcase> <!-- testcase -->
  <testcase name="testcase" time="0.604" classname="com.tibco.rest.test.DataDrivenTestCases">
    <error/>
  </testcase> <!-- testcase -->
  <testcase name="testcase" time="0.752" classname="com.tibco.rest.test.DataDrivenTestCases">
    <error/>
  </testcase> <!-- testcase -->
  <testcase name="testcase" time="0.128" classname="com.tibco.rest.test.DataDrivenTestCases">
    <error/>
  </testcase> <!-- testcase -->
  <testcase name="testcase" time="0.066" classname="com.tibco.rest.test.DataDrivenTestCases">
    <error/>
  </testcase> <!-- testcase -->
  <testcase name="testcase" time="0.408" classname="com.tibco.rest.test.DataDrivenTestCases">
    <error/>
  </testcase> <!-- testcase -->
  <testcase name="testcase" time="0.709" classname="com.tibco.rest.test.DataDrivenTestCases">
    <error/>
  </testcase> <!-- testcase -->
  <testcase name="testcase" time="0.208" classname="com.tibco.rest.test.DataDrivenTestCases">
    <error/>
  </testcase> <!-- testcase -->
  <testcase name="testcase" time="0.089" classname="com.tibco.rest.test.DataDrivenTestCases">
    <error/>
  </testcase> <!-- testcase -->
  <testcase name="testcase" time="0.367" classname="com.tibco.rest.test.DataDrivenTestCases">
    <error/>
  </testcase> <!-- testcase -->
  <testcase name="testcase" time="0.154" classname="com.tibco.rest.test.DataDrivenTestCases">
    <error/>
  </testcase> <!-- testcase -->
  <testcase name="testcase" time="0.363" classname="com.tibco.rest.test.DataDrivenTestCases">
    <error/>
  </testcase> <!-- testcase -->
  <testcase name="testcase" time="0.052" classname="com.tibco.rest.test.DataDrivenTestCases">
    <error/>
  </testcase> <!-- testcase -->
  <testcase name="testcase" time="0.734" classname="com.tibco.rest.test.DataDrivenTestCases">
    <error/>
  </testcase> <!-- testcase -->
  <testcase name="testcase" time="0.417" classname="com.tibco.rest.test.DataDrivenTestCases">
    <error/>
  </testcase> <!-- testcase -->
  <testcase name="testcase" time="0.105" classname="com.tibco.rest.test.DataDrivenTestCases">
    <error/>
  </testcase> <!-- testcase -->
  <testcase name="testcase" time="0.094" classname="com.tibco.rest.test.DataDrivenTestCases">
    <error/>
  </testcase> <!-- testcase -->
  <testcase name="testcase" time="0.356" classname="com.tibco.rest.test.DataDrivenTestCases">
    <error/>
  </testcase> <!-- testcase -->
  <testcase name="testcase" time="0.087" classname="com.tibco.rest.test.DataDrivenTestCases">
    <error/>
  </testcase> <!-- testcase -->
  <testcase name="testcase" time="0.313" classname="com.tibco.rest.test.DataDrivenTestCases">
    <error/>
  </testcase> <!-- testcase -->
  <testcase name="testcase" time="0.312" classname="com.tibco.rest.test.DataDrivenTestCases">
    <error/>
  </testcase> <!-- testcase -->
  <testcase name="testcase" time="0.148" classname="com.tibco.rest.test.DataDrivenTestCases">
    <error/>
  </testcase> <!-- testcase -->
  <testcase name="testcase" time="0.583" classname="com.tibco.rest.test.DataDrivenTestCases">
    <error/>
  </testcase> <!-- testcase -->
  <testcase name="testcase" time="0.324" classname="com.tibco.rest.test.DataDrivenTestCases">
    <error/>
  </testcase> <!-- testcase -->
  <testcase name="testcase" time="0.150" classname="com.tibco.rest.test.DataDrivenTestCases">
    <error/>
  </testcase> <!-- testcase -->
  <testcase name="testcase" time="0.135" classname="com.tibco.rest.test.DataDrivenTestCases">
    <error/>
  </testcase> <!-- testcase -->
  <testcase name="testcase" time="0.744" classname="com.tibco.rest.test.DataDrivenTestCases">
    <error/>
  </testcase> <!-- testcase -->
  <testcase name="testcase" time="0.152" classname="com.tibco.rest.test.DataDrivenTestCases">
    <error/>
  </testcase> <!-- testcase -->
  <testcase name="testcase" time="0.208" classname="com.tibco.rest.test.DataDrivenTestCases">
    <error/>
  </testcase> <!-- testcase -->
  <testcase name="testcase" time="0.100" classname="com.tibco.rest.test.DataDrivenTestCases">
    <error/>
  </testcase> <!-- testcase -->
  <testcase name="testcase" time="0.123" classname="com.tibco.rest.test.DataDrivenTestCases">
    <error/>
  </testcase> <!-- testcase -->
  <testcase name="testcase" time="0.385" classname="com.tibco.rest.test.DataDrivenTestCases">
    <error/>
  </testcase> <!-- testcase -->
  <testcase name="testcase" time="0.162" classname="com.tibco.rest.test.DataDrivenTestCases">
    <error/>
  </testcase> <!-- testcase -->
  <testcase name="testcase" time="0.181" classname="com.tibco.rest.test.DataDrivenTestCases">
    <error/>
  </testcase> <!-- testcase -->
  <testcase name="testcase" time="0.392" classname="com.tibco.rest.test.DataDrivenTestCases">
    <error/>
  </testcase> <!-- testcase -->
  <testcase name="testcase" time="0.309" classname="com.tibco.rest.test.DataDrivenTestCases">
    <error/>
  </testcase> <!-- testcase -->
  <testcase name="testcase" time="0.072" classname="com.tibco.rest.test.DataDrivenTestCases">
    <error/>
  </testcase> <!-- testcase -->
  <testcase name="testcase" time="0.681" classname="com.tibco.rest.test.DataDrivenTestCases">
    <error/>
  </testcase> <!-- testcase -->
  <testcase name="testcase" time="0.910" classname="com.tibco.rest.test.DataDrivenTestCases">
    <failure type="java.lang.AssertionError" message="Expected value should be &quot;EDIFACT&quot; : Actual value is &quot;EZComm&quot;">
      <![CDATA[java.lang.AssertionError: Expected value should be "EDIFACT" : Actual value is "EZComm"
	at com.tibco.rest.restAssured.Assertions.assertTrue(Assertions.java:166)
	at com.tibco.rest.restAssured.Assertions.assertEquals(Assertions.java:183)
	at com.tibco.rest.test.DataDrivenTestCases.verifyResponse(DataDrivenTestCases.java:508)
	at com.tibco.rest.test.DataDrivenTestCases.testcase(DataDrivenTestCases.java:352)
	at sun.reflect.GeneratedMethodAccessor63.invoke(Unknown Source)
	at sun.reflect.DelegatingMethodAccessorImpl.invoke(Unknown Source)
	at java.lang.reflect.Method.invoke(Unknown Source)
	at org.testng.internal.MethodInvocationHelper.invokeMethod(MethodInvocationHelper.java:108)
	at org.testng.internal.Invoker.invokeMethod(Invoker.java:661)
	at org.testng.internal.Invoker.invokeTestMethod(Invoker.java:869)
	at org.testng.internal.Invoker.invokeTestMethods(Invoker.java:1193)
	at org.testng.internal.TestMethodWorker.invokeTestMethods(TestMethodWorker.java:126)
	at org.testng.internal.TestMethodWorker.run(TestMethodWorker.java:109)
	at org.testng.TestRunner.privateRun(TestRunner.java:744)
	at org.testng.TestRunner.run(TestRunner.java:602)
	at org.testng.SuiteRunner.runTest(SuiteRunner.java:380)
	at org.testng.SuiteRunner.runSequentially(SuiteRunner.java:375)
	at org.testng.SuiteRunner.privateRun(SuiteRunner.java:340)
	at org.testng.SuiteRunner.run(SuiteRunner.java:289)
	at org.testng.SuiteRunnerWorker.runSuite(SuiteRunnerWorker.java:52)
	at org.testng.SuiteRunnerWorker.run(SuiteRunnerWorker.java:86)
	at org.testng.TestNG.runSuitesSequentially(TestNG.java:1301)
	at org.testng.TestNG.runSuitesLocally(TestNG.java:1226)
	at org.testng.TestNG.runSuites(TestNG.java:1144)
	at org.testng.TestNG.run(TestNG.java:1115)
	at org.testng.TestNG.privateMain(TestNG.java:1442)
	at org.testng.TestNG.main(TestNG.java:1411)
]]>
    </failure>
  </testcase> <!-- testcase -->
  <testcase name="testcase" time="0.249" classname="com.tibco.rest.test.DataDrivenTestCases">
    <error/>
  </testcase> <!-- testcase -->
  <testcase name="testcase" time="0.159" classname="com.tibco.rest.test.DataDrivenTestCases">
    <error/>
  </testcase> <!-- testcase -->
  <testcase name="testcase" time="0.728" classname="com.tibco.rest.test.DataDrivenTestCases">
    <error/>
  </testcase> <!-- testcase -->
  <testcase name="testcase" time="0.106" classname="com.tibco.rest.test.DataDrivenTestCases">
    <error/>
  </testcase> <!-- testcase -->
  <testcase name="testcase" time="0.139" classname="com.tibco.rest.test.DataDrivenTestCases">
    <error/>
  </testcase> <!-- testcase -->
  <testcase name="testcase" time="0.080" classname="com.tibco.rest.test.DataDrivenTestCases">
    <failure type="java.lang.AssertionError" message="Expected value should contains &quot;Invalid credentials&quot; : Actual value is &quot;Invalid credentials&quot;">
      <![CDATA[java.lang.AssertionError: Expected value should contains "Invalid credentials" : Actual value is "Invalid credentials"
	at com.tibco.rest.restAssured.Assertions.assertTrue(Assertions.java:166)
	at com.tibco.rest.restAssured.Assertions.assertContains(Assertions.java:212)
	at com.tibco.rest.test.DataDrivenTestCases.verifyResponse(DataDrivenTestCases.java:533)
	at com.tibco.rest.test.DataDrivenTestCases.testcase(DataDrivenTestCases.java:352)
	at sun.reflect.GeneratedMethodAccessor63.invoke(Unknown Source)
	at sun.reflect.DelegatingMethodAccessorImpl.invoke(Unknown Source)
	at java.lang.reflect.Method.invoke(Unknown Source)
	at org.testng.internal.MethodInvocationHelper.invokeMethod(MethodInvocationHelper.java:108)
	at org.testng.internal.Invoker.invokeMethod(Invoker.java:661)
	at org.testng.internal.Invoker.invokeTestMethod(Invoker.java:869)
	at org.testng.internal.Invoker.invokeTestMethods(Invoker.java:1193)
	at org.testng.internal.TestMethodWorker.invokeTestMethods(TestMethodWorker.java:126)
	at org.testng.internal.TestMethodWorker.run(TestMethodWorker.java:109)
	at org.testng.TestRunner.privateRun(TestRunner.java:744)
	at org.testng.TestRunner.run(TestRunner.java:602)
	at org.testng.SuiteRunner.runTest(SuiteRunner.java:380)
	at org.testng.SuiteRunner.runSequentially(SuiteRunner.java:375)
	at org.testng.SuiteRunner.privateRun(SuiteRunner.java:340)
	at org.testng.SuiteRunner.run(SuiteRunner.java:289)
	at org.testng.SuiteRunnerWorker.runSuite(SuiteRunnerWorker.java:52)
	at org.testng.SuiteRunnerWorker.run(SuiteRunnerWorker.java:86)
	at org.testng.TestNG.runSuitesSequentially(TestNG.java:1301)
	at org.testng.TestNG.runSuitesLocally(TestNG.java:1226)
	at org.testng.TestNG.runSuites(TestNG.java:1144)
	at org.testng.TestNG.run(TestNG.java:1115)
	at org.testng.TestNG.privateMain(TestNG.java:1442)
	at org.testng.TestNG.main(TestNG.java:1411)
]]>
    </failure>
  </testcase> <!-- testcase -->
  <testcase name="testcase" time="0.232" classname="com.tibco.rest.test.DataDrivenTestCases">
    <error/>
  </testcase> <!-- testcase -->
  <testcase name="testcase" time="0.357" classname="com.tibco.rest.test.DataDrivenTestCases">
    <error/>
  </testcase> <!-- testcase -->
  <testcase name="testcase" time="0.056" classname="com.tibco.rest.test.DataDrivenTestCases">
    <error/>
  </testcase> <!-- testcase -->
  <testcase name="testcase" time="0.295" classname="com.tibco.rest.test.DataDrivenTestCases">
    <error/>
  </testcase> <!-- testcase -->
  <testcase name="testcase" time="0.369" classname="com.tibco.rest.test.DataDrivenTestCases">
    <error/>
  </testcase> <!-- testcase -->
  <testcase name="testcase" time="0.560" classname="com.tibco.rest.test.DataDrivenTestCases">
    <error/>
  </testcase> <!-- testcase -->
  <testcase name="testcase" time="0.115" classname="com.tibco.rest.test.DataDrivenTestCases">
    <error/>
  </testcase> <!-- testcase -->
  <testcase name="testcase" time="0.505" classname="com.tibco.rest.test.DataDrivenTestCases">
    <error/>
  </testcase> <!-- testcase -->
  <testcase name="testcase" time="0.253" classname="com.tibco.rest.test.DataDrivenTestCases">
    <error/>
  </testcase> <!-- testcase -->
  <testcase name="testcase" time="0.086" classname="com.tibco.rest.test.DataDrivenTestCases">
    <error/>
  </testcase> <!-- testcase -->
  <testcase name="testcase" time="0.407" classname="com.tibco.rest.test.DataDrivenTestCases">
    <error/>
  </testcase> <!-- testcase -->
  <testcase name="testcase" time="0.755" classname="com.tibco.rest.test.DataDrivenTestCases">
    <error/>
  </testcase> <!-- testcase -->
  <testcase name="testcase" time="0.949" classname="com.tibco.rest.test.DataDrivenTestCases">
    <error/>
  </testcase> <!-- testcase -->
  <testcase name="testcase" time="0.594" classname="com.tibco.rest.test.DataDrivenTestCases">
    <error/>
  </testcase> <!-- testcase -->
  <testcase name="testcase" time="0.720" classname="com.tibco.rest.test.DataDrivenTestCases">
    <error/>
  </testcase> <!-- testcase -->
  <testcase name="testcase" time="1.046" classname="com.tibco.rest.test.DataDrivenTestCases">
    <error/>
  </testcase> <!-- testcase -->
  <testcase name="testcase" time="0.204" classname="com.tibco.rest.test.DataDrivenTestCases">
    <error/>
  </testcase> <!-- testcase -->
  <testcase name="testcase" time="0.552" classname="com.tibco.rest.test.DataDrivenTestCases">
    <error/>
  </testcase> <!-- testcase -->
  <testcase name="testcase" time="0.084" classname="com.tibco.rest.test.DataDrivenTestCases">
    <error/>
  </testcase> <!-- testcase -->
  <testcase name="testcase" time="0.151" classname="com.tibco.rest.test.DataDrivenTestCases">
    <error/>
  </testcase> <!-- testcase -->
  <testcase name="testcase" time="0.119" classname="com.tibco.rest.test.DataDrivenTestCases">
    <error/>
  </testcase> <!-- testcase -->
  <testcase name="testcase" time="0.106" classname="com.tibco.rest.test.DataDrivenTestCases">
    <error/>
  </testcase> <!-- testcase -->
  <testcase name="testcase" time="0.157" classname="com.tibco.rest.test.DataDrivenTestCases">
    <error/>
  </testcase> <!-- testcase -->
  <testcase name="testcase" time="0.129" classname="com.tibco.rest.test.DataDrivenTestCases">
    <error/>
  </testcase> <!-- testcase -->
  <testcase name="testcase" time="0.443" classname="com.tibco.rest.test.DataDrivenTestCases">
    <error/>
  </testcase> <!-- testcase -->
  <testcase name="testcase" time="0.088" classname="com.tibco.rest.test.DataDrivenTestCases">
    <error/>
  </testcase> <!-- testcase -->
  <testcase name="testcase" time="0.121" classname="com.tibco.rest.test.DataDrivenTestCases">
    <error/>
  </testcase> <!-- testcase -->
  <testcase name="testcase" time="0.064" classname="com.tibco.rest.test.DataDrivenTestCases">
    <error/>
  </testcase> <!-- testcase -->
  <testcase name="testcase" time="0.295" classname="com.tibco.rest.test.DataDrivenTestCases">
    <error/>
  </testcase> <!-- testcase -->
  <testcase name="testcase" time="0.091" classname="com.tibco.rest.test.DataDrivenTestCases">
    <error/>
  </testcase> <!-- testcase -->
  <testcase name="testcase" time="0.955" classname="com.tibco.rest.test.DataDrivenTestCases">
    <error/>
  </testcase> <!-- testcase -->
  <testcase name="testcase" time="0.104" classname="com.tibco.rest.test.DataDrivenTestCases">
    <error/>
  </testcase> <!-- testcase -->
  <testcase name="testcase" time="0.451" classname="com.tibco.rest.test.DataDrivenTestCases">
    <error/>
  </testcase> <!-- testcase -->
  <testcase name="testcase" time="0.126" classname="com.tibco.rest.test.DataDrivenTestCases">
    <error/>
  </testcase> <!-- testcase -->
  <testcase name="testcase" time="0.106" classname="com.tibco.rest.test.DataDrivenTestCases">
    <error/>
  </testcase> <!-- testcase -->
  <testcase name="testcase" time="0.549" classname="com.tibco.rest.test.DataDrivenTestCases">
    <failure type="java.lang.AssertionError" message="Expected value should be &quot;RosettaNet&quot; : Actual value is &quot;X12&quot;">
      <![CDATA[java.lang.AssertionError: Expected value should be "RosettaNet" : Actual value is "X12"
	at com.tibco.rest.restAssured.Assertions.assertTrue(Assertions.java:166)
	at com.tibco.rest.restAssured.Assertions.assertEquals(Assertions.java:183)
	at com.tibco.rest.test.DataDrivenTestCases.verifyResponse(DataDrivenTestCases.java:508)
	at com.tibco.rest.test.DataDrivenTestCases.testcase(DataDrivenTestCases.java:352)
	at sun.reflect.GeneratedMethodAccessor63.invoke(Unknown Source)
	at sun.reflect.DelegatingMethodAccessorImpl.invoke(Unknown Source)
	at java.lang.reflect.Method.invoke(Unknown Source)
	at org.testng.internal.MethodInvocationHelper.invokeMethod(MethodInvocationHelper.java:108)
	at org.testng.internal.Invoker.invokeMethod(Invoker.java:661)
	at org.testng.internal.Invoker.invokeTestMethod(Invoker.java:869)
	at org.testng.internal.Invoker.invokeTestMethods(Invoker.java:1193)
	at org.testng.internal.TestMethodWorker.invokeTestMethods(TestMethodWorker.java:126)
	at org.testng.internal.TestMethodWorker.run(TestMethodWorker.java:109)
	at org.testng.TestRunner.privateRun(TestRunner.java:744)
	at org.testng.TestRunner.run(TestRunner.java:602)
	at org.testng.SuiteRunner.runTest(SuiteRunner.java:380)
	at org.testng.SuiteRunner.runSequentially(SuiteRunner.java:375)
	at org.testng.SuiteRunner.privateRun(SuiteRunner.java:340)
	at org.testng.SuiteRunner.run(SuiteRunner.java:289)
	at org.testng.SuiteRunnerWorker.runSuite(SuiteRunnerWorker.java:52)
	at org.testng.SuiteRunnerWorker.run(SuiteRunnerWorker.java:86)
	at org.testng.TestNG.runSuitesSequentially(TestNG.java:1301)
	at org.testng.TestNG.runSuitesLocally(TestNG.java:1226)
	at org.testng.TestNG.runSuites(TestNG.java:1144)
	at org.testng.TestNG.run(TestNG.java:1115)
	at org.testng.TestNG.privateMain(TestNG.java:1442)
	at org.testng.TestNG.main(TestNG.java:1411)
]]>
    </failure>
  </testcase> <!-- testcase -->
  <testcase name="testcase" time="0.595" classname="com.tibco.rest.test.DataDrivenTestCases">
    <error/>
  </testcase> <!-- testcase -->
  <testcase name="testcase" time="0.102" classname="com.tibco.rest.test.DataDrivenTestCases">
    <error/>
  </testcase> <!-- testcase -->
  <testcase name="testcase" time="1.246" classname="com.tibco.rest.test.DataDrivenTestCases">
    <error/>
  </testcase> <!-- testcase -->
  <testcase name="testcase" time="0.097" classname="com.tibco.rest.test.DataDrivenTestCases">
    <error/>
  </testcase> <!-- testcase -->
  <testcase name="testcase" time="0.638" classname="com.tibco.rest.test.DataDrivenTestCases">
    <error/>
  </testcase> <!-- testcase -->
  <testcase name="testcase" time="0.098" classname="com.tibco.rest.test.DataDrivenTestCases">
    <error/>
  </testcase> <!-- testcase -->
  <testcase name="testcase" time="0.097" classname="com.tibco.rest.test.DataDrivenTestCases">
    <error/>
  </testcase> <!-- testcase -->
  <testcase name="testcase" time="0.088" classname="com.tibco.rest.test.DataDrivenTestCases">
    <error/>
  </testcase> <!-- testcase -->
  <testcase name="testcase" time="0.107" classname="com.tibco.rest.test.DataDrivenTestCases">
    <error/>
  </testcase> <!-- testcase -->
  <testcase name="testcase" time="0.247" classname="com.tibco.rest.test.DataDrivenTestCases">
    <error/>
  </testcase> <!-- testcase -->
  <testcase name="testcase" time="0.175" classname="com.tibco.rest.test.DataDrivenTestCases">
    <error/>
  </testcase> <!-- testcase -->
  <testcase name="testcase" time="4.416" classname="com.tibco.rest.test.DataDrivenTestCases">
    <error/>
  </testcase> <!-- testcase -->
  <testcase name="testcase" time="1.243" classname="com.tibco.rest.test.DataDrivenTestCases">
    <error/>
  </testcase> <!-- testcase -->
  <testcase name="testcase" time="0.194" classname="com.tibco.rest.test.DataDrivenTestCases">
    <error/>
  </testcase> <!-- testcase -->
  <testcase name="testcase" time="0.154" classname="com.tibco.rest.test.DataDrivenTestCases">
    <error/>
  </testcase> <!-- testcase -->
  <testcase name="testcase" time="0.443" classname="com.tibco.rest.test.DataDrivenTestCases">
    <error/>
  </testcase> <!-- testcase -->
  <testcase name="testcase" time="0.102" classname="com.tibco.rest.test.DataDrivenTestCases">
    <error/>
  </testcase> <!-- testcase -->
  <testcase name="testcase" time="0.083" classname="com.tibco.rest.test.DataDrivenTestCases">
    <error/>
  </testcase> <!-- testcase -->
  <testcase name="testcase" time="0.157" classname="com.tibco.rest.test.DataDrivenTestCases">
    <error/>
  </testcase> <!-- testcase -->
  <testcase name="testcase" time="0.232" classname="com.tibco.rest.test.DataDrivenTestCases">
    <error/>
  </testcase> <!-- testcase -->
  <testcase name="testcase" time="0.130" classname="com.tibco.rest.test.DataDrivenTestCases">
    <error/>
  </testcase> <!-- testcase -->
  <testcase name="testcase" time="0.171" classname="com.tibco.rest.test.DataDrivenTestCases">
    <error/>
  </testcase> <!-- testcase -->
  <testcase name="testcase" time="0.638" classname="com.tibco.rest.test.DataDrivenTestCases">
    <error/>
  </testcase> <!-- testcase -->
  <testcase name="testcase" time="0.056" classname="com.tibco.rest.test.DataDrivenTestCases">
    <error/>
  </testcase> <!-- testcase -->
  <testcase name="testcase" time="0.117" classname="com.tibco.rest.test.DataDrivenTestCases">
    <error/>
  </testcase> <!-- testcase -->
  <testcase name="testcase" time="0.246" classname="com.tibco.rest.test.DataDrivenTestCases">
    <error/>
  </testcase> <!-- testcase -->
  <testcase name="testcase" time="0.267" classname="com.tibco.rest.test.DataDrivenTestCases">
    <error/>
  </testcase> <!-- testcase -->
  <testcase name="testcase" time="0.712" classname="com.tibco.rest.test.DataDrivenTestCases">
    <error/>
  </testcase> <!-- testcase -->
  <testcase name="testcase" time="0.363" classname="com.tibco.rest.test.DataDrivenTestCases">
    <error/>
  </testcase> <!-- testcase -->
  <testcase name="testcase" time="0.163" classname="com.tibco.rest.test.DataDrivenTestCases">
    <error/>
  </testcase> <!-- testcase -->
  <testcase name="testcase" time="0.192" classname="com.tibco.rest.test.DataDrivenTestCases">
    <error/>
  </testcase> <!-- testcase -->
  <testcase name="testcase" time="0.272" classname="com.tibco.rest.test.DataDrivenTestCases">
    <error/>
  </testcase> <!-- testcase -->
  <testcase name="testcase" time="0.399" classname="com.tibco.rest.test.DataDrivenTestCases">
    <error/>
  </testcase> <!-- testcase -->
  <testcase name="testcase" time="0.305" classname="com.tibco.rest.test.DataDrivenTestCases">
    <error/>
  </testcase> <!-- testcase -->
  <testcase name="testcase" time="0.080" classname="com.tibco.rest.test.DataDrivenTestCases">
    <error/>
  </testcase> <!-- testcase -->
  <testcase name="testcase" time="0.135" classname="com.tibco.rest.test.DataDrivenTestCases">
    <error/>
  </testcase> <!-- testcase -->
  <testcase name="testcase" time="0.840" classname="com.tibco.rest.test.DataDrivenTestCases">
    <error/>
  </testcase> <!-- testcase -->
  <testcase name="testcase" time="0.127" classname="com.tibco.rest.test.DataDrivenTestCases">
    <error/>
  </testcase> <!-- testcase -->
  <testcase name="testcase" time="28.085" classname="com.tibco.rest.test.DataDrivenTestCases">
    <error/>
  </testcase> <!-- testcase -->
  <testcase name="testcase" time="0.088" classname="com.tibco.rest.test.DataDrivenTestCases">
    <error/>
  </testcase> <!-- testcase -->
  <testcase name="testcase" time="0.367" classname="com.tibco.rest.test.DataDrivenTestCases">
    <error/>
  </testcase> <!-- testcase -->
  <testcase name="testcase" time="0.904" classname="com.tibco.rest.test.DataDrivenTestCases">
    <error/>
  </testcase> <!-- testcase -->
  <testcase name="testcase" time="0.867" classname="com.tibco.rest.test.DataDrivenTestCases">
    <error/>
  </testcase> <!-- testcase -->
  <testcase name="testcase" time="0.152" classname="com.tibco.rest.test.DataDrivenTestCases">
    <error/>
  </testcase> <!-- testcase -->
  <testcase name="testcase" time="0.148" classname="com.tibco.rest.test.DataDrivenTestCases">
    <error/>
  </testcase> <!-- testcase -->
  <testcase name="testcase" time="0.117" classname="com.tibco.rest.test.DataDrivenTestCases">
    <error/>
  </testcase> <!-- testcase -->
  <testcase name="testcase" time="0.126" classname="com.tibco.rest.test.DataDrivenTestCases">
    <error/>
  </testcase> <!-- testcase -->
  <testcase name="testcase" time="0.785" classname="com.tibco.rest.test.DataDrivenTestCases">
    <error/>
  </testcase> <!-- testcase -->
  <testcase name="testcase" time="0.094" classname="com.tibco.rest.test.DataDrivenTestCases">
    <error/>
  </testcase> <!-- testcase -->
  <testcase name="testcase" time="0.441" classname="com.tibco.rest.test.DataDrivenTestCases">
    <error/>
  </testcase> <!-- testcase -->
  <testcase name="testcase" time="0.073" classname="com.tibco.rest.test.DataDrivenTestCases">
    <error/>
  </testcase> <!-- testcase -->
  <testcase name="testcase" time="0.164" classname="com.tibco.rest.test.DataDrivenTestCases">
    <error/>
  </testcase> <!-- testcase -->
  <testcase name="testcase" time="0.274" classname="com.tibco.rest.test.DataDrivenTestCases">
    <error/>
  </testcase> <!-- testcase -->
  <testcase name="testcase" time="0.563" classname="com.tibco.rest.test.DataDrivenTestCases">
    <error/>
  </testcase> <!-- testcase -->
  <testcase name="testcase" time="0.089" classname="com.tibco.rest.test.DataDrivenTestCases">
    <error/>
  </testcase> <!-- testcase -->
  <testcase name="testcase" time="0.409" classname="com.tibco.rest.test.DataDrivenTestCases">
    <error/>
  </testcase> <!-- testcase -->
  <testcase name="testcase" time="0.222" classname="com.tibco.rest.test.DataDrivenTestCases">
    <error/>
  </testcase> <!-- testcase -->
  <testcase name="testcase" time="1.095" classname="com.tibco.rest.test.DataDrivenTestCases">
    <error/>
  </testcase> <!-- testcase -->
  <testcase name="testcase" time="0.087" classname="com.tibco.rest.test.DataDrivenTestCases">
    <error/>
  </testcase> <!-- testcase -->
  <testcase name="testcase" time="0.235" classname="com.tibco.rest.test.DataDrivenTestCases">
    <error/>
  </testcase> <!-- testcase -->
  <testcase name="testcase" time="13.527" classname="com.tibco.rest.test.DataDrivenTestCases">
    <error/>
  </testcase> <!-- testcase -->
  <testcase name="testcase" time="0.533" classname="com.tibco.rest.test.DataDrivenTestCases">
    <error/>
  </testcase> <!-- testcase -->
  <testcase name="testcase" time="0.087" classname="com.tibco.rest.test.DataDrivenTestCases">
    <error/>
  </testcase> <!-- testcase -->
  <testcase name="testcase" time="0.494" classname="com.tibco.rest.test.DataDrivenTestCases">
    <error/>
  </testcase> <!-- testcase -->
  <testcase name="testcase" time="0.777" classname="com.tibco.rest.test.DataDrivenTestCases">
    <error/>
  </testcase> <!-- testcase -->
  <testcase name="testcase" time="0.382" classname="com.tibco.rest.test.DataDrivenTestCases">
    <error/>
  </testcase> <!-- testcase -->
  <testcase name="testcase" time="0.059" classname="com.tibco.rest.test.DataDrivenTestCases">
    <error/>
  </testcase> <!-- testcase -->
  <testcase name="testcase" time="0.130" classname="com.tibco.rest.test.DataDrivenTestCases">
    <error/>
  </testcase> <!-- testcase -->
  <testcase name="testcase" time="0.122" classname="com.tibco.rest.test.DataDrivenTestCases">
    <error/>
  </testcase> <!-- testcase -->
  <testcase name="testcase" time="0.111" classname="com.tibco.rest.test.DataDrivenTestCases">
    <error/>
  </testcase> <!-- testcase -->
  <testcase name="testcase" time="0.558" classname="com.tibco.rest.test.DataDrivenTestCases">
    <error/>
  </testcase> <!-- testcase -->
  <testcase name="testcase" time="0.542" classname="com.tibco.rest.test.DataDrivenTestCases">
    <error/>
  </testcase> <!-- testcase -->
  <testcase name="testcase" time="0.366" classname="com.tibco.rest.test.DataDrivenTestCases">
    <error/>
  </testcase> <!-- testcase -->
  <testcase name="testcase" time="1.868" classname="com.tibco.rest.test.DataDrivenTestCases">
    <error/>
  </testcase> <!-- testcase -->
  <testcase name="testcase" time="0.137" classname="com.tibco.rest.test.DataDrivenTestCases">
    <error/>
  </testcase> <!-- testcase -->
  <testcase name="testcase" time="0.285" classname="com.tibco.rest.test.DataDrivenTestCases">
    <error/>
  </testcase> <!-- testcase -->
  <testcase name="testcase" time="0.441" classname="com.tibco.rest.test.DataDrivenTestCases">
    <error/>
  </testcase> <!-- testcase -->
  <testcase name="testcase" time="0.440" classname="com.tibco.rest.test.DataDrivenTestCases">
    <error/>
  </testcase> <!-- testcase -->
  <testcase name="testcase" time="0.062" classname="com.tibco.rest.test.DataDrivenTestCases">
    <error/>
  </testcase> <!-- testcase -->
  <testcase name="testcase" time="0.835" classname="com.tibco.rest.test.DataDrivenTestCases">
    <error/>
  </testcase> <!-- testcase -->
  <testcase name="testcase" time="0.272" classname="com.tibco.rest.test.DataDrivenTestCases">
    <error/>
  </testcase> <!-- testcase -->
  <testcase name="testcase" time="0.164" classname="com.tibco.rest.test.DataDrivenTestCases">
    <error/>
  </testcase> <!-- testcase -->
  <testcase name="testcase" time="0.550" classname="com.tibco.rest.test.DataDrivenTestCases">
    <error/>
  </testcase> <!-- testcase -->
  <testcase name="testcase" time="0.481" classname="com.tibco.rest.test.DataDrivenTestCases">
    <error/>
  </testcase> <!-- testcase -->
  <testcase name="testcase" time="0.115" classname="com.tibco.rest.test.DataDrivenTestCases">
    <error/>
  </testcase> <!-- testcase -->
  <testcase name="testcase" time="0.077" classname="com.tibco.rest.test.DataDrivenTestCases">
    <error/>
  </testcase> <!-- testcase -->
  <testcase name="testcase" time="0.403" classname="com.tibco.rest.test.DataDrivenTestCases">
    <error/>
  </testcase> <!-- testcase -->
  <testcase name="testcase" time="0.878" classname="com.tibco.rest.test.DataDrivenTestCases">
    <error/>
  </testcase> <!-- testcase -->
  <testcase name="testcase" time="0.392" classname="com.tibco.rest.test.DataDrivenTestCases">
    <error/>
  </testcase> <!-- testcase -->
  <testcase name="testcase" time="0.088" classname="com.tibco.rest.test.DataDrivenTestCases">
    <error/>
  </testcase> <!-- testcase -->
  <testcase name="testcase" time="0.086" classname="com.tibco.rest.test.DataDrivenTestCases">
    <failure type="java.lang.AssertionError" message="Expected value should be &quot;bc=dev1&quot; : Actual value is &quot;bc=dev&quot;">
      <![CDATA[java.lang.AssertionError: Expected value should be "bc=dev1" : Actual value is "bc=dev"
	at com.tibco.rest.restAssured.Assertions.assertTrue(Assertions.java:166)
	at com.tibco.rest.restAssured.Assertions.assertEquals(Assertions.java:183)
	at com.tibco.rest.test.DataDrivenTestCases.verifyResponse(DataDrivenTestCases.java:508)
	at com.tibco.rest.test.DataDrivenTestCases.testcase(DataDrivenTestCases.java:352)
	at sun.reflect.GeneratedMethodAccessor63.invoke(Unknown Source)
	at sun.reflect.DelegatingMethodAccessorImpl.invoke(Unknown Source)
	at java.lang.reflect.Method.invoke(Unknown Source)
	at org.testng.internal.MethodInvocationHelper.invokeMethod(MethodInvocationHelper.java:108)
	at org.testng.internal.Invoker.invokeMethod(Invoker.java:661)
	at org.testng.internal.Invoker.invokeTestMethod(Invoker.java:869)
	at org.testng.internal.Invoker.invokeTestMethods(Invoker.java:1193)
	at org.testng.internal.TestMethodWorker.invokeTestMethods(TestMethodWorker.java:126)
	at org.testng.internal.TestMethodWorker.run(TestMethodWorker.java:109)
	at org.testng.TestRunner.privateRun(TestRunner.java:744)
	at org.testng.TestRunner.run(TestRunner.java:602)
	at org.testng.SuiteRunner.runTest(SuiteRunner.java:380)
	at org.testng.SuiteRunner.runSequentially(SuiteRunner.java:375)
	at org.testng.SuiteRunner.privateRun(SuiteRunner.java:340)
	at org.testng.SuiteRunner.run(SuiteRunner.java:289)
	at org.testng.SuiteRunnerWorker.runSuite(SuiteRunnerWorker.java:52)
	at org.testng.SuiteRunnerWorker.run(SuiteRunnerWorker.java:86)
	at org.testng.TestNG.runSuitesSequentially(TestNG.java:1301)
	at org.testng.TestNG.runSuitesLocally(TestNG.java:1226)
	at org.testng.TestNG.runSuites(TestNG.java:1144)
	at org.testng.TestNG.run(TestNG.java:1115)
	at org.testng.TestNG.privateMain(TestNG.java:1442)
	at org.testng.TestNG.main(TestNG.java:1411)
]]>
    </failure>
  </testcase> <!-- testcase -->
  <testcase name="testcase" time="0.615" classname="com.tibco.rest.test.DataDrivenTestCases">
    <error/>
  </testcase> <!-- testcase -->
  <testcase name="testcase" time="0.077" classname="com.tibco.rest.test.DataDrivenTestCases">
    <error/>
  </testcase> <!-- testcase -->
  <testcase name="testcase" time="0.650" classname="com.tibco.rest.test.DataDrivenTestCases">
    <error/>
  </testcase> <!-- testcase -->
  <testcase name="testcase" time="0.927" classname="com.tibco.rest.test.DataDrivenTestCases">
    <error/>
  </testcase> <!-- testcase -->
  <testcase name="testcase" time="0.066" classname="com.tibco.rest.test.DataDrivenTestCases">
    <error/>
  </testcase> <!-- testcase -->
  <testcase name="testcase" time="0.142" classname="com.tibco.rest.test.DataDrivenTestCases">
    <error/>
  </testcase> <!-- testcase -->
  <testcase name="testcase" time="0.295" classname="com.tibco.rest.test.DataDrivenTestCases">
    <error/>
  </testcase> <!-- testcase -->
  <testcase name="testcase" time="0.135" classname="com.tibco.rest.test.DataDrivenTestCases">
    <error/>
  </testcase> <!-- testcase -->
  <testcase name="testcase" time="0.404" classname="com.tibco.rest.test.DataDrivenTestCases">
    <error/>
  </testcase> <!-- testcase -->
  <testcase name="testcase" time="0.969" classname="com.tibco.rest.test.DataDrivenTestCases">
    <error/>
  </testcase> <!-- testcase -->
  <testcase name="testcase" time="0.130" classname="com.tibco.rest.test.DataDrivenTestCases">
    <error/>
  </testcase> <!-- testcase -->
  <testcase name="testcase" time="0.056" classname="com.tibco.rest.test.DataDrivenTestCases">
    <error/>
  </testcase> <!-- testcase -->
  <testcase name="testcase" time="0.051" classname="com.tibco.rest.test.DataDrivenTestCases">
    <error/>
  </testcase> <!-- testcase -->
  <testcase name="testcase" time="0.173" classname="com.tibco.rest.test.DataDrivenTestCases">
    <error/>
  </testcase> <!-- testcase -->
  <testcase name="testcase" time="0.524" classname="com.tibco.rest.test.DataDrivenTestCases">
    <error/>
  </testcase> <!-- testcase -->
  <testcase name="testcase" time="0.749" classname="com.tibco.rest.test.DataDrivenTestCases">
    <error/>
  </testcase> <!-- testcase -->
  <testcase name="testcase" time="0.052" classname="com.tibco.rest.test.DataDrivenTestCases">
    <error/>
  </testcase> <!-- testcase -->
  <testcase name="testcase" time="0.144" classname="com.tibco.rest.test.DataDrivenTestCases">
    <error/>
  </testcase> <!-- testcase -->
  <testcase name="testcase" time="0.151" classname="com.tibco.rest.test.DataDrivenTestCases">
    <error/>
  </testcase> <!-- testcase -->
  <testcase name="testcase" time="0.496" classname="com.tibco.rest.test.DataDrivenTestCases">
    <error/>
  </testcase> <!-- testcase -->
  <testcase name="testcase" time="0.156" classname="com.tibco.rest.test.DataDrivenTestCases">
    <error/>
  </testcase> <!-- testcase -->
  <testcase name="testcase" time="0.716" classname="com.tibco.rest.test.DataDrivenTestCases">
    <error/>
  </testcase> <!-- testcase -->
  <testcase name="testcase" time="0.088" classname="com.tibco.rest.test.DataDrivenTestCases">
    <error/>
  </testcase> <!-- testcase -->
  <testcase name="testcase" time="0.084" classname="com.tibco.rest.test.DataDrivenTestCases">
    <error/>
  </testcase> <!-- testcase -->
  <testcase name="testcase" time="0.247" classname="com.tibco.rest.test.DataDrivenTestCases">
    <error/>
  </testcase> <!-- testcase -->
  <testcase name="testcase" time="0.093" classname="com.tibco.rest.test.DataDrivenTestCases">
    <error/>
  </testcase> <!-- testcase -->
  <testcase name="testcase" time="1.058" classname="com.tibco.rest.test.DataDrivenTestCases">
    <error/>
  </testcase> <!-- testcase -->
  <testcase name="testcase" time="0.303" classname="com.tibco.rest.test.DataDrivenTestCases">
    <error/>
  </testcase> <!-- testcase -->
  <testcase name="testcase" time="0.146" classname="com.tibco.rest.test.DataDrivenTestCases">
    <error/>
  </testcase> <!-- testcase -->
  <testcase name="testcase" time="0.138" classname="com.tibco.rest.test.DataDrivenTestCases">
    <error/>
  </testcase> <!-- testcase -->
  <testcase name="testcase" time="0.342" classname="com.tibco.rest.test.DataDrivenTestCases">
    <error/>
  </testcase> <!-- testcase -->
  <testcase name="testcase" time="0.187" classname="com.tibco.rest.test.DataDrivenTestCases">
    <error/>
  </testcase> <!-- testcase -->
  <testcase name="testcase" time="0.355" classname="com.tibco.rest.test.DataDrivenTestCases">
    <error/>
  </testcase> <!-- testcase -->
  <testcase name="testcase" time="0.071" classname="com.tibco.rest.test.DataDrivenTestCases">
    <error/>
  </testcase> <!-- testcase -->
  <testcase name="testcase" time="0.103" classname="com.tibco.rest.test.DataDrivenTestCases">
    <error/>
  </testcase> <!-- testcase -->
  <testcase name="testcase" time="0.306" classname="com.tibco.rest.test.DataDrivenTestCases">
    <error/>
  </testcase> <!-- testcase -->
  <testcase name="testcase" time="0.408" classname="com.tibco.rest.test.DataDrivenTestCases">
    <error/>
  </testcase> <!-- testcase -->
  <testcase name="testcase" time="0.157" classname="com.tibco.rest.test.DataDrivenTestCases">
    <error/>
  </testcase> <!-- testcase -->
  <testcase name="testcase" time="0.887" classname="com.tibco.rest.test.DataDrivenTestCases">
    <error/>
  </testcase> <!-- testcase -->
  <testcase name="testcase" time="0.638" classname="com.tibco.rest.test.DataDrivenTestCases">
    <error/>
  </testcase> <!-- testcase -->
  <testcase name="testcase" time="0.088" classname="com.tibco.rest.test.DataDrivenTestCases">
    <error/>
  </testcase> <!-- testcase -->
  <testcase name="testcase" time="0.120" classname="com.tibco.rest.test.DataDrivenTestCases">
    <error/>
  </testcase> <!-- testcase -->
  <testcase name="testcase" time="0.390" classname="com.tibco.rest.test.DataDrivenTestCases">
    <error/>
  </testcase> <!-- testcase -->
  <testcase name="testcase" time="0.145" classname="com.tibco.rest.test.DataDrivenTestCases">
    <error/>
  </testcase> <!-- testcase -->
  <testcase name="testcase" time="0.193" classname="com.tibco.rest.test.DataDrivenTestCases">
    <error/>
  </testcase> <!-- testcase -->
  <testcase name="testcase" time="1.925" classname="com.tibco.rest.test.DataDrivenTestCases">
    <error/>
  </testcase> <!-- testcase -->
  <testcase name="testcase" time="0.759" classname="com.tibco.rest.test.DataDrivenTestCases">
    <error/>
  </testcase> <!-- testcase -->
  <testcase name="testcase" time="0.147" classname="com.tibco.rest.test.DataDrivenTestCases">
    <error/>
  </testcase> <!-- testcase -->
  <testcase name="testcase" time="0.109" classname="com.tibco.rest.test.DataDrivenTestCases">
    <error/>
  </testcase> <!-- testcase -->
  <testcase name="testcase" time="0.795" classname="com.tibco.rest.test.DataDrivenTestCases">
    <error/>
  </testcase> <!-- testcase -->
  <testcase name="testcase" time="0.392" classname="com.tibco.rest.test.DataDrivenTestCases">
    <error/>
  </testcase> <!-- testcase -->
  <testcase name="testcase" time="0.349" classname="com.tibco.rest.test.DataDrivenTestCases">
    <error/>
  </testcase> <!-- testcase -->
  <testcase name="testcase" time="0.148" classname="com.tibco.rest.test.DataDrivenTestCases">
    <error/>
  </testcase> <!-- testcase -->
  <testcase name="testcase" time="0.266" classname="com.tibco.rest.test.DataDrivenTestCases">
    <error/>
  </testcase> <!-- testcase -->
  <testcase name="testcase" time="0.126" classname="com.tibco.rest.test.DataDrivenTestCases">
    <error/>
  </testcase> <!-- testcase -->
  <testcase name="testcase" time="0.082" classname="com.tibco.rest.test.DataDrivenTestCases">
    <error/>
  </testcase> <!-- testcase -->
  <testcase name="testcase" time="0.362" classname="com.tibco.rest.test.DataDrivenTestCases">
    <error/>
  </testcase> <!-- testcase -->
  <testcase name="testcase" time="1.143" classname="com.tibco.rest.test.DataDrivenTestCases">
    <error/>
  </testcase> <!-- testcase -->
  <testcase name="testcase" time="0.080" classname="com.tibco.rest.test.DataDrivenTestCases">
    <error/>
  </testcase> <!-- testcase -->
  <testcase name="testcase" time="0.357" classname="com.tibco.rest.test.DataDrivenTestCases">
    <error/>
  </testcase> <!-- testcase -->
  <testcase name="testcase" time="0.124" classname="com.tibco.rest.test.DataDrivenTestCases">
    <error/>
  </testcase> <!-- testcase -->
  <testcase name="testcase" time="0.112" classname="com.tibco.rest.test.DataDrivenTestCases">
    <error/>
  </testcase> <!-- testcase -->
  <testcase name="testcase" time="0.057" classname="com.tibco.rest.test.DataDrivenTestCases">
    <error/>
  </testcase> <!-- testcase -->
  <testcase name="testcase" time="0.325" classname="com.tibco.rest.test.DataDrivenTestCases">
    <error/>
  </testcase> <!-- testcase -->
  <testcase name="testcase" time="0.304" classname="com.tibco.rest.test.DataDrivenTestCases">
    <error/>
  </testcase> <!-- testcase -->
  <testcase name="testcase" time="0.101" classname="com.tibco.rest.test.DataDrivenTestCases">
    <error/>
  </testcase> <!-- testcase -->
  <testcase name="testcase" time="0.541" classname="com.tibco.rest.test.DataDrivenTestCases">
    <error/>
  </testcase> <!-- testcase -->
  <testcase name="testcase" time="0.517" classname="com.tibco.rest.test.DataDrivenTestCases">
    <error/>
  </testcase> <!-- testcase -->
  <testcase name="testcase" time="0.071" classname="com.tibco.rest.test.DataDrivenTestCases">
    <error/>
  </testcase> <!-- testcase -->
  <testcase name="testcase" time="0.517" classname="com.tibco.rest.test.DataDrivenTestCases">
    <error/>
  </testcase> <!-- testcase -->
  <testcase name="testcase" time="0.095" classname="com.tibco.rest.test.DataDrivenTestCases">
    <error/>
  </testcase> <!-- testcase -->
  <testcase name="testcase" time="0.196" classname="com.tibco.rest.test.DataDrivenTestCases">
    <error/>
  </testcase> <!-- testcase -->
  <testcase name="testcase" time="0.866" classname="com.tibco.rest.test.DataDrivenTestCases">
    <error/>
  </testcase> <!-- testcase -->
  <testcase name="testcase" time="0.430" classname="com.tibco.rest.test.DataDrivenTestCases">
    <error/>
  </testcase> <!-- testcase -->
  <testcase name="testcase" time="0.513" classname="com.tibco.rest.test.DataDrivenTestCases">
    <error/>
  </testcase> <!-- testcase -->
  <testcase name="testcase" time="0.074" classname="com.tibco.rest.test.DataDrivenTestCases">
    <error/>
  </testcase> <!-- testcase -->
  <testcase name="testcase" time="0.087" classname="com.tibco.rest.test.DataDrivenTestCases">
    <error/>
  </testcase> <!-- testcase -->
  <testcase name="testcase" time="0.132" classname="com.tibco.rest.test.DataDrivenTestCases">
    <error/>
  </testcase> <!-- testcase -->
  <testcase name="testcase" time="0.796" classname="com.tibco.rest.test.DataDrivenTestCases">
    <error/>
  </testcase> <!-- testcase -->
  <testcase name="testcase" time="0.093" classname="com.tibco.rest.test.DataDrivenTestCases">
    <error/>
  </testcase> <!-- testcase -->
  <testcase name="testcase" time="0.467" classname="com.tibco.rest.test.DataDrivenTestCases">
    <error/>
  </testcase> <!-- testcase -->
  <testcase name="testcase" time="0.534" classname="com.tibco.rest.test.DataDrivenTestCases">
    <error/>
  </testcase> <!-- testcase -->
  <testcase name="testcase" time="0.152" classname="com.tibco.rest.test.DataDrivenTestCases">
    <error/>
  </testcase> <!-- testcase -->
  <testcase name="testcase" time="0.219" classname="com.tibco.rest.test.DataDrivenTestCases">
    <error/>
  </testcase> <!-- testcase -->
  <testcase name="testcase" time="0.097" classname="com.tibco.rest.test.DataDrivenTestCases">
    <error/>
  </testcase> <!-- testcase -->
  <testcase name="testcase" time="0.097" classname="com.tibco.rest.test.DataDrivenTestCases">
    <error/>
  </testcase> <!-- testcase -->
  <testcase name="testcase" time="0.405" classname="com.tibco.rest.test.DataDrivenTestCases">
    <error/>
  </testcase> <!-- testcase -->
  <testcase name="testcase" time="0.128" classname="com.tibco.rest.test.DataDrivenTestCases">
    <error/>
  </testcase> <!-- testcase -->
  <testcase name="testcase" time="0.063" classname="com.tibco.rest.test.DataDrivenTestCases">
    <error/>
  </testcase> <!-- testcase -->
  <testcase name="testcase" time="0.106" classname="com.tibco.rest.test.DataDrivenTestCases">
    <error/>
  </testcase> <!-- testcase -->
  <testcase name="testcase" time="0.172" classname="com.tibco.rest.test.DataDrivenTestCases">
    <error/>
  </testcase> <!-- testcase -->
  <testcase name="testcase" time="0.058" classname="com.tibco.rest.test.DataDrivenTestCases">
    <error/>
  </testcase> <!-- testcase -->
  <testcase name="testcase" time="0.202" classname="com.tibco.rest.test.DataDrivenTestCases">
    <error/>
  </testcase> <!-- testcase -->
  <testcase name="testcase" time="0.639" classname="com.tibco.rest.test.DataDrivenTestCases">
    <error/>
  </testcase> <!-- testcase -->
  <testcase name="testcase" time="0.192" classname="com.tibco.rest.test.DataDrivenTestCases">
    <error/>
  </testcase> <!-- testcase -->
  <testcase name="testcase" time="0.145" classname="com.tibco.rest.test.DataDrivenTestCases">
    <error/>
  </testcase> <!-- testcase -->
  <testcase name="testcase" time="0.108" classname="com.tibco.rest.test.DataDrivenTestCases">
    <error/>
  </testcase> <!-- testcase -->
  <testcase name="testcase" time="0.409" classname="com.tibco.rest.test.DataDrivenTestCases">
    <error/>
  </testcase> <!-- testcase -->
  <testcase name="testcase" time="0.559" classname="com.tibco.rest.test.DataDrivenTestCases">
    <error/>
  </testcase> <!-- testcase -->
  <testcase name="testcase" time="0.124" classname="com.tibco.rest.test.DataDrivenTestCases">
    <error/>
  </testcase> <!-- testcase -->
  <testcase name="testcase" time="0.367" classname="com.tibco.rest.test.DataDrivenTestCases">
    <error/>
  </testcase> <!-- testcase -->
  <testcase name="testcase" time="0.099" classname="com.tibco.rest.test.DataDrivenTestCases">
    <error/>
  </testcase> <!-- testcase -->
  <testcase name="testcase" time="0.152" classname="com.tibco.rest.test.DataDrivenTestCases">
    <error/>
  </testcase> <!-- testcase -->
  <testcase name="testcase" time="0.308" classname="com.tibco.rest.test.DataDrivenTestCases">
    <error/>
  </testcase> <!-- testcase -->
  <testcase name="testcase" time="0.471" classname="com.tibco.rest.test.DataDrivenTestCases">
    <error/>
  </testcase> <!-- testcase -->
  <testcase name="testcase" time="0.710" classname="com.tibco.rest.test.DataDrivenTestCases">
    <error/>
  </testcase> <!-- testcase -->
  <testcase name="testcase" time="0.186" classname="com.tibco.rest.test.DataDrivenTestCases">
    <error/>
  </testcase> <!-- testcase -->
  <testcase name="testcase" time="0.120" classname="com.tibco.rest.test.DataDrivenTestCases">
    <error/>
  </testcase> <!-- testcase -->
  <testcase name="testcase" time="0.243" classname="com.tibco.rest.test.DataDrivenTestCases">
    <error/>
  </testcase> <!-- testcase -->
  <testcase name="testcase" time="0.289" classname="com.tibco.rest.test.DataDrivenTestCases">
    <error/>
  </testcase> <!-- testcase -->
  <testcase name="testcase" time="0.565" classname="com.tibco.rest.test.DataDrivenTestCases">
    <error/>
  </testcase> <!-- testcase -->
  <testcase name="testcase" time="0.056" classname="com.tibco.rest.test.DataDrivenTestCases">
    <error/>
  </testcase> <!-- testcase -->
  <testcase name="testcase" time="0.310" classname="com.tibco.rest.test.DataDrivenTestCases">
    <error/>
  </testcase> <!-- testcase -->
  <testcase name="testcase" time="0.313" classname="com.tibco.rest.test.DataDrivenTestCases">
    <error/>
  </testcase> <!-- testcase -->
  <testcase name="testcase" time="0.111" classname="com.tibco.rest.test.DataDrivenTestCases">
    <error/>
  </testcase> <!-- testcase -->
  <testcase name="testcase" time="0.391" classname="com.tibco.rest.test.DataDrivenTestCases">
    <error/>
  </testcase> <!-- testcase -->
  <testcase name="testcase" time="0.069" classname="com.tibco.rest.test.DataDrivenTestCases">
    <error/>
  </testcase> <!-- testcase -->
  <testcase name="testcase" time="0.433" classname="com.tibco.rest.test.DataDrivenTestCases">
    <error/>
  </testcase> <!-- testcase -->
  <testcase name="testcase" time="0.422" classname="com.tibco.rest.test.DataDrivenTestCases">
    <error/>
  </testcase> <!-- testcase -->
  <testcase name="testcase" time="0.188" classname="com.tibco.rest.test.DataDrivenTestCases">
    <error/>
  </testcase> <!-- testcase -->
  <testcase name="testcase" time="0.328" classname="com.tibco.rest.test.DataDrivenTestCases">
    <error/>
  </testcase> <!-- testcase -->
  <testcase name="testcase" time="0.394" classname="com.tibco.rest.test.DataDrivenTestCases">
    <error/>
  </testcase> <!-- testcase -->
  <testcase name="testcase" time="14.617" classname="com.tibco.rest.test.DataDrivenTestCases">
    <error/>
  </testcase> <!-- testcase -->
  <testcase name="testcase" time="0.108" classname="com.tibco.rest.test.DataDrivenTestCases">
    <error/>
  </testcase> <!-- testcase -->
  <testcase name="testcase" time="0.484" classname="com.tibco.rest.test.DataDrivenTestCases">
    <error/>
  </testcase> <!-- testcase -->
  <testcase name="testcase" time="0.548" classname="com.tibco.rest.test.DataDrivenTestCases">
    <error/>
  </testcase> <!-- testcase -->
  <testcase name="testcase" time="0.092" classname="com.tibco.rest.test.DataDrivenTestCases">
    <error/>
  </testcase> <!-- testcase -->
  <testcase name="testcase" time="0.700" classname="com.tibco.rest.test.DataDrivenTestCases">
    <error/>
  </testcase> <!-- testcase -->
  <testcase name="testcase" time="0.493" classname="com.tibco.rest.test.DataDrivenTestCases">
    <error/>
  </testcase> <!-- testcase -->
  <testcase name="testcase" time="0.922" classname="com.tibco.rest.test.DataDrivenTestCases">
    <error/>
  </testcase> <!-- testcase -->
  <testcase name="testcase" time="1.092" classname="com.tibco.rest.test.DataDrivenTestCases">
    <error/>
  </testcase> <!-- testcase -->
  <testcase name="testcase" time="0.145" classname="com.tibco.rest.test.DataDrivenTestCases">
    <error/>
  </testcase> <!-- testcase -->
  <testcase name="testcase" time="0.191" classname="com.tibco.rest.test.DataDrivenTestCases">
    <error/>
  </testcase> <!-- testcase -->
  <testcase name="testcase" time="0.158" classname="com.tibco.rest.test.DataDrivenTestCases">
    <error/>
  </testcase> <!-- testcase -->
  <testcase name="testcase" time="0.198" classname="com.tibco.rest.test.DataDrivenTestCases">
    <error/>
  </testcase> <!-- testcase -->
  <testcase name="testcase" time="0.107" classname="com.tibco.rest.test.DataDrivenTestCases">
    <error/>
  </testcase> <!-- testcase -->
  <testcase name="testcase" time="0.205" classname="com.tibco.rest.test.DataDrivenTestCases">
    <error/>
  </testcase> <!-- testcase -->
  <testcase name="testcase" time="0.109" classname="com.tibco.rest.test.DataDrivenTestCases">
    <error/>
  </testcase> <!-- testcase -->
  <testcase name="testcase" time="0.093" classname="com.tibco.rest.test.DataDrivenTestCases">
    <error/>
  </testcase> <!-- testcase -->
  <testcase name="testcase" time="0.150" classname="com.tibco.rest.test.DataDrivenTestCases">
    <error/>
  </testcase> <!-- testcase -->
  <testcase name="testcase" time="0.140" classname="com.tibco.rest.test.DataDrivenTestCases">
    <error/>
  </testcase> <!-- testcase -->
  <testcase name="testcase" time="0.217" classname="com.tibco.rest.test.DataDrivenTestCases">
    <error/>
  </testcase> <!-- testcase -->
  <testcase name="testcase" time="0.505" classname="com.tibco.rest.test.DataDrivenTestCases">
    <error/>
  </testcase> <!-- testcase -->
  <testcase name="testcase" time="0.112" classname="com.tibco.rest.test.DataDrivenTestCases">
    <error/>
  </testcase> <!-- testcase -->
  <testcase name="testcase" time="0.213" classname="com.tibco.rest.test.DataDrivenTestCases">
    <error/>
  </testcase> <!-- testcase -->
  <testcase name="testcase" time="0.757" classname="com.tibco.rest.test.DataDrivenTestCases">
    <error/>
  </testcase> <!-- testcase -->
  <testcase name="testcase" time="0.062" classname="com.tibco.rest.test.DataDrivenTestCases">
    <error/>
  </testcase> <!-- testcase -->
  <testcase name="testcase" time="1.468" classname="com.tibco.rest.test.DataDrivenTestCases">
    <error/>
  </testcase> <!-- testcase -->
  <testcase name="testcase" time="0.654" classname="com.tibco.rest.test.DataDrivenTestCases">
    <error/>
  </testcase> <!-- testcase -->
  <testcase name="testcase" time="0.093" classname="com.tibco.rest.test.DataDrivenTestCases">
    <error/>
  </testcase> <!-- testcase -->
  <testcase name="testcase" time="0.109" classname="com.tibco.rest.test.DataDrivenTestCases">
    <error/>
  </testcase> <!-- testcase -->
  <testcase name="testcase" time="0.260" classname="com.tibco.rest.test.DataDrivenTestCases">
    <error/>
  </testcase> <!-- testcase -->
  <testcase name="testcase" time="0.150" classname="com.tibco.rest.test.DataDrivenTestCases">
    <error/>
  </testcase> <!-- testcase -->
  <testcase name="testcase" time="0.176" classname="com.tibco.rest.test.DataDrivenTestCases">
    <error/>
  </testcase> <!-- testcase -->
  <testcase name="testcase" time="0.076" classname="com.tibco.rest.test.DataDrivenTestCases">
    <error/>
  </testcase> <!-- testcase -->
  <testcase name="testcase" time="0.159" classname="com.tibco.rest.test.DataDrivenTestCases">
    <error/>
  </testcase> <!-- testcase -->
  <testcase name="testcase" time="0.580" classname="com.tibco.rest.test.DataDrivenTestCases">
    <error/>
  </testcase> <!-- testcase -->
  <testcase name="testcase" time="0.675" classname="com.tibco.rest.test.DataDrivenTestCases">
    <error/>
  </testcase> <!-- testcase -->
  <testcase name="testcase" time="0.200" classname="com.tibco.rest.test.DataDrivenTestCases">
    <error/>
  </testcase> <!-- testcase -->
  <testcase name="testcase" time="0.101" classname="com.tibco.rest.test.DataDrivenTestCases">
    <error/>
  </testcase> <!-- testcase -->
  <testcase name="testcase" time="0.166" classname="com.tibco.rest.test.DataDrivenTestCases">
    <error/>
  </testcase> <!-- testcase -->
  <testcase name="testcase" time="0.095" classname="com.tibco.rest.test.DataDrivenTestCases">
    <error/>
  </testcase> <!-- testcase -->
  <testcase name="testcase" time="0.127" classname="com.tibco.rest.test.DataDrivenTestCases">
    <error/>
  </testcase> <!-- testcase -->
  <testcase name="testcase" time="0.486" classname="com.tibco.rest.test.DataDrivenTestCases">
    <error/>
  </testcase> <!-- testcase -->
  <testcase name="testcase" time="0.080" classname="com.tibco.rest.test.DataDrivenTestCases">
    <error/>
  </testcase> <!-- testcase -->
  <testcase name="testcase" time="0.098" classname="com.tibco.rest.test.DataDrivenTestCases">
    <error/>
  </testcase> <!-- testcase -->
  <testcase name="testcase" time="0.293" classname="com.tibco.rest.test.DataDrivenTestCases">
    <error/>
  </testcase> <!-- testcase -->
  <testcase name="testcase" time="0.096" classname="com.tibco.rest.test.DataDrivenTestCases">
    <error/>
  </testcase> <!-- testcase -->
  <testcase name="testcase" time="0.415" classname="com.tibco.rest.test.DataDrivenTestCases">
    <error/>
  </testcase> <!-- testcase -->
  <testcase name="testcase" time="0.148" classname="com.tibco.rest.test.DataDrivenTestCases">
    <error/>
  </testcase> <!-- testcase -->
  <testcase name="testcase" time="0.088" classname="com.tibco.rest.test.DataDrivenTestCases">
    <error/>
  </testcase> <!-- testcase -->
  <testcase name="testcase" time="0.723" classname="com.tibco.rest.test.DataDrivenTestCases">
    <error/>
  </testcase> <!-- testcase -->
  <testcase name="testcase" time="0.180" classname="com.tibco.rest.test.DataDrivenTestCases">
    <error/>
  </testcase> <!-- testcase -->
  <testcase name="testcase" time="0.821" classname="com.tibco.rest.test.DataDrivenTestCases">
    <error/>
  </testcase> <!-- testcase -->
  <testcase name="testcase" time="0.118" classname="com.tibco.rest.test.DataDrivenTestCases">
    <error/>
  </testcase> <!-- testcase -->
  <testcase name="testcase" time="0.086" classname="com.tibco.rest.test.DataDrivenTestCases">
    <error/>
  </testcase> <!-- testcase -->
  <testcase name="testcase" time="0.113" classname="com.tibco.rest.test.DataDrivenTestCases">
    <error/>
  </testcase> <!-- testcase -->
  <testcase name="testcase" time="0.155" classname="com.tibco.rest.test.DataDrivenTestCases">
    <error/>
  </testcase> <!-- testcase -->
  <testcase name="testcase" time="0.234" classname="com.tibco.rest.test.DataDrivenTestCases">
    <error/>
  </testcase> <!-- testcase -->
  <testcase name="testcase" time="0.435" classname="com.tibco.rest.test.DataDrivenTestCases">
    <error/>
  </testcase> <!-- testcase -->
  <testcase name="testcase" time="0.929" classname="com.tibco.rest.test.DataDrivenTestCases">
    <error/>
  </testcase> <!-- testcase -->
  <testcase name="testcase" time="0.309" classname="com.tibco.rest.test.DataDrivenTestCases">
    <error/>
  </testcase> <!-- testcase -->
  <testcase name="testcase" time="0.654" classname="com.tibco.rest.test.DataDrivenTestCases">
    <error/>
  </testcase> <!-- testcase -->
  <testcase name="testcase" time="0.160" classname="com.tibco.rest.test.DataDrivenTestCases">
    <error/>
  </testcase> <!-- testcase -->
  <testcase name="testcase" time="0.126" classname="com.tibco.rest.test.DataDrivenTestCases">
    <error/>
  </testcase> <!-- testcase -->
  <testcase name="testcase" time="0.608" classname="com.tibco.rest.test.DataDrivenTestCases">
    <error/>
  </testcase> <!-- testcase -->
  <testcase name="testcase" time="0.197" classname="com.tibco.rest.test.DataDrivenTestCases">
    <error/>
  </testcase> <!-- testcase -->
  <testcase name="testcase" time="1.247" classname="com.tibco.rest.test.DataDrivenTestCases">
    <error/>
  </testcase> <!-- testcase -->
  <testcase name="testcase" time="0.178" classname="com.tibco.rest.test.DataDrivenTestCases">
    <error/>
  </testcase> <!-- testcase -->
  <testcase name="testcase" time="0.387" classname="com.tibco.rest.test.DataDrivenTestCases">
    <error/>
  </testcase> <!-- testcase -->
  <testcase name="testcase" time="0.315" classname="com.tibco.rest.test.DataDrivenTestCases">
    <error/>
  </testcase> <!-- testcase -->
  <testcase name="testcase" time="0.263" classname="com.tibco.rest.test.DataDrivenTestCases">
    <failure type="java.lang.AssertionError" message="Expected value should be &quot;EDIFACT&quot; : Actual value is &quot;EZComm&quot;">
      <![CDATA[java.lang.AssertionError: Expected value should be "EDIFACT" : Actual value is "EZComm"
	at com.tibco.rest.restAssured.Assertions.assertTrue(Assertions.java:166)
	at com.tibco.rest.restAssured.Assertions.assertEquals(Assertions.java:183)
	at com.tibco.rest.test.DataDrivenTestCases.verifyResponse(DataDrivenTestCases.java:508)
	at com.tibco.rest.test.DataDrivenTestCases.testcase(DataDrivenTestCases.java:352)
	at sun.reflect.GeneratedMethodAccessor63.invoke(Unknown Source)
	at sun.reflect.DelegatingMethodAccessorImpl.invoke(Unknown Source)
	at java.lang.reflect.Method.invoke(Unknown Source)
	at org.testng.internal.MethodInvocationHelper.invokeMethod(MethodInvocationHelper.java:108)
	at org.testng.internal.Invoker.invokeMethod(Invoker.java:661)
	at org.testng.internal.Invoker.invokeTestMethod(Invoker.java:869)
	at org.testng.internal.Invoker.invokeTestMethods(Invoker.java:1193)
	at org.testng.internal.TestMethodWorker.invokeTestMethods(TestMethodWorker.java:126)
	at org.testng.internal.TestMethodWorker.run(TestMethodWorker.java:109)
	at org.testng.TestRunner.privateRun(TestRunner.java:744)
	at org.testng.TestRunner.run(TestRunner.java:602)
	at org.testng.SuiteRunner.runTest(SuiteRunner.java:380)
	at org.testng.SuiteRunner.runSequentially(SuiteRunner.java:375)
	at org.testng.SuiteRunner.privateRun(SuiteRunner.java:340)
	at org.testng.SuiteRunner.run(SuiteRunner.java:289)
	at org.testng.SuiteRunnerWorker.runSuite(SuiteRunnerWorker.java:52)
	at org.testng.SuiteRunnerWorker.run(SuiteRunnerWorker.java:86)
	at org.testng.TestNG.runSuitesSequentially(TestNG.java:1301)
	at org.testng.TestNG.runSuitesLocally(TestNG.java:1226)
	at org.testng.TestNG.runSuites(TestNG.java:1144)
	at org.testng.TestNG.run(TestNG.java:1115)
	at org.testng.TestNG.privateMain(TestNG.java:1442)
	at org.testng.TestNG.main(TestNG.java:1411)
]]>
    </failure>
  </testcase> <!-- testcase -->
  <testcase name="testcase" time="0.085" classname="com.tibco.rest.test.DataDrivenTestCases">
    <error/>
  </testcase> <!-- testcase -->
  <testcase name="testcase" time="0.094" classname="com.tibco.rest.test.DataDrivenTestCases">
    <error/>
  </testcase> <!-- testcase -->
  <testcase name="testcase" time="0.310" classname="com.tibco.rest.test.DataDrivenTestCases">
    <error/>
  </testcase> <!-- testcase -->
  <testcase name="testcase" time="0.347" classname="com.tibco.rest.test.DataDrivenTestCases">
    <error/>
  </testcase> <!-- testcase -->
  <testcase name="testcase" time="0.077" classname="com.tibco.rest.test.DataDrivenTestCases">
    <error/>
  </testcase> <!-- testcase -->
  <testcase name="testcase" time="0.157" classname="com.tibco.rest.test.DataDrivenTestCases">
    <error/>
  </testcase> <!-- testcase -->
  <testcase name="testcase" time="0.148" classname="com.tibco.rest.test.DataDrivenTestCases">
    <error/>
  </testcase> <!-- testcase -->
  <testcase name="testcase" time="0.101" classname="com.tibco.rest.test.DataDrivenTestCases">
    <error/>
  </testcase> <!-- testcase -->
  <testcase name="testcase" time="0.498" classname="com.tibco.rest.test.DataDrivenTestCases">
    <error/>
  </testcase> <!-- testcase -->
  <testcase name="testcase" time="0.143" classname="com.tibco.rest.test.DataDrivenTestCases">
    <error/>
  </testcase> <!-- testcase -->
  <testcase name="testcase" time="0.108" classname="com.tibco.rest.test.DataDrivenTestCases">
    <error/>
  </testcase> <!-- testcase -->
  <testcase name="testcase" time="0.713" classname="com.tibco.rest.test.DataDrivenTestCases">
    <error/>
  </testcase> <!-- testcase -->
  <testcase name="testcase" time="0.068" classname="com.tibco.rest.test.DataDrivenTestCases">
    <error/>
  </testcase> <!-- testcase -->
  <testcase name="testcase" time="1.062" classname="com.tibco.rest.test.DataDrivenTestCases">
    <error/>
  </testcase> <!-- testcase -->
  <testcase name="testcase" time="0.766" classname="com.tibco.rest.test.DataDrivenTestCases">
    <error/>
  </testcase> <!-- testcase -->
  <testcase name="testcase" time="0.260" classname="com.tibco.rest.test.DataDrivenTestCases">
    <error/>
  </testcase> <!-- testcase -->
  <testcase name="testcase" time="0.572" classname="com.tibco.rest.test.DataDrivenTestCases">
    <error/>
  </testcase> <!-- testcase -->
  <testcase name="testcase" time="0.122" classname="com.tibco.rest.test.DataDrivenTestCases">
    <error/>
  </testcase> <!-- testcase -->
  <testcase name="testcase" time="0.460" classname="com.tibco.rest.test.DataDrivenTestCases">
    <error/>
  </testcase> <!-- testcase -->
  <testcase name="testcase" time="0.090" classname="com.tibco.rest.test.DataDrivenTestCases">
    <error/>
  </testcase> <!-- testcase -->
  <testcase name="testcase" time="0.715" classname="com.tibco.rest.test.DataDrivenTestCases">
    <error/>
  </testcase> <!-- testcase -->
  <testcase name="testcase" time="1.252" classname="com.tibco.rest.test.DataDrivenTestCases">
    <error/>
  </testcase> <!-- testcase -->
  <testcase name="testcase" time="0.757" classname="com.tibco.rest.test.DataDrivenTestCases">
    <error/>
  </testcase> <!-- testcase -->
  <testcase name="testcase" time="0.388" classname="com.tibco.rest.test.DataDrivenTestCases">
    <error/>
  </testcase> <!-- testcase -->
  <testcase name="testcase" time="0.288" classname="com.tibco.rest.test.DataDrivenTestCases">
    <error/>
  </testcase> <!-- testcase -->
  <testcase name="testcase" time="0.136" classname="com.tibco.rest.test.DataDrivenTestCases">
    <error/>
  </testcase> <!-- testcase -->
  <testcase name="testcase" time="0.388" classname="com.tibco.rest.test.DataDrivenTestCases">
    <error/>
  </testcase> <!-- testcase -->
  <testcase name="testcase" time="0.290" classname="com.tibco.rest.test.DataDrivenTestCases">
    <error/>
  </testcase> <!-- testcase -->
  <testcase name="testcase" time="0.264" classname="com.tibco.rest.test.DataDrivenTestCases">
    <error/>
  </testcase> <!-- testcase -->
  <testcase name="testcase" time="0.490" classname="com.tibco.rest.test.DataDrivenTestCases">
    <error/>
  </testcase> <!-- testcase -->
  <testcase name="testcase" time="0.090" classname="com.tibco.rest.test.DataDrivenTestCases">
    <error/>
  </testcase> <!-- testcase -->
  <testcase name="testcase" time="0.062" classname="com.tibco.rest.test.DataDrivenTestCases">
    <error/>
  </testcase> <!-- testcase -->
  <testcase name="testcase" time="0.357" classname="com.tibco.rest.test.DataDrivenTestCases">
    <error/>
  </testcase> <!-- testcase -->
  <testcase name="testcase" time="0.431" classname="com.tibco.rest.test.DataDrivenTestCases">
    <error/>
  </testcase> <!-- testcase -->
  <testcase name="testcase" time="0.423" classname="com.tibco.rest.test.DataDrivenTestCases">
    <error/>
  </testcase> <!-- testcase -->
  <testcase name="testcase" time="0.118" classname="com.tibco.rest.test.DataDrivenTestCases">
    <error/>
  </testcase> <!-- testcase -->
  <testcase name="testcase" time="0.142" classname="com.tibco.rest.test.DataDrivenTestCases">
    <error/>
  </testcase> <!-- testcase -->
  <testcase name="testcase" time="0.924" classname="com.tibco.rest.test.DataDrivenTestCases">
    <error/>
  </testcase> <!-- testcase -->
  <testcase name="testcase" time="0.164" classname="com.tibco.rest.test.DataDrivenTestCases">
    <error/>
  </testcase> <!-- testcase -->
  <testcase name="testcase" time="0.149" classname="com.tibco.rest.test.DataDrivenTestCases">
    <error/>
  </testcase> <!-- testcase -->
  <testcase name="testcase" time="1.058" classname="com.tibco.rest.test.DataDrivenTestCases">
    <error/>
  </testcase> <!-- testcase -->
  <testcase name="testcase" time="0.786" classname="com.tibco.rest.test.DataDrivenTestCases">
    <error/>
  </testcase> <!-- testcase -->
  <testcase name="testcase" time="0.350" classname="com.tibco.rest.test.DataDrivenTestCases">
    <error/>
  </testcase> <!-- testcase -->
  <testcase name="testcase" time="0.073" classname="com.tibco.rest.test.DataDrivenTestCases">
    <error/>
  </testcase> <!-- testcase -->
  <testcase name="testcase" time="0.708" classname="com.tibco.rest.test.DataDrivenTestCases">
    <error/>
  </testcase> <!-- testcase -->
  <testcase name="testcase" time="0.081" classname="com.tibco.rest.test.DataDrivenTestCases">
    <error/>
  </testcase> <!-- testcase -->
  <testcase name="testcase" time="0.427" classname="com.tibco.rest.test.DataDrivenTestCases">
    <error/>
  </testcase> <!-- testcase -->
  <testcase name="testcase" time="0.157" classname="com.tibco.rest.test.DataDrivenTestCases">
    <error/>
  </testcase> <!-- testcase -->
  <testcase name="testcase" time="0.297" classname="com.tibco.rest.test.DataDrivenTestCases">
    <error/>
  </testcase> <!-- testcase -->
  <testcase name="testcase" time="0.105" classname="com.tibco.rest.test.DataDrivenTestCases">
    <error/>
  </testcase> <!-- testcase -->
  <testcase name="testcase" time="0.126" classname="com.tibco.rest.test.DataDrivenTestCases">
    <error/>
  </testcase> <!-- testcase -->
  <testcase name="testcase" time="0.084" classname="com.tibco.rest.test.DataDrivenTestCases">
    <error/>
  </testcase> <!-- testcase -->
  <testcase name="testcase" time="0.161" classname="com.tibco.rest.test.DataDrivenTestCases">
    <error/>
  </testcase> <!-- testcase -->
  <testcase name="testcase" time="0.637" classname="com.tibco.rest.test.DataDrivenTestCases">
    <error/>
  </testcase> <!-- testcase -->
  <testcase name="testcase" time="0.098" classname="com.tibco.rest.test.DataDrivenTestCases">
    <error/>
  </testcase> <!-- testcase -->
  <testcase name="testcase" time="0.388" classname="com.tibco.rest.test.DataDrivenTestCases">
    <error/>
  </testcase> <!-- testcase -->
  <testcase name="testcase" time="0.127" classname="com.tibco.rest.test.DataDrivenTestCases">
    <error/>
  </testcase> <!-- testcase -->
  <testcase name="testcase" time="0.145" classname="com.tibco.rest.test.DataDrivenTestCases">
    <error/>
  </testcase> <!-- testcase -->
  <testcase name="testcase" time="0.091" classname="com.tibco.rest.test.DataDrivenTestCases">
    <error/>
  </testcase> <!-- testcase -->
  <testcase name="testcase" time="0.532" classname="com.tibco.rest.test.DataDrivenTestCases">
    <error/>
  </testcase> <!-- testcase -->
  <testcase name="testcase" time="0.073" classname="com.tibco.rest.test.DataDrivenTestCases">
    <error/>
  </testcase> <!-- testcase -->
  <testcase name="testcase" time="0.747" classname="com.tibco.rest.test.DataDrivenTestCases">
    <error/>
  </testcase> <!-- testcase -->
  <testcase name="testcase" time="0.145" classname="com.tibco.rest.test.DataDrivenTestCases">
    <error/>
  </testcase> <!-- testcase -->
  <testcase name="testcase" time="0.074" classname="com.tibco.rest.test.DataDrivenTestCases">
    <failure type="java.lang.AssertionError" message="Expected value should be &quot;EZComm&quot; : Actual value is &quot;RosettaNet&quot;">
      <![CDATA[java.lang.AssertionError: Expected value should be "EZComm" : Actual value is "RosettaNet"
	at com.tibco.rest.restAssured.Assertions.assertTrue(Assertions.java:166)
	at com.tibco.rest.restAssured.Assertions.assertEquals(Assertions.java:183)
	at com.tibco.rest.test.DataDrivenTestCases.verifyResponse(DataDrivenTestCases.java:508)
	at com.tibco.rest.test.DataDrivenTestCases.testcase(DataDrivenTestCases.java:352)
	at sun.reflect.GeneratedMethodAccessor63.invoke(Unknown Source)
	at sun.reflect.DelegatingMethodAccessorImpl.invoke(Unknown Source)
	at java.lang.reflect.Method.invoke(Unknown Source)
	at org.testng.internal.MethodInvocationHelper.invokeMethod(MethodInvocationHelper.java:108)
	at org.testng.internal.Invoker.invokeMethod(Invoker.java:661)
	at org.testng.internal.Invoker.invokeTestMethod(Invoker.java:869)
	at org.testng.internal.Invoker.invokeTestMethods(Invoker.java:1193)
	at org.testng.internal.TestMethodWorker.invokeTestMethods(TestMethodWorker.java:126)
	at org.testng.internal.TestMethodWorker.run(TestMethodWorker.java:109)
	at org.testng.TestRunner.privateRun(TestRunner.java:744)
	at org.testng.TestRunner.run(TestRunner.java:602)
	at org.testng.SuiteRunner.runTest(SuiteRunner.java:380)
	at org.testng.SuiteRunner.runSequentially(SuiteRunner.java:375)
	at org.testng.SuiteRunner.privateRun(SuiteRunner.java:340)
	at org.testng.SuiteRunner.run(SuiteRunner.java:289)
	at org.testng.SuiteRunnerWorker.runSuite(SuiteRunnerWorker.java:52)
	at org.testng.SuiteRunnerWorker.run(SuiteRunnerWorker.java:86)
	at org.testng.TestNG.runSuitesSequentially(TestNG.java:1301)
	at org.testng.TestNG.runSuitesLocally(TestNG.java:1226)
	at org.testng.TestNG.runSuites(TestNG.java:1144)
	at org.testng.TestNG.run(TestNG.java:1115)
	at org.testng.TestNG.privateMain(TestNG.java:1442)
	at org.testng.TestNG.main(TestNG.java:1411)
]]>
    </failure>
  </testcase> <!-- testcase -->
  <testcase name="testcase" time="0.098" classname="com.tibco.rest.test.DataDrivenTestCases">
    <error/>
  </testcase> <!-- testcase -->
  <testcase name="testcase" time="0.516" classname="com.tibco.rest.test.DataDrivenTestCases">
    <error/>
  </testcase> <!-- testcase -->
  <testcase name="testcase" time="0.137" classname="com.tibco.rest.test.DataDrivenTestCases">
    <error/>
  </testcase> <!-- testcase -->
  <testcase name="testcase" time="0.389" classname="com.tibco.rest.test.DataDrivenTestCases">
    <error/>
  </testcase> <!-- testcase -->
  <testcase name="testcase" time="0.136" classname="com.tibco.rest.test.DataDrivenTestCases">
    <error/>
  </testcase> <!-- testcase -->
  <testcase name="testcase" time="0.405" classname="com.tibco.rest.test.DataDrivenTestCases">
    <error/>
  </testcase> <!-- testcase -->
  <testcase name="testcase" time="0.070" classname="com.tibco.rest.test.DataDrivenTestCases">
    <error/>
  </testcase> <!-- testcase -->
  <testcase name="testcase" time="0.079" classname="com.tibco.rest.test.DataDrivenTestCases">
    <error/>
  </testcase> <!-- testcase -->
  <testcase name="testcase" time="0.133" classname="com.tibco.rest.test.DataDrivenTestCases">
    <error/>
  </testcase> <!-- testcase -->
  <testcase name="testcase" time="0.087" classname="com.tibco.rest.test.DataDrivenTestCases">
    <error/>
  </testcase> <!-- testcase -->
  <testcase name="testcase" time="0.492" classname="com.tibco.rest.test.DataDrivenTestCases">
    <error/>
  </testcase> <!-- testcase -->
  <testcase name="testcase" time="0.919" classname="com.tibco.rest.test.DataDrivenTestCases">
    <error/>
  </testcase> <!-- testcase -->
  <testcase name="testcase" time="0.140" classname="com.tibco.rest.test.DataDrivenTestCases">
    <error/>
  </testcase> <!-- testcase -->
  <testcase name="testcase" time="0.186" classname="com.tibco.rest.test.DataDrivenTestCases">
    <error/>
  </testcase> <!-- testcase -->
  <testcase name="testcase" time="0.156" classname="com.tibco.rest.test.DataDrivenTestCases">
    <error/>
  </testcase> <!-- testcase -->
  <testcase name="testcase" time="0.769" classname="com.tibco.rest.test.DataDrivenTestCases">
    <error/>
  </testcase> <!-- testcase -->
  <testcase name="testcase" time="0.091" classname="com.tibco.rest.test.DataDrivenTestCases">
    <error/>
  </testcase> <!-- testcase -->
  <testcase name="testcase" time="0.158" classname="com.tibco.rest.test.DataDrivenTestCases">
    <error/>
  </testcase> <!-- testcase -->
  <testcase name="testcase" time="0.519" classname="com.tibco.rest.test.DataDrivenTestCases">
    <error/>
  </testcase> <!-- testcase -->
  <testcase name="testcase" time="0.195" classname="com.tibco.rest.test.DataDrivenTestCases">
    <error/>
  </testcase> <!-- testcase -->
  <testcase name="testcase" time="0.085" classname="com.tibco.rest.test.DataDrivenTestCases">
    <error/>
  </testcase> <!-- testcase -->
  <testcase name="testcase" time="0.089" classname="com.tibco.rest.test.DataDrivenTestCases">
    <error/>
  </testcase> <!-- testcase -->
  <testcase name="testcase" time="0.099" classname="com.tibco.rest.test.DataDrivenTestCases">
    <error/>
  </testcase> <!-- testcase -->
  <testcase name="testcase" time="0.157" classname="com.tibco.rest.test.DataDrivenTestCases">
    <error/>
  </testcase> <!-- testcase -->
  <testcase name="testcase" time="0.726" classname="com.tibco.rest.test.DataDrivenTestCases">
    <error/>
  </testcase> <!-- testcase -->
  <testcase name="testcase" time="0.081" classname="com.tibco.rest.test.DataDrivenTestCases">
    <error/>
  </testcase> <!-- testcase -->
  <testcase name="testcase" time="0.545" classname="com.tibco.rest.test.DataDrivenTestCases">
    <error/>
  </testcase> <!-- testcase -->
  <testcase name="testcase" time="0.168" classname="com.tibco.rest.test.DataDrivenTestCases">
    <error/>
  </testcase> <!-- testcase -->
  <testcase name="testcase" time="0.095" classname="com.tibco.rest.test.DataDrivenTestCases">
    <error/>
  </testcase> <!-- testcase -->
  <testcase name="testcase" time="0.539" classname="com.tibco.rest.test.DataDrivenTestCases">
    <error/>
  </testcase> <!-- testcase -->
  <testcase name="testcase" time="0.167" classname="com.tibco.rest.test.DataDrivenTestCases">
    <error/>
  </testcase> <!-- testcase -->
</testsuite> <!-- com.tibco.rest.test.DataDrivenTestCases -->
