<?xml version="1.0" encoding="UTF-8"?>
<!-- Generated by org.testng.reporters.JUnitReportReporter -->
<testsuite skipped="0" hostname="kereddy-t460" name="com.tibco.rest.test.DataDrivenTestCases" tests="505" failures="12" timestamp="03 Dec 2020 07:55:43 GMT" time="517.586" errors="493">
  <testcase name="testcase" time="1.276" classname="com.tibco.rest.test.DataDrivenTestCases">
    <error/>
  </testcase> <!-- testcase -->
  <testcase name="testcase" time="0.661" classname="com.tibco.rest.test.DataDrivenTestCases">
    <error/>
  </testcase> <!-- testcase -->
  <testcase name="testcase" time="0.362" classname="com.tibco.rest.test.DataDrivenTestCases">
    <error/>
  </testcase> <!-- testcase -->
  <testcase name="testcase" time="0.311" classname="com.tibco.rest.test.DataDrivenTestCases">
    <error/>
  </testcase> <!-- testcase -->
  <testcase name="testcase" time="0.430" classname="com.tibco.rest.test.DataDrivenTestCases">
    <error/>
  </testcase> <!-- testcase -->
  <testcase name="testcase" time="1.830" classname="com.tibco.rest.test.DataDrivenTestCases">
    <error/>
  </testcase> <!-- testcase -->
  <testcase name="testcase" time="1.760" classname="com.tibco.rest.test.DataDrivenTestCases">
    <error/>
  </testcase> <!-- testcase -->
  <testcase name="testcase" time="1.160" classname="com.tibco.rest.test.DataDrivenTestCases">
    <error/>
  </testcase> <!-- testcase -->
  <testcase name="testcase" time="0.349" classname="com.tibco.rest.test.DataDrivenTestCases">
    <error/>
  </testcase> <!-- testcase -->
  <testcase name="testcase" time="0.333" classname="com.tibco.rest.test.DataDrivenTestCases">
    <error/>
  </testcase> <!-- testcase -->
  <testcase name="testcase" time="0.347" classname="com.tibco.rest.test.DataDrivenTestCases">
    <error/>
  </testcase> <!-- testcase -->
  <testcase name="testcase" time="0.481" classname="com.tibco.rest.test.DataDrivenTestCases">
    <error/>
  </testcase> <!-- testcase -->
  <testcase name="testcase" time="2.595" classname="com.tibco.rest.test.DataDrivenTestCases">
    <error/>
  </testcase> <!-- testcase -->
  <testcase name="testcase" time="1.638" classname="com.tibco.rest.test.DataDrivenTestCases">
    <error/>
  </testcase> <!-- testcase -->
  <testcase name="testcase" time="0.640" classname="com.tibco.rest.test.DataDrivenTestCases">
    <error/>
  </testcase> <!-- testcase -->
  <testcase name="testcase" time="0.359" classname="com.tibco.rest.test.DataDrivenTestCases">
    <error/>
  </testcase> <!-- testcase -->
  <testcase name="testcase" time="0.372" classname="com.tibco.rest.test.DataDrivenTestCases">
    <error/>
  </testcase> <!-- testcase -->
  <testcase name="testcase" time="1.423" classname="com.tibco.rest.test.DataDrivenTestCases">
    <failure type="java.lang.AssertionError" message="Expected value should contains &quot;The Transport name http_rn  you have entered  is already in use&quot; : Actual value is &quot;The Transport name http_rn  you have entered  is already in use&quot;">
      <![CDATA[java.lang.AssertionError: Expected value should contains "The Transport name http_rn  you have entered  is already in use" : Actual value is "The Transport name http_rn  you have entered  is already in use"
	at com.tibco.rest.restAssured.Assertions.assertTrue(Assertions.java:166)
	at com.tibco.rest.restAssured.Assertions.assertContains(Assertions.java:212)
	at com.tibco.rest.test.DataDrivenTestCases.verifyResponse(DataDrivenTestCases.java:533)
	at com.tibco.rest.test.DataDrivenTestCases.testcase(DataDrivenTestCases.java:377)
	at sun.reflect.GeneratedMethodAccessor63.invoke(Unknown Source)
	at sun.reflect.DelegatingMethodAccessorImpl.invoke(Unknown Source)
	at java.lang.reflect.Method.invoke(Unknown Source)
	at org.testng.internal.MethodInvocationHelper.invokeMethod(MethodInvocationHelper.java:108)
	at org.testng.internal.Invoker.invokeMethod(Invoker.java:661)
	at org.testng.internal.Invoker.invokeTestMethod(Invoker.java:869)
	at org.testng.internal.Invoker.invokeTestMethods(Invoker.java:1193)
	at org.testng.internal.TestMethodWorker.invokeTestMethods(TestMethodWorker.java:126)
	at org.testng.internal.TestMethodWorker.run(TestMethodWorker.java:109)
	at org.testng.TestRunner.privateRun(TestRunner.java:744)
	at org.testng.TestRunner.run(TestRunner.java:602)
	at org.testng.SuiteRunner.runTest(SuiteRunner.java:380)
	at org.testng.SuiteRunner.runSequentially(SuiteRunner.java:375)
	at org.testng.SuiteRunner.privateRun(SuiteRunner.java:340)
	at org.testng.SuiteRunner.run(SuiteRunner.java:289)
	at org.testng.SuiteRunnerWorker.runSuite(SuiteRunnerWorker.java:52)
	at org.testng.SuiteRunnerWorker.run(SuiteRunnerWorker.java:86)
	at org.testng.TestNG.runSuitesSequentially(TestNG.java:1301)
	at org.testng.TestNG.runSuitesLocally(TestNG.java:1226)
	at org.testng.TestNG.runSuites(TestNG.java:1144)
	at org.testng.TestNG.run(TestNG.java:1115)
	at org.testng.TestNG.privateMain(TestNG.java:1442)
	at org.testng.TestNG.main(TestNG.java:1411)
]]>
    </failure>
  </testcase> <!-- testcase -->
  <testcase name="testcase" time="0.371" classname="com.tibco.rest.test.DataDrivenTestCases">
    <error/>
  </testcase> <!-- testcase -->
  <testcase name="testcase" time="1.291" classname="com.tibco.rest.test.DataDrivenTestCases">
    <error/>
  </testcase> <!-- testcase -->
  <testcase name="testcase" time="2.238" classname="com.tibco.rest.test.DataDrivenTestCases">
    <error/>
  </testcase> <!-- testcase -->
  <testcase name="testcase" time="0.584" classname="com.tibco.rest.test.DataDrivenTestCases">
    <error/>
  </testcase> <!-- testcase -->
  <testcase name="testcase" time="0.381" classname="com.tibco.rest.test.DataDrivenTestCases">
    <error/>
  </testcase> <!-- testcase -->
  <testcase name="testcase" time="1.912" classname="com.tibco.rest.test.DataDrivenTestCases">
    <error/>
  </testcase> <!-- testcase -->
  <testcase name="testcase" time="1.131" classname="com.tibco.rest.test.DataDrivenTestCases">
    <error/>
  </testcase> <!-- testcase -->
  <testcase name="testcase" time="0.612" classname="com.tibco.rest.test.DataDrivenTestCases">
    <error/>
  </testcase> <!-- testcase -->
  <testcase name="testcase" time="0.533" classname="com.tibco.rest.test.DataDrivenTestCases">
    <error/>
  </testcase> <!-- testcase -->
  <testcase name="testcase" time="1.297" classname="com.tibco.rest.test.DataDrivenTestCases">
    <error/>
  </testcase> <!-- testcase -->
  <testcase name="testcase" time="0.361" classname="com.tibco.rest.test.DataDrivenTestCases">
    <error/>
  </testcase> <!-- testcase -->
  <testcase name="testcase" time="1.782" classname="com.tibco.rest.test.DataDrivenTestCases">
    <error/>
  </testcase> <!-- testcase -->
  <testcase name="testcase" time="0.330" classname="com.tibco.rest.test.DataDrivenTestCases">
    <error/>
  </testcase> <!-- testcase -->
  <testcase name="testcase" time="1.106" classname="com.tibco.rest.test.DataDrivenTestCases">
    <error/>
  </testcase> <!-- testcase -->
  <testcase name="testcase" time="1.523" classname="com.tibco.rest.test.DataDrivenTestCases">
    <error/>
  </testcase> <!-- testcase -->
  <testcase name="testcase" time="0.345" classname="com.tibco.rest.test.DataDrivenTestCases">
    <error/>
  </testcase> <!-- testcase -->
  <testcase name="testcase" time="1.489" classname="com.tibco.rest.test.DataDrivenTestCases">
    <error/>
  </testcase> <!-- testcase -->
  <testcase name="testcase" time="0.387" classname="com.tibco.rest.test.DataDrivenTestCases">
    <error/>
  </testcase> <!-- testcase -->
  <testcase name="testcase" time="0.392" classname="com.tibco.rest.test.DataDrivenTestCases">
    <error/>
  </testcase> <!-- testcase -->
  <testcase name="testcase" time="1.032" classname="com.tibco.rest.test.DataDrivenTestCases">
    <error/>
  </testcase> <!-- testcase -->
  <testcase name="testcase" time="1.144" classname="com.tibco.rest.test.DataDrivenTestCases">
    <error/>
  </testcase> <!-- testcase -->
  <testcase name="testcase" time="2.233" classname="com.tibco.rest.test.DataDrivenTestCases">
    <error/>
  </testcase> <!-- testcase -->
  <testcase name="testcase" time="2.771" classname="com.tibco.rest.test.DataDrivenTestCases">
    <error/>
  </testcase> <!-- testcase -->
  <testcase name="testcase" time="0.336" classname="com.tibco.rest.test.DataDrivenTestCases">
    <error/>
  </testcase> <!-- testcase -->
  <testcase name="testcase" time="0.407" classname="com.tibco.rest.test.DataDrivenTestCases">
    <error/>
  </testcase> <!-- testcase -->
  <testcase name="testcase" time="0.426" classname="com.tibco.rest.test.DataDrivenTestCases">
    <error/>
  </testcase> <!-- testcase -->
  <testcase name="testcase" time="2.624" classname="com.tibco.rest.test.DataDrivenTestCases">
    <error/>
  </testcase> <!-- testcase -->
  <testcase name="testcase" time="0.459" classname="com.tibco.rest.test.DataDrivenTestCases">
    <error/>
  </testcase> <!-- testcase -->
  <testcase name="testcase" time="1.567" classname="com.tibco.rest.test.DataDrivenTestCases">
    <error/>
  </testcase> <!-- testcase -->
  <testcase name="testcase" time="1.902" classname="com.tibco.rest.test.DataDrivenTestCases">
    <error/>
  </testcase> <!-- testcase -->
  <testcase name="testcase" time="0.379" classname="com.tibco.rest.test.DataDrivenTestCases">
    <error/>
  </testcase> <!-- testcase -->
  <testcase name="testcase" time="0.376" classname="com.tibco.rest.test.DataDrivenTestCases">
    <error/>
  </testcase> <!-- testcase -->
  <testcase name="testcase" time="0.765" classname="com.tibco.rest.test.DataDrivenTestCases">
    <error/>
  </testcase> <!-- testcase -->
  <testcase name="testcase" time="0.392" classname="com.tibco.rest.test.DataDrivenTestCases">
    <error/>
  </testcase> <!-- testcase -->
  <testcase name="testcase" time="0.326" classname="com.tibco.rest.test.DataDrivenTestCases">
    <error/>
  </testcase> <!-- testcase -->
  <testcase name="testcase" time="1.092" classname="com.tibco.rest.test.DataDrivenTestCases">
    <error/>
  </testcase> <!-- testcase -->
  <testcase name="testcase" time="1.613" classname="com.tibco.rest.test.DataDrivenTestCases">
    <error/>
  </testcase> <!-- testcase -->
  <testcase name="testcase" time="0.436" classname="com.tibco.rest.test.DataDrivenTestCases">
    <error/>
  </testcase> <!-- testcase -->
  <testcase name="testcase" time="0.341" classname="com.tibco.rest.test.DataDrivenTestCases">
    <error/>
  </testcase> <!-- testcase -->
  <testcase name="testcase" time="0.492" classname="com.tibco.rest.test.DataDrivenTestCases">
    <error/>
  </testcase> <!-- testcase -->
  <testcase name="testcase" time="0.347" classname="com.tibco.rest.test.DataDrivenTestCases">
    <error/>
  </testcase> <!-- testcase -->
  <testcase name="testcase" time="0.396" classname="com.tibco.rest.test.DataDrivenTestCases">
    <error/>
  </testcase> <!-- testcase -->
  <testcase name="testcase" time="1.558" classname="com.tibco.rest.test.DataDrivenTestCases">
    <error/>
  </testcase> <!-- testcase -->
  <testcase name="testcase" time="1.261" classname="com.tibco.rest.test.DataDrivenTestCases">
    <error/>
  </testcase> <!-- testcase -->
  <testcase name="testcase" time="3.009" classname="com.tibco.rest.test.DataDrivenTestCases">
    <error/>
  </testcase> <!-- testcase -->
  <testcase name="testcase" time="1.358" classname="com.tibco.rest.test.DataDrivenTestCases">
    <error/>
  </testcase> <!-- testcase -->
  <testcase name="testcase" time="1.668" classname="com.tibco.rest.test.DataDrivenTestCases">
    <error/>
  </testcase> <!-- testcase -->
  <testcase name="testcase" time="1.150" classname="com.tibco.rest.test.DataDrivenTestCases">
    <error/>
  </testcase> <!-- testcase -->
  <testcase name="testcase" time="0.364" classname="com.tibco.rest.test.DataDrivenTestCases">
    <error/>
  </testcase> <!-- testcase -->
  <testcase name="testcase" time="0.471" classname="com.tibco.rest.test.DataDrivenTestCases">
    <error/>
  </testcase> <!-- testcase -->
  <testcase name="testcase" time="1.588" classname="com.tibco.rest.test.DataDrivenTestCases">
    <error/>
  </testcase> <!-- testcase -->
  <testcase name="testcase" time="1.436" classname="com.tibco.rest.test.DataDrivenTestCases">
    <error/>
  </testcase> <!-- testcase -->
  <testcase name="testcase" time="0.534" classname="com.tibco.rest.test.DataDrivenTestCases">
    <error/>
  </testcase> <!-- testcase -->
  <testcase name="testcase" time="0.407" classname="com.tibco.rest.test.DataDrivenTestCases">
    <error/>
  </testcase> <!-- testcase -->
  <testcase name="testcase" time="0.532" classname="com.tibco.rest.test.DataDrivenTestCases">
    <error/>
  </testcase> <!-- testcase -->
  <testcase name="testcase" time="1.334" classname="com.tibco.rest.test.DataDrivenTestCases">
    <error/>
  </testcase> <!-- testcase -->
  <testcase name="testcase" time="0.398" classname="com.tibco.rest.test.DataDrivenTestCases">
    <error/>
  </testcase> <!-- testcase -->
  <testcase name="testcase" time="0.446" classname="com.tibco.rest.test.DataDrivenTestCases">
    <error/>
  </testcase> <!-- testcase -->
  <testcase name="testcase" time="0.371" classname="com.tibco.rest.test.DataDrivenTestCases">
    <error/>
  </testcase> <!-- testcase -->
  <testcase name="testcase" time="0.825" classname="com.tibco.rest.test.DataDrivenTestCases">
    <error/>
  </testcase> <!-- testcase -->
  <testcase name="testcase" time="1.928" classname="com.tibco.rest.test.DataDrivenTestCases">
    <error/>
  </testcase> <!-- testcase -->
  <testcase name="testcase" time="0.491" classname="com.tibco.rest.test.DataDrivenTestCases">
    <error/>
  </testcase> <!-- testcase -->
  <testcase name="testcase" time="0.348" classname="com.tibco.rest.test.DataDrivenTestCases">
    <error/>
  </testcase> <!-- testcase -->
  <testcase name="testcase" time="2.001" classname="com.tibco.rest.test.DataDrivenTestCases">
    <error/>
  </testcase> <!-- testcase -->
  <testcase name="testcase" time="0.401" classname="com.tibco.rest.test.DataDrivenTestCases">
    <error/>
  </testcase> <!-- testcase -->
  <testcase name="testcase" time="0.476" classname="com.tibco.rest.test.DataDrivenTestCases">
    <error/>
  </testcase> <!-- testcase -->
  <testcase name="testcase" time="0.867" classname="com.tibco.rest.test.DataDrivenTestCases">
    <error/>
  </testcase> <!-- testcase -->
  <testcase name="testcase" time="0.405" classname="com.tibco.rest.test.DataDrivenTestCases">
    <error/>
  </testcase> <!-- testcase -->
  <testcase name="testcase" time="0.427" classname="com.tibco.rest.test.DataDrivenTestCases">
    <error/>
  </testcase> <!-- testcase -->
  <testcase name="testcase" time="0.352" classname="com.tibco.rest.test.DataDrivenTestCases">
    <error/>
  </testcase> <!-- testcase -->
  <testcase name="testcase" time="1.445" classname="com.tibco.rest.test.DataDrivenTestCases">
    <error/>
  </testcase> <!-- testcase -->
  <testcase name="testcase" time="0.972" classname="com.tibco.rest.test.DataDrivenTestCases">
    <error/>
  </testcase> <!-- testcase -->
  <testcase name="testcase" time="0.487" classname="com.tibco.rest.test.DataDrivenTestCases">
    <error/>
  </testcase> <!-- testcase -->
  <testcase name="testcase" time="0.599" classname="com.tibco.rest.test.DataDrivenTestCases">
    <error/>
  </testcase> <!-- testcase -->
  <testcase name="testcase" time="1.842" classname="com.tibco.rest.test.DataDrivenTestCases">
    <error/>
  </testcase> <!-- testcase -->
  <testcase name="testcase" time="1.500" classname="com.tibco.rest.test.DataDrivenTestCases">
    <error/>
  </testcase> <!-- testcase -->
  <testcase name="testcase" time="0.423" classname="com.tibco.rest.test.DataDrivenTestCases">
    <error/>
  </testcase> <!-- testcase -->
  <testcase name="testcase" time="2.547" classname="com.tibco.rest.test.DataDrivenTestCases">
    <error/>
  </testcase> <!-- testcase -->
  <testcase name="testcase" time="0.326" classname="com.tibco.rest.test.DataDrivenTestCases">
    <error/>
  </testcase> <!-- testcase -->
  <testcase name="testcase" time="0.427" classname="com.tibco.rest.test.DataDrivenTestCases">
    <error/>
  </testcase> <!-- testcase -->
  <testcase name="testcase" time="0.416" classname="com.tibco.rest.test.DataDrivenTestCases">
    <error/>
  </testcase> <!-- testcase -->
  <testcase name="testcase" time="3.444" classname="com.tibco.rest.test.DataDrivenTestCases">
    <error/>
  </testcase> <!-- testcase -->
  <testcase name="testcase" time="1.835" classname="com.tibco.rest.test.DataDrivenTestCases">
    <error/>
  </testcase> <!-- testcase -->
  <testcase name="testcase" time="1.287" classname="com.tibco.rest.test.DataDrivenTestCases">
    <error/>
  </testcase> <!-- testcase -->
  <testcase name="testcase" time="1.487" classname="com.tibco.rest.test.DataDrivenTestCases">
    <error/>
  </testcase> <!-- testcase -->
  <testcase name="testcase" time="0.578" classname="com.tibco.rest.test.DataDrivenTestCases">
    <error/>
  </testcase> <!-- testcase -->
  <testcase name="testcase" time="0.506" classname="com.tibco.rest.test.DataDrivenTestCases">
    <error/>
  </testcase> <!-- testcase -->
  <testcase name="testcase" time="0.366" classname="com.tibco.rest.test.DataDrivenTestCases">
    <error/>
  </testcase> <!-- testcase -->
  <testcase name="testcase" time="0.380" classname="com.tibco.rest.test.DataDrivenTestCases">
    <error/>
  </testcase> <!-- testcase -->
  <testcase name="testcase" time="1.668" classname="com.tibco.rest.test.DataDrivenTestCases">
    <error/>
  </testcase> <!-- testcase -->
  <testcase name="testcase" time="0.349" classname="com.tibco.rest.test.DataDrivenTestCases">
    <error/>
  </testcase> <!-- testcase -->
  <testcase name="testcase" time="0.402" classname="com.tibco.rest.test.DataDrivenTestCases">
    <error/>
  </testcase> <!-- testcase -->
  <testcase name="testcase" time="0.558" classname="com.tibco.rest.test.DataDrivenTestCases">
    <error/>
  </testcase> <!-- testcase -->
  <testcase name="testcase" time="3.328" classname="com.tibco.rest.test.DataDrivenTestCases">
    <error/>
  </testcase> <!-- testcase -->
  <testcase name="testcase" time="2.196" classname="com.tibco.rest.test.DataDrivenTestCases">
    <error/>
  </testcase> <!-- testcase -->
  <testcase name="testcase" time="0.334" classname="com.tibco.rest.test.DataDrivenTestCases">
    <error/>
  </testcase> <!-- testcase -->
  <testcase name="testcase" time="0.858" classname="com.tibco.rest.test.DataDrivenTestCases">
    <error/>
  </testcase> <!-- testcase -->
  <testcase name="testcase" time="0.380" classname="com.tibco.rest.test.DataDrivenTestCases">
    <error/>
  </testcase> <!-- testcase -->
  <testcase name="testcase" time="1.392" classname="com.tibco.rest.test.DataDrivenTestCases">
    <error/>
  </testcase> <!-- testcase -->
  <testcase name="testcase" time="1.903" classname="com.tibco.rest.test.DataDrivenTestCases">
    <error/>
  </testcase> <!-- testcase -->
  <testcase name="testcase" time="0.751" classname="com.tibco.rest.test.DataDrivenTestCases">
    <error/>
  </testcase> <!-- testcase -->
  <testcase name="testcase" time="0.574" classname="com.tibco.rest.test.DataDrivenTestCases">
    <error/>
  </testcase> <!-- testcase -->
  <testcase name="testcase" time="1.646" classname="com.tibco.rest.test.DataDrivenTestCases">
    <error/>
  </testcase> <!-- testcase -->
  <testcase name="testcase" time="0.345" classname="com.tibco.rest.test.DataDrivenTestCases">
    <error/>
  </testcase> <!-- testcase -->
  <testcase name="testcase" time="1.247" classname="com.tibco.rest.test.DataDrivenTestCases">
    <error/>
  </testcase> <!-- testcase -->
  <testcase name="testcase" time="0.426" classname="com.tibco.rest.test.DataDrivenTestCases">
    <error/>
  </testcase> <!-- testcase -->
  <testcase name="testcase" time="1.652" classname="com.tibco.rest.test.DataDrivenTestCases">
    <error/>
  </testcase> <!-- testcase -->
  <testcase name="testcase" time="0.534" classname="com.tibco.rest.test.DataDrivenTestCases">
    <error/>
  </testcase> <!-- testcase -->
  <testcase name="testcase" time="0.417" classname="com.tibco.rest.test.DataDrivenTestCases">
    <error/>
  </testcase> <!-- testcase -->
  <testcase name="testcase" time="0.391" classname="com.tibco.rest.test.DataDrivenTestCases">
    <error/>
  </testcase> <!-- testcase -->
  <testcase name="testcase" time="0.373" classname="com.tibco.rest.test.DataDrivenTestCases">
    <error/>
  </testcase> <!-- testcase -->
  <testcase name="testcase" time="1.592" classname="com.tibco.rest.test.DataDrivenTestCases">
    <error/>
  </testcase> <!-- testcase -->
  <testcase name="testcase" time="0.374" classname="com.tibco.rest.test.DataDrivenTestCases">
    <error/>
  </testcase> <!-- testcase -->
  <testcase name="testcase" time="0.335" classname="com.tibco.rest.test.DataDrivenTestCases">
    <error/>
  </testcase> <!-- testcase -->
  <testcase name="testcase" time="0.324" classname="com.tibco.rest.test.DataDrivenTestCases">
    <error/>
  </testcase> <!-- testcase -->
  <testcase name="testcase" time="2.992" classname="com.tibco.rest.test.DataDrivenTestCases">
    <error/>
  </testcase> <!-- testcase -->
  <testcase name="testcase" time="0.379" classname="com.tibco.rest.test.DataDrivenTestCases">
    <failure type="java.lang.AssertionError" message="Expected value should be &quot;EMAIL&quot; : Actual value is &quot;[&quot;EMAIL&quot;,&quot;FILE&quot;,&quot;FTP&quot;,&quot;HTTP&quot;]&quot;">
      <![CDATA[java.lang.AssertionError: Expected value should be "EMAIL" : Actual value is "["EMAIL","FILE","FTP","HTTP"]"
	at com.tibco.rest.restAssured.Assertions.assertTrue(Assertions.java:166)
	at com.tibco.rest.restAssured.Assertions.assertEquals(Assertions.java:183)
	at com.tibco.rest.test.DataDrivenTestCases.verifyResponse(DataDrivenTestCases.java:508)
	at com.tibco.rest.test.DataDrivenTestCases.testcase(DataDrivenTestCases.java:377)
	at sun.reflect.GeneratedMethodAccessor63.invoke(Unknown Source)
	at sun.reflect.DelegatingMethodAccessorImpl.invoke(Unknown Source)
	at java.lang.reflect.Method.invoke(Unknown Source)
	at org.testng.internal.MethodInvocationHelper.invokeMethod(MethodInvocationHelper.java:108)
	at org.testng.internal.Invoker.invokeMethod(Invoker.java:661)
	at org.testng.internal.Invoker.invokeTestMethod(Invoker.java:869)
	at org.testng.internal.Invoker.invokeTestMethods(Invoker.java:1193)
	at org.testng.internal.TestMethodWorker.invokeTestMethods(TestMethodWorker.java:126)
	at org.testng.internal.TestMethodWorker.run(TestMethodWorker.java:109)
	at org.testng.TestRunner.privateRun(TestRunner.java:744)
	at org.testng.TestRunner.run(TestRunner.java:602)
	at org.testng.SuiteRunner.runTest(SuiteRunner.java:380)
	at org.testng.SuiteRunner.runSequentially(SuiteRunner.java:375)
	at org.testng.SuiteRunner.privateRun(SuiteRunner.java:340)
	at org.testng.SuiteRunner.run(SuiteRunner.java:289)
	at org.testng.SuiteRunnerWorker.runSuite(SuiteRunnerWorker.java:52)
	at org.testng.SuiteRunnerWorker.run(SuiteRunnerWorker.java:86)
	at org.testng.TestNG.runSuitesSequentially(TestNG.java:1301)
	at org.testng.TestNG.runSuitesLocally(TestNG.java:1226)
	at org.testng.TestNG.runSuites(TestNG.java:1144)
	at org.testng.TestNG.run(TestNG.java:1115)
	at org.testng.TestNG.privateMain(TestNG.java:1442)
	at org.testng.TestNG.main(TestNG.java:1411)
]]>
    </failure>
  </testcase> <!-- testcase -->
  <testcase name="testcase" time="2.215" classname="com.tibco.rest.test.DataDrivenTestCases">
    <error/>
  </testcase> <!-- testcase -->
  <testcase name="testcase" time="0.461" classname="com.tibco.rest.test.DataDrivenTestCases">
    <error/>
  </testcase> <!-- testcase -->
  <testcase name="testcase" time="0.454" classname="com.tibco.rest.test.DataDrivenTestCases">
    <error/>
  </testcase> <!-- testcase -->
  <testcase name="testcase" time="3.474" classname="com.tibco.rest.test.DataDrivenTestCases">
    <error/>
  </testcase> <!-- testcase -->
  <testcase name="testcase" time="1.301" classname="com.tibco.rest.test.DataDrivenTestCases">
    <error/>
  </testcase> <!-- testcase -->
  <testcase name="testcase" time="0.555" classname="com.tibco.rest.test.DataDrivenTestCases">
    <error/>
  </testcase> <!-- testcase -->
  <testcase name="testcase" time="0.406" classname="com.tibco.rest.test.DataDrivenTestCases">
    <error/>
  </testcase> <!-- testcase -->
  <testcase name="testcase" time="1.276" classname="com.tibco.rest.test.DataDrivenTestCases">
    <error/>
  </testcase> <!-- testcase -->
  <testcase name="testcase" time="0.403" classname="com.tibco.rest.test.DataDrivenTestCases">
    <error/>
  </testcase> <!-- testcase -->
  <testcase name="testcase" time="1.647" classname="com.tibco.rest.test.DataDrivenTestCases">
    <error/>
  </testcase> <!-- testcase -->
  <testcase name="testcase" time="1.200" classname="com.tibco.rest.test.DataDrivenTestCases">
    <error/>
  </testcase> <!-- testcase -->
  <testcase name="testcase" time="0.814" classname="com.tibco.rest.test.DataDrivenTestCases">
    <error/>
  </testcase> <!-- testcase -->
  <testcase name="testcase" time="1.712" classname="com.tibco.rest.test.DataDrivenTestCases">
    <error/>
  </testcase> <!-- testcase -->
  <testcase name="testcase" time="0.551" classname="com.tibco.rest.test.DataDrivenTestCases">
    <error/>
  </testcase> <!-- testcase -->
  <testcase name="testcase" time="0.558" classname="com.tibco.rest.test.DataDrivenTestCases">
    <error/>
  </testcase> <!-- testcase -->
  <testcase name="testcase" time="0.520" classname="com.tibco.rest.test.DataDrivenTestCases">
    <error/>
  </testcase> <!-- testcase -->
  <testcase name="testcase" time="1.228" classname="com.tibco.rest.test.DataDrivenTestCases">
    <error/>
  </testcase> <!-- testcase -->
  <testcase name="testcase" time="1.515" classname="com.tibco.rest.test.DataDrivenTestCases">
    <error/>
  </testcase> <!-- testcase -->
  <testcase name="testcase" time="0.388" classname="com.tibco.rest.test.DataDrivenTestCases">
    <error/>
  </testcase> <!-- testcase -->
  <testcase name="testcase" time="0.359" classname="com.tibco.rest.test.DataDrivenTestCases">
    <error/>
  </testcase> <!-- testcase -->
  <testcase name="testcase" time="0.657" classname="com.tibco.rest.test.DataDrivenTestCases">
    <error/>
  </testcase> <!-- testcase -->
  <testcase name="testcase" time="0.337" classname="com.tibco.rest.test.DataDrivenTestCases">
    <error/>
  </testcase> <!-- testcase -->
  <testcase name="testcase" time="1.335" classname="com.tibco.rest.test.DataDrivenTestCases">
    <error/>
  </testcase> <!-- testcase -->
  <testcase name="testcase" time="0.391" classname="com.tibco.rest.test.DataDrivenTestCases">
    <error/>
  </testcase> <!-- testcase -->
  <testcase name="testcase" time="1.599" classname="com.tibco.rest.test.DataDrivenTestCases">
    <error/>
  </testcase> <!-- testcase -->
  <testcase name="testcase" time="0.314" classname="com.tibco.rest.test.DataDrivenTestCases">
    <error/>
  </testcase> <!-- testcase -->
  <testcase name="testcase" time="1.438" classname="com.tibco.rest.test.DataDrivenTestCases">
    <error/>
  </testcase> <!-- testcase -->
  <testcase name="testcase" time="0.370" classname="com.tibco.rest.test.DataDrivenTestCases">
    <error/>
  </testcase> <!-- testcase -->
  <testcase name="testcase" time="0.343" classname="com.tibco.rest.test.DataDrivenTestCases">
    <error/>
  </testcase> <!-- testcase -->
  <testcase name="testcase" time="0.357" classname="com.tibco.rest.test.DataDrivenTestCases">
    <error/>
  </testcase> <!-- testcase -->
  <testcase name="testcase" time="2.408" classname="com.tibco.rest.test.DataDrivenTestCases">
    <error/>
  </testcase> <!-- testcase -->
  <testcase name="testcase" time="1.593" classname="com.tibco.rest.test.DataDrivenTestCases">
    <error/>
  </testcase> <!-- testcase -->
  <testcase name="testcase" time="1.706" classname="com.tibco.rest.test.DataDrivenTestCases">
    <error/>
  </testcase> <!-- testcase -->
  <testcase name="testcase" time="0.464" classname="com.tibco.rest.test.DataDrivenTestCases">
    <error/>
  </testcase> <!-- testcase -->
  <testcase name="testcase" time="2.394" classname="com.tibco.rest.test.DataDrivenTestCases">
    <failure type="java.lang.AssertionError" message="Expected value should contains &quot;The Transport name https_rn  you have entered  is already in use&quot; : Actual value is &quot;The Transport name https_rn  you have entered  is already in use&quot;">
      <![CDATA[java.lang.AssertionError: Expected value should contains "The Transport name https_rn  you have entered  is already in use" : Actual value is "The Transport name https_rn  you have entered  is already in use"
	at com.tibco.rest.restAssured.Assertions.assertTrue(Assertions.java:166)
	at com.tibco.rest.restAssured.Assertions.assertContains(Assertions.java:212)
	at com.tibco.rest.test.DataDrivenTestCases.verifyResponse(DataDrivenTestCases.java:533)
	at com.tibco.rest.test.DataDrivenTestCases.testcase(DataDrivenTestCases.java:377)
	at sun.reflect.GeneratedMethodAccessor63.invoke(Unknown Source)
	at sun.reflect.DelegatingMethodAccessorImpl.invoke(Unknown Source)
	at java.lang.reflect.Method.invoke(Unknown Source)
	at org.testng.internal.MethodInvocationHelper.invokeMethod(MethodInvocationHelper.java:108)
	at org.testng.internal.Invoker.invokeMethod(Invoker.java:661)
	at org.testng.internal.Invoker.invokeTestMethod(Invoker.java:869)
	at org.testng.internal.Invoker.invokeTestMethods(Invoker.java:1193)
	at org.testng.internal.TestMethodWorker.invokeTestMethods(TestMethodWorker.java:126)
	at org.testng.internal.TestMethodWorker.run(TestMethodWorker.java:109)
	at org.testng.TestRunner.privateRun(TestRunner.java:744)
	at org.testng.TestRunner.run(TestRunner.java:602)
	at org.testng.SuiteRunner.runTest(SuiteRunner.java:380)
	at org.testng.SuiteRunner.runSequentially(SuiteRunner.java:375)
	at org.testng.SuiteRunner.privateRun(SuiteRunner.java:340)
	at org.testng.SuiteRunner.run(SuiteRunner.java:289)
	at org.testng.SuiteRunnerWorker.runSuite(SuiteRunnerWorker.java:52)
	at org.testng.SuiteRunnerWorker.run(SuiteRunnerWorker.java:86)
	at org.testng.TestNG.runSuitesSequentially(TestNG.java:1301)
	at org.testng.TestNG.runSuitesLocally(TestNG.java:1226)
	at org.testng.TestNG.runSuites(TestNG.java:1144)
	at org.testng.TestNG.run(TestNG.java:1115)
	at org.testng.TestNG.privateMain(TestNG.java:1442)
	at org.testng.TestNG.main(TestNG.java:1411)
]]>
    </failure>
  </testcase> <!-- testcase -->
  <testcase name="testcase" time="1.557" classname="com.tibco.rest.test.DataDrivenTestCases">
    <error/>
  </testcase> <!-- testcase -->
  <testcase name="testcase" time="2.345" classname="com.tibco.rest.test.DataDrivenTestCases">
    <error/>
  </testcase> <!-- testcase -->
  <testcase name="testcase" time="2.230" classname="com.tibco.rest.test.DataDrivenTestCases">
    <error/>
  </testcase> <!-- testcase -->
  <testcase name="testcase" time="0.369" classname="com.tibco.rest.test.DataDrivenTestCases">
    <error/>
  </testcase> <!-- testcase -->
  <testcase name="testcase" time="1.378" classname="com.tibco.rest.test.DataDrivenTestCases">
    <error/>
  </testcase> <!-- testcase -->
  <testcase name="testcase" time="1.453" classname="com.tibco.rest.test.DataDrivenTestCases">
    <failure type="java.lang.AssertionError" message="Expected value should contains &quot;RosettaNet Role Name  you have entered  is already in use&quot; : Actual value is &quot;RosettaNet Role Name  you have entered  is already in use&quot;">
      <![CDATA[java.lang.AssertionError: Expected value should contains "RosettaNet Role Name  you have entered  is already in use" : Actual value is "RosettaNet Role Name  you have entered  is already in use"
	at com.tibco.rest.restAssured.Assertions.assertTrue(Assertions.java:166)
	at com.tibco.rest.restAssured.Assertions.assertContains(Assertions.java:212)
	at com.tibco.rest.test.DataDrivenTestCases.verifyResponse(DataDrivenTestCases.java:533)
	at com.tibco.rest.test.DataDrivenTestCases.testcase(DataDrivenTestCases.java:352)
	at sun.reflect.GeneratedMethodAccessor63.invoke(Unknown Source)
	at sun.reflect.DelegatingMethodAccessorImpl.invoke(Unknown Source)
	at java.lang.reflect.Method.invoke(Unknown Source)
	at org.testng.internal.MethodInvocationHelper.invokeMethod(MethodInvocationHelper.java:108)
	at org.testng.internal.Invoker.invokeMethod(Invoker.java:661)
	at org.testng.internal.Invoker.invokeTestMethod(Invoker.java:869)
	at org.testng.internal.Invoker.invokeTestMethods(Invoker.java:1193)
	at org.testng.internal.TestMethodWorker.invokeTestMethods(TestMethodWorker.java:126)
	at org.testng.internal.TestMethodWorker.run(TestMethodWorker.java:109)
	at org.testng.TestRunner.privateRun(TestRunner.java:744)
	at org.testng.TestRunner.run(TestRunner.java:602)
	at org.testng.SuiteRunner.runTest(SuiteRunner.java:380)
	at org.testng.SuiteRunner.runSequentially(SuiteRunner.java:375)
	at org.testng.SuiteRunner.privateRun(SuiteRunner.java:340)
	at org.testng.SuiteRunner.run(SuiteRunner.java:289)
	at org.testng.SuiteRunnerWorker.runSuite(SuiteRunnerWorker.java:52)
	at org.testng.SuiteRunnerWorker.run(SuiteRunnerWorker.java:86)
	at org.testng.TestNG.runSuitesSequentially(TestNG.java:1301)
	at org.testng.TestNG.runSuitesLocally(TestNG.java:1226)
	at org.testng.TestNG.runSuites(TestNG.java:1144)
	at org.testng.TestNG.run(TestNG.java:1115)
	at org.testng.TestNG.privateMain(TestNG.java:1442)
	at org.testng.TestNG.main(TestNG.java:1411)
]]>
    </failure>
  </testcase> <!-- testcase -->
  <testcase name="testcase" time="0.461" classname="com.tibco.rest.test.DataDrivenTestCases">
    <error/>
  </testcase> <!-- testcase -->
  <testcase name="testcase" time="0.386" classname="com.tibco.rest.test.DataDrivenTestCases">
    <error/>
  </testcase> <!-- testcase -->
  <testcase name="testcase" time="1.179" classname="com.tibco.rest.test.DataDrivenTestCases">
    <error/>
  </testcase> <!-- testcase -->
  <testcase name="testcase" time="2.484" classname="com.tibco.rest.test.DataDrivenTestCases">
    <error/>
  </testcase> <!-- testcase -->
  <testcase name="testcase" time="2.665" classname="com.tibco.rest.test.DataDrivenTestCases">
    <error/>
  </testcase> <!-- testcase -->
  <testcase name="testcase" time="1.602" classname="com.tibco.rest.test.DataDrivenTestCases">
    <error/>
  </testcase> <!-- testcase -->
  <testcase name="testcase" time="1.557" classname="com.tibco.rest.test.DataDrivenTestCases">
    <error/>
  </testcase> <!-- testcase -->
  <testcase name="testcase" time="0.348" classname="com.tibco.rest.test.DataDrivenTestCases">
    <error/>
  </testcase> <!-- testcase -->
  <testcase name="testcase" time="2.411" classname="com.tibco.rest.test.DataDrivenTestCases">
    <error/>
  </testcase> <!-- testcase -->
  <testcase name="testcase" time="3.523" classname="com.tibco.rest.test.DataDrivenTestCases">
    <error/>
  </testcase> <!-- testcase -->
  <testcase name="testcase" time="0.339" classname="com.tibco.rest.test.DataDrivenTestCases">
    <error/>
  </testcase> <!-- testcase -->
  <testcase name="testcase" time="0.385" classname="com.tibco.rest.test.DataDrivenTestCases">
    <error/>
  </testcase> <!-- testcase -->
  <testcase name="testcase" time="0.352" classname="com.tibco.rest.test.DataDrivenTestCases">
    <error/>
  </testcase> <!-- testcase -->
  <testcase name="testcase" time="0.411" classname="com.tibco.rest.test.DataDrivenTestCases">
    <error/>
  </testcase> <!-- testcase -->
  <testcase name="testcase" time="0.353" classname="com.tibco.rest.test.DataDrivenTestCases">
    <error/>
  </testcase> <!-- testcase -->
  <testcase name="testcase" time="0.377" classname="com.tibco.rest.test.DataDrivenTestCases">
    <error/>
  </testcase> <!-- testcase -->
  <testcase name="testcase" time="0.646" classname="com.tibco.rest.test.DataDrivenTestCases">
    <error/>
  </testcase> <!-- testcase -->
  <testcase name="testcase" time="0.503" classname="com.tibco.rest.test.DataDrivenTestCases">
    <error/>
  </testcase> <!-- testcase -->
  <testcase name="testcase" time="0.448" classname="com.tibco.rest.test.DataDrivenTestCases">
    <error/>
  </testcase> <!-- testcase -->
  <testcase name="testcase" time="0.435" classname="com.tibco.rest.test.DataDrivenTestCases">
    <error/>
  </testcase> <!-- testcase -->
  <testcase name="testcase" time="0.724" classname="com.tibco.rest.test.DataDrivenTestCases">
    <error/>
  </testcase> <!-- testcase -->
  <testcase name="testcase" time="1.673" classname="com.tibco.rest.test.DataDrivenTestCases">
    <error/>
  </testcase> <!-- testcase -->
  <testcase name="testcase" time="2.009" classname="com.tibco.rest.test.DataDrivenTestCases">
    <error/>
  </testcase> <!-- testcase -->
  <testcase name="testcase" time="0.350" classname="com.tibco.rest.test.DataDrivenTestCases">
    <error/>
  </testcase> <!-- testcase -->
  <testcase name="testcase" time="2.110" classname="com.tibco.rest.test.DataDrivenTestCases">
    <error/>
  </testcase> <!-- testcase -->
  <testcase name="testcase" time="0.438" classname="com.tibco.rest.test.DataDrivenTestCases">
    <error/>
  </testcase> <!-- testcase -->
  <testcase name="testcase" time="0.932" classname="com.tibco.rest.test.DataDrivenTestCases">
    <error/>
  </testcase> <!-- testcase -->
  <testcase name="testcase" time="0.344" classname="com.tibco.rest.test.DataDrivenTestCases">
    <error/>
  </testcase> <!-- testcase -->
  <testcase name="testcase" time="0.367" classname="com.tibco.rest.test.DataDrivenTestCases">
    <error/>
  </testcase> <!-- testcase -->
  <testcase name="testcase" time="2.064" classname="com.tibco.rest.test.DataDrivenTestCases">
    <error/>
  </testcase> <!-- testcase -->
  <testcase name="testcase" time="0.359" classname="com.tibco.rest.test.DataDrivenTestCases">
    <error/>
  </testcase> <!-- testcase -->
  <testcase name="testcase" time="0.345" classname="com.tibco.rest.test.DataDrivenTestCases">
    <error/>
  </testcase> <!-- testcase -->
  <testcase name="testcase" time="1.730" classname="com.tibco.rest.test.DataDrivenTestCases">
    <error/>
  </testcase> <!-- testcase -->
  <testcase name="testcase" time="1.569" classname="com.tibco.rest.test.DataDrivenTestCases">
    <error/>
  </testcase> <!-- testcase -->
  <testcase name="testcase" time="0.410" classname="com.tibco.rest.test.DataDrivenTestCases">
    <error/>
  </testcase> <!-- testcase -->
  <testcase name="testcase" time="0.528" classname="com.tibco.rest.test.DataDrivenTestCases">
    <error/>
  </testcase> <!-- testcase -->
  <testcase name="testcase" time="1.601" classname="com.tibco.rest.test.DataDrivenTestCases">
    <error/>
  </testcase> <!-- testcase -->
  <testcase name="testcase" time="0.313" classname="com.tibco.rest.test.DataDrivenTestCases">
    <failure type="java.lang.AssertionError" message="Expected value should contains &quot;Groupname Auto User group  you have entered  is already in use.&quot; : Actual value is &quot;Groupname Auto User group  you have entered  is already in use.&quot;">
      <![CDATA[java.lang.AssertionError: Expected value should contains "Groupname Auto User group  you have entered  is already in use." : Actual value is "Groupname Auto User group  you have entered  is already in use."
	at com.tibco.rest.restAssured.Assertions.assertTrue(Assertions.java:166)
	at com.tibco.rest.restAssured.Assertions.assertContains(Assertions.java:212)
	at com.tibco.rest.test.DataDrivenTestCases.verifyResponse(DataDrivenTestCases.java:533)
	at com.tibco.rest.test.DataDrivenTestCases.testcase(DataDrivenTestCases.java:352)
	at sun.reflect.GeneratedMethodAccessor63.invoke(Unknown Source)
	at sun.reflect.DelegatingMethodAccessorImpl.invoke(Unknown Source)
	at java.lang.reflect.Method.invoke(Unknown Source)
	at org.testng.internal.MethodInvocationHelper.invokeMethod(MethodInvocationHelper.java:108)
	at org.testng.internal.Invoker.invokeMethod(Invoker.java:661)
	at org.testng.internal.Invoker.invokeTestMethod(Invoker.java:869)
	at org.testng.internal.Invoker.invokeTestMethods(Invoker.java:1193)
	at org.testng.internal.TestMethodWorker.invokeTestMethods(TestMethodWorker.java:126)
	at org.testng.internal.TestMethodWorker.run(TestMethodWorker.java:109)
	at org.testng.TestRunner.privateRun(TestRunner.java:744)
	at org.testng.TestRunner.run(TestRunner.java:602)
	at org.testng.SuiteRunner.runTest(SuiteRunner.java:380)
	at org.testng.SuiteRunner.runSequentially(SuiteRunner.java:375)
	at org.testng.SuiteRunner.privateRun(SuiteRunner.java:340)
	at org.testng.SuiteRunner.run(SuiteRunner.java:289)
	at org.testng.SuiteRunnerWorker.runSuite(SuiteRunnerWorker.java:52)
	at org.testng.SuiteRunnerWorker.run(SuiteRunnerWorker.java:86)
	at org.testng.TestNG.runSuitesSequentially(TestNG.java:1301)
	at org.testng.TestNG.runSuitesLocally(TestNG.java:1226)
	at org.testng.TestNG.runSuites(TestNG.java:1144)
	at org.testng.TestNG.run(TestNG.java:1115)
	at org.testng.TestNG.privateMain(TestNG.java:1442)
	at org.testng.TestNG.main(TestNG.java:1411)
]]>
    </failure>
  </testcase> <!-- testcase -->
  <testcase name="testcase" time="1.346" classname="com.tibco.rest.test.DataDrivenTestCases">
    <error/>
  </testcase> <!-- testcase -->
  <testcase name="testcase" time="1.062" classname="com.tibco.rest.test.DataDrivenTestCases">
    <failure type="java.lang.AssertionError" message="Expected value should contains &quot;Name  you have entered  is already in use&quot; : Actual value is &quot;Name  you have entered  is already in use&quot;">
      <![CDATA[java.lang.AssertionError: Expected value should contains "Name  you have entered  is already in use" : Actual value is "Name  you have entered  is already in use"
	at com.tibco.rest.restAssured.Assertions.assertTrue(Assertions.java:166)
	at com.tibco.rest.restAssured.Assertions.assertContains(Assertions.java:212)
	at com.tibco.rest.test.DataDrivenTestCases.verifyResponse(DataDrivenTestCases.java:533)
	at com.tibco.rest.test.DataDrivenTestCases.testcase(DataDrivenTestCases.java:377)
	at sun.reflect.GeneratedMethodAccessor63.invoke(Unknown Source)
	at sun.reflect.DelegatingMethodAccessorImpl.invoke(Unknown Source)
	at java.lang.reflect.Method.invoke(Unknown Source)
	at org.testng.internal.MethodInvocationHelper.invokeMethod(MethodInvocationHelper.java:108)
	at org.testng.internal.Invoker.invokeMethod(Invoker.java:661)
	at org.testng.internal.Invoker.invokeTestMethod(Invoker.java:869)
	at org.testng.internal.Invoker.invokeTestMethods(Invoker.java:1193)
	at org.testng.internal.TestMethodWorker.invokeTestMethods(TestMethodWorker.java:126)
	at org.testng.internal.TestMethodWorker.run(TestMethodWorker.java:109)
	at org.testng.TestRunner.privateRun(TestRunner.java:744)
	at org.testng.TestRunner.run(TestRunner.java:602)
	at org.testng.SuiteRunner.runTest(SuiteRunner.java:380)
	at org.testng.SuiteRunner.runSequentially(SuiteRunner.java:375)
	at org.testng.SuiteRunner.privateRun(SuiteRunner.java:340)
	at org.testng.SuiteRunner.run(SuiteRunner.java:289)
	at org.testng.SuiteRunnerWorker.runSuite(SuiteRunnerWorker.java:52)
	at org.testng.SuiteRunnerWorker.run(SuiteRunnerWorker.java:86)
	at org.testng.TestNG.runSuitesSequentially(TestNG.java:1301)
	at org.testng.TestNG.runSuitesLocally(TestNG.java:1226)
	at org.testng.TestNG.runSuites(TestNG.java:1144)
	at org.testng.TestNG.run(TestNG.java:1115)
	at org.testng.TestNG.privateMain(TestNG.java:1442)
	at org.testng.TestNG.main(TestNG.java:1411)
]]>
    </failure>
  </testcase> <!-- testcase -->
  <testcase name="testcase" time="3.268" classname="com.tibco.rest.test.DataDrivenTestCases">
    <error/>
  </testcase> <!-- testcase -->
  <testcase name="testcase" time="1.072" classname="com.tibco.rest.test.DataDrivenTestCases">
    <failure type="java.lang.AssertionError" message="Expected value should contains &quot;RN Role Test you have entered  is already in use&quot; : Actual value is &quot;RN Role Test you have entered  is already in use&quot;">
      <![CDATA[java.lang.AssertionError: Expected value should contains "RN Role Test you have entered  is already in use" : Actual value is "RN Role Test you have entered  is already in use"
	at com.tibco.rest.restAssured.Assertions.assertTrue(Assertions.java:166)
	at com.tibco.rest.restAssured.Assertions.assertContains(Assertions.java:212)
	at com.tibco.rest.test.DataDrivenTestCases.verifyResponse(DataDrivenTestCases.java:533)
	at com.tibco.rest.test.DataDrivenTestCases.testcase(DataDrivenTestCases.java:352)
	at sun.reflect.GeneratedMethodAccessor63.invoke(Unknown Source)
	at sun.reflect.DelegatingMethodAccessorImpl.invoke(Unknown Source)
	at java.lang.reflect.Method.invoke(Unknown Source)
	at org.testng.internal.MethodInvocationHelper.invokeMethod(MethodInvocationHelper.java:108)
	at org.testng.internal.Invoker.invokeMethod(Invoker.java:661)
	at org.testng.internal.Invoker.invokeTestMethod(Invoker.java:869)
	at org.testng.internal.Invoker.invokeTestMethods(Invoker.java:1193)
	at org.testng.internal.TestMethodWorker.invokeTestMethods(TestMethodWorker.java:126)
	at org.testng.internal.TestMethodWorker.run(TestMethodWorker.java:109)
	at org.testng.TestRunner.privateRun(TestRunner.java:744)
	at org.testng.TestRunner.run(TestRunner.java:602)
	at org.testng.SuiteRunner.runTest(SuiteRunner.java:380)
	at org.testng.SuiteRunner.runSequentially(SuiteRunner.java:375)
	at org.testng.SuiteRunner.privateRun(SuiteRunner.java:340)
	at org.testng.SuiteRunner.run(SuiteRunner.java:289)
	at org.testng.SuiteRunnerWorker.runSuite(SuiteRunnerWorker.java:52)
	at org.testng.SuiteRunnerWorker.run(SuiteRunnerWorker.java:86)
	at org.testng.TestNG.runSuitesSequentially(TestNG.java:1301)
	at org.testng.TestNG.runSuitesLocally(TestNG.java:1226)
	at org.testng.TestNG.runSuites(TestNG.java:1144)
	at org.testng.TestNG.run(TestNG.java:1115)
	at org.testng.TestNG.privateMain(TestNG.java:1442)
	at org.testng.TestNG.main(TestNG.java:1411)
]]>
    </failure>
  </testcase> <!-- testcase -->
  <testcase name="testcase" time="1.794" classname="com.tibco.rest.test.DataDrivenTestCases">
    <error/>
  </testcase> <!-- testcase -->
  <testcase name="testcase" time="0.403" classname="com.tibco.rest.test.DataDrivenTestCases">
    <error/>
  </testcase> <!-- testcase -->
  <testcase name="testcase" time="3.430" classname="com.tibco.rest.test.DataDrivenTestCases">
    <error/>
  </testcase> <!-- testcase -->
  <testcase name="testcase" time="2.362" classname="com.tibco.rest.test.DataDrivenTestCases">
    <error/>
  </testcase> <!-- testcase -->
  <testcase name="testcase" time="0.461" classname="com.tibco.rest.test.DataDrivenTestCases">
    <error/>
  </testcase> <!-- testcase -->
  <testcase name="testcase" time="0.367" classname="com.tibco.rest.test.DataDrivenTestCases">
    <error/>
  </testcase> <!-- testcase -->
  <testcase name="testcase" time="0.348" classname="com.tibco.rest.test.DataDrivenTestCases">
    <error/>
  </testcase> <!-- testcase -->
  <testcase name="testcase" time="2.218" classname="com.tibco.rest.test.DataDrivenTestCases">
    <error/>
  </testcase> <!-- testcase -->
  <testcase name="testcase" time="0.394" classname="com.tibco.rest.test.DataDrivenTestCases">
    <error/>
  </testcase> <!-- testcase -->
  <testcase name="testcase" time="1.630" classname="com.tibco.rest.test.DataDrivenTestCases">
    <error/>
  </testcase> <!-- testcase -->
  <testcase name="testcase" time="3.203" classname="com.tibco.rest.test.DataDrivenTestCases">
    <error/>
  </testcase> <!-- testcase -->
  <testcase name="testcase" time="0.352" classname="com.tibco.rest.test.DataDrivenTestCases">
    <error/>
  </testcase> <!-- testcase -->
  <testcase name="testcase" time="2.611" classname="com.tibco.rest.test.DataDrivenTestCases">
    <error/>
  </testcase> <!-- testcase -->
  <testcase name="testcase" time="0.739" classname="com.tibco.rest.test.DataDrivenTestCases">
    <error/>
  </testcase> <!-- testcase -->
  <testcase name="testcase" time="0.534" classname="com.tibco.rest.test.DataDrivenTestCases">
    <error/>
  </testcase> <!-- testcase -->
  <testcase name="testcase" time="1.337" classname="com.tibco.rest.test.DataDrivenTestCases">
    <error/>
  </testcase> <!-- testcase -->
  <testcase name="testcase" time="0.350" classname="com.tibco.rest.test.DataDrivenTestCases">
    <error/>
  </testcase> <!-- testcase -->
  <testcase name="testcase" time="0.384" classname="com.tibco.rest.test.DataDrivenTestCases">
    <error/>
  </testcase> <!-- testcase -->
  <testcase name="testcase" time="1.254" classname="com.tibco.rest.test.DataDrivenTestCases">
    <error/>
  </testcase> <!-- testcase -->
  <testcase name="testcase" time="0.460" classname="com.tibco.rest.test.DataDrivenTestCases">
    <error/>
  </testcase> <!-- testcase -->
  <testcase name="testcase" time="0.376" classname="com.tibco.rest.test.DataDrivenTestCases">
    <error/>
  </testcase> <!-- testcase -->
  <testcase name="testcase" time="2.447" classname="com.tibco.rest.test.DataDrivenTestCases">
    <error/>
  </testcase> <!-- testcase -->
  <testcase name="testcase" time="0.477" classname="com.tibco.rest.test.DataDrivenTestCases">
    <error/>
  </testcase> <!-- testcase -->
  <testcase name="testcase" time="0.457" classname="com.tibco.rest.test.DataDrivenTestCases">
    <error/>
  </testcase> <!-- testcase -->
  <testcase name="testcase" time="0.430" classname="com.tibco.rest.test.DataDrivenTestCases">
    <error/>
  </testcase> <!-- testcase -->
  <testcase name="testcase" time="0.893" classname="com.tibco.rest.test.DataDrivenTestCases">
    <error/>
  </testcase> <!-- testcase -->
  <testcase name="testcase" time="3.879" classname="com.tibco.rest.test.DataDrivenTestCases">
    <error/>
  </testcase> <!-- testcase -->
  <testcase name="testcase" time="1.148" classname="com.tibco.rest.test.DataDrivenTestCases">
    <error/>
  </testcase> <!-- testcase -->
  <testcase name="testcase" time="0.395" classname="com.tibco.rest.test.DataDrivenTestCases">
    <error/>
  </testcase> <!-- testcase -->
  <testcase name="testcase" time="1.610" classname="com.tibco.rest.test.DataDrivenTestCases">
    <error/>
  </testcase> <!-- testcase -->
  <testcase name="testcase" time="0.341" classname="com.tibco.rest.test.DataDrivenTestCases">
    <error/>
  </testcase> <!-- testcase -->
  <testcase name="testcase" time="0.562" classname="com.tibco.rest.test.DataDrivenTestCases">
    <error/>
  </testcase> <!-- testcase -->
  <testcase name="testcase" time="0.533" classname="com.tibco.rest.test.DataDrivenTestCases">
    <error/>
  </testcase> <!-- testcase -->
  <testcase name="testcase" time="0.357" classname="com.tibco.rest.test.DataDrivenTestCases">
    <error/>
  </testcase> <!-- testcase -->
  <testcase name="testcase" time="0.474" classname="com.tibco.rest.test.DataDrivenTestCases">
    <error/>
  </testcase> <!-- testcase -->
  <testcase name="testcase" time="1.932" classname="com.tibco.rest.test.DataDrivenTestCases">
    <error/>
  </testcase> <!-- testcase -->
  <testcase name="testcase" time="0.546" classname="com.tibco.rest.test.DataDrivenTestCases">
    <error/>
  </testcase> <!-- testcase -->
  <testcase name="testcase" time="1.442" classname="com.tibco.rest.test.DataDrivenTestCases">
    <error/>
  </testcase> <!-- testcase -->
  <testcase name="testcase" time="0.422" classname="com.tibco.rest.test.DataDrivenTestCases">
    <error/>
  </testcase> <!-- testcase -->
  <testcase name="testcase" time="0.607" classname="com.tibco.rest.test.DataDrivenTestCases">
    <error/>
  </testcase> <!-- testcase -->
  <testcase name="testcase" time="1.545" classname="com.tibco.rest.test.DataDrivenTestCases">
    <error/>
  </testcase> <!-- testcase -->
  <testcase name="testcase" time="0.340" classname="com.tibco.rest.test.DataDrivenTestCases">
    <error/>
  </testcase> <!-- testcase -->
  <testcase name="testcase" time="2.944" classname="com.tibco.rest.test.DataDrivenTestCases">
    <error/>
  </testcase> <!-- testcase -->
  <testcase name="testcase" time="1.443" classname="com.tibco.rest.test.DataDrivenTestCases">
    <error/>
  </testcase> <!-- testcase -->
  <testcase name="testcase" time="0.389" classname="com.tibco.rest.test.DataDrivenTestCases">
    <error/>
  </testcase> <!-- testcase -->
  <testcase name="testcase" time="0.566" classname="com.tibco.rest.test.DataDrivenTestCases">
    <error/>
  </testcase> <!-- testcase -->
  <testcase name="testcase" time="0.405" classname="com.tibco.rest.test.DataDrivenTestCases">
    <error/>
  </testcase> <!-- testcase -->
  <testcase name="testcase" time="0.448" classname="com.tibco.rest.test.DataDrivenTestCases">
    <error/>
  </testcase> <!-- testcase -->
  <testcase name="testcase" time="0.492" classname="com.tibco.rest.test.DataDrivenTestCases">
    <error/>
  </testcase> <!-- testcase -->
  <testcase name="testcase" time="3.067" classname="com.tibco.rest.test.DataDrivenTestCases">
    <error/>
  </testcase> <!-- testcase -->
  <testcase name="testcase" time="3.351" classname="com.tibco.rest.test.DataDrivenTestCases">
    <error/>
  </testcase> <!-- testcase -->
  <testcase name="testcase" time="1.598" classname="com.tibco.rest.test.DataDrivenTestCases">
    <error/>
  </testcase> <!-- testcase -->
  <testcase name="testcase" time="1.030" classname="com.tibco.rest.test.DataDrivenTestCases">
    <error/>
  </testcase> <!-- testcase -->
  <testcase name="testcase" time="0.609" classname="com.tibco.rest.test.DataDrivenTestCases">
    <error/>
  </testcase> <!-- testcase -->
  <testcase name="testcase" time="2.871" classname="com.tibco.rest.test.DataDrivenTestCases">
    <error/>
  </testcase> <!-- testcase -->
  <testcase name="testcase" time="0.601" classname="com.tibco.rest.test.DataDrivenTestCases">
    <error/>
  </testcase> <!-- testcase -->
  <testcase name="testcase" time="0.409" classname="com.tibco.rest.test.DataDrivenTestCases">
    <error/>
  </testcase> <!-- testcase -->
  <testcase name="testcase" time="3.033" classname="com.tibco.rest.test.DataDrivenTestCases">
    <error/>
  </testcase> <!-- testcase -->
  <testcase name="testcase" time="0.457" classname="com.tibco.rest.test.DataDrivenTestCases">
    <error/>
  </testcase> <!-- testcase -->
  <testcase name="testcase" time="1.747" classname="com.tibco.rest.test.DataDrivenTestCases">
    <error/>
  </testcase> <!-- testcase -->
  <testcase name="testcase" time="0.496" classname="com.tibco.rest.test.DataDrivenTestCases">
    <error/>
  </testcase> <!-- testcase -->
  <testcase name="testcase" time="2.217" classname="com.tibco.rest.test.DataDrivenTestCases">
    <error/>
  </testcase> <!-- testcase -->
  <testcase name="testcase" time="0.386" classname="com.tibco.rest.test.DataDrivenTestCases">
    <error/>
  </testcase> <!-- testcase -->
  <testcase name="testcase" time="1.592" classname="com.tibco.rest.test.DataDrivenTestCases">
    <error/>
  </testcase> <!-- testcase -->
  <testcase name="testcase" time="2.216" classname="com.tibco.rest.test.DataDrivenTestCases">
    <error/>
  </testcase> <!-- testcase -->
  <testcase name="testcase" time="1.255" classname="com.tibco.rest.test.DataDrivenTestCases">
    <error/>
  </testcase> <!-- testcase -->
  <testcase name="testcase" time="0.380" classname="com.tibco.rest.test.DataDrivenTestCases">
    <error/>
  </testcase> <!-- testcase -->
  <testcase name="testcase" time="2.222" classname="com.tibco.rest.test.DataDrivenTestCases">
    <error/>
  </testcase> <!-- testcase -->
  <testcase name="testcase" time="0.374" classname="com.tibco.rest.test.DataDrivenTestCases">
    <error/>
  </testcase> <!-- testcase -->
  <testcase name="testcase" time="0.356" classname="com.tibco.rest.test.DataDrivenTestCases">
    <error/>
  </testcase> <!-- testcase -->
  <testcase name="testcase" time="0.339" classname="com.tibco.rest.test.DataDrivenTestCases">
    <error/>
  </testcase> <!-- testcase -->
  <testcase name="testcase" time="1.973" classname="com.tibco.rest.test.DataDrivenTestCases">
    <error/>
  </testcase> <!-- testcase -->
  <testcase name="testcase" time="0.430" classname="com.tibco.rest.test.DataDrivenTestCases">
    <error/>
  </testcase> <!-- testcase -->
  <testcase name="testcase" time="1.245" classname="com.tibco.rest.test.DataDrivenTestCases">
    <error/>
  </testcase> <!-- testcase -->
  <testcase name="testcase" time="1.323" classname="com.tibco.rest.test.DataDrivenTestCases">
    <error/>
  </testcase> <!-- testcase -->
  <testcase name="testcase" time="0.532" classname="com.tibco.rest.test.DataDrivenTestCases">
    <error/>
  </testcase> <!-- testcase -->
  <testcase name="testcase" time="0.400" classname="com.tibco.rest.test.DataDrivenTestCases">
    <error/>
  </testcase> <!-- testcase -->
  <testcase name="testcase" time="0.948" classname="com.tibco.rest.test.DataDrivenTestCases">
    <error/>
  </testcase> <!-- testcase -->
  <testcase name="testcase" time="0.326" classname="com.tibco.rest.test.DataDrivenTestCases">
    <error/>
  </testcase> <!-- testcase -->
  <testcase name="testcase" time="0.372" classname="com.tibco.rest.test.DataDrivenTestCases">
    <error/>
  </testcase> <!-- testcase -->
  <testcase name="testcase" time="0.525" classname="com.tibco.rest.test.DataDrivenTestCases">
    <error/>
  </testcase> <!-- testcase -->
  <testcase name="testcase" time="0.350" classname="com.tibco.rest.test.DataDrivenTestCases">
    <error/>
  </testcase> <!-- testcase -->
  <testcase name="testcase" time="0.953" classname="com.tibco.rest.test.DataDrivenTestCases">
    <error/>
  </testcase> <!-- testcase -->
  <testcase name="testcase" time="0.764" classname="com.tibco.rest.test.DataDrivenTestCases">
    <error/>
  </testcase> <!-- testcase -->
  <testcase name="testcase" time="0.413" classname="com.tibco.rest.test.DataDrivenTestCases">
    <error/>
  </testcase> <!-- testcase -->
  <testcase name="testcase" time="0.389" classname="com.tibco.rest.test.DataDrivenTestCases">
    <error/>
  </testcase> <!-- testcase -->
  <testcase name="testcase" time="1.380" classname="com.tibco.rest.test.DataDrivenTestCases">
    <error/>
  </testcase> <!-- testcase -->
  <testcase name="testcase" time="3.106" classname="com.tibco.rest.test.DataDrivenTestCases">
    <error/>
  </testcase> <!-- testcase -->
  <testcase name="testcase" time="0.466" classname="com.tibco.rest.test.DataDrivenTestCases">
    <error/>
  </testcase> <!-- testcase -->
  <testcase name="testcase" time="1.116" classname="com.tibco.rest.test.DataDrivenTestCases">
    <error/>
  </testcase> <!-- testcase -->
  <testcase name="testcase" time="0.383" classname="com.tibco.rest.test.DataDrivenTestCases">
    <error/>
  </testcase> <!-- testcase -->
  <testcase name="testcase" time="1.172" classname="com.tibco.rest.test.DataDrivenTestCases">
    <failure type="java.lang.AssertionError" message="Expected value should contains &quot;Auto Domain Type  you have entered  is already in use&quot; : Actual value is &quot;Auto Domain Type  you have entered  is already in use&quot;">
      <![CDATA[java.lang.AssertionError: Expected value should contains "Auto Domain Type  you have entered  is already in use" : Actual value is "Auto Domain Type  you have entered  is already in use"
	at com.tibco.rest.restAssured.Assertions.assertTrue(Assertions.java:166)
	at com.tibco.rest.restAssured.Assertions.assertContains(Assertions.java:212)
	at com.tibco.rest.test.DataDrivenTestCases.verifyResponse(DataDrivenTestCases.java:533)
	at com.tibco.rest.test.DataDrivenTestCases.testcase(DataDrivenTestCases.java:352)
	at sun.reflect.GeneratedMethodAccessor63.invoke(Unknown Source)
	at sun.reflect.DelegatingMethodAccessorImpl.invoke(Unknown Source)
	at java.lang.reflect.Method.invoke(Unknown Source)
	at org.testng.internal.MethodInvocationHelper.invokeMethod(MethodInvocationHelper.java:108)
	at org.testng.internal.Invoker.invokeMethod(Invoker.java:661)
	at org.testng.internal.Invoker.invokeTestMethod(Invoker.java:869)
	at org.testng.internal.Invoker.invokeTestMethods(Invoker.java:1193)
	at org.testng.internal.TestMethodWorker.invokeTestMethods(TestMethodWorker.java:126)
	at org.testng.internal.TestMethodWorker.run(TestMethodWorker.java:109)
	at org.testng.TestRunner.privateRun(TestRunner.java:744)
	at org.testng.TestRunner.run(TestRunner.java:602)
	at org.testng.SuiteRunner.runTest(SuiteRunner.java:380)
	at org.testng.SuiteRunner.runSequentially(SuiteRunner.java:375)
	at org.testng.SuiteRunner.privateRun(SuiteRunner.java:340)
	at org.testng.SuiteRunner.run(SuiteRunner.java:289)
	at org.testng.SuiteRunnerWorker.runSuite(SuiteRunnerWorker.java:52)
	at org.testng.SuiteRunnerWorker.run(SuiteRunnerWorker.java:86)
	at org.testng.TestNG.runSuitesSequentially(TestNG.java:1301)
	at org.testng.TestNG.runSuitesLocally(TestNG.java:1226)
	at org.testng.TestNG.runSuites(TestNG.java:1144)
	at org.testng.TestNG.run(TestNG.java:1115)
	at org.testng.TestNG.privateMain(TestNG.java:1442)
	at org.testng.TestNG.main(TestNG.java:1411)
]]>
    </failure>
  </testcase> <!-- testcase -->
  <testcase name="testcase" time="0.345" classname="com.tibco.rest.test.DataDrivenTestCases">
    <error/>
  </testcase> <!-- testcase -->
  <testcase name="testcase" time="0.366" classname="com.tibco.rest.test.DataDrivenTestCases">
    <error/>
  </testcase> <!-- testcase -->
  <testcase name="testcase" time="0.433" classname="com.tibco.rest.test.DataDrivenTestCases">
    <error/>
  </testcase> <!-- testcase -->
  <testcase name="testcase" time="0.505" classname="com.tibco.rest.test.DataDrivenTestCases">
    <error/>
  </testcase> <!-- testcase -->
  <testcase name="testcase" time="0.363" classname="com.tibco.rest.test.DataDrivenTestCases">
    <error/>
  </testcase> <!-- testcase -->
  <testcase name="testcase" time="1.469" classname="com.tibco.rest.test.DataDrivenTestCases">
    <error/>
  </testcase> <!-- testcase -->
  <testcase name="testcase" time="1.457" classname="com.tibco.rest.test.DataDrivenTestCases">
    <error/>
  </testcase> <!-- testcase -->
  <testcase name="testcase" time="0.338" classname="com.tibco.rest.test.DataDrivenTestCases">
    <error/>
  </testcase> <!-- testcase -->
  <testcase name="testcase" time="1.030" classname="com.tibco.rest.test.DataDrivenTestCases">
    <error/>
  </testcase> <!-- testcase -->
  <testcase name="testcase" time="0.471" classname="com.tibco.rest.test.DataDrivenTestCases">
    <error/>
  </testcase> <!-- testcase -->
  <testcase name="testcase" time="1.270" classname="com.tibco.rest.test.DataDrivenTestCases">
    <error/>
  </testcase> <!-- testcase -->
  <testcase name="testcase" time="3.463" classname="com.tibco.rest.test.DataDrivenTestCases">
    <error/>
  </testcase> <!-- testcase -->
  <testcase name="testcase" time="0.447" classname="com.tibco.rest.test.DataDrivenTestCases">
    <error/>
  </testcase> <!-- testcase -->
  <testcase name="testcase" time="3.214" classname="com.tibco.rest.test.DataDrivenTestCases">
    <error/>
  </testcase> <!-- testcase -->
  <testcase name="testcase" time="0.458" classname="com.tibco.rest.test.DataDrivenTestCases">
    <error/>
  </testcase> <!-- testcase -->
  <testcase name="testcase" time="0.402" classname="com.tibco.rest.test.DataDrivenTestCases">
    <error/>
  </testcase> <!-- testcase -->
  <testcase name="testcase" time="0.399" classname="com.tibco.rest.test.DataDrivenTestCases">
    <error/>
  </testcase> <!-- testcase -->
  <testcase name="testcase" time="0.386" classname="com.tibco.rest.test.DataDrivenTestCases">
    <error/>
  </testcase> <!-- testcase -->
  <testcase name="testcase" time="1.266" classname="com.tibco.rest.test.DataDrivenTestCases">
    <error/>
  </testcase> <!-- testcase -->
  <testcase name="testcase" time="0.715" classname="com.tibco.rest.test.DataDrivenTestCases">
    <error/>
  </testcase> <!-- testcase -->
  <testcase name="testcase" time="0.405" classname="com.tibco.rest.test.DataDrivenTestCases">
    <error/>
  </testcase> <!-- testcase -->
  <testcase name="testcase" time="0.308" classname="com.tibco.rest.test.DataDrivenTestCases">
    <error/>
  </testcase> <!-- testcase -->
  <testcase name="testcase" time="0.418" classname="com.tibco.rest.test.DataDrivenTestCases">
    <error/>
  </testcase> <!-- testcase -->
  <testcase name="testcase" time="0.361" classname="com.tibco.rest.test.DataDrivenTestCases">
    <error/>
  </testcase> <!-- testcase -->
  <testcase name="testcase" time="0.487" classname="com.tibco.rest.test.DataDrivenTestCases">
    <error/>
  </testcase> <!-- testcase -->
  <testcase name="testcase" time="0.373" classname="com.tibco.rest.test.DataDrivenTestCases">
    <failure type="java.lang.AssertionError" message="Expected value should contains &quot;Auto Role Edited  you have entered  is already in use&quot; : Actual value is &quot;Auto Role Edited  you have entered  is already in use&quot;">
      <![CDATA[java.lang.AssertionError: Expected value should contains "Auto Role Edited  you have entered  is already in use" : Actual value is "Auto Role Edited  you have entered  is already in use"
	at com.tibco.rest.restAssured.Assertions.assertTrue(Assertions.java:166)
	at com.tibco.rest.restAssured.Assertions.assertContains(Assertions.java:212)
	at com.tibco.rest.test.DataDrivenTestCases.verifyResponse(DataDrivenTestCases.java:533)
	at com.tibco.rest.test.DataDrivenTestCases.testcase(DataDrivenTestCases.java:352)
	at sun.reflect.NativeMethodAccessorImpl.invoke0(Native Method)
	at sun.reflect.NativeMethodAccessorImpl.invoke(Unknown Source)
	at sun.reflect.DelegatingMethodAccessorImpl.invoke(Unknown Source)
	at java.lang.reflect.Method.invoke(Unknown Source)
	at org.testng.internal.MethodInvocationHelper.invokeMethod(MethodInvocationHelper.java:108)
	at org.testng.internal.Invoker.invokeMethod(Invoker.java:661)
	at org.testng.internal.Invoker.invokeTestMethod(Invoker.java:869)
	at org.testng.internal.Invoker.invokeTestMethods(Invoker.java:1193)
	at org.testng.internal.TestMethodWorker.invokeTestMethods(TestMethodWorker.java:126)
	at org.testng.internal.TestMethodWorker.run(TestMethodWorker.java:109)
	at org.testng.TestRunner.privateRun(TestRunner.java:744)
	at org.testng.TestRunner.run(TestRunner.java:602)
	at org.testng.SuiteRunner.runTest(SuiteRunner.java:380)
	at org.testng.SuiteRunner.runSequentially(SuiteRunner.java:375)
	at org.testng.SuiteRunner.privateRun(SuiteRunner.java:340)
	at org.testng.SuiteRunner.run(SuiteRunner.java:289)
	at org.testng.SuiteRunnerWorker.runSuite(SuiteRunnerWorker.java:52)
	at org.testng.SuiteRunnerWorker.run(SuiteRunnerWorker.java:86)
	at org.testng.TestNG.runSuitesSequentially(TestNG.java:1301)
	at org.testng.TestNG.runSuitesLocally(TestNG.java:1226)
	at org.testng.TestNG.runSuites(TestNG.java:1144)
	at org.testng.TestNG.run(TestNG.java:1115)
	at org.testng.TestNG.privateMain(TestNG.java:1442)
	at org.testng.TestNG.main(TestNG.java:1411)
]]>
    </failure>
  </testcase> <!-- testcase -->
  <testcase name="testcase" time="0.423" classname="com.tibco.rest.test.DataDrivenTestCases">
    <error/>
  </testcase> <!-- testcase -->
  <testcase name="testcase" time="0.373" classname="com.tibco.rest.test.DataDrivenTestCases">
    <error/>
  </testcase> <!-- testcase -->
  <testcase name="testcase" time="0.604" classname="com.tibco.rest.test.DataDrivenTestCases">
    <error/>
  </testcase> <!-- testcase -->
  <testcase name="testcase" time="1.930" classname="com.tibco.rest.test.DataDrivenTestCases">
    <error/>
  </testcase> <!-- testcase -->
  <testcase name="testcase" time="1.406" classname="com.tibco.rest.test.DataDrivenTestCases">
    <error/>
  </testcase> <!-- testcase -->
  <testcase name="testcase" time="2.394" classname="com.tibco.rest.test.DataDrivenTestCases">
    <error/>
  </testcase> <!-- testcase -->
  <testcase name="testcase" time="1.746" classname="com.tibco.rest.test.DataDrivenTestCases">
    <failure type="java.lang.AssertionError" message="Expected value should not be &quot;[]&quot; : Actual value is &quot;[]&quot;">
      <![CDATA[java.lang.AssertionError: Expected value should not be "[]" : Actual value is "[]"
	at com.tibco.rest.restAssured.Assertions.assertTrue(Assertions.java:166)
	at com.tibco.rest.restAssured.Assertions.assertNotEquals(Assertions.java:196)
	at com.tibco.rest.test.DataDrivenTestCases.verifyResponse(DataDrivenTestCases.java:520)
	at com.tibco.rest.test.DataDrivenTestCases.testcase(DataDrivenTestCases.java:344)
	at sun.reflect.GeneratedMethodAccessor63.invoke(Unknown Source)
	at sun.reflect.DelegatingMethodAccessorImpl.invoke(Unknown Source)
	at java.lang.reflect.Method.invoke(Unknown Source)
	at org.testng.internal.MethodInvocationHelper.invokeMethod(MethodInvocationHelper.java:108)
	at org.testng.internal.Invoker.invokeMethod(Invoker.java:661)
	at org.testng.internal.Invoker.invokeTestMethod(Invoker.java:869)
	at org.testng.internal.Invoker.invokeTestMethods(Invoker.java:1193)
	at org.testng.internal.TestMethodWorker.invokeTestMethods(TestMethodWorker.java:126)
	at org.testng.internal.TestMethodWorker.run(TestMethodWorker.java:109)
	at org.testng.TestRunner.privateRun(TestRunner.java:744)
	at org.testng.TestRunner.run(TestRunner.java:602)
	at org.testng.SuiteRunner.runTest(SuiteRunner.java:380)
	at org.testng.SuiteRunner.runSequentially(SuiteRunner.java:375)
	at org.testng.SuiteRunner.privateRun(SuiteRunner.java:340)
	at org.testng.SuiteRunner.run(SuiteRunner.java:289)
	at org.testng.SuiteRunnerWorker.runSuite(SuiteRunnerWorker.java:52)
	at org.testng.SuiteRunnerWorker.run(SuiteRunnerWorker.java:86)
	at org.testng.TestNG.runSuitesSequentially(TestNG.java:1301)
	at org.testng.TestNG.runSuitesLocally(TestNG.java:1226)
	at org.testng.TestNG.runSuites(TestNG.java:1144)
	at org.testng.TestNG.run(TestNG.java:1115)
	at org.testng.TestNG.privateMain(TestNG.java:1442)
	at org.testng.TestNG.main(TestNG.java:1411)
]]>
    </failure>
  </testcase> <!-- testcase -->
  <testcase name="testcase" time="0.569" classname="com.tibco.rest.test.DataDrivenTestCases">
    <error/>
  </testcase> <!-- testcase -->
  <testcase name="testcase" time="0.446" classname="com.tibco.rest.test.DataDrivenTestCases">
    <error/>
  </testcase> <!-- testcase -->
  <testcase name="testcase" time="0.326" classname="com.tibco.rest.test.DataDrivenTestCases">
    <error/>
  </testcase> <!-- testcase -->
  <testcase name="testcase" time="0.562" classname="com.tibco.rest.test.DataDrivenTestCases">
    <error/>
  </testcase> <!-- testcase -->
  <testcase name="testcase" time="0.628" classname="com.tibco.rest.test.DataDrivenTestCases">
    <error/>
  </testcase> <!-- testcase -->
  <testcase name="testcase" time="0.633" classname="com.tibco.rest.test.DataDrivenTestCases">
    <error/>
  </testcase> <!-- testcase -->
  <testcase name="testcase" time="0.366" classname="com.tibco.rest.test.DataDrivenTestCases">
    <error/>
  </testcase> <!-- testcase -->
  <testcase name="testcase" time="0.477" classname="com.tibco.rest.test.DataDrivenTestCases">
    <error/>
  </testcase> <!-- testcase -->
  <testcase name="testcase" time="1.378" classname="com.tibco.rest.test.DataDrivenTestCases">
    <error/>
  </testcase> <!-- testcase -->
  <testcase name="testcase" time="0.318" classname="com.tibco.rest.test.DataDrivenTestCases">
    <error/>
  </testcase> <!-- testcase -->
  <testcase name="testcase" time="2.548" classname="com.tibco.rest.test.DataDrivenTestCases">
    <error/>
  </testcase> <!-- testcase -->
  <testcase name="testcase" time="0.344" classname="com.tibco.rest.test.DataDrivenTestCases">
    <error/>
  </testcase> <!-- testcase -->
  <testcase name="testcase" time="0.562" classname="com.tibco.rest.test.DataDrivenTestCases">
    <error/>
  </testcase> <!-- testcase -->
  <testcase name="testcase" time="0.379" classname="com.tibco.rest.test.DataDrivenTestCases">
    <error/>
  </testcase> <!-- testcase -->
  <testcase name="testcase" time="1.724" classname="com.tibco.rest.test.DataDrivenTestCases">
    <error/>
  </testcase> <!-- testcase -->
  <testcase name="testcase" time="1.242" classname="com.tibco.rest.test.DataDrivenTestCases">
    <error/>
  </testcase> <!-- testcase -->
  <testcase name="testcase" time="0.361" classname="com.tibco.rest.test.DataDrivenTestCases">
    <error/>
  </testcase> <!-- testcase -->
  <testcase name="testcase" time="0.440" classname="com.tibco.rest.test.DataDrivenTestCases">
    <error/>
  </testcase> <!-- testcase -->
  <testcase name="testcase" time="0.398" classname="com.tibco.rest.test.DataDrivenTestCases">
    <failure type="java.lang.AssertionError" message="Expected value should contains &quot;Admin Office  you have entered  is already in use&quot; : Actual value is &quot;Admin Office  you have entered  is already in use&quot;">
      <![CDATA[java.lang.AssertionError: Expected value should contains "Admin Office  you have entered  is already in use" : Actual value is "Admin Office  you have entered  is already in use"
	at com.tibco.rest.restAssured.Assertions.assertTrue(Assertions.java:166)
	at com.tibco.rest.restAssured.Assertions.assertContains(Assertions.java:212)
	at com.tibco.rest.test.DataDrivenTestCases.verifyResponse(DataDrivenTestCases.java:533)
	at com.tibco.rest.test.DataDrivenTestCases.testcase(DataDrivenTestCases.java:352)
	at sun.reflect.GeneratedMethodAccessor63.invoke(Unknown Source)
	at sun.reflect.DelegatingMethodAccessorImpl.invoke(Unknown Source)
	at java.lang.reflect.Method.invoke(Unknown Source)
	at org.testng.internal.MethodInvocationHelper.invokeMethod(MethodInvocationHelper.java:108)
	at org.testng.internal.Invoker.invokeMethod(Invoker.java:661)
	at org.testng.internal.Invoker.invokeTestMethod(Invoker.java:869)
	at org.testng.internal.Invoker.invokeTestMethods(Invoker.java:1193)
	at org.testng.internal.TestMethodWorker.invokeTestMethods(TestMethodWorker.java:126)
	at org.testng.internal.TestMethodWorker.run(TestMethodWorker.java:109)
	at org.testng.TestRunner.privateRun(TestRunner.java:744)
	at org.testng.TestRunner.run(TestRunner.java:602)
	at org.testng.SuiteRunner.runTest(SuiteRunner.java:380)
	at org.testng.SuiteRunner.runSequentially(SuiteRunner.java:375)
	at org.testng.SuiteRunner.privateRun(SuiteRunner.java:340)
	at org.testng.SuiteRunner.run(SuiteRunner.java:289)
	at org.testng.SuiteRunnerWorker.runSuite(SuiteRunnerWorker.java:52)
	at org.testng.SuiteRunnerWorker.run(SuiteRunnerWorker.java:86)
	at org.testng.TestNG.runSuitesSequentially(TestNG.java:1301)
	at org.testng.TestNG.runSuitesLocally(TestNG.java:1226)
	at org.testng.TestNG.runSuites(TestNG.java:1144)
	at org.testng.TestNG.run(TestNG.java:1115)
	at org.testng.TestNG.privateMain(TestNG.java:1442)
	at org.testng.TestNG.main(TestNG.java:1411)
]]>
    </failure>
  </testcase> <!-- testcase -->
  <testcase name="testcase" time="1.854" classname="com.tibco.rest.test.DataDrivenTestCases">
    <error/>
  </testcase> <!-- testcase -->
  <testcase name="testcase" time="0.406" classname="com.tibco.rest.test.DataDrivenTestCases">
    <error/>
  </testcase> <!-- testcase -->
  <testcase name="testcase" time="0.525" classname="com.tibco.rest.test.DataDrivenTestCases">
    <error/>
  </testcase> <!-- testcase -->
  <testcase name="testcase" time="2.772" classname="com.tibco.rest.test.DataDrivenTestCases">
    <error/>
  </testcase> <!-- testcase -->
  <testcase name="testcase" time="0.332" classname="com.tibco.rest.test.DataDrivenTestCases">
    <error/>
  </testcase> <!-- testcase -->
  <testcase name="testcase" time="0.580" classname="com.tibco.rest.test.DataDrivenTestCases">
    <error/>
  </testcase> <!-- testcase -->
  <testcase name="testcase" time="0.526" classname="com.tibco.rest.test.DataDrivenTestCases">
    <error/>
  </testcase> <!-- testcase -->
  <testcase name="testcase" time="0.865" classname="com.tibco.rest.test.DataDrivenTestCases">
    <error/>
  </testcase> <!-- testcase -->
  <testcase name="testcase" time="0.433" classname="com.tibco.rest.test.DataDrivenTestCases">
    <error/>
  </testcase> <!-- testcase -->
  <testcase name="testcase" time="0.344" classname="com.tibco.rest.test.DataDrivenTestCases">
    <error/>
  </testcase> <!-- testcase -->
  <testcase name="testcase" time="1.602" classname="com.tibco.rest.test.DataDrivenTestCases">
    <error/>
  </testcase> <!-- testcase -->
  <testcase name="testcase" time="0.364" classname="com.tibco.rest.test.DataDrivenTestCases">
    <error/>
  </testcase> <!-- testcase -->
  <testcase name="testcase" time="0.567" classname="com.tibco.rest.test.DataDrivenTestCases">
    <error/>
  </testcase> <!-- testcase -->
  <testcase name="testcase" time="0.359" classname="com.tibco.rest.test.DataDrivenTestCases">
    <error/>
  </testcase> <!-- testcase -->
  <testcase name="testcase" time="1.528" classname="com.tibco.rest.test.DataDrivenTestCases">
    <error/>
  </testcase> <!-- testcase -->
  <testcase name="testcase" time="2.148" classname="com.tibco.rest.test.DataDrivenTestCases">
    <error/>
  </testcase> <!-- testcase -->
  <testcase name="testcase" time="0.735" classname="com.tibco.rest.test.DataDrivenTestCases">
    <error/>
  </testcase> <!-- testcase -->
  <testcase name="testcase" time="0.445" classname="com.tibco.rest.test.DataDrivenTestCases">
    <error/>
  </testcase> <!-- testcase -->
  <testcase name="testcase" time="3.764" classname="com.tibco.rest.test.DataDrivenTestCases">
    <error/>
  </testcase> <!-- testcase -->
  <testcase name="testcase" time="0.360" classname="com.tibco.rest.test.DataDrivenTestCases">
    <error/>
  </testcase> <!-- testcase -->
  <testcase name="testcase" time="1.437" classname="com.tibco.rest.test.DataDrivenTestCases">
    <error/>
  </testcase> <!-- testcase -->
  <testcase name="testcase" time="1.413" classname="com.tibco.rest.test.DataDrivenTestCases">
    <error/>
  </testcase> <!-- testcase -->
  <testcase name="testcase" time="0.441" classname="com.tibco.rest.test.DataDrivenTestCases">
    <error/>
  </testcase> <!-- testcase -->
  <testcase name="testcase" time="0.385" classname="com.tibco.rest.test.DataDrivenTestCases">
    <error/>
  </testcase> <!-- testcase -->
  <testcase name="testcase" time="2.032" classname="com.tibco.rest.test.DataDrivenTestCases">
    <error/>
  </testcase> <!-- testcase -->
  <testcase name="testcase" time="1.653" classname="com.tibco.rest.test.DataDrivenTestCases">
    <error/>
  </testcase> <!-- testcase -->
  <testcase name="testcase" time="1.913" classname="com.tibco.rest.test.DataDrivenTestCases">
    <error/>
  </testcase> <!-- testcase -->
  <testcase name="testcase" time="1.590" classname="com.tibco.rest.test.DataDrivenTestCases">
    <error/>
  </testcase> <!-- testcase -->
  <testcase name="testcase" time="0.470" classname="com.tibco.rest.test.DataDrivenTestCases">
    <error/>
  </testcase> <!-- testcase -->
  <testcase name="testcase" time="1.224" classname="com.tibco.rest.test.DataDrivenTestCases">
    <error/>
  </testcase> <!-- testcase -->
  <testcase name="testcase" time="0.346" classname="com.tibco.rest.test.DataDrivenTestCases">
    <error/>
  </testcase> <!-- testcase -->
  <testcase name="testcase" time="0.467" classname="com.tibco.rest.test.DataDrivenTestCases">
    <error/>
  </testcase> <!-- testcase -->
  <testcase name="testcase" time="0.334" classname="com.tibco.rest.test.DataDrivenTestCases">
    <error/>
  </testcase> <!-- testcase -->
  <testcase name="testcase" time="0.864" classname="com.tibco.rest.test.DataDrivenTestCases">
    <error/>
  </testcase> <!-- testcase -->
  <testcase name="testcase" time="0.420" classname="com.tibco.rest.test.DataDrivenTestCases">
    <error/>
  </testcase> <!-- testcase -->
  <testcase name="testcase" time="2.455" classname="com.tibco.rest.test.DataDrivenTestCases">
    <error/>
  </testcase> <!-- testcase -->
  <testcase name="testcase" time="0.462" classname="com.tibco.rest.test.DataDrivenTestCases">
    <error/>
  </testcase> <!-- testcase -->
  <testcase name="testcase" time="0.313" classname="com.tibco.rest.test.DataDrivenTestCases">
    <error/>
  </testcase> <!-- testcase -->
  <testcase name="testcase" time="0.684" classname="com.tibco.rest.test.DataDrivenTestCases">
    <error/>
  </testcase> <!-- testcase -->
  <testcase name="testcase" time="0.376" classname="com.tibco.rest.test.DataDrivenTestCases">
    <error/>
  </testcase> <!-- testcase -->
  <testcase name="testcase" time="0.879" classname="com.tibco.rest.test.DataDrivenTestCases">
    <error/>
  </testcase> <!-- testcase -->
  <testcase name="testcase" time="0.362" classname="com.tibco.rest.test.DataDrivenTestCases">
    <error/>
  </testcase> <!-- testcase -->
  <testcase name="testcase" time="1.622" classname="com.tibco.rest.test.DataDrivenTestCases">
    <error/>
  </testcase> <!-- testcase -->
  <testcase name="testcase" time="1.613" classname="com.tibco.rest.test.DataDrivenTestCases">
    <error/>
  </testcase> <!-- testcase -->
  <testcase name="testcase" time="0.560" classname="com.tibco.rest.test.DataDrivenTestCases">
    <error/>
  </testcase> <!-- testcase -->
  <testcase name="testcase" time="2.376" classname="com.tibco.rest.test.DataDrivenTestCases">
    <error/>
  </testcase> <!-- testcase -->
  <testcase name="testcase" time="1.081" classname="com.tibco.rest.test.DataDrivenTestCases">
    <error/>
  </testcase> <!-- testcase -->
  <testcase name="testcase" time="1.427" classname="com.tibco.rest.test.DataDrivenTestCases">
    <error/>
  </testcase> <!-- testcase -->
  <testcase name="testcase" time="0.376" classname="com.tibco.rest.test.DataDrivenTestCases">
    <error/>
  </testcase> <!-- testcase -->
  <testcase name="testcase" time="0.382" classname="com.tibco.rest.test.DataDrivenTestCases">
    <error/>
  </testcase> <!-- testcase -->
  <testcase name="testcase" time="1.119" classname="com.tibco.rest.test.DataDrivenTestCases">
    <error/>
  </testcase> <!-- testcase -->
  <testcase name="testcase" time="2.968" classname="com.tibco.rest.test.DataDrivenTestCases">
    <error/>
  </testcase> <!-- testcase -->
  <testcase name="testcase" time="0.882" classname="com.tibco.rest.test.DataDrivenTestCases">
    <error/>
  </testcase> <!-- testcase -->
  <testcase name="testcase" time="0.451" classname="com.tibco.rest.test.DataDrivenTestCases">
    <error/>
  </testcase> <!-- testcase -->
  <testcase name="testcase" time="0.301" classname="com.tibco.rest.test.DataDrivenTestCases">
    <failure type="java.lang.AssertionError" message="Expected value should contains &quot;sccode1 you have entered  is already in use&quot; : Actual value is &quot;sccode1 you have entered  is already in use&quot;">
      <![CDATA[java.lang.AssertionError: Expected value should contains "sccode1 you have entered  is already in use" : Actual value is "sccode1 you have entered  is already in use"
	at com.tibco.rest.restAssured.Assertions.assertTrue(Assertions.java:166)
	at com.tibco.rest.restAssured.Assertions.assertContains(Assertions.java:212)
	at com.tibco.rest.test.DataDrivenTestCases.verifyResponse(DataDrivenTestCases.java:533)
	at com.tibco.rest.test.DataDrivenTestCases.testcase(DataDrivenTestCases.java:377)
	at sun.reflect.GeneratedMethodAccessor63.invoke(Unknown Source)
	at sun.reflect.DelegatingMethodAccessorImpl.invoke(Unknown Source)
	at java.lang.reflect.Method.invoke(Unknown Source)
	at org.testng.internal.MethodInvocationHelper.invokeMethod(MethodInvocationHelper.java:108)
	at org.testng.internal.Invoker.invokeMethod(Invoker.java:661)
	at org.testng.internal.Invoker.invokeTestMethod(Invoker.java:869)
	at org.testng.internal.Invoker.invokeTestMethods(Invoker.java:1193)
	at org.testng.internal.TestMethodWorker.invokeTestMethods(TestMethodWorker.java:126)
	at org.testng.internal.TestMethodWorker.run(TestMethodWorker.java:109)
	at org.testng.TestRunner.privateRun(TestRunner.java:744)
	at org.testng.TestRunner.run(TestRunner.java:602)
	at org.testng.SuiteRunner.runTest(SuiteRunner.java:380)
	at org.testng.SuiteRunner.runSequentially(SuiteRunner.java:375)
	at org.testng.SuiteRunner.privateRun(SuiteRunner.java:340)
	at org.testng.SuiteRunner.run(SuiteRunner.java:289)
	at org.testng.SuiteRunnerWorker.runSuite(SuiteRunnerWorker.java:52)
	at org.testng.SuiteRunnerWorker.run(SuiteRunnerWorker.java:86)
	at org.testng.TestNG.runSuitesSequentially(TestNG.java:1301)
	at org.testng.TestNG.runSuitesLocally(TestNG.java:1226)
	at org.testng.TestNG.runSuites(TestNG.java:1144)
	at org.testng.TestNG.run(TestNG.java:1115)
	at org.testng.TestNG.privateMain(TestNG.java:1442)
	at org.testng.TestNG.main(TestNG.java:1411)
]]>
    </failure>
  </testcase> <!-- testcase -->
  <testcase name="testcase" time="0.480" classname="com.tibco.rest.test.DataDrivenTestCases">
    <error/>
  </testcase> <!-- testcase -->
  <testcase name="testcase" time="1.553" classname="com.tibco.rest.test.DataDrivenTestCases">
    <error/>
  </testcase> <!-- testcase -->
  <testcase name="testcase" time="0.367" classname="com.tibco.rest.test.DataDrivenTestCases">
    <error/>
  </testcase> <!-- testcase -->
  <testcase name="testcase" time="0.356" classname="com.tibco.rest.test.DataDrivenTestCases">
    <error/>
  </testcase> <!-- testcase -->
  <testcase name="testcase" time="0.370" classname="com.tibco.rest.test.DataDrivenTestCases">
    <error/>
  </testcase> <!-- testcase -->
  <testcase name="testcase" time="0.451" classname="com.tibco.rest.test.DataDrivenTestCases">
    <error/>
  </testcase> <!-- testcase -->
  <testcase name="testcase" time="2.599" classname="com.tibco.rest.test.DataDrivenTestCases">
    <error/>
  </testcase> <!-- testcase -->
  <testcase name="testcase" time="0.668" classname="com.tibco.rest.test.DataDrivenTestCases">
    <error/>
  </testcase> <!-- testcase -->
  <testcase name="testcase" time="0.351" classname="com.tibco.rest.test.DataDrivenTestCases">
    <error/>
  </testcase> <!-- testcase -->
  <testcase name="testcase" time="0.347" classname="com.tibco.rest.test.DataDrivenTestCases">
    <error/>
  </testcase> <!-- testcase -->
  <testcase name="testcase" time="0.400" classname="com.tibco.rest.test.DataDrivenTestCases">
    <error/>
  </testcase> <!-- testcase -->
  <testcase name="testcase" time="0.687" classname="com.tibco.rest.test.DataDrivenTestCases">
    <error/>
  </testcase> <!-- testcase -->
  <testcase name="testcase" time="0.543" classname="com.tibco.rest.test.DataDrivenTestCases">
    <error/>
  </testcase> <!-- testcase -->
  <testcase name="testcase" time="0.496" classname="com.tibco.rest.test.DataDrivenTestCases">
    <error/>
  </testcase> <!-- testcase -->
  <testcase name="testcase" time="2.323" classname="com.tibco.rest.test.DataDrivenTestCases">
    <error/>
  </testcase> <!-- testcase -->
  <testcase name="testcase" time="0.314" classname="com.tibco.rest.test.DataDrivenTestCases">
    <error/>
  </testcase> <!-- testcase -->
  <testcase name="testcase" time="0.567" classname="com.tibco.rest.test.DataDrivenTestCases">
    <error/>
  </testcase> <!-- testcase -->
  <testcase name="testcase" time="1.500" classname="com.tibco.rest.test.DataDrivenTestCases">
    <error/>
  </testcase> <!-- testcase -->
  <testcase name="testcase" time="0.360" classname="com.tibco.rest.test.DataDrivenTestCases">
    <error/>
  </testcase> <!-- testcase -->
  <testcase name="testcase" time="1.483" classname="com.tibco.rest.test.DataDrivenTestCases">
    <error/>
  </testcase> <!-- testcase -->
  <testcase name="testcase" time="3.518" classname="com.tibco.rest.test.DataDrivenTestCases">
    <error/>
  </testcase> <!-- testcase -->
  <testcase name="testcase" time="2.065" classname="com.tibco.rest.test.DataDrivenTestCases">
    <error/>
  </testcase> <!-- testcase -->
  <testcase name="testcase" time="1.586" classname="com.tibco.rest.test.DataDrivenTestCases">
    <error/>
  </testcase> <!-- testcase -->
  <testcase name="testcase" time="0.375" classname="com.tibco.rest.test.DataDrivenTestCases">
    <error/>
  </testcase> <!-- testcase -->
  <testcase name="testcase" time="0.485" classname="com.tibco.rest.test.DataDrivenTestCases">
    <error/>
  </testcase> <!-- testcase -->
  <testcase name="testcase" time="2.457" classname="com.tibco.rest.test.DataDrivenTestCases">
    <error/>
  </testcase> <!-- testcase -->
  <testcase name="testcase" time="3.453" classname="com.tibco.rest.test.DataDrivenTestCases">
    <error/>
  </testcase> <!-- testcase -->
  <testcase name="testcase" time="0.507" classname="com.tibco.rest.test.DataDrivenTestCases">
    <error/>
  </testcase> <!-- testcase -->
  <testcase name="testcase" time="1.316" classname="com.tibco.rest.test.DataDrivenTestCases">
    <error/>
  </testcase> <!-- testcase -->
  <testcase name="testcase" time="2.051" classname="com.tibco.rest.test.DataDrivenTestCases">
    <error/>
  </testcase> <!-- testcase -->
  <testcase name="testcase" time="2.418" classname="com.tibco.rest.test.DataDrivenTestCases">
    <error/>
  </testcase> <!-- testcase -->
  <testcase name="testcase" time="0.428" classname="com.tibco.rest.test.DataDrivenTestCases">
    <error/>
  </testcase> <!-- testcase -->
  <testcase name="testcase" time="0.792" classname="com.tibco.rest.test.DataDrivenTestCases">
    <error/>
  </testcase> <!-- testcase -->
  <testcase name="testcase" time="1.584" classname="com.tibco.rest.test.DataDrivenTestCases">
    <error/>
  </testcase> <!-- testcase -->
  <testcase name="testcase" time="0.641" classname="com.tibco.rest.test.DataDrivenTestCases">
    <error/>
  </testcase> <!-- testcase -->
  <testcase name="testcase" time="0.310" classname="com.tibco.rest.test.DataDrivenTestCases">
    <error/>
  </testcase> <!-- testcase -->
  <testcase name="testcase" time="0.442" classname="com.tibco.rest.test.DataDrivenTestCases">
    <error/>
  </testcase> <!-- testcase -->
  <testcase name="testcase" time="1.077" classname="com.tibco.rest.test.DataDrivenTestCases">
    <error/>
  </testcase> <!-- testcase -->
  <testcase name="testcase" time="0.394" classname="com.tibco.rest.test.DataDrivenTestCases">
    <error/>
  </testcase> <!-- testcase -->
  <testcase name="testcase" time="2.431" classname="com.tibco.rest.test.DataDrivenTestCases">
    <error/>
  </testcase> <!-- testcase -->
  <testcase name="testcase" time="0.579" classname="com.tibco.rest.test.DataDrivenTestCases">
    <error/>
  </testcase> <!-- testcase -->
  <testcase name="testcase" time="1.640" classname="com.tibco.rest.test.DataDrivenTestCases">
    <error/>
  </testcase> <!-- testcase -->
  <testcase name="testcase" time="0.578" classname="com.tibco.rest.test.DataDrivenTestCases">
    <error/>
  </testcase> <!-- testcase -->
  <testcase name="testcase" time="0.402" classname="com.tibco.rest.test.DataDrivenTestCases">
    <error/>
  </testcase> <!-- testcase -->
  <testcase name="testcase" time="1.734" classname="com.tibco.rest.test.DataDrivenTestCases">
    <error/>
  </testcase> <!-- testcase -->
  <testcase name="testcase" time="0.637" classname="com.tibco.rest.test.DataDrivenTestCases">
    <error/>
  </testcase> <!-- testcase -->
  <testcase name="testcase" time="0.378" classname="com.tibco.rest.test.DataDrivenTestCases">
    <error/>
  </testcase> <!-- testcase -->
  <testcase name="testcase" time="1.680" classname="com.tibco.rest.test.DataDrivenTestCases">
    <error/>
  </testcase> <!-- testcase -->
  <testcase name="testcase" time="0.373" classname="com.tibco.rest.test.DataDrivenTestCases">
    <error/>
  </testcase> <!-- testcase -->
  <testcase name="testcase" time="0.461" classname="com.tibco.rest.test.DataDrivenTestCases">
    <error/>
  </testcase> <!-- testcase -->
  <testcase name="testcase" time="0.340" classname="com.tibco.rest.test.DataDrivenTestCases">
    <error/>
  </testcase> <!-- testcase -->
  <testcase name="testcase" time="0.364" classname="com.tibco.rest.test.DataDrivenTestCases">
    <error/>
  </testcase> <!-- testcase -->
  <testcase name="testcase" time="2.275" classname="com.tibco.rest.test.DataDrivenTestCases">
    <error/>
  </testcase> <!-- testcase -->
  <testcase name="testcase" time="1.119" classname="com.tibco.rest.test.DataDrivenTestCases">
    <error/>
  </testcase> <!-- testcase -->
  <testcase name="testcase" time="0.464" classname="com.tibco.rest.test.DataDrivenTestCases">
    <error/>
  </testcase> <!-- testcase -->
  <testcase name="testcase" time="0.678" classname="com.tibco.rest.test.DataDrivenTestCases">
    <error/>
  </testcase> <!-- testcase -->
  <testcase name="testcase" time="0.373" classname="com.tibco.rest.test.DataDrivenTestCases">
    <error/>
  </testcase> <!-- testcase -->
  <testcase name="testcase" time="0.393" classname="com.tibco.rest.test.DataDrivenTestCases">
    <error/>
  </testcase> <!-- testcase -->
  <testcase name="testcase" time="0.444" classname="com.tibco.rest.test.DataDrivenTestCases">
    <error/>
  </testcase> <!-- testcase -->
  <testcase name="testcase" time="2.622" classname="com.tibco.rest.test.DataDrivenTestCases">
    <error/>
  </testcase> <!-- testcase -->
  <testcase name="testcase" time="1.875" classname="com.tibco.rest.test.DataDrivenTestCases">
    <error/>
  </testcase> <!-- testcase -->
  <testcase name="testcase" time="2.271" classname="com.tibco.rest.test.DataDrivenTestCases">
    <error/>
  </testcase> <!-- testcase -->
  <testcase name="testcase" time="1.326" classname="com.tibco.rest.test.DataDrivenTestCases">
    <error/>
  </testcase> <!-- testcase -->
  <testcase name="testcase" time="1.507" classname="com.tibco.rest.test.DataDrivenTestCases">
    <error/>
  </testcase> <!-- testcase -->
  <testcase name="testcase" time="1.316" classname="com.tibco.rest.test.DataDrivenTestCases">
    <error/>
  </testcase> <!-- testcase -->
  <testcase name="testcase" time="0.477" classname="com.tibco.rest.test.DataDrivenTestCases">
    <error/>
  </testcase> <!-- testcase -->
  <testcase name="testcase" time="3.482" classname="com.tibco.rest.test.DataDrivenTestCases">
    <error/>
  </testcase> <!-- testcase -->
  <testcase name="testcase" time="3.196" classname="com.tibco.rest.test.DataDrivenTestCases">
    <error/>
  </testcase> <!-- testcase -->
  <testcase name="testcase" time="1.414" classname="com.tibco.rest.test.DataDrivenTestCases">
    <error/>
  </testcase> <!-- testcase -->
  <testcase name="testcase" time="0.522" classname="com.tibco.rest.test.DataDrivenTestCases">
    <error/>
  </testcase> <!-- testcase -->
  <testcase name="testcase" time="0.556" classname="com.tibco.rest.test.DataDrivenTestCases">
    <error/>
  </testcase> <!-- testcase -->
  <testcase name="testcase" time="0.326" classname="com.tibco.rest.test.DataDrivenTestCases">
    <error/>
  </testcase> <!-- testcase -->
  <testcase name="testcase" time="0.582" classname="com.tibco.rest.test.DataDrivenTestCases">
    <error/>
  </testcase> <!-- testcase -->
  <testcase name="testcase" time="0.344" classname="com.tibco.rest.test.DataDrivenTestCases">
    <error/>
  </testcase> <!-- testcase -->
  <testcase name="testcase" time="1.397" classname="com.tibco.rest.test.DataDrivenTestCases">
    <error/>
  </testcase> <!-- testcase -->
  <testcase name="testcase" time="0.361" classname="com.tibco.rest.test.DataDrivenTestCases">
    <error/>
  </testcase> <!-- testcase -->
  <testcase name="testcase" time="0.326" classname="com.tibco.rest.test.DataDrivenTestCases">
    <error/>
  </testcase> <!-- testcase -->
  <testcase name="testcase" time="2.384" classname="com.tibco.rest.test.DataDrivenTestCases">
    <error/>
  </testcase> <!-- testcase -->
  <testcase name="testcase" time="1.153" classname="com.tibco.rest.test.DataDrivenTestCases">
    <error/>
  </testcase> <!-- testcase -->
  <testcase name="testcase" time="0.840" classname="com.tibco.rest.test.DataDrivenTestCases">
    <error/>
  </testcase> <!-- testcase -->
  <testcase name="testcase" time="0.521" classname="com.tibco.rest.test.DataDrivenTestCases">
    <error/>
  </testcase> <!-- testcase -->
  <testcase name="testcase" time="1.528" classname="com.tibco.rest.test.DataDrivenTestCases">
    <error/>
  </testcase> <!-- testcase -->
  <testcase name="testcase" time="0.409" classname="com.tibco.rest.test.DataDrivenTestCases">
    <error/>
  </testcase> <!-- testcase -->
  <testcase name="testcase" time="1.553" classname="com.tibco.rest.test.DataDrivenTestCases">
    <error/>
  </testcase> <!-- testcase -->
  <testcase name="testcase" time="0.383" classname="com.tibco.rest.test.DataDrivenTestCases">
    <error/>
  </testcase> <!-- testcase -->
  <testcase name="testcase" time="0.311" classname="com.tibco.rest.test.DataDrivenTestCases">
    <error/>
  </testcase> <!-- testcase -->
  <testcase name="testcase" time="0.375" classname="com.tibco.rest.test.DataDrivenTestCases">
    <error/>
  </testcase> <!-- testcase -->
  <testcase name="testcase" time="0.361" classname="com.tibco.rest.test.DataDrivenTestCases">
    <error/>
  </testcase> <!-- testcase -->
</testsuite> <!-- com.tibco.rest.test.DataDrivenTestCases -->
