<?xml version="1.0" encoding="UTF-8"?>
<!-- Generated by org.testng.reporters.JUnitReportReporter -->
<testsuite skipped="0" hostname="kereddy-t460" name="com.tibco.rest.test.DataDrivenTestCases" tests="507" failures="9" timestamp="03 Feb 2022 08:13:16 GMT" time="355.315" errors="498">
  <testcase name="testcase" time="0.693" classname="com.tibco.rest.test.DataDrivenTestCases">
    <error/>
  </testcase> <!-- testcase -->
  <testcase name="testcase" time="0.608" classname="com.tibco.rest.test.DataDrivenTestCases">
    <error/>
  </testcase> <!-- testcase -->
  <testcase name="testcase" time="0.700" classname="com.tibco.rest.test.DataDrivenTestCases">
    <error/>
  </testcase> <!-- testcase -->
  <testcase name="testcase" time="0.819" classname="com.tibco.rest.test.DataDrivenTestCases">
    <error/>
  </testcase> <!-- testcase -->
  <testcase name="testcase" time="0.608" classname="com.tibco.rest.test.DataDrivenTestCases">
    <error/>
  </testcase> <!-- testcase -->
  <testcase name="testcase" time="0.699" classname="com.tibco.rest.test.DataDrivenTestCases">
    <error/>
  </testcase> <!-- testcase -->
  <testcase name="testcase" time="0.677" classname="com.tibco.rest.test.DataDrivenTestCases">
    <error/>
  </testcase> <!-- testcase -->
  <testcase name="testcase" time="1.008" classname="com.tibco.rest.test.DataDrivenTestCases">
    <error/>
  </testcase> <!-- testcase -->
  <testcase name="testcase" time="0.693" classname="com.tibco.rest.test.DataDrivenTestCases">
    <error/>
  </testcase> <!-- testcase -->
  <testcase name="testcase" time="0.556" classname="com.tibco.rest.test.DataDrivenTestCases">
    <error/>
  </testcase> <!-- testcase -->
  <testcase name="testcase" time="0.732" classname="com.tibco.rest.test.DataDrivenTestCases">
    <error/>
  </testcase> <!-- testcase -->
  <testcase name="testcase" time="0.637" classname="com.tibco.rest.test.DataDrivenTestCases">
    <error/>
  </testcase> <!-- testcase -->
  <testcase name="testcase" time="0.830" classname="com.tibco.rest.test.DataDrivenTestCases">
    <error/>
  </testcase> <!-- testcase -->
  <testcase name="testcase" time="0.838" classname="com.tibco.rest.test.DataDrivenTestCases">
    <error/>
  </testcase> <!-- testcase -->
  <testcase name="testcase" time="0.732" classname="com.tibco.rest.test.DataDrivenTestCases">
    <error/>
  </testcase> <!-- testcase -->
  <testcase name="testcase" time="0.749" classname="com.tibco.rest.test.DataDrivenTestCases">
    <error/>
  </testcase> <!-- testcase -->
  <testcase name="testcase" time="0.610" classname="com.tibco.rest.test.DataDrivenTestCases">
    <error/>
  </testcase> <!-- testcase -->
  <testcase name="testcase" time="0.625" classname="com.tibco.rest.test.DataDrivenTestCases">
    <error/>
  </testcase> <!-- testcase -->
  <testcase name="testcase" time="0.733" classname="com.tibco.rest.test.DataDrivenTestCases">
    <error/>
  </testcase> <!-- testcase -->
  <testcase name="testcase" time="0.687" classname="com.tibco.rest.test.DataDrivenTestCases">
    <error/>
  </testcase> <!-- testcase -->
  <testcase name="testcase" time="0.709" classname="com.tibco.rest.test.DataDrivenTestCases">
    <error/>
  </testcase> <!-- testcase -->
  <testcase name="testcase" time="0.580" classname="com.tibco.rest.test.DataDrivenTestCases">
    <error/>
  </testcase> <!-- testcase -->
  <testcase name="testcase" time="0.596" classname="com.tibco.rest.test.DataDrivenTestCases">
    <error/>
  </testcase> <!-- testcase -->
  <testcase name="testcase" time="0.768" classname="com.tibco.rest.test.DataDrivenTestCases">
    <error/>
  </testcase> <!-- testcase -->
  <testcase name="testcase" time="0.736" classname="com.tibco.rest.test.DataDrivenTestCases">
    <error/>
  </testcase> <!-- testcase -->
  <testcase name="testcase" time="0.726" classname="com.tibco.rest.test.DataDrivenTestCases">
    <error/>
  </testcase> <!-- testcase -->
  <testcase name="testcase" time="0.698" classname="com.tibco.rest.test.DataDrivenTestCases">
    <error/>
  </testcase> <!-- testcase -->
  <testcase name="testcase" time="0.653" classname="com.tibco.rest.test.DataDrivenTestCases">
    <error/>
  </testcase> <!-- testcase -->
  <testcase name="testcase" time="0.720" classname="com.tibco.rest.test.DataDrivenTestCases">
    <error/>
  </testcase> <!-- testcase -->
  <testcase name="testcase" time="0.692" classname="com.tibco.rest.test.DataDrivenTestCases">
    <error/>
  </testcase> <!-- testcase -->
  <testcase name="testcase" time="0.727" classname="com.tibco.rest.test.DataDrivenTestCases">
    <error/>
  </testcase> <!-- testcase -->
  <testcase name="testcase" time="0.714" classname="com.tibco.rest.test.DataDrivenTestCases">
    <error/>
  </testcase> <!-- testcase -->
  <testcase name="testcase" time="0.617" classname="com.tibco.rest.test.DataDrivenTestCases">
    <error/>
  </testcase> <!-- testcase -->
  <testcase name="testcase" time="0.660" classname="com.tibco.rest.test.DataDrivenTestCases">
    <error/>
  </testcase> <!-- testcase -->
  <testcase name="testcase" time="0.847" classname="com.tibco.rest.test.DataDrivenTestCases">
    <error/>
  </testcase> <!-- testcase -->
  <testcase name="testcase" time="0.648" classname="com.tibco.rest.test.DataDrivenTestCases">
    <error/>
  </testcase> <!-- testcase -->
  <testcase name="testcase" time="0.746" classname="com.tibco.rest.test.DataDrivenTestCases">
    <error/>
  </testcase> <!-- testcase -->
  <testcase name="testcase" time="0.926" classname="com.tibco.rest.test.DataDrivenTestCases">
    <error/>
  </testcase> <!-- testcase -->
  <testcase name="testcase" time="0.565" classname="com.tibco.rest.test.DataDrivenTestCases">
    <error/>
  </testcase> <!-- testcase -->
  <testcase name="testcase" time="0.868" classname="com.tibco.rest.test.DataDrivenTestCases">
    <error/>
  </testcase> <!-- testcase -->
  <testcase name="testcase" time="0.772" classname="com.tibco.rest.test.DataDrivenTestCases">
    <error/>
  </testcase> <!-- testcase -->
  <testcase name="testcase" time="0.679" classname="com.tibco.rest.test.DataDrivenTestCases">
    <error/>
  </testcase> <!-- testcase -->
  <testcase name="testcase" time="0.731" classname="com.tibco.rest.test.DataDrivenTestCases">
    <error/>
  </testcase> <!-- testcase -->
  <testcase name="testcase" time="0.605" classname="com.tibco.rest.test.DataDrivenTestCases">
    <error/>
  </testcase> <!-- testcase -->
  <testcase name="testcase" time="0.697" classname="com.tibco.rest.test.DataDrivenTestCases">
    <error/>
  </testcase> <!-- testcase -->
  <testcase name="testcase" time="0.884" classname="com.tibco.rest.test.DataDrivenTestCases">
    <error/>
  </testcase> <!-- testcase -->
  <testcase name="testcase" time="0.619" classname="com.tibco.rest.test.DataDrivenTestCases">
    <error/>
  </testcase> <!-- testcase -->
  <testcase name="testcase" time="0.696" classname="com.tibco.rest.test.DataDrivenTestCases">
    <error/>
  </testcase> <!-- testcase -->
  <testcase name="testcase" time="0.597" classname="com.tibco.rest.test.DataDrivenTestCases">
    <error/>
  </testcase> <!-- testcase -->
  <testcase name="testcase" time="0.634" classname="com.tibco.rest.test.DataDrivenTestCases">
    <error/>
  </testcase> <!-- testcase -->
  <testcase name="testcase" time="0.642" classname="com.tibco.rest.test.DataDrivenTestCases">
    <error/>
  </testcase> <!-- testcase -->
  <testcase name="testcase" time="0.683" classname="com.tibco.rest.test.DataDrivenTestCases">
    <error/>
  </testcase> <!-- testcase -->
  <testcase name="testcase" time="0.611" classname="com.tibco.rest.test.DataDrivenTestCases">
    <error/>
  </testcase> <!-- testcase -->
  <testcase name="testcase" time="0.589" classname="com.tibco.rest.test.DataDrivenTestCases">
    <error/>
  </testcase> <!-- testcase -->
  <testcase name="testcase" time="0.674" classname="com.tibco.rest.test.DataDrivenTestCases">
    <error/>
  </testcase> <!-- testcase -->
  <testcase name="testcase" time="0.691" classname="com.tibco.rest.test.DataDrivenTestCases">
    <error/>
  </testcase> <!-- testcase -->
  <testcase name="testcase" time="0.610" classname="com.tibco.rest.test.DataDrivenTestCases">
    <error/>
  </testcase> <!-- testcase -->
  <testcase name="testcase" time="0.740" classname="com.tibco.rest.test.DataDrivenTestCases">
    <error/>
  </testcase> <!-- testcase -->
  <testcase name="testcase" time="0.676" classname="com.tibco.rest.test.DataDrivenTestCases">
    <error/>
  </testcase> <!-- testcase -->
  <testcase name="testcase" time="0.617" classname="com.tibco.rest.test.DataDrivenTestCases">
    <error/>
  </testcase> <!-- testcase -->
  <testcase name="testcase" time="0.624" classname="com.tibco.rest.test.DataDrivenTestCases">
    <error/>
  </testcase> <!-- testcase -->
  <testcase name="testcase" time="0.582" classname="com.tibco.rest.test.DataDrivenTestCases">
    <failure type="java.lang.AssertionError" message="Expected value should be &quot;EZComm&quot; : Actual value is &quot;RosettaNet&quot;">
      <![CDATA[java.lang.AssertionError: Expected value should be "EZComm" : Actual value is "RosettaNet"
	at com.tibco.rest.restAssured.Assertions.assertTrue(Assertions.java:166)
	at com.tibco.rest.restAssured.Assertions.assertEquals(Assertions.java:183)
	at com.tibco.rest.test.DataDrivenTestCases.verifyResponse(DataDrivenTestCases.java:508)
	at com.tibco.rest.test.DataDrivenTestCases.testcase(DataDrivenTestCases.java:352)
	at sun.reflect.GeneratedMethodAccessor63.invoke(Unknown Source)
	at sun.reflect.DelegatingMethodAccessorImpl.invoke(Unknown Source)
	at java.lang.reflect.Method.invoke(Unknown Source)
	at org.testng.internal.MethodInvocationHelper.invokeMethod(MethodInvocationHelper.java:108)
	at org.testng.internal.Invoker.invokeMethod(Invoker.java:661)
	at org.testng.internal.Invoker.invokeTestMethod(Invoker.java:869)
	at org.testng.internal.Invoker.invokeTestMethods(Invoker.java:1193)
	at org.testng.internal.TestMethodWorker.invokeTestMethods(TestMethodWorker.java:126)
	at org.testng.internal.TestMethodWorker.run(TestMethodWorker.java:109)
	at org.testng.TestRunner.privateRun(TestRunner.java:744)
	at org.testng.TestRunner.run(TestRunner.java:602)
	at org.testng.SuiteRunner.runTest(SuiteRunner.java:380)
	at org.testng.SuiteRunner.runSequentially(SuiteRunner.java:375)
	at org.testng.SuiteRunner.privateRun(SuiteRunner.java:340)
	at org.testng.SuiteRunner.run(SuiteRunner.java:289)
	at org.testng.SuiteRunnerWorker.runSuite(SuiteRunnerWorker.java:52)
	at org.testng.SuiteRunnerWorker.run(SuiteRunnerWorker.java:86)
	at org.testng.TestNG.runSuitesSequentially(TestNG.java:1301)
	at org.testng.TestNG.runSuitesLocally(TestNG.java:1226)
	at org.testng.TestNG.runSuites(TestNG.java:1144)
	at org.testng.TestNG.run(TestNG.java:1115)
	at org.testng.TestNG.privateMain(TestNG.java:1442)
	at org.testng.TestNG.main(TestNG.java:1411)
]]>
    </failure>
  </testcase> <!-- testcase -->
  <testcase name="testcase" time="0.545" classname="com.tibco.rest.test.DataDrivenTestCases">
    <error/>
  </testcase> <!-- testcase -->
  <testcase name="testcase" time="0.715" classname="com.tibco.rest.test.DataDrivenTestCases">
    <error/>
  </testcase> <!-- testcase -->
  <testcase name="testcase" time="0.619" classname="com.tibco.rest.test.DataDrivenTestCases">
    <error/>
  </testcase> <!-- testcase -->
  <testcase name="testcase" time="0.670" classname="com.tibco.rest.test.DataDrivenTestCases">
    <error/>
  </testcase> <!-- testcase -->
  <testcase name="testcase" time="0.952" classname="com.tibco.rest.test.DataDrivenTestCases">
    <error/>
  </testcase> <!-- testcase -->
  <testcase name="testcase" time="0.537" classname="com.tibco.rest.test.DataDrivenTestCases">
    <error/>
  </testcase> <!-- testcase -->
  <testcase name="testcase" time="0.617" classname="com.tibco.rest.test.DataDrivenTestCases">
    <error/>
  </testcase> <!-- testcase -->
  <testcase name="testcase" time="0.748" classname="com.tibco.rest.test.DataDrivenTestCases">
    <failure type="java.lang.AssertionError" message="Expected value should not be &quot;[]&quot; : Actual value is &quot;[]&quot;">
      <![CDATA[java.lang.AssertionError: Expected value should not be "[]" : Actual value is "[]"
	at com.tibco.rest.restAssured.Assertions.assertTrue(Assertions.java:166)
	at com.tibco.rest.restAssured.Assertions.assertNotEquals(Assertions.java:196)
	at com.tibco.rest.test.DataDrivenTestCases.verifyResponse(DataDrivenTestCases.java:520)
	at com.tibco.rest.test.DataDrivenTestCases.testcase(DataDrivenTestCases.java:344)
	at sun.reflect.GeneratedMethodAccessor63.invoke(Unknown Source)
	at sun.reflect.DelegatingMethodAccessorImpl.invoke(Unknown Source)
	at java.lang.reflect.Method.invoke(Unknown Source)
	at org.testng.internal.MethodInvocationHelper.invokeMethod(MethodInvocationHelper.java:108)
	at org.testng.internal.Invoker.invokeMethod(Invoker.java:661)
	at org.testng.internal.Invoker.invokeTestMethod(Invoker.java:869)
	at org.testng.internal.Invoker.invokeTestMethods(Invoker.java:1193)
	at org.testng.internal.TestMethodWorker.invokeTestMethods(TestMethodWorker.java:126)
	at org.testng.internal.TestMethodWorker.run(TestMethodWorker.java:109)
	at org.testng.TestRunner.privateRun(TestRunner.java:744)
	at org.testng.TestRunner.run(TestRunner.java:602)
	at org.testng.SuiteRunner.runTest(SuiteRunner.java:380)
	at org.testng.SuiteRunner.runSequentially(SuiteRunner.java:375)
	at org.testng.SuiteRunner.privateRun(SuiteRunner.java:340)
	at org.testng.SuiteRunner.run(SuiteRunner.java:289)
	at org.testng.SuiteRunnerWorker.runSuite(SuiteRunnerWorker.java:52)
	at org.testng.SuiteRunnerWorker.run(SuiteRunnerWorker.java:86)
	at org.testng.TestNG.runSuitesSequentially(TestNG.java:1301)
	at org.testng.TestNG.runSuitesLocally(TestNG.java:1226)
	at org.testng.TestNG.runSuites(TestNG.java:1144)
	at org.testng.TestNG.run(TestNG.java:1115)
	at org.testng.TestNG.privateMain(TestNG.java:1442)
	at org.testng.TestNG.main(TestNG.java:1411)
]]>
    </failure>
  </testcase> <!-- testcase -->
  <testcase name="testcase" time="0.777" classname="com.tibco.rest.test.DataDrivenTestCases">
    <error/>
  </testcase> <!-- testcase -->
  <testcase name="testcase" time="0.988" classname="com.tibco.rest.test.DataDrivenTestCases">
    <error/>
  </testcase> <!-- testcase -->
  <testcase name="testcase" time="0.739" classname="com.tibco.rest.test.DataDrivenTestCases">
    <error/>
  </testcase> <!-- testcase -->
  <testcase name="testcase" time="0.782" classname="com.tibco.rest.test.DataDrivenTestCases">
    <error/>
  </testcase> <!-- testcase -->
  <testcase name="testcase" time="0.649" classname="com.tibco.rest.test.DataDrivenTestCases">
    <error/>
  </testcase> <!-- testcase -->
  <testcase name="testcase" time="1.129" classname="com.tibco.rest.test.DataDrivenTestCases">
    <error/>
  </testcase> <!-- testcase -->
  <testcase name="testcase" time="0.756" classname="com.tibco.rest.test.DataDrivenTestCases">
    <error/>
  </testcase> <!-- testcase -->
  <testcase name="testcase" time="0.920" classname="com.tibco.rest.test.DataDrivenTestCases">
    <error/>
  </testcase> <!-- testcase -->
  <testcase name="testcase" time="0.683" classname="com.tibco.rest.test.DataDrivenTestCases">
    <error/>
  </testcase> <!-- testcase -->
  <testcase name="testcase" time="0.616" classname="com.tibco.rest.test.DataDrivenTestCases">
    <error/>
  </testcase> <!-- testcase -->
  <testcase name="testcase" time="0.628" classname="com.tibco.rest.test.DataDrivenTestCases">
    <error/>
  </testcase> <!-- testcase -->
  <testcase name="testcase" time="0.620" classname="com.tibco.rest.test.DataDrivenTestCases">
    <error/>
  </testcase> <!-- testcase -->
  <testcase name="testcase" time="0.817" classname="com.tibco.rest.test.DataDrivenTestCases">
    <error/>
  </testcase> <!-- testcase -->
  <testcase name="testcase" time="0.561" classname="com.tibco.rest.test.DataDrivenTestCases">
    <error/>
  </testcase> <!-- testcase -->
  <testcase name="testcase" time="0.614" classname="com.tibco.rest.test.DataDrivenTestCases">
    <error/>
  </testcase> <!-- testcase -->
  <testcase name="testcase" time="0.621" classname="com.tibco.rest.test.DataDrivenTestCases">
    <error/>
  </testcase> <!-- testcase -->
  <testcase name="testcase" time="0.738" classname="com.tibco.rest.test.DataDrivenTestCases">
    <error/>
  </testcase> <!-- testcase -->
  <testcase name="testcase" time="0.692" classname="com.tibco.rest.test.DataDrivenTestCases">
    <error/>
  </testcase> <!-- testcase -->
  <testcase name="testcase" time="0.656" classname="com.tibco.rest.test.DataDrivenTestCases">
    <error/>
  </testcase> <!-- testcase -->
  <testcase name="testcase" time="0.591" classname="com.tibco.rest.test.DataDrivenTestCases">
    <error/>
  </testcase> <!-- testcase -->
  <testcase name="testcase" time="0.650" classname="com.tibco.rest.test.DataDrivenTestCases">
    <error/>
  </testcase> <!-- testcase -->
  <testcase name="testcase" time="0.615" classname="com.tibco.rest.test.DataDrivenTestCases">
    <error/>
  </testcase> <!-- testcase -->
  <testcase name="testcase" time="0.630" classname="com.tibco.rest.test.DataDrivenTestCases">
    <error/>
  </testcase> <!-- testcase -->
  <testcase name="testcase" time="0.963" classname="com.tibco.rest.test.DataDrivenTestCases">
    <error/>
  </testcase> <!-- testcase -->
  <testcase name="testcase" time="0.695" classname="com.tibco.rest.test.DataDrivenTestCases">
    <error/>
  </testcase> <!-- testcase -->
  <testcase name="testcase" time="0.928" classname="com.tibco.rest.test.DataDrivenTestCases">
    <error/>
  </testcase> <!-- testcase -->
  <testcase name="testcase" time="0.572" classname="com.tibco.rest.test.DataDrivenTestCases">
    <error/>
  </testcase> <!-- testcase -->
  <testcase name="testcase" time="0.627" classname="com.tibco.rest.test.DataDrivenTestCases">
    <error/>
  </testcase> <!-- testcase -->
  <testcase name="testcase" time="0.728" classname="com.tibco.rest.test.DataDrivenTestCases">
    <error/>
  </testcase> <!-- testcase -->
  <testcase name="testcase" time="0.781" classname="com.tibco.rest.test.DataDrivenTestCases">
    <error/>
  </testcase> <!-- testcase -->
  <testcase name="testcase" time="0.607" classname="com.tibco.rest.test.DataDrivenTestCases">
    <error/>
  </testcase> <!-- testcase -->
  <testcase name="testcase" time="0.710" classname="com.tibco.rest.test.DataDrivenTestCases">
    <error/>
  </testcase> <!-- testcase -->
  <testcase name="testcase" time="0.818" classname="com.tibco.rest.test.DataDrivenTestCases">
    <error/>
  </testcase> <!-- testcase -->
  <testcase name="testcase" time="0.702" classname="com.tibco.rest.test.DataDrivenTestCases">
    <error/>
  </testcase> <!-- testcase -->
  <testcase name="testcase" time="0.618" classname="com.tibco.rest.test.DataDrivenTestCases">
    <error/>
  </testcase> <!-- testcase -->
  <testcase name="testcase" time="0.663" classname="com.tibco.rest.test.DataDrivenTestCases">
    <error/>
  </testcase> <!-- testcase -->
  <testcase name="testcase" time="0.761" classname="com.tibco.rest.test.DataDrivenTestCases">
    <error/>
  </testcase> <!-- testcase -->
  <testcase name="testcase" time="0.905" classname="com.tibco.rest.test.DataDrivenTestCases">
    <error/>
  </testcase> <!-- testcase -->
  <testcase name="testcase" time="0.852" classname="com.tibco.rest.test.DataDrivenTestCases">
    <error/>
  </testcase> <!-- testcase -->
  <testcase name="testcase" time="0.858" classname="com.tibco.rest.test.DataDrivenTestCases">
    <error/>
  </testcase> <!-- testcase -->
  <testcase name="testcase" time="0.579" classname="com.tibco.rest.test.DataDrivenTestCases">
    <error/>
  </testcase> <!-- testcase -->
  <testcase name="testcase" time="0.698" classname="com.tibco.rest.test.DataDrivenTestCases">
    <error/>
  </testcase> <!-- testcase -->
  <testcase name="testcase" time="0.866" classname="com.tibco.rest.test.DataDrivenTestCases">
    <error/>
  </testcase> <!-- testcase -->
  <testcase name="testcase" time="0.809" classname="com.tibco.rest.test.DataDrivenTestCases">
    <error/>
  </testcase> <!-- testcase -->
  <testcase name="testcase" time="0.692" classname="com.tibco.rest.test.DataDrivenTestCases">
    <error/>
  </testcase> <!-- testcase -->
  <testcase name="testcase" time="0.824" classname="com.tibco.rest.test.DataDrivenTestCases">
    <error/>
  </testcase> <!-- testcase -->
  <testcase name="testcase" time="0.706" classname="com.tibco.rest.test.DataDrivenTestCases">
    <error/>
  </testcase> <!-- testcase -->
  <testcase name="testcase" time="0.790" classname="com.tibco.rest.test.DataDrivenTestCases">
    <error/>
  </testcase> <!-- testcase -->
  <testcase name="testcase" time="0.766" classname="com.tibco.rest.test.DataDrivenTestCases">
    <error/>
  </testcase> <!-- testcase -->
  <testcase name="testcase" time="0.662" classname="com.tibco.rest.test.DataDrivenTestCases">
    <error/>
  </testcase> <!-- testcase -->
  <testcase name="testcase" time="0.749" classname="com.tibco.rest.test.DataDrivenTestCases">
    <error/>
  </testcase> <!-- testcase -->
  <testcase name="testcase" time="0.663" classname="com.tibco.rest.test.DataDrivenTestCases">
    <error/>
  </testcase> <!-- testcase -->
  <testcase name="testcase" time="0.698" classname="com.tibco.rest.test.DataDrivenTestCases">
    <error/>
  </testcase> <!-- testcase -->
  <testcase name="testcase" time="0.555" classname="com.tibco.rest.test.DataDrivenTestCases">
    <error/>
  </testcase> <!-- testcase -->
  <testcase name="testcase" time="0.608" classname="com.tibco.rest.test.DataDrivenTestCases">
    <error/>
  </testcase> <!-- testcase -->
  <testcase name="testcase" time="0.606" classname="com.tibco.rest.test.DataDrivenTestCases">
    <error/>
  </testcase> <!-- testcase -->
  <testcase name="testcase" time="0.592" classname="com.tibco.rest.test.DataDrivenTestCases">
    <error/>
  </testcase> <!-- testcase -->
  <testcase name="testcase" time="0.612" classname="com.tibco.rest.test.DataDrivenTestCases">
    <error/>
  </testcase> <!-- testcase -->
  <testcase name="testcase" time="0.599" classname="com.tibco.rest.test.DataDrivenTestCases">
    <error/>
  </testcase> <!-- testcase -->
  <testcase name="testcase" time="0.774" classname="com.tibco.rest.test.DataDrivenTestCases">
    <error/>
  </testcase> <!-- testcase -->
  <testcase name="testcase" time="0.652" classname="com.tibco.rest.test.DataDrivenTestCases">
    <error/>
  </testcase> <!-- testcase -->
  <testcase name="testcase" time="0.741" classname="com.tibco.rest.test.DataDrivenTestCases">
    <error/>
  </testcase> <!-- testcase -->
  <testcase name="testcase" time="0.667" classname="com.tibco.rest.test.DataDrivenTestCases">
    <error/>
  </testcase> <!-- testcase -->
  <testcase name="testcase" time="0.602" classname="com.tibco.rest.test.DataDrivenTestCases">
    <error/>
  </testcase> <!-- testcase -->
  <testcase name="testcase" time="0.666" classname="com.tibco.rest.test.DataDrivenTestCases">
    <error/>
  </testcase> <!-- testcase -->
  <testcase name="testcase" time="0.771" classname="com.tibco.rest.test.DataDrivenTestCases">
    <error/>
  </testcase> <!-- testcase -->
  <testcase name="testcase" time="0.709" classname="com.tibco.rest.test.DataDrivenTestCases">
    <error/>
  </testcase> <!-- testcase -->
  <testcase name="testcase" time="0.845" classname="com.tibco.rest.test.DataDrivenTestCases">
    <error/>
  </testcase> <!-- testcase -->
  <testcase name="testcase" time="0.668" classname="com.tibco.rest.test.DataDrivenTestCases">
    <error/>
  </testcase> <!-- testcase -->
  <testcase name="testcase" time="0.699" classname="com.tibco.rest.test.DataDrivenTestCases">
    <error/>
  </testcase> <!-- testcase -->
  <testcase name="testcase" time="0.559" classname="com.tibco.rest.test.DataDrivenTestCases">
    <error/>
  </testcase> <!-- testcase -->
  <testcase name="testcase" time="0.683" classname="com.tibco.rest.test.DataDrivenTestCases">
    <error/>
  </testcase> <!-- testcase -->
  <testcase name="testcase" time="0.660" classname="com.tibco.rest.test.DataDrivenTestCases">
    <error/>
  </testcase> <!-- testcase -->
  <testcase name="testcase" time="0.542" classname="com.tibco.rest.test.DataDrivenTestCases">
    <error/>
  </testcase> <!-- testcase -->
  <testcase name="testcase" time="0.620" classname="com.tibco.rest.test.DataDrivenTestCases">
    <error/>
  </testcase> <!-- testcase -->
  <testcase name="testcase" time="0.612" classname="com.tibco.rest.test.DataDrivenTestCases">
    <error/>
  </testcase> <!-- testcase -->
  <testcase name="testcase" time="0.579" classname="com.tibco.rest.test.DataDrivenTestCases">
    <error/>
  </testcase> <!-- testcase -->
  <testcase name="testcase" time="0.667" classname="com.tibco.rest.test.DataDrivenTestCases">
    <error/>
  </testcase> <!-- testcase -->
  <testcase name="testcase" time="0.731" classname="com.tibco.rest.test.DataDrivenTestCases">
    <error/>
  </testcase> <!-- testcase -->
  <testcase name="testcase" time="0.694" classname="com.tibco.rest.test.DataDrivenTestCases">
    <error/>
  </testcase> <!-- testcase -->
  <testcase name="testcase" time="0.799" classname="com.tibco.rest.test.DataDrivenTestCases">
    <error/>
  </testcase> <!-- testcase -->
  <testcase name="testcase" time="0.612" classname="com.tibco.rest.test.DataDrivenTestCases">
    <error/>
  </testcase> <!-- testcase -->
  <testcase name="testcase" time="0.649" classname="com.tibco.rest.test.DataDrivenTestCases">
    <error/>
  </testcase> <!-- testcase -->
  <testcase name="testcase" time="0.746" classname="com.tibco.rest.test.DataDrivenTestCases">
    <error/>
  </testcase> <!-- testcase -->
  <testcase name="testcase" time="0.643" classname="com.tibco.rest.test.DataDrivenTestCases">
    <error/>
  </testcase> <!-- testcase -->
  <testcase name="testcase" time="0.625" classname="com.tibco.rest.test.DataDrivenTestCases">
    <error/>
  </testcase> <!-- testcase -->
  <testcase name="testcase" time="0.612" classname="com.tibco.rest.test.DataDrivenTestCases">
    <error/>
  </testcase> <!-- testcase -->
  <testcase name="testcase" time="0.913" classname="com.tibco.rest.test.DataDrivenTestCases">
    <error/>
  </testcase> <!-- testcase -->
  <testcase name="testcase" time="1.646" classname="com.tibco.rest.test.DataDrivenTestCases">
    <error/>
  </testcase> <!-- testcase -->
  <testcase name="testcase" time="0.704" classname="com.tibco.rest.test.DataDrivenTestCases">
    <error/>
  </testcase> <!-- testcase -->
  <testcase name="testcase" time="0.606" classname="com.tibco.rest.test.DataDrivenTestCases">
    <error/>
  </testcase> <!-- testcase -->
  <testcase name="testcase" time="0.689" classname="com.tibco.rest.test.DataDrivenTestCases">
    <error/>
  </testcase> <!-- testcase -->
  <testcase name="testcase" time="0.718" classname="com.tibco.rest.test.DataDrivenTestCases">
    <error/>
  </testcase> <!-- testcase -->
  <testcase name="testcase" time="0.617" classname="com.tibco.rest.test.DataDrivenTestCases">
    <error/>
  </testcase> <!-- testcase -->
  <testcase name="testcase" time="0.623" classname="com.tibco.rest.test.DataDrivenTestCases">
    <error/>
  </testcase> <!-- testcase -->
  <testcase name="testcase" time="0.666" classname="com.tibco.rest.test.DataDrivenTestCases">
    <error/>
  </testcase> <!-- testcase -->
  <testcase name="testcase" time="0.569" classname="com.tibco.rest.test.DataDrivenTestCases">
    <error/>
  </testcase> <!-- testcase -->
  <testcase name="testcase" time="0.591" classname="com.tibco.rest.test.DataDrivenTestCases">
    <error/>
  </testcase> <!-- testcase -->
  <testcase name="testcase" time="0.661" classname="com.tibco.rest.test.DataDrivenTestCases">
    <error/>
  </testcase> <!-- testcase -->
  <testcase name="testcase" time="0.642" classname="com.tibco.rest.test.DataDrivenTestCases">
    <error/>
  </testcase> <!-- testcase -->
  <testcase name="testcase" time="0.918" classname="com.tibco.rest.test.DataDrivenTestCases">
    <error/>
  </testcase> <!-- testcase -->
  <testcase name="testcase" time="0.723" classname="com.tibco.rest.test.DataDrivenTestCases">
    <error/>
  </testcase> <!-- testcase -->
  <testcase name="testcase" time="0.693" classname="com.tibco.rest.test.DataDrivenTestCases">
    <error/>
  </testcase> <!-- testcase -->
  <testcase name="testcase" time="0.539" classname="com.tibco.rest.test.DataDrivenTestCases">
    <error/>
  </testcase> <!-- testcase -->
  <testcase name="testcase" time="0.699" classname="com.tibco.rest.test.DataDrivenTestCases">
    <error/>
  </testcase> <!-- testcase -->
  <testcase name="testcase" time="0.649" classname="com.tibco.rest.test.DataDrivenTestCases">
    <error/>
  </testcase> <!-- testcase -->
  <testcase name="testcase" time="0.556" classname="com.tibco.rest.test.DataDrivenTestCases">
    <error/>
  </testcase> <!-- testcase -->
  <testcase name="testcase" time="0.652" classname="com.tibco.rest.test.DataDrivenTestCases">
    <error/>
  </testcase> <!-- testcase -->
  <testcase name="testcase" time="0.759" classname="com.tibco.rest.test.DataDrivenTestCases">
    <error/>
  </testcase> <!-- testcase -->
  <testcase name="testcase" time="0.702" classname="com.tibco.rest.test.DataDrivenTestCases">
    <error/>
  </testcase> <!-- testcase -->
  <testcase name="testcase" time="0.751" classname="com.tibco.rest.test.DataDrivenTestCases">
    <error/>
  </testcase> <!-- testcase -->
  <testcase name="testcase" time="0.611" classname="com.tibco.rest.test.DataDrivenTestCases">
    <error/>
  </testcase> <!-- testcase -->
  <testcase name="testcase" time="0.591" classname="com.tibco.rest.test.DataDrivenTestCases">
    <error/>
  </testcase> <!-- testcase -->
  <testcase name="testcase" time="0.668" classname="com.tibco.rest.test.DataDrivenTestCases">
    <error/>
  </testcase> <!-- testcase -->
  <testcase name="testcase" time="0.655" classname="com.tibco.rest.test.DataDrivenTestCases">
    <error/>
  </testcase> <!-- testcase -->
  <testcase name="testcase" time="0.950" classname="com.tibco.rest.test.DataDrivenTestCases">
    <error/>
  </testcase> <!-- testcase -->
  <testcase name="testcase" time="0.703" classname="com.tibco.rest.test.DataDrivenTestCases">
    <error/>
  </testcase> <!-- testcase -->
  <testcase name="testcase" time="0.664" classname="com.tibco.rest.test.DataDrivenTestCases">
    <error/>
  </testcase> <!-- testcase -->
  <testcase name="testcase" time="0.796" classname="com.tibco.rest.test.DataDrivenTestCases">
    <error/>
  </testcase> <!-- testcase -->
  <testcase name="testcase" time="0.698" classname="com.tibco.rest.test.DataDrivenTestCases">
    <error/>
  </testcase> <!-- testcase -->
  <testcase name="testcase" time="0.694" classname="com.tibco.rest.test.DataDrivenTestCases">
    <error/>
  </testcase> <!-- testcase -->
  <testcase name="testcase" time="0.721" classname="com.tibco.rest.test.DataDrivenTestCases">
    <error/>
  </testcase> <!-- testcase -->
  <testcase name="testcase" time="1.017" classname="com.tibco.rest.test.DataDrivenTestCases">
    <error/>
  </testcase> <!-- testcase -->
  <testcase name="testcase" time="0.790" classname="com.tibco.rest.test.DataDrivenTestCases">
    <error/>
  </testcase> <!-- testcase -->
  <testcase name="testcase" time="0.745" classname="com.tibco.rest.test.DataDrivenTestCases">
    <error/>
  </testcase> <!-- testcase -->
  <testcase name="testcase" time="1.301" classname="com.tibco.rest.test.DataDrivenTestCases">
    <error/>
  </testcase> <!-- testcase -->
  <testcase name="testcase" time="0.885" classname="com.tibco.rest.test.DataDrivenTestCases">
    <error/>
  </testcase> <!-- testcase -->
  <testcase name="testcase" time="0.915" classname="com.tibco.rest.test.DataDrivenTestCases">
    <error/>
  </testcase> <!-- testcase -->
  <testcase name="testcase" time="0.705" classname="com.tibco.rest.test.DataDrivenTestCases">
    <failure type="java.lang.AssertionError" message="Expected value should be &quot;EDIFACT&quot; : Actual value is &quot;EZComm&quot;">
      <![CDATA[java.lang.AssertionError: Expected value should be "EDIFACT" : Actual value is "EZComm"
	at com.tibco.rest.restAssured.Assertions.assertTrue(Assertions.java:166)
	at com.tibco.rest.restAssured.Assertions.assertEquals(Assertions.java:183)
	at com.tibco.rest.test.DataDrivenTestCases.verifyResponse(DataDrivenTestCases.java:508)
	at com.tibco.rest.test.DataDrivenTestCases.testcase(DataDrivenTestCases.java:352)
	at sun.reflect.GeneratedMethodAccessor63.invoke(Unknown Source)
	at sun.reflect.DelegatingMethodAccessorImpl.invoke(Unknown Source)
	at java.lang.reflect.Method.invoke(Unknown Source)
	at org.testng.internal.MethodInvocationHelper.invokeMethod(MethodInvocationHelper.java:108)
	at org.testng.internal.Invoker.invokeMethod(Invoker.java:661)
	at org.testng.internal.Invoker.invokeTestMethod(Invoker.java:869)
	at org.testng.internal.Invoker.invokeTestMethods(Invoker.java:1193)
	at org.testng.internal.TestMethodWorker.invokeTestMethods(TestMethodWorker.java:126)
	at org.testng.internal.TestMethodWorker.run(TestMethodWorker.java:109)
	at org.testng.TestRunner.privateRun(TestRunner.java:744)
	at org.testng.TestRunner.run(TestRunner.java:602)
	at org.testng.SuiteRunner.runTest(SuiteRunner.java:380)
	at org.testng.SuiteRunner.runSequentially(SuiteRunner.java:375)
	at org.testng.SuiteRunner.privateRun(SuiteRunner.java:340)
	at org.testng.SuiteRunner.run(SuiteRunner.java:289)
	at org.testng.SuiteRunnerWorker.runSuite(SuiteRunnerWorker.java:52)
	at org.testng.SuiteRunnerWorker.run(SuiteRunnerWorker.java:86)
	at org.testng.TestNG.runSuitesSequentially(TestNG.java:1301)
	at org.testng.TestNG.runSuitesLocally(TestNG.java:1226)
	at org.testng.TestNG.runSuites(TestNG.java:1144)
	at org.testng.TestNG.run(TestNG.java:1115)
	at org.testng.TestNG.privateMain(TestNG.java:1442)
	at org.testng.TestNG.main(TestNG.java:1411)
]]>
    </failure>
  </testcase> <!-- testcase -->
  <testcase name="testcase" time="0.649" classname="com.tibco.rest.test.DataDrivenTestCases">
    <failure type="java.lang.AssertionError" message="Expected value should be &quot;bc=dev1&quot; : Actual value is &quot;bc=dev&quot;">
      <![CDATA[java.lang.AssertionError: Expected value should be "bc=dev1" : Actual value is "bc=dev"
	at com.tibco.rest.restAssured.Assertions.assertTrue(Assertions.java:166)
	at com.tibco.rest.restAssured.Assertions.assertEquals(Assertions.java:183)
	at com.tibco.rest.test.DataDrivenTestCases.verifyResponse(DataDrivenTestCases.java:508)
	at com.tibco.rest.test.DataDrivenTestCases.testcase(DataDrivenTestCases.java:352)
	at sun.reflect.GeneratedMethodAccessor63.invoke(Unknown Source)
	at sun.reflect.DelegatingMethodAccessorImpl.invoke(Unknown Source)
	at java.lang.reflect.Method.invoke(Unknown Source)
	at org.testng.internal.MethodInvocationHelper.invokeMethod(MethodInvocationHelper.java:108)
	at org.testng.internal.Invoker.invokeMethod(Invoker.java:661)
	at org.testng.internal.Invoker.invokeTestMethod(Invoker.java:869)
	at org.testng.internal.Invoker.invokeTestMethods(Invoker.java:1193)
	at org.testng.internal.TestMethodWorker.invokeTestMethods(TestMethodWorker.java:126)
	at org.testng.internal.TestMethodWorker.run(TestMethodWorker.java:109)
	at org.testng.TestRunner.privateRun(TestRunner.java:744)
	at org.testng.TestRunner.run(TestRunner.java:602)
	at org.testng.SuiteRunner.runTest(SuiteRunner.java:380)
	at org.testng.SuiteRunner.runSequentially(SuiteRunner.java:375)
	at org.testng.SuiteRunner.privateRun(SuiteRunner.java:340)
	at org.testng.SuiteRunner.run(SuiteRunner.java:289)
	at org.testng.SuiteRunnerWorker.runSuite(SuiteRunnerWorker.java:52)
	at org.testng.SuiteRunnerWorker.run(SuiteRunnerWorker.java:86)
	at org.testng.TestNG.runSuitesSequentially(TestNG.java:1301)
	at org.testng.TestNG.runSuitesLocally(TestNG.java:1226)
	at org.testng.TestNG.runSuites(TestNG.java:1144)
	at org.testng.TestNG.run(TestNG.java:1115)
	at org.testng.TestNG.privateMain(TestNG.java:1442)
	at org.testng.TestNG.main(TestNG.java:1411)
]]>
    </failure>
  </testcase> <!-- testcase -->
  <testcase name="testcase" time="0.590" classname="com.tibco.rest.test.DataDrivenTestCases">
    <failure type="java.lang.AssertionError" message="Expected value should contains &quot;Invalid credentials&quot; : Actual value is &quot;Invalid credentials&quot;">
      <![CDATA[java.lang.AssertionError: Expected value should contains "Invalid credentials" : Actual value is "Invalid credentials"
	at com.tibco.rest.restAssured.Assertions.assertTrue(Assertions.java:166)
	at com.tibco.rest.restAssured.Assertions.assertContains(Assertions.java:212)
	at com.tibco.rest.test.DataDrivenTestCases.verifyResponse(DataDrivenTestCases.java:533)
	at com.tibco.rest.test.DataDrivenTestCases.testcase(DataDrivenTestCases.java:352)
	at sun.reflect.GeneratedMethodAccessor63.invoke(Unknown Source)
	at sun.reflect.DelegatingMethodAccessorImpl.invoke(Unknown Source)
	at java.lang.reflect.Method.invoke(Unknown Source)
	at org.testng.internal.MethodInvocationHelper.invokeMethod(MethodInvocationHelper.java:108)
	at org.testng.internal.Invoker.invokeMethod(Invoker.java:661)
	at org.testng.internal.Invoker.invokeTestMethod(Invoker.java:869)
	at org.testng.internal.Invoker.invokeTestMethods(Invoker.java:1193)
	at org.testng.internal.TestMethodWorker.invokeTestMethods(TestMethodWorker.java:126)
	at org.testng.internal.TestMethodWorker.run(TestMethodWorker.java:109)
	at org.testng.TestRunner.privateRun(TestRunner.java:744)
	at org.testng.TestRunner.run(TestRunner.java:602)
	at org.testng.SuiteRunner.runTest(SuiteRunner.java:380)
	at org.testng.SuiteRunner.runSequentially(SuiteRunner.java:375)
	at org.testng.SuiteRunner.privateRun(SuiteRunner.java:340)
	at org.testng.SuiteRunner.run(SuiteRunner.java:289)
	at org.testng.SuiteRunnerWorker.runSuite(SuiteRunnerWorker.java:52)
	at org.testng.SuiteRunnerWorker.run(SuiteRunnerWorker.java:86)
	at org.testng.TestNG.runSuitesSequentially(TestNG.java:1301)
	at org.testng.TestNG.runSuitesLocally(TestNG.java:1226)
	at org.testng.TestNG.runSuites(TestNG.java:1144)
	at org.testng.TestNG.run(TestNG.java:1115)
	at org.testng.TestNG.privateMain(TestNG.java:1442)
	at org.testng.TestNG.main(TestNG.java:1411)
]]>
    </failure>
  </testcase> <!-- testcase -->
  <testcase name="testcase" time="0.519" classname="com.tibco.rest.test.DataDrivenTestCases">
    <error/>
  </testcase> <!-- testcase -->
  <testcase name="testcase" time="0.722" classname="com.tibco.rest.test.DataDrivenTestCases">
    <error/>
  </testcase> <!-- testcase -->
  <testcase name="testcase" time="0.664" classname="com.tibco.rest.test.DataDrivenTestCases">
    <error/>
  </testcase> <!-- testcase -->
  <testcase name="testcase" time="0.769" classname="com.tibco.rest.test.DataDrivenTestCases">
    <error/>
  </testcase> <!-- testcase -->
  <testcase name="testcase" time="0.752" classname="com.tibco.rest.test.DataDrivenTestCases">
    <error/>
  </testcase> <!-- testcase -->
  <testcase name="testcase" time="0.660" classname="com.tibco.rest.test.DataDrivenTestCases">
    <error/>
  </testcase> <!-- testcase -->
  <testcase name="testcase" time="0.874" classname="com.tibco.rest.test.DataDrivenTestCases">
    <error/>
  </testcase> <!-- testcase -->
  <testcase name="testcase" time="0.625" classname="com.tibco.rest.test.DataDrivenTestCases">
    <error/>
  </testcase> <!-- testcase -->
  <testcase name="testcase" time="0.764" classname="com.tibco.rest.test.DataDrivenTestCases">
    <error/>
  </testcase> <!-- testcase -->
  <testcase name="testcase" time="0.603" classname="com.tibco.rest.test.DataDrivenTestCases">
    <error/>
  </testcase> <!-- testcase -->
  <testcase name="testcase" time="0.726" classname="com.tibco.rest.test.DataDrivenTestCases">
    <error/>
  </testcase> <!-- testcase -->
  <testcase name="testcase" time="0.719" classname="com.tibco.rest.test.DataDrivenTestCases">
    <error/>
  </testcase> <!-- testcase -->
  <testcase name="testcase" time="0.650" classname="com.tibco.rest.test.DataDrivenTestCases">
    <error/>
  </testcase> <!-- testcase -->
  <testcase name="testcase" time="0.534" classname="com.tibco.rest.test.DataDrivenTestCases">
    <error/>
  </testcase> <!-- testcase -->
  <testcase name="testcase" time="0.685" classname="com.tibco.rest.test.DataDrivenTestCases">
    <error/>
  </testcase> <!-- testcase -->
  <testcase name="testcase" time="0.938" classname="com.tibco.rest.test.DataDrivenTestCases">
    <error/>
  </testcase> <!-- testcase -->
  <testcase name="testcase" time="0.755" classname="com.tibco.rest.test.DataDrivenTestCases">
    <error/>
  </testcase> <!-- testcase -->
  <testcase name="testcase" time="0.603" classname="com.tibco.rest.test.DataDrivenTestCases">
    <error/>
  </testcase> <!-- testcase -->
  <testcase name="testcase" time="0.741" classname="com.tibco.rest.test.DataDrivenTestCases">
    <error/>
  </testcase> <!-- testcase -->
  <testcase name="testcase" time="0.548" classname="com.tibco.rest.test.DataDrivenTestCases">
    <error/>
  </testcase> <!-- testcase -->
  <testcase name="testcase" time="0.828" classname="com.tibco.rest.test.DataDrivenTestCases">
    <error/>
  </testcase> <!-- testcase -->
  <testcase name="testcase" time="0.644" classname="com.tibco.rest.test.DataDrivenTestCases">
    <error/>
  </testcase> <!-- testcase -->
  <testcase name="testcase" time="0.634" classname="com.tibco.rest.test.DataDrivenTestCases">
    <error/>
  </testcase> <!-- testcase -->
  <testcase name="testcase" time="0.611" classname="com.tibco.rest.test.DataDrivenTestCases">
    <error/>
  </testcase> <!-- testcase -->
  <testcase name="testcase" time="0.740" classname="com.tibco.rest.test.DataDrivenTestCases">
    <error/>
  </testcase> <!-- testcase -->
  <testcase name="testcase" time="0.871" classname="com.tibco.rest.test.DataDrivenTestCases">
    <error/>
  </testcase> <!-- testcase -->
  <testcase name="testcase" time="0.715" classname="com.tibco.rest.test.DataDrivenTestCases">
    <error/>
  </testcase> <!-- testcase -->
  <testcase name="testcase" time="0.583" classname="com.tibco.rest.test.DataDrivenTestCases">
    <error/>
  </testcase> <!-- testcase -->
  <testcase name="testcase" time="0.777" classname="com.tibco.rest.test.DataDrivenTestCases">
    <error/>
  </testcase> <!-- testcase -->
  <testcase name="testcase" time="0.657" classname="com.tibco.rest.test.DataDrivenTestCases">
    <error/>
  </testcase> <!-- testcase -->
  <testcase name="testcase" time="0.796" classname="com.tibco.rest.test.DataDrivenTestCases">
    <error/>
  </testcase> <!-- testcase -->
  <testcase name="testcase" time="0.720" classname="com.tibco.rest.test.DataDrivenTestCases">
    <error/>
  </testcase> <!-- testcase -->
  <testcase name="testcase" time="0.607" classname="com.tibco.rest.test.DataDrivenTestCases">
    <error/>
  </testcase> <!-- testcase -->
  <testcase name="testcase" time="0.714" classname="com.tibco.rest.test.DataDrivenTestCases">
    <error/>
  </testcase> <!-- testcase -->
  <testcase name="testcase" time="0.672" classname="com.tibco.rest.test.DataDrivenTestCases">
    <error/>
  </testcase> <!-- testcase -->
  <testcase name="testcase" time="0.728" classname="com.tibco.rest.test.DataDrivenTestCases">
    <error/>
  </testcase> <!-- testcase -->
  <testcase name="testcase" time="0.819" classname="com.tibco.rest.test.DataDrivenTestCases">
    <error/>
  </testcase> <!-- testcase -->
  <testcase name="testcase" time="1.108" classname="com.tibco.rest.test.DataDrivenTestCases">
    <error/>
  </testcase> <!-- testcase -->
  <testcase name="testcase" time="0.694" classname="com.tibco.rest.test.DataDrivenTestCases">
    <error/>
  </testcase> <!-- testcase -->
  <testcase name="testcase" time="0.685" classname="com.tibco.rest.test.DataDrivenTestCases">
    <error/>
  </testcase> <!-- testcase -->
  <testcase name="testcase" time="0.674" classname="com.tibco.rest.test.DataDrivenTestCases">
    <error/>
  </testcase> <!-- testcase -->
  <testcase name="testcase" time="0.685" classname="com.tibco.rest.test.DataDrivenTestCases">
    <error/>
  </testcase> <!-- testcase -->
  <testcase name="testcase" time="0.661" classname="com.tibco.rest.test.DataDrivenTestCases">
    <error/>
  </testcase> <!-- testcase -->
  <testcase name="testcase" time="0.569" classname="com.tibco.rest.test.DataDrivenTestCases">
    <error/>
  </testcase> <!-- testcase -->
  <testcase name="testcase" time="0.616" classname="com.tibco.rest.test.DataDrivenTestCases">
    <error/>
  </testcase> <!-- testcase -->
  <testcase name="testcase" time="0.620" classname="com.tibco.rest.test.DataDrivenTestCases">
    <error/>
  </testcase> <!-- testcase -->
  <testcase name="testcase" time="0.615" classname="com.tibco.rest.test.DataDrivenTestCases">
    <error/>
  </testcase> <!-- testcase -->
  <testcase name="testcase" time="0.684" classname="com.tibco.rest.test.DataDrivenTestCases">
    <error/>
  </testcase> <!-- testcase -->
  <testcase name="testcase" time="0.702" classname="com.tibco.rest.test.DataDrivenTestCases">
    <error/>
  </testcase> <!-- testcase -->
  <testcase name="testcase" time="0.603" classname="com.tibco.rest.test.DataDrivenTestCases">
    <error/>
  </testcase> <!-- testcase -->
  <testcase name="testcase" time="0.763" classname="com.tibco.rest.test.DataDrivenTestCases">
    <error/>
  </testcase> <!-- testcase -->
  <testcase name="testcase" time="0.713" classname="com.tibco.rest.test.DataDrivenTestCases">
    <error/>
  </testcase> <!-- testcase -->
  <testcase name="testcase" time="0.686" classname="com.tibco.rest.test.DataDrivenTestCases">
    <error/>
  </testcase> <!-- testcase -->
  <testcase name="testcase" time="0.616" classname="com.tibco.rest.test.DataDrivenTestCases">
    <error/>
  </testcase> <!-- testcase -->
  <testcase name="testcase" time="0.641" classname="com.tibco.rest.test.DataDrivenTestCases">
    <error/>
  </testcase> <!-- testcase -->
  <testcase name="testcase" time="0.688" classname="com.tibco.rest.test.DataDrivenTestCases">
    <error/>
  </testcase> <!-- testcase -->
  <testcase name="testcase" time="0.759" classname="com.tibco.rest.test.DataDrivenTestCases">
    <error/>
  </testcase> <!-- testcase -->
  <testcase name="testcase" time="0.710" classname="com.tibco.rest.test.DataDrivenTestCases">
    <error/>
  </testcase> <!-- testcase -->
  <testcase name="testcase" time="0.715" classname="com.tibco.rest.test.DataDrivenTestCases">
    <error/>
  </testcase> <!-- testcase -->
  <testcase name="testcase" time="0.680" classname="com.tibco.rest.test.DataDrivenTestCases">
    <error/>
  </testcase> <!-- testcase -->
  <testcase name="testcase" time="0.711" classname="com.tibco.rest.test.DataDrivenTestCases">
    <error/>
  </testcase> <!-- testcase -->
  <testcase name="testcase" time="0.648" classname="com.tibco.rest.test.DataDrivenTestCases">
    <error/>
  </testcase> <!-- testcase -->
  <testcase name="testcase" time="0.631" classname="com.tibco.rest.test.DataDrivenTestCases">
    <error/>
  </testcase> <!-- testcase -->
  <testcase name="testcase" time="0.640" classname="com.tibco.rest.test.DataDrivenTestCases">
    <error/>
  </testcase> <!-- testcase -->
  <testcase name="testcase" time="0.829" classname="com.tibco.rest.test.DataDrivenTestCases">
    <error/>
  </testcase> <!-- testcase -->
  <testcase name="testcase" time="0.696" classname="com.tibco.rest.test.DataDrivenTestCases">
    <error/>
  </testcase> <!-- testcase -->
  <testcase name="testcase" time="0.702" classname="com.tibco.rest.test.DataDrivenTestCases">
    <error/>
  </testcase> <!-- testcase -->
  <testcase name="testcase" time="0.592" classname="com.tibco.rest.test.DataDrivenTestCases">
    <error/>
  </testcase> <!-- testcase -->
  <testcase name="testcase" time="0.520" classname="com.tibco.rest.test.DataDrivenTestCases">
    <error/>
  </testcase> <!-- testcase -->
  <testcase name="testcase" time="0.584" classname="com.tibco.rest.test.DataDrivenTestCases">
    <error/>
  </testcase> <!-- testcase -->
  <testcase name="testcase" time="0.724" classname="com.tibco.rest.test.DataDrivenTestCases">
    <error/>
  </testcase> <!-- testcase -->
  <testcase name="testcase" time="0.795" classname="com.tibco.rest.test.DataDrivenTestCases">
    <error/>
  </testcase> <!-- testcase -->
  <testcase name="testcase" time="0.798" classname="com.tibco.rest.test.DataDrivenTestCases">
    <error/>
  </testcase> <!-- testcase -->
  <testcase name="testcase" time="0.675" classname="com.tibco.rest.test.DataDrivenTestCases">
    <error/>
  </testcase> <!-- testcase -->
  <testcase name="testcase" time="0.820" classname="com.tibco.rest.test.DataDrivenTestCases">
    <error/>
  </testcase> <!-- testcase -->
  <testcase name="testcase" time="0.995" classname="com.tibco.rest.test.DataDrivenTestCases">
    <error/>
  </testcase> <!-- testcase -->
  <testcase name="testcase" time="0.631" classname="com.tibco.rest.test.DataDrivenTestCases">
    <error/>
  </testcase> <!-- testcase -->
  <testcase name="testcase" time="0.662" classname="com.tibco.rest.test.DataDrivenTestCases">
    <error/>
  </testcase> <!-- testcase -->
  <testcase name="testcase" time="0.881" classname="com.tibco.rest.test.DataDrivenTestCases">
    <error/>
  </testcase> <!-- testcase -->
  <testcase name="testcase" time="0.673" classname="com.tibco.rest.test.DataDrivenTestCases">
    <error/>
  </testcase> <!-- testcase -->
  <testcase name="testcase" time="0.985" classname="com.tibco.rest.test.DataDrivenTestCases">
    <error/>
  </testcase> <!-- testcase -->
  <testcase name="testcase" time="0.826" classname="com.tibco.rest.test.DataDrivenTestCases">
    <error/>
  </testcase> <!-- testcase -->
  <testcase name="testcase" time="0.606" classname="com.tibco.rest.test.DataDrivenTestCases">
    <error/>
  </testcase> <!-- testcase -->
  <testcase name="testcase" time="0.824" classname="com.tibco.rest.test.DataDrivenTestCases">
    <error/>
  </testcase> <!-- testcase -->
  <testcase name="testcase" time="0.822" classname="com.tibco.rest.test.DataDrivenTestCases">
    <error/>
  </testcase> <!-- testcase -->
  <testcase name="testcase" time="0.592" classname="com.tibco.rest.test.DataDrivenTestCases">
    <error/>
  </testcase> <!-- testcase -->
  <testcase name="testcase" time="0.829" classname="com.tibco.rest.test.DataDrivenTestCases">
    <error/>
  </testcase> <!-- testcase -->
  <testcase name="testcase" time="0.630" classname="com.tibco.rest.test.DataDrivenTestCases">
    <error/>
  </testcase> <!-- testcase -->
  <testcase name="testcase" time="0.704" classname="com.tibco.rest.test.DataDrivenTestCases">
    <error/>
  </testcase> <!-- testcase -->
  <testcase name="testcase" time="0.629" classname="com.tibco.rest.test.DataDrivenTestCases">
    <error/>
  </testcase> <!-- testcase -->
  <testcase name="testcase" time="1.009" classname="com.tibco.rest.test.DataDrivenTestCases">
    <error/>
  </testcase> <!-- testcase -->
  <testcase name="testcase" time="0.672" classname="com.tibco.rest.test.DataDrivenTestCases">
    <error/>
  </testcase> <!-- testcase -->
  <testcase name="testcase" time="0.596" classname="com.tibco.rest.test.DataDrivenTestCases">
    <error/>
  </testcase> <!-- testcase -->
  <testcase name="testcase" time="0.715" classname="com.tibco.rest.test.DataDrivenTestCases">
    <error/>
  </testcase> <!-- testcase -->
  <testcase name="testcase" time="0.815" classname="com.tibco.rest.test.DataDrivenTestCases">
    <failure type="java.lang.AssertionError" message="Expected value should be &quot;The Transport name http_rn  you have entered  is already in use&quot; : Actual value is &quot;&quot;">
      <![CDATA[java.lang.AssertionError: Expected value should be "The Transport name http_rn  you have entered  is already in use" : Actual value is ""
	at com.tibco.rest.restAssured.Assertions.assertTrue(Assertions.java:166)
	at com.tibco.rest.restAssured.Assertions.assertEquals(Assertions.java:183)
	at com.tibco.rest.test.DataDrivenTestCases.verifyResponse(DataDrivenTestCases.java:508)
	at com.tibco.rest.test.DataDrivenTestCases.testcase(DataDrivenTestCases.java:377)
	at sun.reflect.GeneratedMethodAccessor63.invoke(Unknown Source)
	at sun.reflect.DelegatingMethodAccessorImpl.invoke(Unknown Source)
	at java.lang.reflect.Method.invoke(Unknown Source)
	at org.testng.internal.MethodInvocationHelper.invokeMethod(MethodInvocationHelper.java:108)
	at org.testng.internal.Invoker.invokeMethod(Invoker.java:661)
	at org.testng.internal.Invoker.invokeTestMethod(Invoker.java:869)
	at org.testng.internal.Invoker.invokeTestMethods(Invoker.java:1193)
	at org.testng.internal.TestMethodWorker.invokeTestMethods(TestMethodWorker.java:126)
	at org.testng.internal.TestMethodWorker.run(TestMethodWorker.java:109)
	at org.testng.TestRunner.privateRun(TestRunner.java:744)
	at org.testng.TestRunner.run(TestRunner.java:602)
	at org.testng.SuiteRunner.runTest(SuiteRunner.java:380)
	at org.testng.SuiteRunner.runSequentially(SuiteRunner.java:375)
	at org.testng.SuiteRunner.privateRun(SuiteRunner.java:340)
	at org.testng.SuiteRunner.run(SuiteRunner.java:289)
	at org.testng.SuiteRunnerWorker.runSuite(SuiteRunnerWorker.java:52)
	at org.testng.SuiteRunnerWorker.run(SuiteRunnerWorker.java:86)
	at org.testng.TestNG.runSuitesSequentially(TestNG.java:1301)
	at org.testng.TestNG.runSuitesLocally(TestNG.java:1226)
	at org.testng.TestNG.runSuites(TestNG.java:1144)
	at org.testng.TestNG.run(TestNG.java:1115)
	at org.testng.TestNG.privateMain(TestNG.java:1442)
	at org.testng.TestNG.main(TestNG.java:1411)
]]>
    </failure>
  </testcase> <!-- testcase -->
  <testcase name="testcase" time="0.714" classname="com.tibco.rest.test.DataDrivenTestCases">
    <error/>
  </testcase> <!-- testcase -->
  <testcase name="testcase" time="0.783" classname="com.tibco.rest.test.DataDrivenTestCases">
    <error/>
  </testcase> <!-- testcase -->
  <testcase name="testcase" time="0.599" classname="com.tibco.rest.test.DataDrivenTestCases">
    <error/>
  </testcase> <!-- testcase -->
  <testcase name="testcase" time="0.681" classname="com.tibco.rest.test.DataDrivenTestCases">
    <error/>
  </testcase> <!-- testcase -->
  <testcase name="testcase" time="0.636" classname="com.tibco.rest.test.DataDrivenTestCases">
    <error/>
  </testcase> <!-- testcase -->
  <testcase name="testcase" time="0.800" classname="com.tibco.rest.test.DataDrivenTestCases">
    <error/>
  </testcase> <!-- testcase -->
  <testcase name="testcase" time="0.617" classname="com.tibco.rest.test.DataDrivenTestCases">
    <error/>
  </testcase> <!-- testcase -->
  <testcase name="testcase" time="1.713" classname="com.tibco.rest.test.DataDrivenTestCases">
    <error/>
  </testcase> <!-- testcase -->
  <testcase name="testcase" time="0.773" classname="com.tibco.rest.test.DataDrivenTestCases">
    <error/>
  </testcase> <!-- testcase -->
  <testcase name="testcase" time="0.650" classname="com.tibco.rest.test.DataDrivenTestCases">
    <error/>
  </testcase> <!-- testcase -->
  <testcase name="testcase" time="0.644" classname="com.tibco.rest.test.DataDrivenTestCases">
    <error/>
  </testcase> <!-- testcase -->
  <testcase name="testcase" time="0.628" classname="com.tibco.rest.test.DataDrivenTestCases">
    <error/>
  </testcase> <!-- testcase -->
  <testcase name="testcase" time="0.688" classname="com.tibco.rest.test.DataDrivenTestCases">
    <error/>
  </testcase> <!-- testcase -->
  <testcase name="testcase" time="1.212" classname="com.tibco.rest.test.DataDrivenTestCases">
    <error/>
  </testcase> <!-- testcase -->
  <testcase name="testcase" time="0.758" classname="com.tibco.rest.test.DataDrivenTestCases">
    <error/>
  </testcase> <!-- testcase -->
  <testcase name="testcase" time="0.774" classname="com.tibco.rest.test.DataDrivenTestCases">
    <error/>
  </testcase> <!-- testcase -->
  <testcase name="testcase" time="0.665" classname="com.tibco.rest.test.DataDrivenTestCases">
    <error/>
  </testcase> <!-- testcase -->
  <testcase name="testcase" time="0.814" classname="com.tibco.rest.test.DataDrivenTestCases">
    <error/>
  </testcase> <!-- testcase -->
  <testcase name="testcase" time="0.675" classname="com.tibco.rest.test.DataDrivenTestCases">
    <error/>
  </testcase> <!-- testcase -->
  <testcase name="testcase" time="0.847" classname="com.tibco.rest.test.DataDrivenTestCases">
    <error/>
  </testcase> <!-- testcase -->
  <testcase name="testcase" time="0.668" classname="com.tibco.rest.test.DataDrivenTestCases">
    <error/>
  </testcase> <!-- testcase -->
  <testcase name="testcase" time="0.750" classname="com.tibco.rest.test.DataDrivenTestCases">
    <error/>
  </testcase> <!-- testcase -->
  <testcase name="testcase" time="0.930" classname="com.tibco.rest.test.DataDrivenTestCases">
    <error/>
  </testcase> <!-- testcase -->
  <testcase name="testcase" time="0.621" classname="com.tibco.rest.test.DataDrivenTestCases">
    <error/>
  </testcase> <!-- testcase -->
  <testcase name="testcase" time="0.625" classname="com.tibco.rest.test.DataDrivenTestCases">
    <error/>
  </testcase> <!-- testcase -->
  <testcase name="testcase" time="0.623" classname="com.tibco.rest.test.DataDrivenTestCases">
    <error/>
  </testcase> <!-- testcase -->
  <testcase name="testcase" time="0.609" classname="com.tibco.rest.test.DataDrivenTestCases">
    <error/>
  </testcase> <!-- testcase -->
  <testcase name="testcase" time="0.673" classname="com.tibco.rest.test.DataDrivenTestCases">
    <error/>
  </testcase> <!-- testcase -->
  <testcase name="testcase" time="0.617" classname="com.tibco.rest.test.DataDrivenTestCases">
    <error/>
  </testcase> <!-- testcase -->
  <testcase name="testcase" time="0.702" classname="com.tibco.rest.test.DataDrivenTestCases">
    <error/>
  </testcase> <!-- testcase -->
  <testcase name="testcase" time="0.635" classname="com.tibco.rest.test.DataDrivenTestCases">
    <error/>
  </testcase> <!-- testcase -->
  <testcase name="testcase" time="0.616" classname="com.tibco.rest.test.DataDrivenTestCases">
    <error/>
  </testcase> <!-- testcase -->
  <testcase name="testcase" time="0.692" classname="com.tibco.rest.test.DataDrivenTestCases">
    <error/>
  </testcase> <!-- testcase -->
  <testcase name="testcase" time="0.599" classname="com.tibco.rest.test.DataDrivenTestCases">
    <error/>
  </testcase> <!-- testcase -->
  <testcase name="testcase" time="0.606" classname="com.tibco.rest.test.DataDrivenTestCases">
    <error/>
  </testcase> <!-- testcase -->
  <testcase name="testcase" time="0.658" classname="com.tibco.rest.test.DataDrivenTestCases">
    <error/>
  </testcase> <!-- testcase -->
  <testcase name="testcase" time="0.758" classname="com.tibco.rest.test.DataDrivenTestCases">
    <error/>
  </testcase> <!-- testcase -->
  <testcase name="testcase" time="0.673" classname="com.tibco.rest.test.DataDrivenTestCases">
    <error/>
  </testcase> <!-- testcase -->
  <testcase name="testcase" time="0.626" classname="com.tibco.rest.test.DataDrivenTestCases">
    <error/>
  </testcase> <!-- testcase -->
  <testcase name="testcase" time="0.707" classname="com.tibco.rest.test.DataDrivenTestCases">
    <error/>
  </testcase> <!-- testcase -->
  <testcase name="testcase" time="0.727" classname="com.tibco.rest.test.DataDrivenTestCases">
    <error/>
  </testcase> <!-- testcase -->
  <testcase name="testcase" time="0.666" classname="com.tibco.rest.test.DataDrivenTestCases">
    <error/>
  </testcase> <!-- testcase -->
  <testcase name="testcase" time="0.728" classname="com.tibco.rest.test.DataDrivenTestCases">
    <error/>
  </testcase> <!-- testcase -->
  <testcase name="testcase" time="0.914" classname="com.tibco.rest.test.DataDrivenTestCases">
    <failure type="java.lang.AssertionError" message="Expected value should be &quot;EDIFACT&quot; : Actual value is &quot;EZComm&quot;">
      <![CDATA[java.lang.AssertionError: Expected value should be "EDIFACT" : Actual value is "EZComm"
	at com.tibco.rest.restAssured.Assertions.assertTrue(Assertions.java:166)
	at com.tibco.rest.restAssured.Assertions.assertEquals(Assertions.java:183)
	at com.tibco.rest.test.DataDrivenTestCases.verifyResponse(DataDrivenTestCases.java:508)
	at com.tibco.rest.test.DataDrivenTestCases.testcase(DataDrivenTestCases.java:352)
	at sun.reflect.GeneratedMethodAccessor63.invoke(Unknown Source)
	at sun.reflect.DelegatingMethodAccessorImpl.invoke(Unknown Source)
	at java.lang.reflect.Method.invoke(Unknown Source)
	at org.testng.internal.MethodInvocationHelper.invokeMethod(MethodInvocationHelper.java:108)
	at org.testng.internal.Invoker.invokeMethod(Invoker.java:661)
	at org.testng.internal.Invoker.invokeTestMethod(Invoker.java:869)
	at org.testng.internal.Invoker.invokeTestMethods(Invoker.java:1193)
	at org.testng.internal.TestMethodWorker.invokeTestMethods(TestMethodWorker.java:126)
	at org.testng.internal.TestMethodWorker.run(TestMethodWorker.java:109)
	at org.testng.TestRunner.privateRun(TestRunner.java:744)
	at org.testng.TestRunner.run(TestRunner.java:602)
	at org.testng.SuiteRunner.runTest(SuiteRunner.java:380)
	at org.testng.SuiteRunner.runSequentially(SuiteRunner.java:375)
	at org.testng.SuiteRunner.privateRun(SuiteRunner.java:340)
	at org.testng.SuiteRunner.run(SuiteRunner.java:289)
	at org.testng.SuiteRunnerWorker.runSuite(SuiteRunnerWorker.java:52)
	at org.testng.SuiteRunnerWorker.run(SuiteRunnerWorker.java:86)
	at org.testng.TestNG.runSuitesSequentially(TestNG.java:1301)
	at org.testng.TestNG.runSuitesLocally(TestNG.java:1226)
	at org.testng.TestNG.runSuites(TestNG.java:1144)
	at org.testng.TestNG.run(TestNG.java:1115)
	at org.testng.TestNG.privateMain(TestNG.java:1442)
	at org.testng.TestNG.main(TestNG.java:1411)
]]>
    </failure>
  </testcase> <!-- testcase -->
  <testcase name="testcase" time="0.653" classname="com.tibco.rest.test.DataDrivenTestCases">
    <error/>
  </testcase> <!-- testcase -->
  <testcase name="testcase" time="0.630" classname="com.tibco.rest.test.DataDrivenTestCases">
    <error/>
  </testcase> <!-- testcase -->
  <testcase name="testcase" time="0.672" classname="com.tibco.rest.test.DataDrivenTestCases">
    <error/>
  </testcase> <!-- testcase -->
  <testcase name="testcase" time="0.694" classname="com.tibco.rest.test.DataDrivenTestCases">
    <error/>
  </testcase> <!-- testcase -->
  <testcase name="testcase" time="0.809" classname="com.tibco.rest.test.DataDrivenTestCases">
    <error/>
  </testcase> <!-- testcase -->
  <testcase name="testcase" time="0.695" classname="com.tibco.rest.test.DataDrivenTestCases">
    <error/>
  </testcase> <!-- testcase -->
  <testcase name="testcase" time="0.708" classname="com.tibco.rest.test.DataDrivenTestCases">
    <error/>
  </testcase> <!-- testcase -->
  <testcase name="testcase" time="0.557" classname="com.tibco.rest.test.DataDrivenTestCases">
    <error/>
  </testcase> <!-- testcase -->
  <testcase name="testcase" time="0.749" classname="com.tibco.rest.test.DataDrivenTestCases">
    <error/>
  </testcase> <!-- testcase -->
  <testcase name="testcase" time="0.566" classname="com.tibco.rest.test.DataDrivenTestCases">
    <error/>
  </testcase> <!-- testcase -->
  <testcase name="testcase" time="0.758" classname="com.tibco.rest.test.DataDrivenTestCases">
    <error/>
  </testcase> <!-- testcase -->
  <testcase name="testcase" time="0.664" classname="com.tibco.rest.test.DataDrivenTestCases">
    <error/>
  </testcase> <!-- testcase -->
  <testcase name="testcase" time="0.660" classname="com.tibco.rest.test.DataDrivenTestCases">
    <error/>
  </testcase> <!-- testcase -->
  <testcase name="testcase" time="0.756" classname="com.tibco.rest.test.DataDrivenTestCases">
    <error/>
  </testcase> <!-- testcase -->
  <testcase name="testcase" time="0.864" classname="com.tibco.rest.test.DataDrivenTestCases">
    <error/>
  </testcase> <!-- testcase -->
  <testcase name="testcase" time="0.569" classname="com.tibco.rest.test.DataDrivenTestCases">
    <error/>
  </testcase> <!-- testcase -->
  <testcase name="testcase" time="0.610" classname="com.tibco.rest.test.DataDrivenTestCases">
    <error/>
  </testcase> <!-- testcase -->
  <testcase name="testcase" time="0.634" classname="com.tibco.rest.test.DataDrivenTestCases">
    <error/>
  </testcase> <!-- testcase -->
  <testcase name="testcase" time="0.642" classname="com.tibco.rest.test.DataDrivenTestCases">
    <error/>
  </testcase> <!-- testcase -->
  <testcase name="testcase" time="0.638" classname="com.tibco.rest.test.DataDrivenTestCases">
    <error/>
  </testcase> <!-- testcase -->
  <testcase name="testcase" time="0.677" classname="com.tibco.rest.test.DataDrivenTestCases">
    <error/>
  </testcase> <!-- testcase -->
  <testcase name="testcase" time="0.688" classname="com.tibco.rest.test.DataDrivenTestCases">
    <error/>
  </testcase> <!-- testcase -->
  <testcase name="testcase" time="0.600" classname="com.tibco.rest.test.DataDrivenTestCases">
    <error/>
  </testcase> <!-- testcase -->
  <testcase name="testcase" time="0.643" classname="com.tibco.rest.test.DataDrivenTestCases">
    <error/>
  </testcase> <!-- testcase -->
  <testcase name="testcase" time="0.560" classname="com.tibco.rest.test.DataDrivenTestCases">
    <error/>
  </testcase> <!-- testcase -->
  <testcase name="testcase" time="0.565" classname="com.tibco.rest.test.DataDrivenTestCases">
    <error/>
  </testcase> <!-- testcase -->
  <testcase name="testcase" time="0.652" classname="com.tibco.rest.test.DataDrivenTestCases">
    <error/>
  </testcase> <!-- testcase -->
  <testcase name="testcase" time="0.686" classname="com.tibco.rest.test.DataDrivenTestCases">
    <error/>
  </testcase> <!-- testcase -->
  <testcase name="testcase" time="0.675" classname="com.tibco.rest.test.DataDrivenTestCases">
    <error/>
  </testcase> <!-- testcase -->
  <testcase name="testcase" time="0.640" classname="com.tibco.rest.test.DataDrivenTestCases">
    <error/>
  </testcase> <!-- testcase -->
  <testcase name="testcase" time="0.599" classname="com.tibco.rest.test.DataDrivenTestCases">
    <error/>
  </testcase> <!-- testcase -->
  <testcase name="testcase" time="0.623" classname="com.tibco.rest.test.DataDrivenTestCases">
    <error/>
  </testcase> <!-- testcase -->
  <testcase name="testcase" time="0.713" classname="com.tibco.rest.test.DataDrivenTestCases">
    <error/>
  </testcase> <!-- testcase -->
  <testcase name="testcase" time="0.701" classname="com.tibco.rest.test.DataDrivenTestCases">
    <error/>
  </testcase> <!-- testcase -->
  <testcase name="testcase" time="0.672" classname="com.tibco.rest.test.DataDrivenTestCases">
    <error/>
  </testcase> <!-- testcase -->
  <testcase name="testcase" time="0.564" classname="com.tibco.rest.test.DataDrivenTestCases">
    <error/>
  </testcase> <!-- testcase -->
  <testcase name="testcase" time="0.653" classname="com.tibco.rest.test.DataDrivenTestCases">
    <error/>
  </testcase> <!-- testcase -->
  <testcase name="testcase" time="0.687" classname="com.tibco.rest.test.DataDrivenTestCases">
    <error/>
  </testcase> <!-- testcase -->
  <testcase name="testcase" time="0.675" classname="com.tibco.rest.test.DataDrivenTestCases">
    <error/>
  </testcase> <!-- testcase -->
  <testcase name="testcase" time="0.617" classname="com.tibco.rest.test.DataDrivenTestCases">
    <error/>
  </testcase> <!-- testcase -->
  <testcase name="testcase" time="0.880" classname="com.tibco.rest.test.DataDrivenTestCases">
    <error/>
  </testcase> <!-- testcase -->
  <testcase name="testcase" time="0.650" classname="com.tibco.rest.test.DataDrivenTestCases">
    <error/>
  </testcase> <!-- testcase -->
  <testcase name="testcase" time="0.658" classname="com.tibco.rest.test.DataDrivenTestCases">
    <error/>
  </testcase> <!-- testcase -->
  <testcase name="testcase" time="0.636" classname="com.tibco.rest.test.DataDrivenTestCases">
    <error/>
  </testcase> <!-- testcase -->
  <testcase name="testcase" time="0.698" classname="com.tibco.rest.test.DataDrivenTestCases">
    <error/>
  </testcase> <!-- testcase -->
  <testcase name="testcase" time="0.565" classname="com.tibco.rest.test.DataDrivenTestCases">
    <error/>
  </testcase> <!-- testcase -->
  <testcase name="testcase" time="0.738" classname="com.tibco.rest.test.DataDrivenTestCases">
    <error/>
  </testcase> <!-- testcase -->
  <testcase name="testcase" time="0.786" classname="com.tibco.rest.test.DataDrivenTestCases">
    <error/>
  </testcase> <!-- testcase -->
  <testcase name="testcase" time="0.774" classname="com.tibco.rest.test.DataDrivenTestCases">
    <error/>
  </testcase> <!-- testcase -->
  <testcase name="testcase" time="0.644" classname="com.tibco.rest.test.DataDrivenTestCases">
    <error/>
  </testcase> <!-- testcase -->
  <testcase name="testcase" time="0.608" classname="com.tibco.rest.test.DataDrivenTestCases">
    <error/>
  </testcase> <!-- testcase -->
  <testcase name="testcase" time="0.668" classname="com.tibco.rest.test.DataDrivenTestCases">
    <error/>
  </testcase> <!-- testcase -->
  <testcase name="testcase" time="0.784" classname="com.tibco.rest.test.DataDrivenTestCases">
    <error/>
  </testcase> <!-- testcase -->
  <testcase name="testcase" time="0.922" classname="com.tibco.rest.test.DataDrivenTestCases">
    <error/>
  </testcase> <!-- testcase -->
  <testcase name="testcase" time="0.690" classname="com.tibco.rest.test.DataDrivenTestCases">
    <error/>
  </testcase> <!-- testcase -->
  <testcase name="testcase" time="0.665" classname="com.tibco.rest.test.DataDrivenTestCases">
    <error/>
  </testcase> <!-- testcase -->
  <testcase name="testcase" time="0.613" classname="com.tibco.rest.test.DataDrivenTestCases">
    <error/>
  </testcase> <!-- testcase -->
  <testcase name="testcase" time="0.638" classname="com.tibco.rest.test.DataDrivenTestCases">
    <error/>
  </testcase> <!-- testcase -->
  <testcase name="testcase" time="0.658" classname="com.tibco.rest.test.DataDrivenTestCases">
    <error/>
  </testcase> <!-- testcase -->
  <testcase name="testcase" time="0.678" classname="com.tibco.rest.test.DataDrivenTestCases">
    <error/>
  </testcase> <!-- testcase -->
  <testcase name="testcase" time="0.832" classname="com.tibco.rest.test.DataDrivenTestCases">
    <error/>
  </testcase> <!-- testcase -->
  <testcase name="testcase" time="0.843" classname="com.tibco.rest.test.DataDrivenTestCases">
    <error/>
  </testcase> <!-- testcase -->
  <testcase name="testcase" time="0.641" classname="com.tibco.rest.test.DataDrivenTestCases">
    <error/>
  </testcase> <!-- testcase -->
  <testcase name="testcase" time="0.611" classname="com.tibco.rest.test.DataDrivenTestCases">
    <error/>
  </testcase> <!-- testcase -->
  <testcase name="testcase" time="0.610" classname="com.tibco.rest.test.DataDrivenTestCases">
    <error/>
  </testcase> <!-- testcase -->
  <testcase name="testcase" time="0.609" classname="com.tibco.rest.test.DataDrivenTestCases">
    <error/>
  </testcase> <!-- testcase -->
  <testcase name="testcase" time="0.702" classname="com.tibco.rest.test.DataDrivenTestCases">
    <error/>
  </testcase> <!-- testcase -->
  <testcase name="testcase" time="0.693" classname="com.tibco.rest.test.DataDrivenTestCases">
    <error/>
  </testcase> <!-- testcase -->
  <testcase name="testcase" time="0.667" classname="com.tibco.rest.test.DataDrivenTestCases">
    <error/>
  </testcase> <!-- testcase -->
  <testcase name="testcase" time="0.622" classname="com.tibco.rest.test.DataDrivenTestCases">
    <error/>
  </testcase> <!-- testcase -->
  <testcase name="testcase" time="0.710" classname="com.tibco.rest.test.DataDrivenTestCases">
    <error/>
  </testcase> <!-- testcase -->
  <testcase name="testcase" time="0.955" classname="com.tibco.rest.test.DataDrivenTestCases">
    <error/>
  </testcase> <!-- testcase -->
  <testcase name="testcase" time="0.532" classname="com.tibco.rest.test.DataDrivenTestCases">
    <error/>
  </testcase> <!-- testcase -->
  <testcase name="testcase" time="0.758" classname="com.tibco.rest.test.DataDrivenTestCases">
    <error/>
  </testcase> <!-- testcase -->
  <testcase name="testcase" time="0.729" classname="com.tibco.rest.test.DataDrivenTestCases">
    <error/>
  </testcase> <!-- testcase -->
  <testcase name="testcase" time="0.667" classname="com.tibco.rest.test.DataDrivenTestCases">
    <error/>
  </testcase> <!-- testcase -->
  <testcase name="testcase" time="0.666" classname="com.tibco.rest.test.DataDrivenTestCases">
    <error/>
  </testcase> <!-- testcase -->
  <testcase name="testcase" time="0.595" classname="com.tibco.rest.test.DataDrivenTestCases">
    <error/>
  </testcase> <!-- testcase -->
  <testcase name="testcase" time="0.715" classname="com.tibco.rest.test.DataDrivenTestCases">
    <error/>
  </testcase> <!-- testcase -->
  <testcase name="testcase" time="0.717" classname="com.tibco.rest.test.DataDrivenTestCases">
    <error/>
  </testcase> <!-- testcase -->
  <testcase name="testcase" time="0.683" classname="com.tibco.rest.test.DataDrivenTestCases">
    <error/>
  </testcase> <!-- testcase -->
  <testcase name="testcase" time="0.625" classname="com.tibco.rest.test.DataDrivenTestCases">
    <error/>
  </testcase> <!-- testcase -->
  <testcase name="testcase" time="0.752" classname="com.tibco.rest.test.DataDrivenTestCases">
    <error/>
  </testcase> <!-- testcase -->
  <testcase name="testcase" time="0.811" classname="com.tibco.rest.test.DataDrivenTestCases">
    <error/>
  </testcase> <!-- testcase -->
  <testcase name="testcase" time="0.929" classname="com.tibco.rest.test.DataDrivenTestCases">
    <error/>
  </testcase> <!-- testcase -->
  <testcase name="testcase" time="0.541" classname="com.tibco.rest.test.DataDrivenTestCases">
    <error/>
  </testcase> <!-- testcase -->
  <testcase name="testcase" time="0.944" classname="com.tibco.rest.test.DataDrivenTestCases">
    <error/>
  </testcase> <!-- testcase -->
  <testcase name="testcase" time="0.610" classname="com.tibco.rest.test.DataDrivenTestCases">
    <error/>
  </testcase> <!-- testcase -->
  <testcase name="testcase" time="0.615" classname="com.tibco.rest.test.DataDrivenTestCases">
    <error/>
  </testcase> <!-- testcase -->
  <testcase name="testcase" time="1.014" classname="com.tibco.rest.test.DataDrivenTestCases">
    <error/>
  </testcase> <!-- testcase -->
  <testcase name="testcase" time="0.614" classname="com.tibco.rest.test.DataDrivenTestCases">
    <error/>
  </testcase> <!-- testcase -->
  <testcase name="testcase" time="0.658" classname="com.tibco.rest.test.DataDrivenTestCases">
    <error/>
  </testcase> <!-- testcase -->
  <testcase name="testcase" time="0.735" classname="com.tibco.rest.test.DataDrivenTestCases">
    <error/>
  </testcase> <!-- testcase -->
  <testcase name="testcase" time="0.775" classname="com.tibco.rest.test.DataDrivenTestCases">
    <error/>
  </testcase> <!-- testcase -->
  <testcase name="testcase" time="0.737" classname="com.tibco.rest.test.DataDrivenTestCases">
    <failure type="java.lang.AssertionError" message="Expected value should be &quot;RosettaNet&quot; : Actual value is &quot;X12&quot;">
      <![CDATA[java.lang.AssertionError: Expected value should be "RosettaNet" : Actual value is "X12"
	at com.tibco.rest.restAssured.Assertions.assertTrue(Assertions.java:166)
	at com.tibco.rest.restAssured.Assertions.assertEquals(Assertions.java:183)
	at com.tibco.rest.test.DataDrivenTestCases.verifyResponse(DataDrivenTestCases.java:508)
	at com.tibco.rest.test.DataDrivenTestCases.testcase(DataDrivenTestCases.java:352)
	at sun.reflect.GeneratedMethodAccessor63.invoke(Unknown Source)
	at sun.reflect.DelegatingMethodAccessorImpl.invoke(Unknown Source)
	at java.lang.reflect.Method.invoke(Unknown Source)
	at org.testng.internal.MethodInvocationHelper.invokeMethod(MethodInvocationHelper.java:108)
	at org.testng.internal.Invoker.invokeMethod(Invoker.java:661)
	at org.testng.internal.Invoker.invokeTestMethod(Invoker.java:869)
	at org.testng.internal.Invoker.invokeTestMethods(Invoker.java:1193)
	at org.testng.internal.TestMethodWorker.invokeTestMethods(TestMethodWorker.java:126)
	at org.testng.internal.TestMethodWorker.run(TestMethodWorker.java:109)
	at org.testng.TestRunner.privateRun(TestRunner.java:744)
	at org.testng.TestRunner.run(TestRunner.java:602)
	at org.testng.SuiteRunner.runTest(SuiteRunner.java:380)
	at org.testng.SuiteRunner.runSequentially(SuiteRunner.java:375)
	at org.testng.SuiteRunner.privateRun(SuiteRunner.java:340)
	at org.testng.SuiteRunner.run(SuiteRunner.java:289)
	at org.testng.SuiteRunnerWorker.runSuite(SuiteRunnerWorker.java:52)
	at org.testng.SuiteRunnerWorker.run(SuiteRunnerWorker.java:86)
	at org.testng.TestNG.runSuitesSequentially(TestNG.java:1301)
	at org.testng.TestNG.runSuitesLocally(TestNG.java:1226)
	at org.testng.TestNG.runSuites(TestNG.java:1144)
	at org.testng.TestNG.run(TestNG.java:1115)
	at org.testng.TestNG.privateMain(TestNG.java:1442)
	at org.testng.TestNG.main(TestNG.java:1411)
]]>
    </failure>
  </testcase> <!-- testcase -->
  <testcase name="testcase" time="0.556" classname="com.tibco.rest.test.DataDrivenTestCases">
    <error/>
  </testcase> <!-- testcase -->
  <testcase name="testcase" time="0.726" classname="com.tibco.rest.test.DataDrivenTestCases">
    <error/>
  </testcase> <!-- testcase -->
  <testcase name="testcase" time="0.624" classname="com.tibco.rest.test.DataDrivenTestCases">
    <error/>
  </testcase> <!-- testcase -->
  <testcase name="testcase" time="0.632" classname="com.tibco.rest.test.DataDrivenTestCases">
    <error/>
  </testcase> <!-- testcase -->
  <testcase name="testcase" time="0.671" classname="com.tibco.rest.test.DataDrivenTestCases">
    <error/>
  </testcase> <!-- testcase -->
  <testcase name="testcase" time="0.736" classname="com.tibco.rest.test.DataDrivenTestCases">
    <error/>
  </testcase> <!-- testcase -->
  <testcase name="testcase" time="0.707" classname="com.tibco.rest.test.DataDrivenTestCases">
    <error/>
  </testcase> <!-- testcase -->
  <testcase name="testcase" time="0.649" classname="com.tibco.rest.test.DataDrivenTestCases">
    <error/>
  </testcase> <!-- testcase -->
  <testcase name="testcase" time="0.675" classname="com.tibco.rest.test.DataDrivenTestCases">
    <error/>
  </testcase> <!-- testcase -->
  <testcase name="testcase" time="0.869" classname="com.tibco.rest.test.DataDrivenTestCases">
    <error/>
  </testcase> <!-- testcase -->
  <testcase name="testcase" time="0.606" classname="com.tibco.rest.test.DataDrivenTestCases">
    <error/>
  </testcase> <!-- testcase -->
  <testcase name="testcase" time="0.650" classname="com.tibco.rest.test.DataDrivenTestCases">
    <error/>
  </testcase> <!-- testcase -->
  <testcase name="testcase" time="0.729" classname="com.tibco.rest.test.DataDrivenTestCases">
    <error/>
  </testcase> <!-- testcase -->
  <testcase name="testcase" time="0.603" classname="com.tibco.rest.test.DataDrivenTestCases">
    <error/>
  </testcase> <!-- testcase -->
  <testcase name="testcase" time="0.617" classname="com.tibco.rest.test.DataDrivenTestCases">
    <error/>
  </testcase> <!-- testcase -->
  <testcase name="testcase" time="0.606" classname="com.tibco.rest.test.DataDrivenTestCases">
    <error/>
  </testcase> <!-- testcase -->
  <testcase name="testcase" time="0.561" classname="com.tibco.rest.test.DataDrivenTestCases">
    <error/>
  </testcase> <!-- testcase -->
  <testcase name="testcase" time="0.586" classname="com.tibco.rest.test.DataDrivenTestCases">
    <error/>
  </testcase> <!-- testcase -->
  <testcase name="testcase" time="0.959" classname="com.tibco.rest.test.DataDrivenTestCases">
    <error/>
  </testcase> <!-- testcase -->
  <testcase name="testcase" time="0.718" classname="com.tibco.rest.test.DataDrivenTestCases">
    <error/>
  </testcase> <!-- testcase -->
  <testcase name="testcase" time="0.646" classname="com.tibco.rest.test.DataDrivenTestCases">
    <error/>
  </testcase> <!-- testcase -->
  <testcase name="testcase" time="0.621" classname="com.tibco.rest.test.DataDrivenTestCases">
    <error/>
  </testcase> <!-- testcase -->
  <testcase name="testcase" time="0.790" classname="com.tibco.rest.test.DataDrivenTestCases">
    <error/>
  </testcase> <!-- testcase -->
  <testcase name="testcase" time="0.605" classname="com.tibco.rest.test.DataDrivenTestCases">
    <error/>
  </testcase> <!-- testcase -->
  <testcase name="testcase" time="0.601" classname="com.tibco.rest.test.DataDrivenTestCases">
    <error/>
  </testcase> <!-- testcase -->
  <testcase name="testcase" time="0.695" classname="com.tibco.rest.test.DataDrivenTestCases">
    <error/>
  </testcase> <!-- testcase -->
  <testcase name="testcase" time="0.618" classname="com.tibco.rest.test.DataDrivenTestCases">
    <error/>
  </testcase> <!-- testcase -->
  <testcase name="testcase" time="0.600" classname="com.tibco.rest.test.DataDrivenTestCases">
    <error/>
  </testcase> <!-- testcase -->
  <testcase name="testcase" time="0.677" classname="com.tibco.rest.test.DataDrivenTestCases">
    <error/>
  </testcase> <!-- testcase -->
  <testcase name="testcase" time="0.708" classname="com.tibco.rest.test.DataDrivenTestCases">
    <error/>
  </testcase> <!-- testcase -->
  <testcase name="testcase" time="0.730" classname="com.tibco.rest.test.DataDrivenTestCases">
    <error/>
  </testcase> <!-- testcase -->
  <testcase name="testcase" time="0.594" classname="com.tibco.rest.test.DataDrivenTestCases">
    <error/>
  </testcase> <!-- testcase -->
  <testcase name="testcase" time="0.666" classname="com.tibco.rest.test.DataDrivenTestCases">
    <error/>
  </testcase> <!-- testcase -->
  <testcase name="testcase" time="0.623" classname="com.tibco.rest.test.DataDrivenTestCases">
    <error/>
  </testcase> <!-- testcase -->
  <testcase name="testcase" time="0.557" classname="com.tibco.rest.test.DataDrivenTestCases">
    <error/>
  </testcase> <!-- testcase -->
  <testcase name="testcase" time="0.680" classname="com.tibco.rest.test.DataDrivenTestCases">
    <error/>
  </testcase> <!-- testcase -->
  <testcase name="testcase" time="0.722" classname="com.tibco.rest.test.DataDrivenTestCases">
    <error/>
  </testcase> <!-- testcase -->
  <testcase name="testcase" time="0.658" classname="com.tibco.rest.test.DataDrivenTestCases">
    <error/>
  </testcase> <!-- testcase -->
  <testcase name="testcase" time="0.681" classname="com.tibco.rest.test.DataDrivenTestCases">
    <error/>
  </testcase> <!-- testcase -->
  <testcase name="testcase" time="0.805" classname="com.tibco.rest.test.DataDrivenTestCases">
    <error/>
  </testcase> <!-- testcase -->
  <testcase name="testcase" time="0.621" classname="com.tibco.rest.test.DataDrivenTestCases">
    <error/>
  </testcase> <!-- testcase -->
  <testcase name="testcase" time="0.712" classname="com.tibco.rest.test.DataDrivenTestCases">
    <error/>
  </testcase> <!-- testcase -->
  <testcase name="testcase" time="0.811" classname="com.tibco.rest.test.DataDrivenTestCases">
    <error/>
  </testcase> <!-- testcase -->
  <testcase name="testcase" time="0.625" classname="com.tibco.rest.test.DataDrivenTestCases">
    <error/>
  </testcase> <!-- testcase -->
  <testcase name="testcase" time="0.684" classname="com.tibco.rest.test.DataDrivenTestCases">
    <error/>
  </testcase> <!-- testcase -->
  <testcase name="testcase" time="0.647" classname="com.tibco.rest.test.DataDrivenTestCases">
    <error/>
  </testcase> <!-- testcase -->
  <testcase name="testcase" time="0.561" classname="com.tibco.rest.test.DataDrivenTestCases">
    <error/>
  </testcase> <!-- testcase -->
  <testcase name="testcase" time="0.914" classname="com.tibco.rest.test.DataDrivenTestCases">
    <error/>
  </testcase> <!-- testcase -->
  <testcase name="testcase" time="0.704" classname="com.tibco.rest.test.DataDrivenTestCases">
    <error/>
  </testcase> <!-- testcase -->
  <testcase name="testcase" time="0.692" classname="com.tibco.rest.test.DataDrivenTestCases">
    <failure type="java.lang.AssertionError" message="Unable to store response string to variable or couldn&#039;t received response.">
      <![CDATA[java.lang.AssertionError: Unable to store response string to variable or couldn't received response.
	at com.tibco.rest.restAssured.Assertions.assertTrue(Assertions.java:166)
	at com.tibco.rest.test.DataDrivenTestCases.testcase(DataDrivenTestCases.java:415)
	at sun.reflect.GeneratedMethodAccessor63.invoke(Unknown Source)
	at sun.reflect.DelegatingMethodAccessorImpl.invoke(Unknown Source)
	at java.lang.reflect.Method.invoke(Unknown Source)
	at org.testng.internal.MethodInvocationHelper.invokeMethod(MethodInvocationHelper.java:108)
	at org.testng.internal.Invoker.invokeMethod(Invoker.java:661)
	at org.testng.internal.Invoker.invokeTestMethod(Invoker.java:869)
	at org.testng.internal.Invoker.invokeTestMethods(Invoker.java:1193)
	at org.testng.internal.TestMethodWorker.invokeTestMethods(TestMethodWorker.java:126)
	at org.testng.internal.TestMethodWorker.run(TestMethodWorker.java:109)
	at org.testng.TestRunner.privateRun(TestRunner.java:744)
	at org.testng.TestRunner.run(TestRunner.java:602)
	at org.testng.SuiteRunner.runTest(SuiteRunner.java:380)
	at org.testng.SuiteRunner.runSequentially(SuiteRunner.java:375)
	at org.testng.SuiteRunner.privateRun(SuiteRunner.java:340)
	at org.testng.SuiteRunner.run(SuiteRunner.java:289)
	at org.testng.SuiteRunnerWorker.runSuite(SuiteRunnerWorker.java:52)
	at org.testng.SuiteRunnerWorker.run(SuiteRunnerWorker.java:86)
	at org.testng.TestNG.runSuitesSequentially(TestNG.java:1301)
	at org.testng.TestNG.runSuitesLocally(TestNG.java:1226)
	at org.testng.TestNG.runSuites(TestNG.java:1144)
	at org.testng.TestNG.run(TestNG.java:1115)
	at org.testng.TestNG.privateMain(TestNG.java:1442)
	at org.testng.TestNG.main(TestNG.java:1411)
]]>
    </failure>
  </testcase> <!-- testcase -->
  <testcase name="testcase" time="0.630" classname="com.tibco.rest.test.DataDrivenTestCases">
    <error/>
  </testcase> <!-- testcase -->
  <testcase name="testcase" time="0.653" classname="com.tibco.rest.test.DataDrivenTestCases">
    <error/>
  </testcase> <!-- testcase -->
  <testcase name="testcase" time="0.596" classname="com.tibco.rest.test.DataDrivenTestCases">
    <error/>
  </testcase> <!-- testcase -->
  <testcase name="testcase" time="0.815" classname="com.tibco.rest.test.DataDrivenTestCases">
    <error/>
  </testcase> <!-- testcase -->
  <testcase name="testcase" time="0.649" classname="com.tibco.rest.test.DataDrivenTestCases">
    <error/>
  </testcase> <!-- testcase -->
  <testcase name="testcase" time="0.571" classname="com.tibco.rest.test.DataDrivenTestCases">
    <error/>
  </testcase> <!-- testcase -->
  <testcase name="testcase" time="0.708" classname="com.tibco.rest.test.DataDrivenTestCases">
    <error/>
  </testcase> <!-- testcase -->
  <testcase name="testcase" time="0.616" classname="com.tibco.rest.test.DataDrivenTestCases">
    <error/>
  </testcase> <!-- testcase -->
  <testcase name="testcase" time="0.680" classname="com.tibco.rest.test.DataDrivenTestCases">
    <error/>
  </testcase> <!-- testcase -->
  <testcase name="testcase" time="0.653" classname="com.tibco.rest.test.DataDrivenTestCases">
    <error/>
  </testcase> <!-- testcase -->
  <testcase name="testcase" time="0.612" classname="com.tibco.rest.test.DataDrivenTestCases">
    <error/>
  </testcase> <!-- testcase -->
  <testcase name="testcase" time="0.670" classname="com.tibco.rest.test.DataDrivenTestCases">
    <error/>
  </testcase> <!-- testcase -->
  <testcase name="testcase" time="0.612" classname="com.tibco.rest.test.DataDrivenTestCases">
    <error/>
  </testcase> <!-- testcase -->
  <testcase name="testcase" time="0.712" classname="com.tibco.rest.test.DataDrivenTestCases">
    <error/>
  </testcase> <!-- testcase -->
  <testcase name="testcase" time="0.700" classname="com.tibco.rest.test.DataDrivenTestCases">
    <error/>
  </testcase> <!-- testcase -->
  <testcase name="testcase" time="0.612" classname="com.tibco.rest.test.DataDrivenTestCases">
    <error/>
  </testcase> <!-- testcase -->
  <testcase name="testcase" time="0.715" classname="com.tibco.rest.test.DataDrivenTestCases">
    <error/>
  </testcase> <!-- testcase -->
  <testcase name="testcase" time="0.592" classname="com.tibco.rest.test.DataDrivenTestCases">
    <error/>
  </testcase> <!-- testcase -->
  <testcase name="testcase" time="0.806" classname="com.tibco.rest.test.DataDrivenTestCases">
    <error/>
  </testcase> <!-- testcase -->
  <testcase name="testcase" time="0.643" classname="com.tibco.rest.test.DataDrivenTestCases">
    <error/>
  </testcase> <!-- testcase -->
  <testcase name="testcase" time="0.756" classname="com.tibco.rest.test.DataDrivenTestCases">
    <error/>
  </testcase> <!-- testcase -->
  <testcase name="testcase" time="0.608" classname="com.tibco.rest.test.DataDrivenTestCases">
    <error/>
  </testcase> <!-- testcase -->
</testsuite> <!-- com.tibco.rest.test.DataDrivenTestCases -->
